<?xml version="1.0" encoding="UTF-8"?>
<!-- Generated by org.testng.reporters.JUnitReportReporter -->
<testsuite skipped="0" hostname="CLT-WIN-11717" name="tests_resource_library.EmailLinkOfWorkroomFile" tests="6" failures="0" timestamp="2021-04-28T10:59:31 EDT" time="27.059" errors="0">
  <testcase name="home_Page_Redirect" time="2.553" classname="tests_resource_library.EmailLinkOfWorkroomFile"/>
  <testcase name="systemAdmin_login" time="5.722" classname="tests_resource_library.EmailLinkOfWorkroomFile"/>
  <testcase name="user_Can_Open_Libraries_Form" time="2.302" classname="tests_resource_library.EmailLinkOfWorkroomFile"/>
  <testcase name="move_File_From_AutoBE_To_AgendaTab" time="5.729" classname="tests_resource_library.EmailLinkOfWorkroomFile"/>
  <testcase name="message_Users_Via_Email_Link" time="0.916" classname="tests_resource_library.EmailLinkOfWorkroomFile"/>
  <testcase name="verify_Email_Link_Message_Sent" time="9.837" classname="tests_resource_library.EmailLinkOfWorkroomFile"/>
</testsuite> <!-- tests_resource_library.EmailLinkOfWorkroomFile -->
