<?xml version="1.0" encoding="UTF-8"?>
<!-- Generated by org.testng.reporters.JUnitReportReporter -->
<testsuite skipped="0" hostname="CLT-WIN-11717" name="tests_workroom_collaborate.CopySurveyTemplate" tests="12" failures="0" timestamp="2021-06-26T21:19:33 EDT" time="113.122" errors="0">
  <testcase name="login" time="5.544" classname="tests_workroom_collaborate.CopySurveyTemplate"/>
  <testcase name="admin_Open_Workroom_AutoBE_Collaborate" time="6.683" classname="tests_workroom_collaborate.CopySurveyTemplate"/>
  <testcase name="create_Survey_Template" time="8.358" classname="tests_workroom_collaborate.CopySurveyTemplate"/>
  <testcase name="create_TextField_Question" time="8.186" classname="tests_workroom_collaborate.CopySurveyTemplate"/>
  <testcase name="create_CheckBox_Question" time="13.504" classname="tests_workroom_collaborate.CopySurveyTemplate"/>
  <testcase name="create_DropdownList_Question" time="12.413" classname="tests_workroom_collaborate.CopySurveyTemplate"/>
  <testcase name="back_To_Template_Main_Page" time="6.865" classname="tests_workroom_collaborate.CopySurveyTemplate"/>
  <testcase name="copy_Survey_5_As_Template" time="11.857" classname="tests_workroom_collaborate.CopySurveyTemplate"/>
  <testcase name="back_To_Survey_Templates" time="5.875" classname="tests_workroom_collaborate.CopySurveyTemplate"/>
  <testcase name="verify_Survey_5_Template" time="0.059" classname="tests_workroom_collaborate.CopySurveyTemplate"/>
  <testcase name="delete_Survey_5_And_Survey_5_Templates" time="21.531" classname="tests_workroom_collaborate.CopySurveyTemplate"/>
  <testcase name="verify_Survey_5_And_Survey_5_Template_Deleted" time="12.247" classname="tests_workroom_collaborate.CopySurveyTemplate"/>
</testsuite> <!-- tests_workroom_collaborate.CopySurveyTemplate -->
