<?xml version="1.0" encoding="UTF-8"?>
<!-- Generated by org.testng.reporters.JUnitReportReporter -->
<testsuite skipped="0" hostname="CLT-WIN-11717" name="tests_workroom_collaborate.CopyScheduler" tests="7" failures="0" timestamp="2021-06-26T20:22:57 EDT" time="52.760" errors="0">
  <testcase name="home_Page_Redirect" time="1.116" classname="tests_workroom_collaborate.CopyScheduler"/>
  <testcase name="login" time="5.487" classname="tests_workroom_collaborate.CopyScheduler"/>
  <testcase name="navigate_To_Existing_Scheduler" time="8.725" classname="tests_workroom_collaborate.CopyScheduler"/>
  <testcase name="copy_Scheduler" time="12.654" classname="tests_workroom_collaborate.CopyScheduler"/>
  <testcase name="build_Schedulers_Make_Visible" time="8.920" classname="tests_workroom_collaborate.CopyScheduler"/>
  <testcase name="delete_Copied_Scheduler" time="10.763" classname="tests_workroom_collaborate.CopyScheduler"/>
  <testcase name="verify_Copied_Scheduler_Deleted" time="5.095" classname="tests_workroom_collaborate.CopyScheduler"/>
</testsuite> <!-- tests_workroom_collaborate.CopyScheduler -->
