<?xml version="1.0" encoding="UTF-8"?>
<!-- Generated by org.testng.reporters.JUnitReportReporter -->
<testsuite skipped="0" hostname="CLT-WIN-11717" name="tests_workroom_library.NavigateToTakeMinutesViaMeetingBook" tests="5" failures="0" timestamp="2021-04-21T11:39:53 EDT" time="29.680" errors="0">
  <testcase name="home_Page_Redirect" time="1.179" classname="tests_workroom_library.NavigateToTakeMinutesViaMeetingBook"/>
  <testcase name="systemAdmin_Login" time="5.504" classname="tests_workroom_library.NavigateToTakeMinutesViaMeetingBook"/>
  <testcase name="user_Can_Open_Library_Page_For_Workroom" time="7.504" classname="tests_workroom_library.NavigateToTakeMinutesViaMeetingBook"/>
  <testcase name="open_Book_Navigate_To_Take_Minutes" time="4.425" classname="tests_workroom_library.NavigateToTakeMinutesViaMeetingBook"/>
  <testcase name="switch_To_Minutes_Manager_Page" time="11.068" classname="tests_workroom_library.NavigateToTakeMinutesViaMeetingBook"/>
</testsuite> <!-- tests_workroom_library.NavigateToTakeMinutesViaMeetingBook -->
