<?xml version="1.0" encoding="UTF-8"?>
<!-- Generated by org.testng.reporters.JUnitReportReporter -->
<testsuite skipped="0" hostname="CLT-WIN-11717" name="tests_settings.SetWorkroomToViewOnlyBooks" tests="25" failures="0" timestamp="2021-06-23T16:33:39 EDT" time="165.969" errors="0">
  <testcase name="systemAdmin_login" time="5.404" classname="tests_settings.SetWorkroomToViewOnlyBooks"/>
  <testcase name="user_Opens_Settings_Opens_Workroom_And_Group_Settings" time="3.926" classname="tests_settings.SetWorkroomToViewOnlyBooks"/>
  <testcase name="enable_Comics_Workroom_To_View_Only_Books" time="10.602" classname="tests_settings.SetWorkroomToViewOnlyBooks"/>
  <testcase name="user_Can_Open_Library_Page_For_Workroom" time="10.089" classname="tests_settings.SetWorkroomToViewOnlyBooks"/>
  <testcase name="user_Can_Create_New_Book" time="6.022" classname="tests_settings.SetWorkroomToViewOnlyBooks"/>
  <testcase name="user_Can_Add_Cover_Page" time="9.060" classname="tests_settings.SetWorkroomToViewOnlyBooks"/>
  <testcase name="user_Can_Add_Agenda" time="2.727" classname="tests_settings.SetWorkroomToViewOnlyBooks"/>
  <testcase name="user_Can_Save_Book_And_Continue" time="4.584" classname="tests_settings.SetWorkroomToViewOnlyBooks"/>
  <testcase name="user_Add_First_Catagory_To_Book" time="7.740" classname="tests_settings.SetWorkroomToViewOnlyBooks"/>
  <testcase name="user_Add_File_1_To_First_Catagory" time="16.726" classname="tests_settings.SetWorkroomToViewOnlyBooks"/>
  <testcase name="user_Can_Build_Book" time="16.399" classname="tests_settings.SetWorkroomToViewOnlyBooks"/>
  <testcase name="make_Meeting_Book_2_Visible" time="5.753" classname="tests_settings.SetWorkroomToViewOnlyBooks"/>
  <testcase name="systemAdmin_Can_Logout" time="3.608" classname="tests_settings.SetWorkroomToViewOnlyBooks"/>
  <testcase name="autoUser22_Can_Login" time="4.738" classname="tests_settings.SetWorkroomToViewOnlyBooks"/>
  <testcase name="open_Library_Page_For_AutoUser22" time="6.312" classname="tests_settings.SetWorkroomToViewOnlyBooks"/>
  <testcase name="verify_Book_Meeting_Book2_Download_Btn_Not_Present" time="5.476" classname="tests_settings.SetWorkroomToViewOnlyBooks"/>
  <testcase name="autoDirector_Can_Logout" time="2.671" classname="tests_settings.SetWorkroomToViewOnlyBooks"/>
  <testcase name="systemAdmin_Can_Login" time="4.323" classname="tests_settings.SetWorkroomToViewOnlyBooks"/>
  <testcase name="open_Settings_Then_Workroom_And_Group_Settings_Again" time="2.741" classname="tests_settings.SetWorkroomToViewOnlyBooks"/>
  <testcase name="disable_Comics_Workroom_To_View_Only_Books" time="7.626" classname="tests_settings.SetWorkroomToViewOnlyBooks"/>
  <testcase name="workroom_Member_Open_Comics_Workroom_Library_Page" time="6.135" classname="tests_settings.SetWorkroomToViewOnlyBooks"/>
  <testcase name="delete_Meeting_Book_2" time="11.396" classname="tests_settings.SetWorkroomToViewOnlyBooks"/>
  <testcase name="verify_Meeting_Book_2_NOT_VISIBLE" time="5.085" classname="tests_settings.SetWorkroomToViewOnlyBooks"/>
  <testcase name="user_Opens_Settings_Opens_Workroom_And_Group_Settings_2nd_Time" time="2.728" classname="tests_settings.SetWorkroomToViewOnlyBooks"/>
  <testcase name="verify_View_Only_Books_Not_Checked" time="4.098" classname="tests_settings.SetWorkroomToViewOnlyBooks"/>
</testsuite> <!-- tests_settings.SetWorkroomToViewOnlyBooks -->
