<?xml version="1.0" encoding="UTF-8"?>
<!-- Generated by org.testng.reporters.JUnitReportReporter -->
<testsuite skipped="0" hostname="CLT-WIN-11717" name="tests_workroom_library.CreateBookAddWebLink" tests="13" failures="0" timestamp="2021-05-05T09:56:55 EDT" time="105.563" errors="0">
  <testcase name="autoUser_login" time="4.869" classname="tests_workroom_library.CreateBookAddWebLink"/>
  <testcase name="user_Can_Open_Library_Page_For_Workroom" time="7.547" classname="tests_workroom_library.CreateBookAddWebLink"/>
  <testcase name="user_Can_Create_Book_And_Add_Title" time="3.834" classname="tests_workroom_library.CreateBookAddWebLink"/>
  <testcase name="user_Can_Add_Cover_Page" time="5.413" classname="tests_workroom_library.CreateBookAddWebLink"/>
  <testcase name="user_Can_Add_Agenda" time="2.599" classname="tests_workroom_library.CreateBookAddWebLink"/>
  <testcase name="user_Can_Save_Book_And_Continue" time="3.160" classname="tests_workroom_library.CreateBookAddWebLink"/>
  <testcase name="user_Add_First_Catagory_To_Book" time="7.400" classname="tests_workroom_library.CreateBookAddWebLink"/>
  <testcase name="user_Add_Web_Link" time="11.311" classname="tests_workroom_library.CreateBookAddWebLink"/>
  <testcase name="user_Can_Build_Book" time="15.554" classname="tests_workroom_library.CreateBookAddWebLink"/>
  <testcase name="make_Book_Visible" time="5.992" classname="tests_workroom_library.CreateBookAddWebLink"/>
  <testcase name="switch_Tabs_To_Web_Site" time="16.725" classname="tests_workroom_library.CreateBookAddWebLink"/>
  <testcase name="delete_Archived_Meeting_Book" time="10.830" classname="tests_workroom_library.CreateBookAddWebLink"/>
  <testcase name="verify_Meeting_Books_Deleted" time="10.329" classname="tests_workroom_library.CreateBookAddWebLink"/>
</testsuite> <!-- tests_workroom_library.CreateBookAddWebLink -->
