<?xml version="1.0" encoding="UTF-8"?>
<!-- Generated by org.testng.reporters.JUnitReportReporter -->
<testsuite skipped="0" hostname="CLT-WIN-11717" name="tests_boardmember_access.BoardMemberCanSeeFilesByAdmin" tests="8" failures="0" timestamp="2021-06-09T14:50:01 EDT" time="19.791" errors="0">
  <testcase name="home_Page_Redirect" time="2.240" classname="tests_boardmember_access.BoardMemberCanSeeFilesByAdmin"/>
  <testcase name="systemAdmin_login" time="5.327" classname="tests_boardmember_access.BoardMemberCanSeeFilesByAdmin"/>
  <testcase name="user_Can_Open_Libraries_Form" time="2.140" classname="tests_boardmember_access.BoardMemberCanSeeFilesByAdmin"/>
  <testcase name="verify_BoardMember_Folders_Present" time="0.370" classname="tests_boardmember_access.BoardMemberCanSeeFilesByAdmin"/>
  <testcase name="verify_Attach_Folder_Files_Present" time="3.640" classname="tests_boardmember_access.BoardMemberCanSeeFilesByAdmin"/>
  <testcase name="user_Can_Open_Libraries_Form_Again" time="2.155" classname="tests_boardmember_access.BoardMemberCanSeeFilesByAdmin"/>
  <testcase name="verify_BoardMember_Folders_Present_Again" time="0.396" classname="tests_boardmember_access.BoardMemberCanSeeFilesByAdmin"/>
  <testcase name="verify_Large_Book_Folder_Files_Present" time="3.523" classname="tests_boardmember_access.BoardMemberCanSeeFilesByAdmin"/>
</testsuite> <!-- tests_boardmember_access.BoardMemberCanSeeFilesByAdmin -->
