<?xml version="1.0" encoding="UTF-8"?>
<!-- Generated by org.testng.reporters.JUnitReportReporter -->
<testsuite skipped="0" hostname="CLT-WIN-11717" name="tests_critical_scenarios.CreateEditDeleteBookScannedPDF" tests="14" failures="0" timestamp="2021-06-21T17:30:42 EDT" time="146.984" errors="0">
  <testcase name="systemAdmin_login" time="5.163" classname="tests_critical_scenarios.CreateEditDeleteBookScannedPDF"/>
  <testcase name="user_Open_Library_Page_For_Workroom" time="6.725" classname="tests_critical_scenarios.CreateEditDeleteBookScannedPDF"/>
  <testcase name="user_Can_Create_New_Book_Add_Title" time="4.240" classname="tests_critical_scenarios.CreateEditDeleteBookScannedPDF"/>
  <testcase name="user_Can_Add_CoverPage" time="5.666" classname="tests_critical_scenarios.CreateEditDeleteBookScannedPDF"/>
  <testcase name="user_Add_Agenda_To_Template" time="2.183" classname="tests_critical_scenarios.CreateEditDeleteBookScannedPDF"/>
  <testcase name="user_Can_Save_Scanned_Book" time="3.472" classname="tests_critical_scenarios.CreateEditDeleteBookScannedPDF"/>
  <testcase name="user_Add_First_Catagory_To_Scanned_Book" time="5.944" classname="tests_critical_scenarios.CreateEditDeleteBookScannedPDF"/>
  <testcase name="user_Add_Scanned_Book_To_New_Catagory" time="7.268" classname="tests_critical_scenarios.CreateEditDeleteBookScannedPDF"/>
  <testcase name="user_Can_Build_Book" time="14.424" classname="tests_critical_scenarios.CreateEditDeleteBookScannedPDF"/>
  <testcase name="make_Scanned_Book_Visible" time="4.803" classname="tests_critical_scenarios.CreateEditDeleteBookScannedPDF"/>
  <testcase name="edit_Scanned_Book" time="49.100" classname="tests_critical_scenarios.CreateEditDeleteBookScannedPDF"/>
  <testcase name="user_Opens_Meeting_Book_Viewer_And_Scroll" time="18.801" classname="tests_critical_scenarios.CreateEditDeleteBookScannedPDF"/>
  <testcase name="delete_Edited_Scanned_Book" time="9.218" classname="tests_critical_scenarios.CreateEditDeleteBookScannedPDF"/>
  <testcase name="verify_Edited_Scanned_Book_Deleted" time="9.977" classname="tests_critical_scenarios.CreateEditDeleteBookScannedPDF"/>
</testsuite> <!-- tests_critical_scenarios.CreateEditDeleteBookScannedPDF -->
