<?xml version="1.0" encoding="UTF-8"?>
<!-- Generated by org.testng.reporters.JUnitReportReporter -->
<testsuite skipped="0" hostname="CLT-WIN-11717" name="tests_boardmember_access.BoardMemberCanViewMinutes" tests="4" failures="0" timestamp="2021-06-09T13:47:21 EDT" time="35.148" errors="0">
  <testcase name="home_Page_Redirect" time="1.083" classname="tests_boardmember_access.BoardMemberCanViewMinutes"/>
  <testcase name="systemAdmin_Login" time="7.280" classname="tests_boardmember_access.BoardMemberCanViewMinutes"/>
  <testcase name="navigate_To_Workroom_Library" time="7.166" classname="tests_boardmember_access.BoardMemberCanViewMinutes"/>
  <testcase name="open_Book_Verify_Take_Minutes_Not_Present" time="19.619" classname="tests_boardmember_access.BoardMemberCanViewMinutes"/>
</testsuite> <!-- tests_boardmember_access.BoardMemberCanViewMinutes -->
