<?xml version="1.0" encoding="UTF-8"?>
<!-- Generated by org.testng.reporters.JUnitReportReporter -->
<testsuite skipped="0" hostname="CLT-WIN-11717" name="tests_workroom_library.ViewDifferentStatesOfWorkflow" tests="26" failures="0" timestamp="2021-05-21T07:48:22 EDT" time="192.772" errors="0">
  <testcase name="systemAdmin_login" time="6.847" classname="tests_workroom_library.ViewDifferentStatesOfWorkflow"/>
  <testcase name="user_Open_Library_Page_For_Workroom" time="6.774" classname="tests_workroom_library.ViewDifferentStatesOfWorkflow"/>
  <testcase name="user_Can_Create_New_Book_Add_Title" time="3.665" classname="tests_workroom_library.ViewDifferentStatesOfWorkflow"/>
  <testcase name="user_Can_Add_CoverPage" time="5.655" classname="tests_workroom_library.ViewDifferentStatesOfWorkflow"/>
  <testcase name="user_Add_Agenda_To_Template" time="2.111" classname="tests_workroom_library.ViewDifferentStatesOfWorkflow"/>
  <testcase name="user_Can_Save_Scanned_Book" time="3.453" classname="tests_workroom_library.ViewDifferentStatesOfWorkflow"/>
  <testcase name="user_Add_First_Catagory_To_Scanned_Book" time="5.731" classname="tests_workroom_library.ViewDifferentStatesOfWorkflow"/>
  <testcase name="user_Add_Scanned_Book_To_New_Catagory" time="10.180" classname="tests_workroom_library.ViewDifferentStatesOfWorkflow"/>
  <testcase name="add_Unordered_Workflow_To_Meeting_Book_File_Part_One" time="4.357" classname="tests_workroom_library.ViewDifferentStatesOfWorkflow"/>
  <testcase name="add_Unordered_Approval_Users_WorkroomAdmin_Auto_Director" time="6.940" classname="tests_workroom_library.ViewDifferentStatesOfWorkflow"/>
  <testcase name="add_Workflow_Dates" time="4.456" classname="tests_workroom_library.ViewDifferentStatesOfWorkflow"/>
  <testcase name="verify_Workflow_Created" time="2.030" classname="tests_workroom_library.ViewDifferentStatesOfWorkflow"/>
  <testcase name="add_Second_User_Workflow" time="26.843" classname="tests_workroom_library.ViewDifferentStatesOfWorkflow"/>
  <testcase name="force_Workflow_Approvals_B" time="9.847" classname="tests_workroom_library.ViewDifferentStatesOfWorkflow"/>
  <testcase name="finalize_Workflow_Response" time="9.928" classname="tests_workroom_library.ViewDifferentStatesOfWorkflow"/>
  <testcase name="add_Third_User_Workflow" time="25.542" classname="tests_workroom_library.ViewDifferentStatesOfWorkflow"/>
  <testcase name="user_Can_Logout" time="2.743" classname="tests_workroom_library.ViewDifferentStatesOfWorkflow"/>
  <testcase name="workroomAdmin_Login" time="4.364" classname="tests_workroom_library.ViewDifferentStatesOfWorkflow"/>
  <testcase name="user_Can_Open_Actions_Menu_For_Workflow" time="11.670" classname="tests_workroom_library.ViewDifferentStatesOfWorkflow"/>
  <testcase name="verify_Workflow_Approved" time="4.228" classname="tests_workroom_library.ViewDifferentStatesOfWorkflow"/>
  <testcase name="user_Can_Logout_Again" time="4.354" classname="tests_workroom_library.ViewDifferentStatesOfWorkflow"/>
  <testcase name="systemAdmin_Login_Again" time="4.281" classname="tests_workroom_library.ViewDifferentStatesOfWorkflow"/>
  <testcase name="user_Open_Library_Page_For_Workroom_Again" time="8.297" classname="tests_workroom_library.ViewDifferentStatesOfWorkflow"/>
  <testcase name="verify_All_Three_Response_Types" time="0.566" classname="tests_workroom_library.ViewDifferentStatesOfWorkflow"/>
  <testcase name="delete_Scanned_Book" time="9.686" classname="tests_workroom_library.ViewDifferentStatesOfWorkflow"/>
  <testcase name="verify_Scanned_Book_Deleted" time="8.224" classname="tests_workroom_library.ViewDifferentStatesOfWorkflow"/>
</testsuite> <!-- tests_workroom_library.ViewDifferentStatesOfWorkflow -->
