<?xml version="1.0" encoding="UTF-8"?>
<!-- Generated by org.testng.reporters.JUnitReportReporter -->
<testsuite skipped="0" hostname="CLT-WIN-11717" name="tests_resource_library.SortPrivateFolderHeaders" tests="11" failures="0" timestamp="2021-06-18T16:56:39 EDT" time="76.179" errors="0">
  <testcase name="systemAdmin_login" time="5.460" classname="tests_resource_library.SortPrivateFolderHeaders"/>
  <testcase name="user_Can_Open_Libraries_Form" time="4.860" classname="tests_resource_library.SortPrivateFolderHeaders"/>
  <testcase name="add_File_To_Private_Folder_For_Sorting_1" time="7.280" classname="tests_resource_library.SortPrivateFolderHeaders"/>
  <testcase name="user_Can_Open_Libraries_Form_2nd_Time" time="5.341" classname="tests_resource_library.SortPrivateFolderHeaders"/>
  <testcase name="add_File_To_Private_Folder_For_Sorting_2" time="9.921" classname="tests_resource_library.SortPrivateFolderHeaders"/>
  <testcase name="user_Can_Open_Libraries_Form_3rd_Time" time="4.066" classname="tests_resource_library.SortPrivateFolderHeaders"/>
  <testcase name="verify_Sort_For_Private_Folder_Headers" time="5.708" classname="tests_resource_library.SortPrivateFolderHeaders"/>
  <testcase name="user_Can_Delete_Private_Folder_File" time="8.957" classname="tests_resource_library.SortPrivateFolderHeaders"/>
  <testcase name="user_Can_Open_Libraries_Form_4th_Time" time="4.087" classname="tests_resource_library.SortPrivateFolderHeaders"/>
  <testcase name="user_Can_Delete_Private_Folder_File_JPG" time="7.909" classname="tests_resource_library.SortPrivateFolderHeaders"/>
  <testcase name="verify_Both_Files_Word_JPG_Not_Present" time="12.590" classname="tests_resource_library.SortPrivateFolderHeaders"/>
</testsuite> <!-- tests_resource_library.SortPrivateFolderHeaders -->
