<?xml version="1.0" encoding="UTF-8"?>
<!-- Generated by org.testng.reporters.JUnitReportReporter -->
<testsuite skipped="0" hostname="CLT-WIN-11717" name="tests_workroom_collaborate.AttachExistingSurveyToNewEvent" tests="9" failures="0" timestamp="2021-06-25T12:36:50 EDT" time="72.073" errors="0">
  <testcase name="home_Page_Redirect" time="1.102" classname="tests_workroom_collaborate.AttachExistingSurveyToNewEvent"/>
  <testcase name="autoUser_login" time="7.179" classname="tests_workroom_collaborate.AttachExistingSurveyToNewEvent"/>
  <testcase name="user_Can_Open_Events_for_Workroom" time="6.730" classname="tests_workroom_collaborate.AttachExistingSurveyToNewEvent"/>
  <testcase name="user_Can_Create_New_Event" time="20.288" classname="tests_workroom_collaborate.AttachExistingSurveyToNewEvent"/>
  <testcase name="user_Can_Click_Accept_As_Response" time="2.165" classname="tests_workroom_collaborate.AttachExistingSurveyToNewEvent"/>
  <testcase name="switch_To_Event_6_Attach_Survey" time="10.237" classname="tests_workroom_collaborate.AttachExistingSurveyToNewEvent"/>
  <testcase name="verify_Survey_Added_To_Event_6" time="7.664" classname="tests_workroom_collaborate.AttachExistingSurveyToNewEvent"/>
  <testcase name="delete_Event_6_On_Staging" time="11.348" classname="tests_workroom_collaborate.AttachExistingSurveyToNewEvent"/>
  <testcase name="verify_Event_6_Deleted" time="5.360" classname="tests_workroom_collaborate.AttachExistingSurveyToNewEvent"/>
</testsuite> <!-- tests_workroom_collaborate.AttachExistingSurveyToNewEvent -->
