<?xml version="1.0" encoding="UTF-8"?>
<!-- Generated by org.testng.reporters.JUnitReportReporter -->
<testsuite skipped="0" hostname="CLT-WIN-11717" name="tests_workroom_events.RespondToEvent" tests="13" failures="0" timestamp="2021-05-20T13:45:36 EDT" time="93.834" errors="0">
  <testcase name="autoUser_login" time="4.587" classname="tests_workroom_events.RespondToEvent"/>
  <testcase name="user_Can_Open_Events_for_Workroom" time="6.546" classname="tests_workroom_events.RespondToEvent"/>
  <testcase name="user_Can_Create_New_Event" time="21.943" classname="tests_workroom_events.RespondToEvent"/>
  <testcase name="user_Can_Click_Accept_As_Response" time="2.194" classname="tests_workroom_events.RespondToEvent"/>
  <testcase name="autoUser_Logout" time="2.640" classname="tests_workroom_events.RespondToEvent"/>
  <testcase name="workroomAdmin_Login_To_BoardEffect" time="4.387" classname="tests_workroom_events.RespondToEvent"/>
  <testcase name="workroomAdmin_Response_Maybe" time="6.187" classname="tests_workroom_events.RespondToEvent"/>
  <testcase name="workroomAdmin_logout" time="2.571" classname="tests_workroom_events.RespondToEvent"/>
  <testcase name="autoDirector_Login_To_BoardEffect" time="5.021" classname="tests_workroom_events.RespondToEvent"/>
  <testcase name="autoDirector_Response_Decline" time="5.879" classname="tests_workroom_events.RespondToEvent"/>
  <testcase name="autoDirector_logout" time="2.554" classname="tests_workroom_events.RespondToEvent"/>
  <testcase name="autoUser_login_Again" time="4.431" classname="tests_workroom_events.RespondToEvent"/>
  <testcase name="user_Can_Delete_Event_And_Verify_Deleted" time="24.894" classname="tests_workroom_events.RespondToEvent"/>
</testsuite> <!-- tests_workroom_events.RespondToEvent -->
