<?xml version="1.0" encoding="UTF-8"?>
<!-- Generated by org.testng.reporters.JUnitReportReporter -->
<testsuite skipped="0" hostname="CLT-WIN-11717" name="tests_general_settings.AddRemovePrintLogo" tests="21" failures="0" timestamp="2021-06-07T10:16:25 EDT" time="145.690" errors="0">
  <testcase name="login" time="4.697" classname="tests_general_settings.AddRemovePrintLogo"/>
  <testcase name="user_Can_Open_Settings" time="1.843" classname="tests_general_settings.AddRemovePrintLogo"/>
  <testcase name="navigate_To_General_Look_Feel" time="2.985" classname="tests_general_settings.AddRemovePrintLogo"/>
  <testcase name="add_Print_Logo" time="5.918" classname="tests_general_settings.AddRemovePrintLogo"/>
  <testcase name="admin_Open_Workroom_Constellation_Library_Page" time="6.761" classname="tests_general_settings.AddRemovePrintLogo"/>
  <testcase name="user_Can_Create_Book_And_Add_Title" time="3.615" classname="tests_general_settings.AddRemovePrintLogo"/>
  <testcase name="user_Can_Add_Cover_Page" time="4.882" classname="tests_general_settings.AddRemovePrintLogo"/>
  <testcase name="user_Can_Add_Agenda" time="2.451" classname="tests_general_settings.AddRemovePrintLogo"/>
  <testcase name="user_Can_Save_Book_And_Continue" time="2.884" classname="tests_general_settings.AddRemovePrintLogo"/>
  <testcase name="user_Add_First_Catagory_To_Book" time="7.054" classname="tests_general_settings.AddRemovePrintLogo"/>
  <testcase name="user_Add_File_1_To_First_Catagory" time="18.746" classname="tests_general_settings.AddRemovePrintLogo"/>
  <testcase name="user_Can_Build_Book" time="15.762" classname="tests_general_settings.AddRemovePrintLogo"/>
  <testcase name="make_Book_Add_Remove_Print_Logo_Visible" time="6.527" classname="tests_general_settings.AddRemovePrintLogo"/>
  <testcase name="open_Book_Add_Remove_Print_Logo_In_Viewer" time="16.314" classname="tests_general_settings.AddRemovePrintLogo"/>
  <testcase name="delete_Book_Add_Remove_Print_Logo" time="7.891" classname="tests_general_settings.AddRemovePrintLogo"/>
  <testcase name="clean_Up_Meeting_Books_Constellation_WR" time="9.907" classname="tests_general_settings.AddRemovePrintLogo"/>
  <testcase name="verify_Book_Deleted" time="8.931" classname="tests_general_settings.AddRemovePrintLogo"/>
  <testcase name="user_Can_Open_Settings_2nd_Time" time="1.935" classname="tests_general_settings.AddRemovePrintLogo"/>
  <testcase name="navigate_To_General_Look_Feel_2nd_Time" time="3.080" classname="tests_general_settings.AddRemovePrintLogo"/>
  <testcase name="disable_Print_Logo" time="4.538" classname="tests_general_settings.AddRemovePrintLogo"/>
  <testcase name="verify_Logo_Removed" time="8.969" classname="tests_general_settings.AddRemovePrintLogo"/>
</testsuite> <!-- tests_general_settings.AddRemovePrintLogo -->
