<?xml version="1.0" encoding="UTF-8"?>
<!-- Generated by org.testng.reporters.JUnitReportReporter -->
<testsuite skipped="0" hostname="CLT-WIN-11717" name="tests_settings.UnlockProfile" tests="8" failures="0" timestamp="2021-06-23T14:43:56 EDT" time="88.573" errors="0">
  <testcase name="home_Page_Redirect" time="23.781" classname="tests_settings.UnlockProfile"/>
  <testcase name="lockOutUser_Login" time="33.951" classname="tests_settings.UnlockProfile"/>
  <testcase name="systemAdmin_login" time="8.154" classname="tests_settings.UnlockProfile"/>
  <testcase name="open_Settings_Manage_Users" time="3.341" classname="tests_settings.UnlockProfile"/>
  <testcase name="unlock_Locked_User_Profile" time="10.359" classname="tests_settings.UnlockProfile"/>
  <testcase name="user_Can_Logout" time="3.543" classname="tests_settings.UnlockProfile"/>
  <testcase name="lockoutuser_login_2nd_Time" time="5.200" classname="tests_settings.UnlockProfile"/>
  <testcase name="user_Opens_Settings_Opens_Workroom_And_Group_Settings_Again" time="0.244" classname="tests_settings.UnlockProfile"/>
</testsuite> <!-- tests_settings.UnlockProfile -->
