<?xml version="1.0" encoding="UTF-8"?>
<!-- Generated by org.testng.reporters.JUnitReportReporter -->
<testsuite skipped="0" hostname="CLT-WIN-11717" name="tests_resource_library.AddSecurityToFolder" tests="15" failures="0" timestamp="2021-06-16T14:59:49 EDT" time="91.166" errors="0">
  <testcase name="systemAdmin_login" time="15.261" classname="tests_resource_library.AddSecurityToFolder"/>
  <testcase name="user_Can_Open_Libraries_Form" time="6.832" classname="tests_resource_library.AddSecurityToFolder"/>
  <testcase name="user_Create_Resource_Library_Folder_7" time="6.233" classname="tests_resource_library.AddSecurityToFolder"/>
  <testcase name="user_Can_Open_Libraries_Form_2nd_Time" time="7.665" classname="tests_resource_library.AddSecurityToFolder"/>
  <testcase name="user_Can_Add_Security_To_Folder_7" time="7.949" classname="tests_resource_library.AddSecurityToFolder"/>
  <testcase name="user_Can_Logout" time="4.316" classname="tests_resource_library.AddSecurityToFolder"/>
  <testcase name="autoDirector_login" time="6.765" classname="tests_resource_library.AddSecurityToFolder"/>
  <testcase name="user_Open_Resource_Library_Verify_Search_Field" time="2.598" classname="tests_resource_library.AddSecurityToFolder"/>
  <testcase name="verify_Resource_Library_Folder_7_NOT_Present" time="5.842" classname="tests_resource_library.AddSecurityToFolder"/>
  <testcase name="user_Can_Logout_AutoDirector" time="4.510" classname="tests_resource_library.AddSecurityToFolder"/>
  <testcase name="systemAdmin_Login_Again" time="4.453" classname="tests_resource_library.AddSecurityToFolder"/>
  <testcase name="user_Can_Open_Libraries_Form_3rd_Time" time="4.138" classname="tests_resource_library.AddSecurityToFolder"/>
  <testcase name="user_Delete_Folder_2" time="4.887" classname="tests_resource_library.AddSecurityToFolder"/>
  <testcase name="user_Can_Open_Libraries_Form_4th_Time" time="4.638" classname="tests_resource_library.AddSecurityToFolder"/>
  <testcase name="verify_Resource_Library_Folder_7_NOT_Present_Again" time="5.079" classname="tests_resource_library.AddSecurityToFolder"/>
</testsuite> <!-- tests_resource_library.AddSecurityToFolder -->
