<?xml version="1.0" encoding="UTF-8"?>
<!-- Generated by org.testng.reporters.JUnitReportReporter -->
<testsuite skipped="0" hostname="CLT-WIN-11717" name="tests_settings.SetUserHiddenInWorkroom" tests="12" failures="0" timestamp="2021-06-22T13:52:35 EDT" time="69.582" errors="0">
  <testcase name="system_Admin_Login" time="4.801" classname="tests_settings.SetUserHiddenInWorkroom"/>
  <testcase name="systemAdmin_Open_Settings_Then_Workroom_And_Group_Settings_3rd_Time" time="2.821" classname="tests_settings.SetUserHiddenInWorkroom"/>
  <testcase name="systemAdmin_Set_User_To_Hidden" time="11.860" classname="tests_settings.SetUserHiddenInWorkroom"/>
  <testcase name="user_Can_Logout" time="2.764" classname="tests_settings.SetUserHiddenInWorkroom"/>
  <testcase name="Auto_Director_Login" time="4.331" classname="tests_settings.SetUserHiddenInWorkroom"/>
  <testcase name="verify_Workroom_Admin_Hidden" time="10.100" classname="tests_settings.SetUserHiddenInWorkroom"/>
  <testcase name="user_Can_Logout_2nd_Time" time="2.812" classname="tests_settings.SetUserHiddenInWorkroom"/>
  <testcase name="system_Admin_Login_2nd_Time" time="5.024" classname="tests_settings.SetUserHiddenInWorkroom"/>
  <testcase name="navigate_Back_To_Workroom_Members" time="4.954" classname="tests_settings.SetUserHiddenInWorkroom"/>
  <testcase name="make_Workroom_Admin_Visible" time="8.700" classname="tests_settings.SetUserHiddenInWorkroom"/>
  <testcase name="navigate_Back_To_Workroom_Members_Again" time="5.108" classname="tests_settings.SetUserHiddenInWorkroom"/>
  <testcase name="verify_User_Hidden_Icon_Not_Present" time="6.307" classname="tests_settings.SetUserHiddenInWorkroom"/>
</testsuite> <!-- tests_settings.SetUserHiddenInWorkroom -->
