<?xml version="1.0" encoding="UTF-8"?>
<!-- Generated by org.testng.reporters.JUnitReportReporter -->
<testsuite skipped="0" hostname="CLT-WIN-11717" name="tests_workroom_library.CopyArchivedMeetingBook" tests="16" failures="0" timestamp="2021-05-21T07:40:59 EDT" time="135.754" errors="0">
  <testcase name="autoUser_login" time="5.437" classname="tests_workroom_library.CopyArchivedMeetingBook"/>
  <testcase name="user_Can_Open_Library_Page_For_Workroom" time="7.426" classname="tests_workroom_library.CopyArchivedMeetingBook"/>
  <testcase name="user_Can_Create_Book_And_Add_Title" time="4.172" classname="tests_workroom_library.CopyArchivedMeetingBook"/>
  <testcase name="user_Can_Add_Cover_Page" time="4.912" classname="tests_workroom_library.CopyArchivedMeetingBook"/>
  <testcase name="user_Can_Add_Agenda" time="2.500" classname="tests_workroom_library.CopyArchivedMeetingBook"/>
  <testcase name="user_Can_Save_Book_And_Continue" time="3.304" classname="tests_workroom_library.CopyArchivedMeetingBook"/>
  <testcase name="user_Add_First_Catagory_To_Book" time="7.008" classname="tests_workroom_library.CopyArchivedMeetingBook"/>
  <testcase name="user_Add_File_1_To_First_Catagory" time="16.531" classname="tests_workroom_library.CopyArchivedMeetingBook"/>
  <testcase name="user_Can_Build_Book" time="15.285" classname="tests_workroom_library.CopyArchivedMeetingBook"/>
  <testcase name="make_Book_Visible" time="5.754" classname="tests_workroom_library.CopyArchivedMeetingBook"/>
  <testcase name="archive_Meeting_Book" time="10.222" classname="tests_workroom_library.CopyArchivedMeetingBook"/>
  <testcase name="copy_Archived_Meeting_Book" time="14.300" classname="tests_workroom_library.CopyArchivedMeetingBook"/>
  <testcase name="verify_Copied_Archived_Meeting_Book_Created" time="1.906" classname="tests_workroom_library.CopyArchivedMeetingBook"/>
  <testcase name="delete_Archived_Meeting_Book" time="9.395" classname="tests_workroom_library.CopyArchivedMeetingBook"/>
  <testcase name="delete_Copied_Archived_Meeting_Book" time="12.936" classname="tests_workroom_library.CopyArchivedMeetingBook"/>
  <testcase name="verify_Meeting_Books_Deleted" time="14.666" classname="tests_workroom_library.CopyArchivedMeetingBook"/>
</testsuite> <!-- tests_workroom_library.CopyArchivedMeetingBook -->
