<?xml version="1.0" encoding="UTF-8"?>
<!-- Generated by org.testng.reporters.JUnitReportReporter -->
<testsuite skipped="0" hostname="CLT-WIN-11717" name="tests_critical_scenarios.LoginForeignLanguageWorkroomAdminEng" tests="15" failures="0" timestamp="2021-06-21T18:02:25 EDT" time="98.551" errors="0">
  <testcase name="systemAdmin_login" time="5.683" classname="tests_critical_scenarios.LoginForeignLanguageWorkroomAdminEng"/>
  <testcase name="admin_Opens_Site_Settings_Workrooms_And_Groups" time="3.053" classname="tests_critical_scenarios.LoginForeignLanguageWorkroomAdminEng"/>
  <testcase name="systemAdmin_Set_User_As_Workroom_Admin" time="20.017" classname="tests_critical_scenarios.LoginForeignLanguageWorkroomAdminEng"/>
  <testcase name="user_Can_Open_Directory" time="2.600" classname="tests_critical_scenarios.LoginForeignLanguageWorkroomAdminEng"/>
  <testcase name="open_User_Profile_WorkroomAdmin" time="6.482" classname="tests_critical_scenarios.LoginForeignLanguageWorkroomAdminEng"/>
  <testcase name="select_Foreign_Language_Spanish" time="10.303" classname="tests_critical_scenarios.LoginForeignLanguageWorkroomAdminEng"/>
  <testcase name="system_Admin_Logout" time="3.122" classname="tests_critical_scenarios.LoginForeignLanguageWorkroomAdminEng"/>
  <testcase name="workroomAdmin_Login_Spanish" time="4.814" classname="tests_critical_scenarios.LoginForeignLanguageWorkroomAdminEng"/>
  <testcase name="user_Can_Open_Directory_Spanish" time="1.975" classname="tests_critical_scenarios.LoginForeignLanguageWorkroomAdminEng"/>
  <testcase name="open_User_Profile_WorkroomAdmin_Spanish" time="6.560" classname="tests_critical_scenarios.LoginForeignLanguageWorkroomAdminEng"/>
  <testcase name="select_Foreign_Language_English" time="10.004" classname="tests_critical_scenarios.LoginForeignLanguageWorkroomAdminEng"/>
  <testcase name="steve_System_Logout_Spanish" time="3.095" classname="tests_critical_scenarios.LoginForeignLanguageWorkroomAdminEng"/>
  <testcase name="automation_Tester_Login_English" time="5.240" classname="tests_critical_scenarios.LoginForeignLanguageWorkroomAdminEng"/>
  <testcase name="admin_Opens_Site_Settings_Workrooms_And_Groups_Agian" time="2.820" classname="tests_critical_scenarios.LoginForeignLanguageWorkroomAdminEng"/>
  <testcase name="set_User_Back_As_Workroom_Member" time="12.783" classname="tests_critical_scenarios.LoginForeignLanguageWorkroomAdminEng"/>
</testsuite> <!-- tests_critical_scenarios.LoginForeignLanguageWorkroomAdminEng -->
