<?xml version="1.0" encoding="UTF-8"?>
<!-- Generated by org.testng.reporters.JUnitReportReporter -->
<testsuite skipped="0" hostname="CLT-WIN-11717" name="tests_critical_scenarios.LoginEnglishWorkroomAdminEng2" tests="12" failures="0" timestamp="2021-06-15T16:36:13 EDT" time="68.531" errors="0">
  <testcase name="systemAdmin_login" time="6.084" classname="tests_critical_scenarios.LoginEnglishWorkroomAdminEng2"/>
  <testcase name="admin_Opens_Site_Settings_Workrooms_And_Groups" time="3.003" classname="tests_critical_scenarios.LoginEnglishWorkroomAdminEng2"/>
  <testcase name="systemAdmin_Set_User_As_Workroom_Admin" time="14.656" classname="tests_critical_scenarios.LoginEnglishWorkroomAdminEng2"/>
  <testcase name="system_Admin_Logout_2nd_Time" time="2.824" classname="tests_critical_scenarios.LoginEnglishWorkroomAdminEng2"/>
  <testcase name="workroomAdminEng_Login" time="4.143" classname="tests_critical_scenarios.LoginEnglishWorkroomAdminEng2"/>
  <testcase name="user_Can_Open_Directory" time="1.858" classname="tests_critical_scenarios.LoginEnglishWorkroomAdminEng2"/>
  <testcase name="open_User_Profile_Automation_Tester" time="6.358" classname="tests_critical_scenarios.LoginEnglishWorkroomAdminEng2"/>
  <testcase name="navigate_To_English_Language" time="6.566" classname="tests_critical_scenarios.LoginEnglishWorkroomAdminEng2"/>
  <testcase name="system_Admin_Logout" time="2.701" classname="tests_critical_scenarios.LoginEnglishWorkroomAdminEng2"/>
  <testcase name="automation_Tester_Login_English" time="5.120" classname="tests_critical_scenarios.LoginEnglishWorkroomAdminEng2"/>
  <testcase name="admin_Opens_Site_Settings_Workrooms_And_Groups_Agian" time="2.733" classname="tests_critical_scenarios.LoginEnglishWorkroomAdminEng2"/>
  <testcase name="set_User_Back_As_Workroom_Member" time="12.485" classname="tests_critical_scenarios.LoginEnglishWorkroomAdminEng2"/>
</testsuite> <!-- tests_critical_scenarios.LoginEnglishWorkroomAdminEng2 -->
