<?xml version="1.0" encoding="UTF-8"?>
<!-- Generated by org.testng.reporters.JUnitReportReporter -->
<testsuite skipped="0" hostname="CLT-WIN-11717" name="tests_settings.UpdateProfilesWithCustomFieldData" tests="13" failures="0" timestamp="2021-06-23T16:06:13 EDT" time="84.952" errors="0">
  <testcase name="systemAdmin_login" time="10.914" classname="tests_settings.UpdateProfilesWithCustomFieldData"/>
  <testcase name="user_Opens_Settings_Opens_Custom_Fields" time="15.269" classname="tests_settings.UpdateProfilesWithCustomFieldData"/>
  <testcase name="create_Custom_Field_Group" time="9.946" classname="tests_settings.UpdateProfilesWithCustomFieldData"/>
  <testcase name="user_Can_Open_Directory" time="4.177" classname="tests_settings.UpdateProfilesWithCustomFieldData"/>
  <testcase name="open_User_Profile_AutoTester" time="6.528" classname="tests_settings.UpdateProfilesWithCustomFieldData"/>
  <testcase name="verify_Custom_Field_Created" time="5.392" classname="tests_settings.UpdateProfilesWithCustomFieldData"/>
  <testcase name="user_Can_Open_Directory_Agian" time="3.704" classname="tests_settings.UpdateProfilesWithCustomFieldData"/>
  <testcase name="open_User_Profile_AutoDirector" time="7.041" classname="tests_settings.UpdateProfilesWithCustomFieldData"/>
  <testcase name="verify_Custom_Field_Created_Again" time="6.740" classname="tests_settings.UpdateProfilesWithCustomFieldData"/>
  <testcase name="user_Opens_Settings_Opens_Custom_Fields_Again" time="2.513" classname="tests_settings.UpdateProfilesWithCustomFieldData"/>
  <testcase name="user_Opens_Settings_Opens_Workroom_And_Group_Settings_4th_Time" time="2.452" classname="tests_settings.UpdateProfilesWithCustomFieldData"/>
  <testcase name="delete_Custom_Field_Group" time="5.842" classname="tests_settings.UpdateProfilesWithCustomFieldData"/>
  <testcase name="verify_Custom_Field_Group_Deleted" time="4.434" classname="tests_settings.UpdateProfilesWithCustomFieldData"/>
</testsuite> <!-- tests_settings.UpdateProfilesWithCustomFieldData -->
