<?xml version="1.0" encoding="UTF-8"?>
<!-- Generated by org.testng.reporters.JUnitReportReporter -->
<testsuite skipped="0" hostname="CLT-WIN-11717" name="tests_settings.CreateEditDeleteCustomFieldGroup" tests="9" failures="0" timestamp="2021-06-21T16:31:53 EDT" time="35.843" errors="0">
  <testcase name="systemAdmin_login" time="5.436" classname="tests_settings.CreateEditDeleteCustomFieldGroup"/>
  <testcase name="user_Opens_Settings_Opens_Workroom_And_Group_Settings" time="2.230" classname="tests_settings.CreateEditDeleteCustomFieldGroup"/>
  <testcase name="create_Custom_Field_Group" time="6.076" classname="tests_settings.CreateEditDeleteCustomFieldGroup"/>
  <testcase name="user_Opens_Settings_Opens_Workroom_And_Group_Settings_2nd_Time" time="2.191" classname="tests_settings.CreateEditDeleteCustomFieldGroup"/>
  <testcase name="edit_Custom_Field" time="5.233" classname="tests_settings.CreateEditDeleteCustomFieldGroup"/>
  <testcase name="user_Opens_Settings_Opens_Workroom_And_Group_Settings_3rd_Time" time="2.147" classname="tests_settings.CreateEditDeleteCustomFieldGroup"/>
  <testcase name="delete_Custom_Field_Group" time="4.934" classname="tests_settings.CreateEditDeleteCustomFieldGroup"/>
  <testcase name="user_Opens_Settings_Opens_Workroom_And_Group_Settings_4th_Time" time="2.183" classname="tests_settings.CreateEditDeleteCustomFieldGroup"/>
  <testcase name="verify_Custom_Field_Group_Deleted" time="5.413" classname="tests_settings.CreateEditDeleteCustomFieldGroup"/>
</testsuite> <!-- tests_settings.CreateEditDeleteCustomFieldGroup -->
