<?xml version="1.0" encoding="UTF-8"?>
<!-- Generated by org.testng.reporters.JUnitReportReporter -->
<testsuite skipped="0" hostname="CLT-WIN-11717" name="tests_workroom_collaborate.CreateEditDeleteSurveyTemplate" tests="9" failures="0" timestamp="2021-05-21T07:26:18 EDT" time="103.470" errors="0">
  <testcase name="login" time="4.860" classname="tests_workroom_collaborate.CreateEditDeleteSurveyTemplate"/>
  <testcase name="create_Survey_Template" time="17.998" classname="tests_workroom_collaborate.CreateEditDeleteSurveyTemplate"/>
  <testcase name="create_TextField_Question" time="9.852" classname="tests_workroom_collaborate.CreateEditDeleteSurveyTemplate"/>
  <testcase name="create_CheckBox_Question" time="13.477" classname="tests_workroom_collaborate.CreateEditDeleteSurveyTemplate"/>
  <testcase name="create_DropdownList_Question" time="12.645" classname="tests_workroom_collaborate.CreateEditDeleteSurveyTemplate"/>
  <testcase name="back_To_Template_Main_Page" time="6.167" classname="tests_workroom_collaborate.CreateEditDeleteSurveyTemplate"/>
  <testcase name="edit_Survey_Template_Title" time="14.616" classname="tests_workroom_collaborate.CreateEditDeleteSurveyTemplate"/>
  <testcase name="delete_Template_Survey" time="13.667" classname="tests_workroom_collaborate.CreateEditDeleteSurveyTemplate"/>
  <testcase name="verify_edited_Template_Survey_Deleted" time="10.188" classname="tests_workroom_collaborate.CreateEditDeleteSurveyTemplate"/>
</testsuite> <!-- tests_workroom_collaborate.CreateEditDeleteSurveyTemplate -->
