<?xml version="1.0" encoding="UTF-8"?>
<!-- Generated by org.testng.reporters.JUnitReportReporter -->
<testsuite skipped="0" hostname="CLT-WIN-11717" name="tests_general_settings.SetDirectoryDisplayColumnsForPDF" tests="10" failures="0" timestamp="2021-06-07T11:11:11 EDT" time="42.101" errors="0">
  <testcase name="login" time="6.794" classname="tests_general_settings.SetDirectoryDisplayColumnsForPDF"/>
  <testcase name="user_Can_Open_Settings" time="1.901" classname="tests_general_settings.SetDirectoryDisplayColumnsForPDF"/>
  <testcase name="navigate_To_General_Look_Feel" time="3.025" classname="tests_general_settings.SetDirectoryDisplayColumnsForPDF"/>
  <testcase name="set_Directory_Display_Columns_For_PDF" time="8.153" classname="tests_general_settings.SetDirectoryDisplayColumnsForPDF"/>
  <testcase name="user_Can_Open_Settings_2nd_Time" time="1.755" classname="tests_general_settings.SetDirectoryDisplayColumnsForPDF"/>
  <testcase name="navigate_To_General_Look_Feel_Agian" time="2.929" classname="tests_general_settings.SetDirectoryDisplayColumnsForPDF"/>
  <testcase name="disable_Directory_Display_Columns_For_PDF" time="5.895" classname="tests_general_settings.SetDirectoryDisplayColumnsForPDF"/>
  <testcase name="user_Can_Open_Settings_3rd_Time" time="2.516" classname="tests_general_settings.SetDirectoryDisplayColumnsForPDF"/>
  <testcase name="navigate_To_General_Look_Feel_3rd_Time" time="2.949" classname="tests_general_settings.SetDirectoryDisplayColumnsForPDF"/>
  <testcase name="verify_Role_Tag_2_Disabled" time="6.184" classname="tests_general_settings.SetDirectoryDisplayColumnsForPDF"/>
</testsuite> <!-- tests_general_settings.SetDirectoryDisplayColumnsForPDF -->
