<?xml version="1.0" encoding="UTF-8"?>
<!-- Generated by org.testng.reporters.JUnitReportReporter -->
<testsuite skipped="0" hostname="CLT-WIN-11717" name="tests_resource_library.AddSecurityToFile" tests="16" failures="0" timestamp="2021-06-16T14:59:49 EDT" time="118.048" errors="0">
  <testcase name="systemAdmin_login" time="22.984" classname="tests_resource_library.AddSecurityToFile"/>
  <testcase name="user_Can_Open_Libraries_Form" time="6.300" classname="tests_resource_library.AddSecurityToFile"/>
  <testcase name="user_Create_Resource_Library_Folder_6" time="6.128" classname="tests_resource_library.AddSecurityToFile"/>
  <testcase name="user_Can_Open_Libraries_Form_2nd_Time" time="5.044" classname="tests_resource_library.AddSecurityToFile"/>
  <testcase name="user_Can_Add_File_Folder_6" time="11.375" classname="tests_resource_library.AddSecurityToFile"/>
  <testcase name="user_Can_Add_Security_To_File" time="10.294" classname="tests_resource_library.AddSecurityToFile"/>
  <testcase name="user_Can_Logout" time="13.048" classname="tests_resource_library.AddSecurityToFile"/>
  <testcase name="autoDirector_login" time="6.382" classname="tests_resource_library.AddSecurityToFile"/>
  <testcase name="user_Open_Resource_Library_Verify_Search_Field" time="2.652" classname="tests_resource_library.AddSecurityToFile"/>
  <testcase name="verify_File_Not_In_Library_Folder_6" time="8.050" classname="tests_resource_library.AddSecurityToFile"/>
  <testcase name="user_Can_Logout_AutoDirector" time="2.654" classname="tests_resource_library.AddSecurityToFile"/>
  <testcase name="systemAdmin_Login_Again" time="4.242" classname="tests_resource_library.AddSecurityToFile"/>
  <testcase name="user_Can_Open_Libraries_Form_3rd_Time" time="4.209" classname="tests_resource_library.AddSecurityToFile"/>
  <testcase name="user_Delete_Resource_Library_Folder_6" time="5.524" classname="tests_resource_library.AddSecurityToFile"/>
  <testcase name="user_Can_Open_Libraries_Form_4th_Time" time="4.108" classname="tests_resource_library.AddSecurityToFile"/>
  <testcase name="verify_Resource_Library_Folder_6_NOT_Present" time="5.054" classname="tests_resource_library.AddSecurityToFile"/>
</testsuite> <!-- tests_resource_library.AddSecurityToFile -->
