<?xml version="1.0" encoding="UTF-8"?>
<!-- Generated by org.testng.reporters.JUnitReportReporter -->
<testsuite skipped="0" hostname="CLT-WIN-11717" name="tests_settings.DeactivateResourcesForUser" tests="11" failures="0" timestamp="2021-06-23T14:25:15 EDT" time="79.764" errors="0">
  <testcase name="system_Admin_Login" time="7.178" classname="tests_settings.DeactivateResourcesForUser"/>
  <testcase name="user_Can_Open_Directory" time="3.070" classname="tests_settings.DeactivateResourcesForUser"/>
  <testcase name="open_User_Profile_Auto_User_13_Deactivate_Resource" time="14.181" classname="tests_settings.DeactivateResourcesForUser"/>
  <testcase name="user_Can_Logout" time="21.412" classname="tests_settings.DeactivateResourcesForUser"/>
  <testcase name="user_Can_Login" time="5.189" classname="tests_settings.DeactivateResourcesForUser"/>
  <testcase name="verify_Resource_Library_Hidden" time="5.365" classname="tests_settings.DeactivateResourcesForUser"/>
  <testcase name="test_User_Can_Logout" time="4.936" classname="tests_settings.DeactivateResourcesForUser"/>
  <testcase name="system_Admin_Login_2nd_Time" time="5.197" classname="tests_settings.DeactivateResourcesForUser"/>
  <testcase name="user_Can_Open_Directory_2nd_Time" time="2.152" classname="tests_settings.DeactivateResourcesForUser"/>
  <testcase name="open_User_Profile_Auto_User_13_Activate_Resource" time="9.232" classname="tests_settings.DeactivateResourcesForUser"/>
  <testcase name="user_Close_Directory_2nd_time" time="1.852" classname="tests_settings.DeactivateResourcesForUser"/>
</testsuite> <!-- tests_settings.DeactivateResourcesForUser -->
