<?xml version="1.0" encoding="UTF-8"?>
<!-- Generated by org.testng.reporters.JUnitReportReporter -->
<testsuite skipped="0" hostname="CLT-WIN-11717" name="tests_workroom_home.AssignRemoveWorkroomChair" tests="5" failures="0" timestamp="2021-06-14T11:58:15 EDT" time="39.305" errors="0">
  <testcase name="autoUser_login" time="5.253" classname="tests_workroom_home.AssignRemoveWorkroomChair"/>
  <testcase name="enable_Auto_Director_As_Chair" time="13.055" classname="tests_workroom_home.AssignRemoveWorkroomChair"/>
  <testcase name="verify_AutoDirector_Promoted_As_Chair" time="4.809" classname="tests_workroom_home.AssignRemoveWorkroomChair"/>
  <testcase name="disable_AutoDirector_As_Chair" time="6.389" classname="tests_workroom_home.AssignRemoveWorkroomChair"/>
  <testcase name="verify_AutoDirector_Disabled_As_Chair" time="9.799" classname="tests_workroom_home.AssignRemoveWorkroomChair"/>
</testsuite> <!-- tests_workroom_home.AssignRemoveWorkroomChair -->
