<?xml version="1.0" encoding="UTF-8"?>
<!-- Generated by org.testng.reporters.JUnitReportReporter -->
<testsuite skipped="0" hostname="CLT-WIN-11717" name="tests_boardmember_access.BoardMemberAddFileToPrivateFolder" tests="10" failures="0" timestamp="2021-06-09T16:07:11 EDT" time="44.523" errors="0">
  <testcase name="home_Page_Redirect" time="2.691" classname="tests_boardmember_access.BoardMemberAddFileToPrivateFolder"/>
  <testcase name="systemAdmin_login" time="6.065" classname="tests_boardmember_access.BoardMemberAddFileToPrivateFolder"/>
  <testcase name="user_Can_Open_Library_Page_For_Workroom" time="2.124" classname="tests_boardmember_access.BoardMemberAddFileToPrivateFolder"/>
  <testcase name="add_File_To_Private_Folder" time="9.356" classname="tests_boardmember_access.BoardMemberAddFileToPrivateFolder"/>
  <testcase name="user_Close_Library_Folder" time="1.049" classname="tests_boardmember_access.BoardMemberAddFileToPrivateFolder"/>
  <testcase name="user_Can_Open_Libraries_Form_2nd_Time" time="1.870" classname="tests_boardmember_access.BoardMemberAddFileToPrivateFolder"/>
  <testcase name="user_Can_Delete_Private_Folder_File" time="8.372" classname="tests_boardmember_access.BoardMemberAddFileToPrivateFolder"/>
  <testcase name="user_Close_Library_Folder_2nd_Time" time="3.781" classname="tests_boardmember_access.BoardMemberAddFileToPrivateFolder"/>
  <testcase name="user_Can_Open_Libraries_Form_3rd_Time" time="1.889" classname="tests_boardmember_access.BoardMemberAddFileToPrivateFolder"/>
  <testcase name="verify_Word_1_Docx_NOT_Present" time="7.326" classname="tests_boardmember_access.BoardMemberAddFileToPrivateFolder"/>
</testsuite> <!-- tests_boardmember_access.BoardMemberAddFileToPrivateFolder -->
