<?xml version="1.0" encoding="UTF-8"?>
<!-- Generated by org.testng.reporters.JUnitReportReporter -->
<testsuite skipped="0" hostname="CLT-WIN-11717" name="tests_critical_scenarios.LoginForeignLanguageNonAdmin" tests="12" failures="0" timestamp="2021-06-03T07:43:05 EDT" time="60.632" errors="0">
  <testcase name="systemAdmin_login" time="5.227" classname="tests_critical_scenarios.LoginForeignLanguageNonAdmin"/>
  <testcase name="user_Can_Open_Directory" time="1.864" classname="tests_critical_scenarios.LoginForeignLanguageNonAdmin"/>
  <testcase name="open_User_Profile_NonAdmin" time="7.084" classname="tests_critical_scenarios.LoginForeignLanguageNonAdmin"/>
  <testcase name="select_Foreign_Language_Spanish" time="10.992" classname="tests_critical_scenarios.LoginForeignLanguageNonAdmin"/>
  <testcase name="system_Admin_Logout" time="2.834" classname="tests_critical_scenarios.LoginForeignLanguageNonAdmin"/>
  <testcase name="systemAdmin_Login_Spanish" time="4.691" classname="tests_critical_scenarios.LoginForeignLanguageNonAdmin"/>
  <testcase name="user_Can_Open_Directory_Spanish" time="1.861" classname="tests_critical_scenarios.LoginForeignLanguageNonAdmin"/>
  <testcase name="open_User_Profile_NonAdmin_Spanish" time="6.370" classname="tests_critical_scenarios.LoginForeignLanguageNonAdmin"/>
  <testcase name="select_Foreign_Language_English" time="10.008" classname="tests_critical_scenarios.LoginForeignLanguageNonAdmin"/>
  <testcase name="steve_System_Logout_Spanish" time="2.679" classname="tests_critical_scenarios.LoginForeignLanguageNonAdmin"/>
  <testcase name="systemAdmin_Login_English" time="6.827" classname="tests_critical_scenarios.LoginForeignLanguageNonAdmin"/>
  <testcase name="verify_English_Welcome_Message" time="0.195" classname="tests_critical_scenarios.LoginForeignLanguageNonAdmin"/>
</testsuite> <!-- tests_critical_scenarios.LoginForeignLanguageNonAdmin -->
