<?xml version="1.0" encoding="UTF-8"?>
<!-- Generated by org.testng.reporters.JUnitReportReporter -->
<testsuite skipped="0" hostname="CLT-WIN-11717" name="tests_workroom_collaborate.ArchiveSchedulers" tests="8" failures="0" timestamp="2021-06-24T14:34:21 EDT" time="66.488" errors="0">
  <testcase name="login" time="4.813" classname="tests_workroom_collaborate.ArchiveSchedulers"/>
  <testcase name="create_Scheduler" time="13.486" classname="tests_workroom_collaborate.ArchiveSchedulers"/>
  <testcase name="create_Schedulers_Option" time="11.418" classname="tests_workroom_collaborate.ArchiveSchedulers"/>
  <testcase name="add_Scheduler_Respondents" time="9.010" classname="tests_workroom_collaborate.ArchiveSchedulers"/>
  <testcase name="build_Scheduler_Make_Visible" time="8.961" classname="tests_workroom_collaborate.ArchiveSchedulers"/>
  <testcase name="archive_Schedulers_2" time="4.882" classname="tests_workroom_collaborate.ArchiveSchedulers"/>
  <testcase name="delete_Archived_Schedulers_2" time="8.849" classname="tests_workroom_collaborate.ArchiveSchedulers"/>
  <testcase name="verify_Scheduler_1_Deleted" time="5.069" classname="tests_workroom_collaborate.ArchiveSchedulers"/>
</testsuite> <!-- tests_workroom_collaborate.ArchiveSchedulers -->
