<?xml version="1.0" encoding="UTF-8"?>
<!-- Generated by org.testng.reporters.JUnitReportReporter -->
<testsuite skipped="0" hostname="CLT-WIN-11717" name="tests_workroom_library.EditMeetingBook" tests="13" failures="0" timestamp="2021-05-25T10:27:16 EDT" time="150.171" errors="0">
  <testcase name="autoUser_login" time="5.769" classname="tests_workroom_library.EditMeetingBook"/>
  <testcase name="user_Can_Open_Library_Page_For_Workroom" time="7.278" classname="tests_workroom_library.EditMeetingBook"/>
  <testcase name="user_Can_Create_Book_And_Add_Title" time="3.657" classname="tests_workroom_library.EditMeetingBook"/>
  <testcase name="user_Can_Add_Cover_Page" time="4.657" classname="tests_workroom_library.EditMeetingBook"/>
  <testcase name="user_Can_Add_Agenda" time="2.544" classname="tests_workroom_library.EditMeetingBook"/>
  <testcase name="user_Can_Save_Book_And_Continue" time="3.851" classname="tests_workroom_library.EditMeetingBook"/>
  <testcase name="user_Add_First_Catagory_To_Book" time="7.116" classname="tests_workroom_library.EditMeetingBook"/>
  <testcase name="user_Add_File_1_To_First_Catagory" time="16.151" classname="tests_workroom_library.EditMeetingBook"/>
  <testcase name="user_Can_Build_Book" time="15.472" classname="tests_workroom_library.EditMeetingBook"/>
  <testcase name="make_Book_Visible" time="5.762" classname="tests_workroom_library.EditMeetingBook"/>
  <testcase name="user_Can_Edit_Meeting_Book" time="41.484" classname="tests_workroom_library.EditMeetingBook"/>
  <testcase name="delete_Edited_Meeting_Book" time="8.631" classname="tests_workroom_library.EditMeetingBook"/>
  <testcase name="verify_Edited_Book_Deleted" time="27.799" classname="tests_workroom_library.EditMeetingBook"/>
</testsuite> <!-- tests_workroom_library.EditMeetingBook -->
