<?xml version="1.0" encoding="UTF-8"?>
<!-- Generated by org.testng.reporters.JUnitReportReporter -->
<testsuite skipped="0" hostname="CLT-WIN-11717" name="tests_resource_library.AddFileToPrivateFolder" tests="7" failures="0" timestamp="2021-06-21T11:47:53 EDT" time="38.545" errors="0">
  <testcase name="systemAdmin_login" time="4.959" classname="tests_resource_library.AddFileToPrivateFolder"/>
  <testcase name="user_Can_Open_Libraries_Form" time="3.027" classname="tests_resource_library.AddFileToPrivateFolder"/>
  <testcase name="add_File_To_Private_Folder" time="9.811" classname="tests_resource_library.AddFileToPrivateFolder"/>
  <testcase name="user_Can_Open_Libraries_Form_2nd_Time" time="2.573" classname="tests_resource_library.AddFileToPrivateFolder"/>
  <testcase name="user_Can_Delete_Private_Folder_File" time="8.830" classname="tests_resource_library.AddFileToPrivateFolder"/>
  <testcase name="user_Can_Open_Libraries_Form_3rd_Time" time="2.534" classname="tests_resource_library.AddFileToPrivateFolder"/>
  <testcase name="verify_File_Not_Present" time="6.811" classname="tests_resource_library.AddFileToPrivateFolder"/>
</testsuite> <!-- tests_resource_library.AddFileToPrivateFolder -->
