<?xml version="1.0" encoding="UTF-8"?>
<!-- Generated by org.testng.reporters.JUnitReportReporter -->
<testsuite skipped="0" hostname="CLT-WIN-11717" name="tests_settings.AllowUserToEditProfileContactInfo" tests="23" failures="0" timestamp="2021-06-23T14:25:15 EDT" time="232.553" errors="0">
  <testcase name="system_Admin_Login" time="12.167" classname="tests_settings.AllowUserToEditProfileContactInfo"/>
  <testcase name="systemAdmin_Open_Settings_Then_Workroom_And_Group_Settings" time="4.247" classname="tests_settings.AllowUserToEditProfileContactInfo"/>
  <testcase name="systemAdmin_Set_User_As_Workroom_Admin" time="19.863" classname="tests_settings.AllowUserToEditProfileContactInfo"/>
  <testcase name="user_Can_Logout" time="53.582" classname="tests_settings.AllowUserToEditProfileContactInfo"/>
  <testcase name="workroom_Admin_Can_Login" time="6.276" classname="tests_settings.AllowUserToEditProfileContactInfo"/>
  <testcase name="user_Can_Open_Directory_2nd_Time" time="2.860" classname="tests_settings.AllowUserToEditProfileContactInfo"/>
  <testcase name="open_Edit_User_Profile" time="8.807" classname="tests_settings.AllowUserToEditProfileContactInfo"/>
  <testcase name="edit_With_New_Contact_Information" time="21.295" classname="tests_settings.AllowUserToEditProfileContactInfo"/>
  <testcase name="workroom_Admin_Can_Logout" time="7.146" classname="tests_settings.AllowUserToEditProfileContactInfo"/>
  <testcase name="test_User_Login" time="6.061" classname="tests_settings.AllowUserToEditProfileContactInfo"/>
  <testcase name="user_Can_Open_Directory_2nd_Time_" time="4.027" classname="tests_settings.AllowUserToEditProfileContactInfo"/>
  <testcase name="open_View_User_Profile" time="7.751" classname="tests_settings.AllowUserToEditProfileContactInfo"/>
  <testcase name="AutoUser2_Verify_Contact_Info_Saved" time="4.646" classname="tests_settings.AllowUserToEditProfileContactInfo"/>
  <testcase name="test_User_Can_Logout" time="16.962" classname="tests_settings.AllowUserToEditProfileContactInfo"/>
  <testcase name="workroom_Admin_Can_Login_2nd_Time" time="13.420" classname="tests_settings.AllowUserToEditProfileContactInfo"/>
  <testcase name="user_Can_Open_Directory_3rd_Time" time="2.039" classname="tests_settings.AllowUserToEditProfileContactInfo"/>
  <testcase name="open_Edit_User_Profile_2nd_Time" time="6.483" classname="tests_settings.AllowUserToEditProfileContactInfo"/>
  <testcase name="edit_With_Old_Contact_Information_AutoUser2" time="10.810" classname="tests_settings.AllowUserToEditProfileContactInfo"/>
  <testcase name="verify_Old_Contact_Info_Auto_User_2_Saved" time="1.531" classname="tests_settings.AllowUserToEditProfileContactInfo"/>
  <testcase name="workroom_Admin_Can_Logout_3rd_Time" time="3.018" classname="tests_settings.AllowUserToEditProfileContactInfo"/>
  <testcase name="system_Admin_Login_2nd_Time" time="4.730" classname="tests_settings.AllowUserToEditProfileContactInfo"/>
  <testcase name="systemAdmin_Open_Settings_Then_Workroom_And_Group_Settings_2nd_Time" time="2.790" classname="tests_settings.AllowUserToEditProfileContactInfo"/>
  <testcase name="systemAdmin_Disables_User_As_Workroom_Admin" time="12.042" classname="tests_settings.AllowUserToEditProfileContactInfo"/>
</testsuite> <!-- tests_settings.AllowUserToEditProfileContactInfo -->
