<?xml version="1.0" encoding="UTF-8"?>
<!-- Generated by org.testng.reporters.JUnitReportReporter -->
<testsuite skipped="0" hostname="CLT-WIN-11717" name="tests_workroom_library.ArchiveRestoreHandbook" tests="15" failures="0" timestamp="2021-05-26T23:39:48 EDT" time="123.780" errors="0">
  <testcase name="autoUser_login" time="5.843" classname="tests_workroom_library.ArchiveRestoreHandbook"/>
  <testcase name="user_Opens_Library_Page_For_Workroom" time="9.293" classname="tests_workroom_library.ArchiveRestoreHandbook"/>
  <testcase name="user_Can_Create_New_Handbook" time="5.242" classname="tests_workroom_library.ArchiveRestoreHandbook"/>
  <testcase name="user_Add_CoverPage_To_HandBook" time="4.594" classname="tests_workroom_library.ArchiveRestoreHandbook"/>
  <testcase name="user_Add_Agenda_To_HandBook" time="2.467" classname="tests_workroom_library.ArchiveRestoreHandbook"/>
  <testcase name="user_Save_HandBook" time="6.893" classname="tests_workroom_library.ArchiveRestoreHandbook"/>
  <testcase name="user_Add_First_Catagory_To_HandBook" time="7.203" classname="tests_workroom_library.ArchiveRestoreHandbook"/>
  <testcase name="user_Add_File_To_First_Catagory" time="6.904" classname="tests_workroom_library.ArchiveRestoreHandbook"/>
  <testcase name="build_Handbook" time="27.315" classname="tests_workroom_library.ArchiveRestoreHandbook"/>
  <testcase name="make_Handbook_Visible" time="4.754" classname="tests_workroom_library.ArchiveRestoreHandbook"/>
  <testcase name="archive_Handbook" time="11.376" classname="tests_workroom_library.ArchiveRestoreHandbook"/>
  <testcase name="restore_Handbook" time="6.618" classname="tests_workroom_library.ArchiveRestoreHandbook"/>
  <testcase name="delete_Handbook" time="7.701" classname="tests_workroom_library.ArchiveRestoreHandbook"/>
  <testcase name="navigate_Back_To_Handbook" time="2.339" classname="tests_workroom_library.ArchiveRestoreHandbook"/>
  <testcase name="verify_Handbook_Deleted" time="15.238" classname="tests_workroom_library.ArchiveRestoreHandbook"/>
</testsuite> <!-- tests_workroom_library.ArchiveRestoreHandbook -->
