<?xml version="1.0" encoding="UTF-8"?>
<!-- Generated by org.testng.reporters.JUnitReportReporter -->
<testsuite skipped="0" hostname="CLT-WIN-11717" name="tests_critical_scenarios.CreateBookCreateEventAttachBookAttachResource" tests="19" failures="0" timestamp="2021-06-03T09:10:24 EDT" time="153.555" errors="0">
  <testcase name="autoUser_login" time="7.046" classname="tests_critical_scenarios.CreateBookCreateEventAttachBookAttachResource"/>
  <testcase name="user_Can_Open_Library_Page_For_Workroom" time="7.947" classname="tests_critical_scenarios.CreateBookCreateEventAttachBookAttachResource"/>
  <testcase name="create_Book_Add_Title_A" time="3.574" classname="tests_critical_scenarios.CreateBookCreateEventAttachBookAttachResource"/>
  <testcase name="user_Can_Add_Cover_Page" time="4.906" classname="tests_critical_scenarios.CreateBookCreateEventAttachBookAttachResource"/>
  <testcase name="user_Can_Add_Agenda" time="1.527" classname="tests_critical_scenarios.CreateBookCreateEventAttachBookAttachResource"/>
  <testcase name="user_Can_Save_Book_And_Continue" time="3.464" classname="tests_critical_scenarios.CreateBookCreateEventAttachBookAttachResource"/>
  <testcase name="user_Add_First_Catagory_To_Book" time="6.015" classname="tests_critical_scenarios.CreateBookCreateEventAttachBookAttachResource"/>
  <testcase name="user_Add_File_To_First_Catagory" time="6.516" classname="tests_critical_scenarios.CreateBookCreateEventAttachBookAttachResource"/>
  <testcase name="user_Can_Build_Book" time="26.750" classname="tests_critical_scenarios.CreateBookCreateEventAttachBookAttachResource"/>
  <testcase name="make_Book_Visible" time="4.768" classname="tests_critical_scenarios.CreateBookCreateEventAttachBookAttachResource"/>
  <testcase name="create_New_Event_A" time="18.748" classname="tests_critical_scenarios.CreateBookCreateEventAttachBookAttachResource"/>
  <testcase name="user_Click_Attach_Create_And_Click_Resource_Tab" time="2.858" classname="tests_critical_scenarios.CreateBookCreateEventAttachBookAttachResource"/>
  <testcase name="user_Can_Attach_Resource_To_Event_And_Save" time="11.116" classname="tests_critical_scenarios.CreateBookCreateEventAttachBookAttachResource"/>
  <testcase name="user_Can_Attach_Book_To_Event" time="9.518" classname="tests_critical_scenarios.CreateBookCreateEventAttachBookAttachResource"/>
  <testcase name="verify_Book_And_Resource_Tabs_Appear_On_Event_Card" time="2.695" classname="tests_critical_scenarios.CreateBookCreateEventAttachBookAttachResource"/>
  <testcase name="verify_Book_And_Resource_Tabs_Appear_On_Event_Details" time="6.371" classname="tests_critical_scenarios.CreateBookCreateEventAttachBookAttachResource"/>
  <testcase name="delete_Event_Verify_Deleted" time="11.935" classname="tests_critical_scenarios.CreateBookCreateEventAttachBookAttachResource"/>
  <testcase name="delete_Book" time="9.420" classname="tests_critical_scenarios.CreateBookCreateEventAttachBookAttachResource"/>
  <testcase name="verify_Book_Deleted" time="8.381" classname="tests_critical_scenarios.CreateBookCreateEventAttachBookAttachResource"/>
</testsuite> <!-- tests_critical_scenarios.CreateBookCreateEventAttachBookAttachResource -->
