<?xml version="1.0" encoding="UTF-8"?>
<!-- Generated by org.testng.reporters.JUnitReportReporter -->
<testsuite skipped="0" hostname="CLT-WIN-11717" name="tests_critical_scenarios.CreateWorkgroupAttachWorkroom" tests="8" failures="0" timestamp="2021-06-03T11:52:24 EDT" time="56.390" errors="0">
  <testcase name="systemAdmin_login" time="5.455" classname="tests_critical_scenarios.CreateWorkgroupAttachWorkroom"/>
  <testcase name="user_Opens_Settings_Opens_Workroom_And_Group_Settings" time="2.986" classname="tests_critical_scenarios.CreateWorkgroupAttachWorkroom"/>
  <testcase name="user_Can_Create_New_Group" time="8.060" classname="tests_critical_scenarios.CreateWorkgroupAttachWorkroom"/>
  <testcase name="user_attach_workgroup_to_workroom" time="6.677" classname="tests_critical_scenarios.CreateWorkgroupAttachWorkroom"/>
  <testcase name="verify_Workroom_Attached" time="7.798" classname="tests_critical_scenarios.CreateWorkgroupAttachWorkroom"/>
  <testcase name="deactivate_Workgroup" time="5.373" classname="tests_critical_scenarios.CreateWorkgroupAttachWorkroom"/>
  <testcase name="delete_Workroom" time="7.436" classname="tests_critical_scenarios.CreateWorkgroupAttachWorkroom"/>
  <testcase name="verify_Group_Deleted" time="12.605" classname="tests_critical_scenarios.CreateWorkgroupAttachWorkroom"/>
</testsuite> <!-- tests_critical_scenarios.CreateWorkgroupAttachWorkroom -->
