<?xml version="1.0" encoding="UTF-8"?>
<!-- Generated by org.testng.reporters.JUnitReportReporter -->
<testsuite skipped="0" hostname="CLT-WIN-11717" name="tests_workroom_library.AddUnorderedWorkflowUsingExistingTemplate" tests="28" failures="0" timestamp="2021-05-25T08:39:10 EDT" time="179.038" errors="0">
  <testcase name="systemAdmin_login" time="5.567" classname="tests_workroom_library.AddUnorderedWorkflowUsingExistingTemplate"/>
  <testcase name="user_Open_Library_Page_For_Workroom" time="7.357" classname="tests_workroom_library.AddUnorderedWorkflowUsingExistingTemplate"/>
  <testcase name="user_Can_Create_New_Book_Add_Title" time="3.955" classname="tests_workroom_library.AddUnorderedWorkflowUsingExistingTemplate"/>
  <testcase name="user_Can_Add_CoverPage" time="5.708" classname="tests_workroom_library.AddUnorderedWorkflowUsingExistingTemplate"/>
  <testcase name="user_Add_Agenda_To_Template" time="2.240" classname="tests_workroom_library.AddUnorderedWorkflowUsingExistingTemplate"/>
  <testcase name="user_Can_Save_Scanned_Book" time="3.109" classname="tests_workroom_library.AddUnorderedWorkflowUsingExistingTemplate"/>
  <testcase name="user_Add_First_Catagory_To_Scanned_Book" time="5.819" classname="tests_workroom_library.AddUnorderedWorkflowUsingExistingTemplate"/>
  <testcase name="user_Add_Scanned_Book_To_New_Catagory" time="10.109" classname="tests_workroom_library.AddUnorderedWorkflowUsingExistingTemplate"/>
  <testcase name="add_Unordered_Workflow_To_Meeting_Book_File_Part_One" time="8.867" classname="tests_workroom_library.AddUnorderedWorkflowUsingExistingTemplate"/>
  <testcase name="add_Workflow_Dates" time="4.665" classname="tests_workroom_library.AddUnorderedWorkflowUsingExistingTemplate"/>
  <testcase name="verify_Workflow_Created" time="1.889" classname="tests_workroom_library.AddUnorderedWorkflowUsingExistingTemplate"/>
  <testcase name="user_Can_Logout" time="3.033" classname="tests_workroom_library.AddUnorderedWorkflowUsingExistingTemplate"/>
  <testcase name="workroomAdmin_Login" time="4.759" classname="tests_workroom_library.AddUnorderedWorkflowUsingExistingTemplate"/>
  <testcase name="user_Can_Open_Actions_Menu_For_Workflow" time="16.649" classname="tests_workroom_library.AddUnorderedWorkflowUsingExistingTemplate"/>
  <testcase name="verify_Workflow_Approved" time="2.138" classname="tests_workroom_library.AddUnorderedWorkflowUsingExistingTemplate"/>
  <testcase name="user_Can_Logout_Again" time="2.775" classname="tests_workroom_library.AddUnorderedWorkflowUsingExistingTemplate"/>
  <testcase name="autoDirector_Login" time="4.382" classname="tests_workroom_library.AddUnorderedWorkflowUsingExistingTemplate"/>
  <testcase name="user_Can_Open_Actions_Menu_For_Workflow_Again" time="16.673" classname="tests_workroom_library.AddUnorderedWorkflowUsingExistingTemplate"/>
  <testcase name="verify_Workflow_Approved_Again" time="4.508" classname="tests_workroom_library.AddUnorderedWorkflowUsingExistingTemplate"/>
  <testcase name="user_Can_Logout_3rd_Time" time="2.824" classname="tests_workroom_library.AddUnorderedWorkflowUsingExistingTemplate"/>
  <testcase name="systemAdmin_Login" time="4.640" classname="tests_workroom_library.AddUnorderedWorkflowUsingExistingTemplate"/>
  <testcase name="user_Open_Library_Page_For_Workroom_2nd_Time" time="5.802" classname="tests_workroom_library.AddUnorderedWorkflowUsingExistingTemplate"/>
  <testcase name="navigate_To_Book_Verify_Response_Received" time="4.611" classname="tests_workroom_library.AddUnorderedWorkflowUsingExistingTemplate"/>
  <testcase name="finalize_Workflow_Response" time="9.207" classname="tests_workroom_library.AddUnorderedWorkflowUsingExistingTemplate"/>
  <testcase name="user_Can_Build_Book" time="14.548" classname="tests_workroom_library.AddUnorderedWorkflowUsingExistingTemplate"/>
  <testcase name="make_Scanned_Book_Visible" time="4.605" classname="tests_workroom_library.AddUnorderedWorkflowUsingExistingTemplate"/>
  <testcase name="delete_Scanned_Book" time="9.826" classname="tests_workroom_library.AddUnorderedWorkflowUsingExistingTemplate"/>
  <testcase name="verify_Scanned_Book_Deleted" time="8.773" classname="tests_workroom_library.AddUnorderedWorkflowUsingExistingTemplate"/>
</testsuite> <!-- tests_workroom_library.AddUnorderedWorkflowUsingExistingTemplate -->
