<?xml version="1.0" encoding="UTF-8"?>
<!-- Generated by org.testng.reporters.JUnitReportReporter -->
<testsuite skipped="0" hostname="CLT-WIN-11717" name="tests_boardmember_access.BoardMemberCantSeeSecuredFolder" tests="18" failures="0" timestamp="2021-06-09T14:36:20 EDT" time="65.041" errors="0">
  <testcase name="home_Page_Redirect" time="1.327" classname="tests_boardmember_access.BoardMemberCantSeeSecuredFolder"/>
  <testcase name="systemAdmin_login" time="4.903" classname="tests_boardmember_access.BoardMemberCantSeeSecuredFolder"/>
  <testcase name="user_Can_Open_Libraries_Form" time="2.507" classname="tests_boardmember_access.BoardMemberCantSeeSecuredFolder"/>
  <testcase name="verify_BoardMember_Folders_Present" time="0.406" classname="tests_boardmember_access.BoardMemberCantSeeSecuredFolder"/>
  <testcase name="user_Can_Create_2nd_Resource_Library_Folder" time="5.238" classname="tests_boardmember_access.BoardMemberCantSeeSecuredFolder"/>
  <testcase name="navigate_Back_To_Workroom" time="2.376" classname="tests_boardmember_access.BoardMemberCantSeeSecuredFolder"/>
  <testcase name="add_Security_BoardMember_Folder" time="9.304" classname="tests_boardmember_access.BoardMemberCantSeeSecuredFolder"/>
  <testcase name="user_Can_Logout" time="2.543" classname="tests_boardmember_access.BoardMemberCantSeeSecuredFolder"/>
  <testcase name="autoUser1Staging_Login" time="4.247" classname="tests_boardmember_access.BoardMemberCantSeeSecuredFolder"/>
  <testcase name="user_Can_Open_Libraries_Form_2nd_Time" time="3.438" classname="tests_boardmember_access.BoardMemberCantSeeSecuredFolder"/>
  <testcase name="verify_BoardMember_Folders_Present_2nd_Time" time="0.524" classname="tests_boardmember_access.BoardMemberCantSeeSecuredFolder"/>
  <testcase name="verify_Secured_Folder_Not_Present" time="6.258" classname="tests_boardmember_access.BoardMemberCantSeeSecuredFolder"/>
  <testcase name="user_Can_Logout_" time="2.696" classname="tests_boardmember_access.BoardMemberCantSeeSecuredFolder"/>
  <testcase name="systemAdmin_Login" time="4.520" classname="tests_boardmember_access.BoardMemberCantSeeSecuredFolder"/>
  <testcase name="user_Can_Open_Libraries_Form_3rd_Time" time="2.046" classname="tests_boardmember_access.BoardMemberCantSeeSecuredFolder"/>
  <testcase name="user_Delete_Resource_Library_Folder_3" time="5.612" classname="tests_boardmember_access.BoardMemberCantSeeSecuredFolder"/>
  <testcase name="user_Can_Open_Libraries_Form_4th_Time" time="1.988" classname="tests_boardmember_access.BoardMemberCantSeeSecuredFolder"/>
  <testcase name="verify_Resource_Library_Folder_3_NOT_Present" time="5.108" classname="tests_boardmember_access.BoardMemberCantSeeSecuredFolder"/>
</testsuite> <!-- tests_boardmember_access.BoardMemberCantSeeSecuredFolder -->
