<?xml version="1.0" encoding="UTF-8"?>
<!-- Generated by org.testng.reporters.JUnitReportReporter -->
<testsuite skipped="0" hostname="CLT-WIN-11717" name="tests_resource_library.AttemptToEditFileInViewOnlyFolder" tests="12" failures="0" timestamp="2021-06-16T14:30:31 EDT" time="84.023" errors="0">
  <testcase name="systemAdmin_login" time="7.495" classname="tests_resource_library.AttemptToEditFileInViewOnlyFolder"/>
  <testcase name="user_Can_Open_Libraries_Form" time="4.622" classname="tests_resource_library.AttemptToEditFileInViewOnlyFolder"/>
  <testcase name="create_View_Only_Resource_Library_Folder2" time="11.938" classname="tests_resource_library.AttemptToEditFileInViewOnlyFolder"/>
  <testcase name="user_Can_Open_Libraries_Form_2nd_Time" time="4.123" classname="tests_resource_library.AttemptToEditFileInViewOnlyFolder"/>
  <testcase name="user_Can_Add_File_View_Only_Folder_2" time="10.374" classname="tests_resource_library.AttemptToEditFileInViewOnlyFolder"/>
  <testcase name="user_Can_Edit_File" time="12.136" classname="tests_resource_library.AttemptToEditFileInViewOnlyFolder"/>
  <testcase name="user_Can_Open_Libraries_Form_5th_Time" time="3.331" classname="tests_resource_library.AttemptToEditFileInViewOnlyFolder"/>
  <testcase name="verify_Resource_File_Edited" time="7.298" classname="tests_resource_library.AttemptToEditFileInViewOnlyFolder"/>
  <testcase name="user_Can_Open_Libraries_Form_6th_Time" time="3.390" classname="tests_resource_library.AttemptToEditFileInViewOnlyFolder"/>
  <testcase name="user_Can_Delete_View_Only_Folder_2" time="7.373" classname="tests_resource_library.AttemptToEditFileInViewOnlyFolder"/>
  <testcase name="user_Can_Open_Libraries_Form_7th_Time" time="2.604" classname="tests_resource_library.AttemptToEditFileInViewOnlyFolder"/>
  <testcase name="verify_View_Only_Folder_2_Deleted" time="9.339" classname="tests_resource_library.AttemptToEditFileInViewOnlyFolder"/>
</testsuite> <!-- tests_resource_library.AttemptToEditFileInViewOnlyFolder -->
