<?xml version="1.0" encoding="UTF-8"?>
<!-- Generated by org.testng.reporters.JUnitReportReporter -->
<testsuite skipped="0" hostname="CLT-WIN-11717" name="tests_directory.TermInfoWithEverything" tests="9" failures="0" timestamp="2021-06-14T09:50:59 EDT" time="66.365" errors="0">
  <testcase name="loginBE_SystemAdmin" time="6.556" classname="tests_directory.TermInfoWithEverything"/>
  <testcase name="user_Can_Open_Dirctory" time="2.445" classname="tests_directory.TermInfoWithEverything"/>
  <testcase name="Open_User_Profile" time="6.842" classname="tests_directory.TermInfoWithEverything"/>
  <testcase name="configure_TermInfo_with_Officer_Role" time="21.517" classname="tests_directory.TermInfoWithEverything"/>
  <testcase name="close_Profile_TermInfo" time="7.251" classname="tests_directory.TermInfoWithEverything"/>
  <testcase name="user_Can_Open_Dirctory_Again" time="1.775" classname="tests_directory.TermInfoWithEverything"/>
  <testcase name="Open_User_Profile_Again" time="5.499" classname="tests_directory.TermInfoWithEverything"/>
  <testcase name="delete_TermInfo" time="7.613" classname="tests_directory.TermInfoWithEverything"/>
  <testcase name="verify_TermInfo_Deleted" time="6.867" classname="tests_directory.TermInfoWithEverything"/>
</testsuite> <!-- tests_directory.TermInfoWithEverything -->
