<?xml version="1.0" encoding="UTF-8"?>
<!-- Generated by org.testng.reporters.JUnitReportReporter -->
<testsuite skipped="0" hostname="CLT-WIN-11717" name="tests_workroom_collaborate.CreateNewSurveyUsingSurveyTemplate" tests="12" failures="0" timestamp="2021-05-21T07:30:59 EDT" time="115.118" errors="0">
  <testcase name="login" time="5.111" classname="tests_workroom_collaborate.CreateNewSurveyUsingSurveyTemplate"/>
  <testcase name="create_Survey_Template" time="14.812" classname="tests_workroom_collaborate.CreateNewSurveyUsingSurveyTemplate"/>
  <testcase name="create_TextField_Question" time="8.041" classname="tests_workroom_collaborate.CreateNewSurveyUsingSurveyTemplate"/>
  <testcase name="create_CheckBox_Question" time="14.116" classname="tests_workroom_collaborate.CreateNewSurveyUsingSurveyTemplate"/>
  <testcase name="create_DropdownList_Question" time="12.279" classname="tests_workroom_collaborate.CreateNewSurveyUsingSurveyTemplate"/>
  <testcase name="back_To_Template_Main_Page" time="6.763" classname="tests_workroom_collaborate.CreateNewSurveyUsingSurveyTemplate"/>
  <testcase name="create_Survey_From_Survey_Template" time="11.165" classname="tests_workroom_collaborate.CreateNewSurveyUsingSurveyTemplate"/>
  <testcase name="build_Survey_Make_Visible" time="9.474" classname="tests_workroom_collaborate.CreateNewSurveyUsingSurveyTemplate"/>
  <testcase name="verify_New_Survey_From_Template_Created" time="0.197" classname="tests_workroom_collaborate.CreateNewSurveyUsingSurveyTemplate"/>
  <testcase name="delete_New_Survey" time="9.525" classname="tests_workroom_collaborate.CreateNewSurveyUsingSurveyTemplate"/>
  <testcase name="delete_Template_Survey" time="18.569" classname="tests_workroom_collaborate.CreateNewSurveyUsingSurveyTemplate"/>
  <testcase name="verify_Survey_Template_Deleted" time="5.066" classname="tests_workroom_collaborate.CreateNewSurveyUsingSurveyTemplate"/>
</testsuite> <!-- tests_workroom_collaborate.CreateNewSurveyUsingSurveyTemplate -->
