<?xml version="1.0" encoding="UTF-8"?>
<!-- Generated by org.testng.reporters.JUnitReportReporter -->
<testsuite skipped="0" hostname="CLT-WIN-11717" name="tests_google.SearchForDucks" tests="1" failures="0" timestamp="2021-09-09T13:39:31 EDT" time="12.080" errors="0">
  <testcase name="Search" time="12.080" classname="tests_google.SearchForDucks"/>
</testsuite> <!-- tests_google.SearchForDucks -->
