<?xml version="1.0" encoding="UTF-8"?>
<!-- Generated by org.testng.reporters.JUnitReportReporter -->
<testsuite skipped="0" hostname="CLT-WIN-11717" name="tests_settings.SetUserToHidden" tests="14" failures="0" timestamp="2021-06-22T14:56:44 EDT" time="60.953" errors="0">
  <testcase name="system_Admin_Login" time="6.802" classname="tests_settings.SetUserToHidden"/>
  <testcase name="user_Can_Open_Directory" time="2.613" classname="tests_settings.SetUserToHidden"/>
  <testcase name="open_User_Profile_Auto_User_17" time="4.598" classname="tests_settings.SetUserToHidden"/>
  <testcase name="set_Test_User_To_Hidden" time="7.664" classname="tests_settings.SetUserToHidden"/>
  <testcase name="user_Can_Logout_System_Admin" time="2.780" classname="tests_settings.SetUserToHidden"/>
  <testcase name="user_Can_Login" time="4.243" classname="tests_settings.SetUserToHidden"/>
  <testcase name="user_Can_Open_Directory_Auto_Director" time="1.800" classname="tests_settings.SetUserToHidden"/>
  <testcase name="verify_Auto_User_17_Not_In_List" time="7.396" classname="tests_settings.SetUserToHidden"/>
  <testcase name="user_Can_Logout_Auto_Director" time="2.659" classname="tests_settings.SetUserToHidden"/>
  <testcase name="system_Admin_Login_2nd_Time" time="4.314" classname="tests_settings.SetUserToHidden"/>
  <testcase name="system_Admin_Open_Directory_2nd_Time" time="1.852" classname="tests_settings.SetUserToHidden"/>
  <testcase name="open_Test_User_Permisions_2nd_Time" time="4.485" classname="tests_settings.SetUserToHidden"/>
  <testcase name="verify_User_Set_Back_To_Visible" time="7.933" classname="tests_settings.SetUserToHidden"/>
  <testcase name="user_Close_Directory_2nd_time" time="1.814" classname="tests_settings.SetUserToHidden"/>
</testsuite> <!-- tests_settings.SetUserToHidden -->
