<?xml version="1.0" encoding="UTF-8"?>
<!-- Generated by org.testng.reporters.JUnitReportReporter -->
<testsuite skipped="0" hostname="CLT-WIN-11717" name="tests_workroom_collaborate.CopySurveyTemplateToTemplate" tests="12" failures="0" timestamp="2021-06-28T10:30:02 EDT" time="114.209" errors="0">
  <testcase name="login" time="5.419" classname="tests_workroom_collaborate.CopySurveyTemplateToTemplate"/>
  <testcase name="admin_Open_Workroom_AutoBE_Collaborate" time="7.050" classname="tests_workroom_collaborate.CopySurveyTemplateToTemplate"/>
  <testcase name="create_Survey_Template" time="9.978" classname="tests_workroom_collaborate.CopySurveyTemplateToTemplate"/>
  <testcase name="create_TextField_Question" time="8.181" classname="tests_workroom_collaborate.CopySurveyTemplateToTemplate"/>
  <testcase name="create_CheckBox_Question" time="13.457" classname="tests_workroom_collaborate.CopySurveyTemplateToTemplate"/>
  <testcase name="create_DropdownList_Question" time="12.637" classname="tests_workroom_collaborate.CopySurveyTemplateToTemplate"/>
  <testcase name="back_To_Template_Main_Page" time="5.563" classname="tests_workroom_collaborate.CopySurveyTemplateToTemplate"/>
  <testcase name="copy_Survey_Template_To_Template" time="15.252" classname="tests_workroom_collaborate.CopySurveyTemplateToTemplate"/>
  <testcase name="back_To_Survey_Template_Home_Page_Short" time="3.018" classname="tests_workroom_collaborate.CopySurveyTemplateToTemplate"/>
  <testcase name="verify_Survey_6_Template_Copy_Exists" time="0.069" classname="tests_workroom_collaborate.CopySurveyTemplateToTemplate"/>
  <testcase name="delete_Survey_Templates" time="21.255" classname="tests_workroom_collaborate.CopySurveyTemplateToTemplate"/>
  <testcase name="verify_Survey_6_And_Survey_6_Template_Deleted" time="12.330" classname="tests_workroom_collaborate.CopySurveyTemplateToTemplate"/>
</testsuite> <!-- tests_workroom_collaborate.CopySurveyTemplateToTemplate -->
