<?xml version="1.0" encoding="UTF-8"?>
<!-- Generated by org.testng.reporters.JUnitReportReporter -->
<testsuite skipped="0" hostname="CLT-WIN-11717" name="tests_resource_library.CreateDeleteFolder" tests="7" failures="0" timestamp="2021-06-16T13:58:28 EDT" time="29.274" errors="0">
  <testcase name="systemAdmin_login" time="5.627" classname="tests_resource_library.CreateDeleteFolder"/>
  <testcase name="user_Can_Open_Libraries_Form" time="3.152" classname="tests_resource_library.CreateDeleteFolder"/>
  <testcase name="user_Create_Resource_Library_Folder_8" time="5.466" classname="tests_resource_library.CreateDeleteFolder"/>
  <testcase name="user_Can_Open_Libraries_Form_2nd_Time" time="2.530" classname="tests_resource_library.CreateDeleteFolder"/>
  <testcase name="delete_Resource_Library_Folder_8" time="4.892" classname="tests_resource_library.CreateDeleteFolder"/>
  <testcase name="user_Can_Open_Libraries_Form_3rd_Time" time="2.555" classname="tests_resource_library.CreateDeleteFolder"/>
  <testcase name="verify_Resource_Library_Folder_8_NOT_Present" time="5.052" classname="tests_resource_library.CreateDeleteFolder"/>
</testsuite> <!-- tests_resource_library.CreateDeleteFolder -->
