<?xml version="1.0" encoding="UTF-8"?>
<!-- Generated by org.testng.reporters.JUnitReportReporter -->
<testsuite skipped="0" hostname="CLT-WIN-11717" name="tests_critical_scenarios.CreateDeleteWorkroom" tests="7" failures="0" timestamp="2021-06-03T07:43:05 EDT" time="48.959" errors="0">
  <testcase name="systemAdmin_login" time="4.745" classname="tests_critical_scenarios.CreateDeleteWorkroom"/>
  <testcase name="user_Opens_Settings_Opens_Workroom_And_Group_Settings" time="2.818" classname="tests_critical_scenarios.CreateDeleteWorkroom"/>
  <testcase name="user_Can_Create_New_Workroom" time="9.278" classname="tests_critical_scenarios.CreateDeleteWorkroom"/>
  <testcase name="user_Can_Deactivate_Workroom" time="5.175" classname="tests_critical_scenarios.CreateDeleteWorkroom"/>
  <testcase name="user_Opens_Settings_Opens_Workroom_And_Group_Settings_Again" time="5.687" classname="tests_critical_scenarios.CreateDeleteWorkroom"/>
  <testcase name="user_Can_Delete_Workroom" time="11.640" classname="tests_critical_scenarios.CreateDeleteWorkroom"/>
  <testcase name="verify_Workroom_Deleted" time="9.616" classname="tests_critical_scenarios.CreateDeleteWorkroom"/>
</testsuite> <!-- tests_critical_scenarios.CreateDeleteWorkroom -->
