<?xml version="1.0" encoding="UTF-8"?>
<!-- Generated by org.testng.reporters.JUnitReportReporter -->
<testsuite skipped="0" hostname="CLT-WIN-11717" name="tests_settings.SetWorkroomAccessToEventsLibraryCollaborate" tests="13" failures="0" timestamp="2021-06-23T11:25:46 EDT" time="73.684" errors="0">
  <testcase name="systemAdmin_login" time="5.423" classname="tests_settings.SetWorkroomAccessToEventsLibraryCollaborate"/>
  <testcase name="user_Opens_Settings_Opens_Workroom_And_Group_Settings" time="3.122" classname="tests_settings.SetWorkroomAccessToEventsLibraryCollaborate"/>
  <testcase name="disable_Workroom_Access_To_Events_Library_Collaborate" time="8.687" classname="tests_settings.SetWorkroomAccessToEventsLibraryCollaborate"/>
  <testcase name="systemAdmin_Can_Logout" time="2.555" classname="tests_settings.SetWorkroomAccessToEventsLibraryCollaborate"/>
  <testcase name="autoDirector_Can_Login" time="6.335" classname="tests_settings.SetWorkroomAccessToEventsLibraryCollaborate"/>
  <testcase name="open_DC_Workroom_Verify_Disabled_Access" time="18.953" classname="tests_settings.SetWorkroomAccessToEventsLibraryCollaborate"/>
  <testcase name="autoDirector_Can_Logout" time="2.707" classname="tests_settings.SetWorkroomAccessToEventsLibraryCollaborate"/>
  <testcase name="systemAdmin_Can_Login" time="4.477" classname="tests_settings.SetWorkroomAccessToEventsLibraryCollaborate"/>
  <testcase name="user_Opens_Settings_Opens_Workroom_And_Group_Settings_2nd_Time" time="2.818" classname="tests_settings.SetWorkroomAccessToEventsLibraryCollaborate"/>
  <testcase name="enable_Workroom_Access_To_Events_Library_Collaborate" time="8.686" classname="tests_settings.SetWorkroomAccessToEventsLibraryCollaborate"/>
  <testcase name="systemAdmin_Can_Logout_Again" time="2.669" classname="tests_settings.SetWorkroomAccessToEventsLibraryCollaborate"/>
  <testcase name="autoDirector_Can_Login_Agaim" time="4.385" classname="tests_settings.SetWorkroomAccessToEventsLibraryCollaborate"/>
  <testcase name="open_DC_Workroom_Verify_Enabled_Access" time="2.867" classname="tests_settings.SetWorkroomAccessToEventsLibraryCollaborate"/>
</testsuite> <!-- tests_settings.SetWorkroomAccessToEventsLibraryCollaborate -->
