<?xml version="1.0" encoding="UTF-8"?>
<!-- Generated by org.testng.reporters.JUnitReportReporter -->
<testsuite skipped="0" hostname="CLT-WIN-11717" name="tests_directory.MessageUsers" tests="4" failures="0" timestamp="2021-05-28T17:34:46 EDT" time="25.299" errors="0">
  <testcase name="loginBE_SystemAdmin" time="7.788" classname="tests_directory.MessageUsers"/>
  <testcase name="user_Can_Open_Dirctory" time="2.071" classname="tests_directory.MessageUsers"/>
  <testcase name="message_Users" time="6.688" classname="tests_directory.MessageUsers"/>
  <testcase name="verify_Message_Sent" time="8.752" classname="tests_directory.MessageUsers"/>
</testsuite> <!-- tests_directory.MessageUsers -->
