<?xml version="1.0" encoding="UTF-8"?>
<!-- Generated by org.testng.reporters.JUnitReportReporter -->
<testsuite skipped="0" hostname="CLT-WIN-11717" name="tests_critical_scenarios.CreateMessageWorkroom" tests="7" failures="0" timestamp="2021-06-03T12:17:55 EDT" time="33.511" errors="0">
  <testcase name="autoUser_login" time="8.622" classname="tests_critical_scenarios.CreateMessageWorkroom"/>
  <testcase name="user_Open_Workroom" time="5.950" classname="tests_critical_scenarios.CreateMessageWorkroom"/>
  <testcase name="user_Open_Message_Workroom_Window" time="1.959" classname="tests_critical_scenarios.CreateMessageWorkroom"/>
  <testcase name="user_Can_Remove_User_From_List" time="5.616" classname="tests_critical_scenarios.CreateMessageWorkroom"/>
  <testcase name="user_Populate_Email_Form_Send_Message" time="1.055" classname="tests_critical_scenarios.CreateMessageWorkroom"/>
  <testcase name="user_Can_Add_Manual_Email_To_List" time="1.661" classname="tests_critical_scenarios.CreateMessageWorkroom"/>
  <testcase name="verify_Email_Sent_Verification_Messages" time="8.648" classname="tests_critical_scenarios.CreateMessageWorkroom"/>
</testsuite> <!-- tests_critical_scenarios.CreateMessageWorkroom -->
