<?xml version="1.0" encoding="UTF-8"?>
<!-- Generated by org.testng.reporters.JUnitReportReporter -->
<testsuite skipped="0" hostname="CLT-WIN-11717" name="tests_boardmember_access.AttachCreateNewPolltoEventExistingSiteData" tests="15" failures="0" timestamp="2021-06-09T13:00:40 EDT" time="128.069" errors="0">
  <testcase name="home_Page_Redirect" time="1.105" classname="tests_boardmember_access.AttachCreateNewPolltoEventExistingSiteData"/>
  <testcase name="autoUser_login" time="7.349" classname="tests_boardmember_access.AttachCreateNewPolltoEventExistingSiteData"/>
  <testcase name="user_Can_Open_Library_Page_For_Workroom" time="6.731" classname="tests_boardmember_access.AttachCreateNewPolltoEventExistingSiteData"/>
  <testcase name="user_Can_Create_New_Event" time="21.187" classname="tests_boardmember_access.AttachCreateNewPolltoEventExistingSiteData"/>
  <testcase name="switch_To_Creating_Poll" time="9.626" classname="tests_boardmember_access.AttachCreateNewPolltoEventExistingSiteData"/>
  <testcase name="creating_Poll_For_Event" time="5.313" classname="tests_boardmember_access.AttachCreateNewPolltoEventExistingSiteData"/>
  <testcase name="create_Poll_Question" time="7.964" classname="tests_boardmember_access.AttachCreateNewPolltoEventExistingSiteData"/>
  <testcase name="add_Poll_Respondents" time="9.991" classname="tests_boardmember_access.AttachCreateNewPolltoEventExistingSiteData"/>
  <testcase name="build_Poll_Make_Visible" time="8.111" classname="tests_boardmember_access.AttachCreateNewPolltoEventExistingSiteData"/>
  <testcase name="verify_Poll_Added_To_Event_On_Staging_2" time="16.962" classname="tests_boardmember_access.AttachCreateNewPolltoEventExistingSiteData"/>
  <testcase name="delete_Event_Title_On_Staging_2" time="10.026" classname="tests_boardmember_access.AttachCreateNewPolltoEventExistingSiteData"/>
  <testcase name="verify_Event_Title_On_Staging_2_Deleted" time="5.087" classname="tests_boardmember_access.AttachCreateNewPolltoEventExistingSiteData"/>
  <testcase name="user_navigates_To_Poll" time="3.869" classname="tests_boardmember_access.AttachCreateNewPolltoEventExistingSiteData"/>
  <testcase name="delete_Poll_On_Staging_Board_Member_Access_1" time="8.665" classname="tests_boardmember_access.AttachCreateNewPolltoEventExistingSiteData"/>
  <testcase name="verify_Poll_Board_Member_Access_1_NOT_EXIST" time="6.083" classname="tests_boardmember_access.AttachCreateNewPolltoEventExistingSiteData"/>
</testsuite> <!-- tests_boardmember_access.AttachCreateNewPolltoEventExistingSiteData -->
