<?xml version="1.0" encoding="UTF-8"?>
<!-- Generated by org.testng.reporters.JUnitReportReporter -->
<testsuite skipped="0" hostname="CLT-WIN-11717" name="tests_workroom_library.VoteForMultipleApprovalFilesOrWorkflowViaDrawer" tests="30" failures="0" timestamp="2021-04-08T12:27:22 EDT" time="178.556" errors="0">
  <testcase name="systemAdmin_login" time="6.355" classname="tests_workroom_library.VoteForMultipleApprovalFilesOrWorkflowViaDrawer"/>
  <testcase name="user_Open_Library_Page_For_Workroom" time="6.989" classname="tests_workroom_library.VoteForMultipleApprovalFilesOrWorkflowViaDrawer"/>
  <testcase name="user_Can_Create_New_Book_Add_Title" time="3.336" classname="tests_workroom_library.VoteForMultipleApprovalFilesOrWorkflowViaDrawer"/>
  <testcase name="user_Can_Add_CoverPage" time="5.624" classname="tests_workroom_library.VoteForMultipleApprovalFilesOrWorkflowViaDrawer"/>
  <testcase name="user_Add_Agenda_To_Template" time="2.597" classname="tests_workroom_library.VoteForMultipleApprovalFilesOrWorkflowViaDrawer"/>
  <testcase name="user_Can_Save_Scanned_Book" time="2.771" classname="tests_workroom_library.VoteForMultipleApprovalFilesOrWorkflowViaDrawer"/>
  <testcase name="user_Add_First_Catagory_To_Scanned_Book" time="5.814" classname="tests_workroom_library.VoteForMultipleApprovalFilesOrWorkflowViaDrawer"/>
  <testcase name="user_Add_Multiple_PDF_Files_To_New_Catagory" time="9.716" classname="tests_workroom_library.VoteForMultipleApprovalFilesOrWorkflowViaDrawer"/>
  <testcase name="add_Unordered_Workflow_To_Meeting_Book_File" time="4.410" classname="tests_workroom_library.VoteForMultipleApprovalFilesOrWorkflowViaDrawer"/>
  <testcase name="add_Single_User_Unordered_Approval_WorkroomAdmin" time="7.030" classname="tests_workroom_library.VoteForMultipleApprovalFilesOrWorkflowViaDrawer"/>
  <testcase name="add_Workflow_Dates" time="4.500" classname="tests_workroom_library.VoteForMultipleApprovalFilesOrWorkflowViaDrawer"/>
  <testcase name="verify_Workflow_Created" time="2.935" classname="tests_workroom_library.VoteForMultipleApprovalFilesOrWorkflowViaDrawer"/>
  <testcase name="add_Unordered_Workflow_To_Meeting_Book_File_2" time="4.406" classname="tests_workroom_library.VoteForMultipleApprovalFilesOrWorkflowViaDrawer"/>
  <testcase name="add_Single_User_Unordered_Approval_WorkroomAdmin_2" time="7.047" classname="tests_workroom_library.VoteForMultipleApprovalFilesOrWorkflowViaDrawer"/>
  <testcase name="add_Workflow_Dates_2" time="4.423" classname="tests_workroom_library.VoteForMultipleApprovalFilesOrWorkflowViaDrawer"/>
  <testcase name="verify_Workflow_Created_And_Response" time="2.185" classname="tests_workroom_library.VoteForMultipleApprovalFilesOrWorkflowViaDrawer"/>
  <testcase name="add_Unordered_Workflow_To_Meeting_Book_File_3" time="4.469" classname="tests_workroom_library.VoteForMultipleApprovalFilesOrWorkflowViaDrawer"/>
  <testcase name="add_Single_User_Unordered_Approval_WorkroomAdmin_3" time="7.007" classname="tests_workroom_library.VoteForMultipleApprovalFilesOrWorkflowViaDrawer"/>
  <testcase name="add_Workflow_Dates_3" time="4.483" classname="tests_workroom_library.VoteForMultipleApprovalFilesOrWorkflowViaDrawer"/>
  <testcase name="verify_Workflow_Created_And_Response_3" time="2.254" classname="tests_workroom_library.VoteForMultipleApprovalFilesOrWorkflowViaDrawer"/>
  <testcase name="user_Can_Logout" time="2.689" classname="tests_workroom_library.VoteForMultipleApprovalFilesOrWorkflowViaDrawer"/>
  <testcase name="workroomAdmin_Login" time="4.331" classname="tests_workroom_library.VoteForMultipleApprovalFilesOrWorkflowViaDrawer"/>
  <testcase name="user_Can_Open_Actions_Menu_For_Workflow" time="18.440" classname="tests_workroom_library.VoteForMultipleApprovalFilesOrWorkflowViaDrawer"/>
  <testcase name="verify_Workflow_Approved" time="2.855" classname="tests_workroom_library.VoteForMultipleApprovalFilesOrWorkflowViaDrawer"/>
  <testcase name="user_Can_Logout_Again" time="2.830" classname="tests_workroom_library.VoteForMultipleApprovalFilesOrWorkflowViaDrawer"/>
  <testcase name="systemAdmin_Login" time="4.359" classname="tests_workroom_library.VoteForMultipleApprovalFilesOrWorkflowViaDrawer"/>
  <testcase name="user_Open_Library_Page_For_Workroom_2nd_Time" time="5.745" classname="tests_workroom_library.VoteForMultipleApprovalFilesOrWorkflowViaDrawer"/>
  <testcase name="navigate_To_Book_Verify_Responses_Received" time="20.537" classname="tests_workroom_library.VoteForMultipleApprovalFilesOrWorkflowViaDrawer"/>
  <testcase name="delete_Scanned_Book" time="9.507" classname="tests_workroom_library.VoteForMultipleApprovalFilesOrWorkflowViaDrawer"/>
  <testcase name="verify_Scanned_Book_Deleted" time="8.912" classname="tests_workroom_library.VoteForMultipleApprovalFilesOrWorkflowViaDrawer"/>
</testsuite> <!-- tests_workroom_library.VoteForMultipleApprovalFilesOrWorkflowViaDrawer -->
