<?xml version="1.0" encoding="UTF-8"?>
<!-- Generated by org.testng.reporters.JUnitReportReporter -->
<testsuite skipped="0" hostname="CLT-WIN-11717" name="tests_critical_scenarios.CreateDiscussionSenarios1" tests="15" failures="0" timestamp="2021-06-03T08:43:10 EDT" time="178.480" errors="0">
  <testcase name="login" time="5.519" classname="tests_critical_scenarios.CreateDiscussionSenarios1"/>
  <testcase name="Workroom_Admin_Can_Open_Library_Page_For_Workroom" time="6.577" classname="tests_critical_scenarios.CreateDiscussionSenarios1"/>
  <testcase name="create_Upcoming_Discussion_Future_Date" time="24.503" classname="tests_critical_scenarios.CreateDiscussionSenarios1"/>
  <testcase name="create_Open_Discussion_Current_Date_AssignUsers" time="17.466" classname="tests_critical_scenarios.CreateDiscussionSenarios1"/>
  <testcase name="create_Discussion_MainTopic" time="7.943" classname="tests_critical_scenarios.CreateDiscussionSenarios1"/>
  <testcase name="create_Topic_Reply_And_Attachment" time="6.668" classname="tests_critical_scenarios.CreateDiscussionSenarios1"/>
  <testcase name="discussion_Search_4_Reply" time="11.434" classname="tests_critical_scenarios.CreateDiscussionSenarios1"/>
  <testcase name="edit_Discussion_Topic" time="15.248" classname="tests_critical_scenarios.CreateDiscussionSenarios1"/>
  <testcase name="edit_Discussion_Topic_Reply" time="15.224" classname="tests_critical_scenarios.CreateDiscussionSenarios1"/>
  <testcase name="delete_Reply_To_Discussion_Topic" time="15.742" classname="tests_critical_scenarios.CreateDiscussionSenarios1"/>
  <testcase name="delete_Discussion_Topic" time="17.800" classname="tests_critical_scenarios.CreateDiscussionSenarios1"/>
  <testcase name="archive_Discussion" time="6.011" classname="tests_critical_scenarios.CreateDiscussionSenarios1"/>
  <testcase name="restore_Archived_Discussion" time="5.600" classname="tests_critical_scenarios.CreateDiscussionSenarios1"/>
  <testcase name="verify_restored_Archived_Discussion" time="0.330" classname="tests_critical_scenarios.CreateDiscussionSenarios1"/>
  <testcase name="close_Open_Upcoming_Discussions" time="22.415" classname="tests_critical_scenarios.CreateDiscussionSenarios1"/>
</testsuite> <!-- tests_critical_scenarios.CreateDiscussionSenarios1 -->
