<?xml version="1.0" encoding="UTF-8"?>
<!-- Generated by org.testng.reporters.JUnitReportReporter -->
<testsuite skipped="0" hostname="CLT-WIN-11717" name="tests_boardmember_access.BoardMemberCantSeeSecuredFile" tests="18" failures="0" timestamp="2021-06-09T15:46:53 EDT" time="79.703" errors="0">
  <testcase name="home_Page_Redirect" time="3.388" classname="tests_boardmember_access.BoardMemberCantSeeSecuredFile"/>
  <testcase name="systemAdmin_login" time="6.793" classname="tests_boardmember_access.BoardMemberCantSeeSecuredFile"/>
  <testcase name="user_Can_Open_Libraries_Form" time="2.935" classname="tests_boardmember_access.BoardMemberCantSeeSecuredFile"/>
  <testcase name="verify_BoardMember_Folders_Present" time="1.802" classname="tests_boardmember_access.BoardMemberCantSeeSecuredFile"/>
  <testcase name="user_Can_Create_2nd_Resource_Library_Folder" time="4.866" classname="tests_boardmember_access.BoardMemberCantSeeSecuredFile"/>
  <testcase name="navigate_Back_To_Workroom" time="2.412" classname="tests_boardmember_access.BoardMemberCantSeeSecuredFile"/>
  <testcase name="user_Can_Add_File_To_Library_Folder_2" time="8.724" classname="tests_boardmember_access.BoardMemberCantSeeSecuredFile"/>
  <testcase name="add_Security_To_File_Board_member" time="7.730" classname="tests_boardmember_access.BoardMemberCantSeeSecuredFile"/>
  <testcase name="user_Can_Logout" time="2.605" classname="tests_boardmember_access.BoardMemberCantSeeSecuredFile"/>
  <testcase name="autoDirector_Login" time="4.352" classname="tests_boardmember_access.BoardMemberCantSeeSecuredFile"/>
  <testcase name="navigate_Back_To_Workroom_BoardMember" time="2.474" classname="tests_boardmember_access.BoardMemberCantSeeSecuredFile"/>
  <testcase name="verify_File_Not_In_New_Library_Folder_2" time="9.854" classname="tests_boardmember_access.BoardMemberCantSeeSecuredFile"/>
  <testcase name="user_Can_Logout_" time="2.649" classname="tests_boardmember_access.BoardMemberCantSeeSecuredFile"/>
  <testcase name="systemAdmin_Login" time="4.506" classname="tests_boardmember_access.BoardMemberCantSeeSecuredFile"/>
  <testcase name="user_Can_Open_Libraries_Form_3rd_Time" time="2.016" classname="tests_boardmember_access.BoardMemberCantSeeSecuredFile"/>
  <testcase name="delete_Resource_Library_Folder_2" time="5.550" classname="tests_boardmember_access.BoardMemberCantSeeSecuredFile"/>
  <testcase name="user_Can_Open_Libraries_Form_4th_Time" time="1.947" classname="tests_boardmember_access.BoardMemberCantSeeSecuredFile"/>
  <testcase name="verify_Resource_Library_Folder_2_NOT_Present" time="5.100" classname="tests_boardmember_access.BoardMemberCantSeeSecuredFile"/>
</testsuite> <!-- tests_boardmember_access.BoardMemberCantSeeSecuredFile -->
