<?xml version="1.0" encoding="UTF-8"?>
<!-- Generated by org.testng.reporters.JUnitReportReporter -->
<testsuite skipped="0" hostname="CLT-WIN-11717" name="tests_workroom_events.CreateEventWithMicorsoftTeamsURL" tests="6" failures="0" timestamp="2021-04-21T11:38:37 EDT" time="76.710" errors="0">
  <testcase name="systemAdmin_login" time="5.718" classname="tests_workroom_events.CreateEventWithMicorsoftTeamsURL"/>
  <testcase name="user_Can_Open_Events_for_Workroom" time="7.382" classname="tests_workroom_events.CreateEventWithMicorsoftTeamsURL"/>
  <testcase name="user_Can_Create_New_Event_With_Custom_VC_URL" time="32.488" classname="tests_workroom_events.CreateEventWithMicorsoftTeamsURL"/>
  <testcase name="user_Can_Join_Microsoft_Teams_Meeting" time="11.023" classname="tests_workroom_events.CreateEventWithMicorsoftTeamsURL"/>
  <testcase name="user_Delete_Go_To_Meeting_Event" time="11.420" classname="tests_workroom_events.CreateEventWithMicorsoftTeamsURL"/>
  <testcase name="verify_Go_To_Meeting_Event_Deleted" time="8.679" classname="tests_workroom_events.CreateEventWithMicorsoftTeamsURL"/>
</testsuite> <!-- tests_workroom_events.CreateEventWithMicorsoftTeamsURL -->
