<?xml version="1.0" encoding="UTF-8"?>
<!-- Generated by org.testng.reporters.JUnitReportReporter -->
<testsuite skipped="0" hostname="CLT-WIN-11717" name="tests_workroom_collaborate.AttachSurveyToNewEvent" tests="15" failures="0" timestamp="2021-06-25T13:46:38 EDT" time="137.254" errors="0">
  <testcase name="autoUser_login" time="6.048" classname="tests_workroom_collaborate.AttachSurveyToNewEvent"/>
  <testcase name="user_Can_Open_Events_for_Workroom" time="7.192" classname="tests_workroom_collaborate.AttachSurveyToNewEvent"/>
  <testcase name="user_Can_Create_New_Event" time="20.702" classname="tests_workroom_collaborate.AttachSurveyToNewEvent"/>
  <testcase name="user_Can_Click_Accept_As_Response" time="1.701" classname="tests_workroom_collaborate.AttachSurveyToNewEvent"/>
  <testcase name="navigate_To_Survey_4_Create_Survey" time="11.045" classname="tests_workroom_collaborate.AttachSurveyToNewEvent"/>
  <testcase name="create_TextField_Question" time="8.270" classname="tests_workroom_collaborate.AttachSurveyToNewEvent"/>
  <testcase name="create_CheckBox_Question" time="13.462" classname="tests_workroom_collaborate.AttachSurveyToNewEvent"/>
  <testcase name="add_Survey_Respondents" time="9.864" classname="tests_workroom_collaborate.AttachSurveyToNewEvent"/>
  <testcase name="build_Survey_Make_Visible" time="8.917" classname="tests_workroom_collaborate.AttachSurveyToNewEvent"/>
  <testcase name="attach_Event_7_To_Survey_4" time="9.113" classname="tests_workroom_collaborate.AttachSurveyToNewEvent"/>
  <testcase name="verify_Event_Attached_To_Survey" time="5.328" classname="tests_workroom_collaborate.AttachSurveyToNewEvent"/>
  <testcase name="delete_Event_7_Verify_Deletion" time="17.404" classname="tests_workroom_collaborate.AttachSurveyToNewEvent"/>
  <testcase name="user_navigates_To_Survey_Again" time="4.495" classname="tests_workroom_collaborate.AttachSurveyToNewEvent"/>
  <testcase name="delete_Survey_4" time="8.625" classname="tests_workroom_collaborate.AttachSurveyToNewEvent"/>
  <testcase name="verify_Survey_4_NOT_Exist" time="5.088" classname="tests_workroom_collaborate.AttachSurveyToNewEvent"/>
</testsuite> <!-- tests_workroom_collaborate.AttachSurveyToNewEvent -->
