<?xml version="1.0" encoding="UTF-8"?>
<!-- Generated by org.testng.reporters.JUnitReportReporter -->
<testsuite skipped="0" hostname="CLT-WIN-11717" name="tests_workroom_home.CreateWelcomeMessageWithLineBreaks" tests="6" failures="0" timestamp="2021-06-14T12:19:59 EDT" time="38.468" errors="0">
  <testcase name="autoUser_login" time="8.031" classname="tests_workroom_home.CreateWelcomeMessageWithLineBreaks"/>
  <testcase name="user_Clicks_On_Edit_Icon_Marvel_WR" time="8.516" classname="tests_workroom_home.CreateWelcomeMessageWithLineBreaks"/>
  <testcase name="switch_To_Iframe_Insert_Line_Breaks" time="10.090" classname="tests_workroom_home.CreateWelcomeMessageWithLineBreaks"/>
  <testcase name="verify_Content_Appears" time="1.140" classname="tests_workroom_home.CreateWelcomeMessageWithLineBreaks"/>
  <testcase name="delete_Insert_Previous_Message" time="6.540" classname="tests_workroom_home.CreateWelcomeMessageWithLineBreaks"/>
  <testcase name="verify_Previous_Message" time="4.151" classname="tests_workroom_home.CreateWelcomeMessageWithLineBreaks"/>
</testsuite> <!-- tests_workroom_home.CreateWelcomeMessageWithLineBreaks -->
