<?xml version="1.0" encoding="UTF-8"?>
<!-- Generated by org.testng.reporters.JUnitReportReporter -->
<testsuite skipped="0" hostname="CLT-WIN-11717" name="tests_resource_library.CreateEditDeleteWorkroomFolder" tests="9" failures="0" timestamp="2021-04-26T13:50:27 EDT" time="42.081" errors="0">
  <testcase name="systemAdmin_login" time="6.658" classname="tests_resource_library.CreateEditDeleteWorkroomFolder"/>
  <testcase name="user_Can_Open_Libraries_Form" time="2.422" classname="tests_resource_library.CreateEditDeleteWorkroomFolder"/>
  <testcase name="user_Can_Create_New_Resource_Library_Folder" time="5.995" classname="tests_resource_library.CreateEditDeleteWorkroomFolder"/>
  <testcase name="user_Actually_Edits_Library_Folder" time="7.602" classname="tests_resource_library.CreateEditDeleteWorkroomFolder"/>
  <testcase name="user_Can_Open_Libraries_Form_3rd_Time" time="2.051" classname="tests_resource_library.CreateEditDeleteWorkroomFolder"/>
  <testcase name="user_Verifies_New_Folder_Name" time="0.436" classname="tests_resource_library.CreateEditDeleteWorkroomFolder"/>
  <testcase name="user_Can_Delete_Folder" time="5.598" classname="tests_resource_library.CreateEditDeleteWorkroomFolder"/>
  <testcase name="user_Can_Open_Libraries_Form_4th_Time" time="3.055" classname="tests_resource_library.CreateEditDeleteWorkroomFolder"/>
  <testcase name="verify_Folder_Deleted" time="8.264" classname="tests_resource_library.CreateEditDeleteWorkroomFolder"/>
</testsuite> <!-- tests_resource_library.CreateEditDeleteWorkroomFolder -->
