<?xml version="1.0" encoding="UTF-8"?>
<!-- Generated by org.testng.reporters.JUnitReportReporter -->
<testsuite skipped="0" hostname="CLT-WIN-11717" name="tests_critical_scenarios.CreateEditCopyDeleteEvent" tests="7" failures="0" timestamp="2021-06-03T07:43:05 EDT" time="62.723" errors="0">
  <testcase name="autoUser_login" time="4.867" classname="tests_critical_scenarios.CreateEditCopyDeleteEvent"/>
  <testcase name="admin_Open_Workroom_AutoBE_Events" time="7.331" classname="tests_critical_scenarios.CreateEditCopyDeleteEvent"/>
  <testcase name="user_Can_Create_New_Event" time="15.239" classname="tests_critical_scenarios.CreateEditCopyDeleteEvent"/>
  <testcase name="user_Can_Edit_Event" time="10.798" classname="tests_critical_scenarios.CreateEditCopyDeleteEvent"/>
  <testcase name="user_Can_Copy_Event" time="2.904" classname="tests_critical_scenarios.CreateEditCopyDeleteEvent"/>
  <testcase name="user_Can_Delete_Copied_Event" time="2.576" classname="tests_critical_scenarios.CreateEditCopyDeleteEvent"/>
  <testcase name="user_Delete_Event" time="19.008" classname="tests_critical_scenarios.CreateEditCopyDeleteEvent"/>
</testsuite> <!-- tests_critical_scenarios.CreateEditCopyDeleteEvent -->
