<?xml version="1.0" encoding="UTF-8"?>
<!-- Generated by org.testng.reporters.JUnitReportReporter -->
<testsuite skipped="0" hostname="CLT-WIN-11717" name="tests_workroom_home.AssignRemoveWorkroomAdministrator" tests="4" failures="0" timestamp="2021-06-14T14:47:56 EDT" time="29.217" errors="0">
  <testcase name="autoUser_login" time="5.260" classname="tests_workroom_home.AssignRemoveWorkroomAdministrator"/>
  <testcase name="enable_Test_Reset_Admin_As_Admin" time="12.729" classname="tests_workroom_home.AssignRemoveWorkroomAdministrator"/>
  <testcase name="verify_TestReset_Enabled_As_Admin" time="4.735" classname="tests_workroom_home.AssignRemoveWorkroomAdministrator"/>
  <testcase name="disable_Workroom_Admin_As_Admin" time="6.493" classname="tests_workroom_home.AssignRemoveWorkroomAdministrator"/>
</testsuite> <!-- tests_workroom_home.AssignRemoveWorkroomAdministrator -->
