<?xml version="1.0" encoding="UTF-8"?>
<!-- Generated by org.testng.reporters.JUnitReportReporter -->
<testsuite skipped="0" hostname="CLT-WIN-11717" name="tests_settings.AllowUserToAddFilesToWorkroom" tests="14" failures="0" timestamp="2021-06-21T13:49:04 EDT" time="88.219" errors="0">
  <testcase name="system_Admin_Login" time="5.645" classname="tests_settings.AllowUserToAddFilesToWorkroom"/>
  <testcase name="systemAdmin_Open_Settings_Then_Workroom_And_Group_Settings" time="2.771" classname="tests_settings.AllowUserToAddFilesToWorkroom"/>
  <testcase name="verify_Add_Files_Disable_For_Workroom_For_User" time="12.981" classname="tests_settings.AllowUserToAddFilesToWorkroom"/>
  <testcase name="system_Admin_Can_Logout" time="2.651" classname="tests_settings.AllowUserToAddFilesToWorkroom"/>
  <testcase name="auto_Director_Can_Login" time="4.226" classname="tests_settings.AllowUserToAddFilesToWorkroom"/>
  <testcase name="user_Can_Open_Other_Files" time="8.466" classname="tests_settings.AllowUserToAddFilesToWorkroom"/>
  <testcase name="user_Can_Add_File_To_Workroom" time="8.529" classname="tests_settings.AllowUserToAddFilesToWorkroom"/>
  <testcase name="user_Can_Open_Other_Files_2nd_time" time="6.938" classname="tests_settings.AllowUserToAddFilesToWorkroom"/>
  <testcase name="user_Can_Verify_File_Added" time="2.953" classname="tests_settings.AllowUserToAddFilesToWorkroom"/>
  <testcase name="user_Can_Delete_Word_Document" time="4.990" classname="tests_settings.AllowUserToAddFilesToWorkroom"/>
  <testcase name="user_Can_Open_Other_Files_3rd_time" time="7.029" classname="tests_settings.AllowUserToAddFilesToWorkroom"/>
  <testcase name="user_Can_Verify_File_Deleted" time="8.834" classname="tests_settings.AllowUserToAddFilesToWorkroom"/>
  <testcase name="auto_Director_Can_Logout" time="2.933" classname="tests_settings.AllowUserToAddFilesToWorkroom"/>
  <testcase name="system_Admin_Can_Login" time="9.273" classname="tests_settings.AllowUserToAddFilesToWorkroom"/>
</testsuite> <!-- tests_settings.AllowUserToAddFilesToWorkroom -->
