<?xml version="1.0" encoding="UTF-8"?>
<!-- Generated by org.testng.reporters.JUnitReportReporter -->
<testsuite skipped="0" hostname="CLT-WIN-11717" name="tests_directory.SaveAlternateContactInformation" tests="7" failures="0" timestamp="2021-06-11T16:03:24 EDT" time="41.572" errors="0">
  <testcase name="system_Admin_Login" time="5.502" classname="tests_directory.SaveAlternateContactInformation"/>
  <testcase name="user_Can_Open_Directory" time="2.194" classname="tests_directory.SaveAlternateContactInformation"/>
  <testcase name="open_Auto_User_9_Profile" time="5.487" classname="tests_directory.SaveAlternateContactInformation"/>
  <testcase name="make_Company_Info_Preferred_Contact" time="10.206" classname="tests_directory.SaveAlternateContactInformation"/>
  <testcase name="user_Can_Open_Directory_2nd_Time_" time="1.875" classname="tests_directory.SaveAlternateContactInformation"/>
  <testcase name="open_Auto_User_9_Profile_Again" time="5.490" classname="tests_directory.SaveAlternateContactInformation"/>
  <testcase name="remove_Alternate_Contact_Information" time="10.818" classname="tests_directory.SaveAlternateContactInformation"/>
</testsuite> <!-- tests_directory.SaveAlternateContactInformation -->
