<?xml version="1.0" encoding="UTF-8"?>
<!-- Generated by org.testng.reporters.JUnitReportReporter -->
<testsuite skipped="0" hostname="CLT-WIN-11717" name="tests_workroom_library.AddUnorderedWorkflowToMeetingBookFile" tests="29" failures="0" timestamp="2021-04-08T12:30:58 EDT" time="170.567" errors="0">
  <testcase name="systemAdmin_login" time="5.330" classname="tests_workroom_library.AddUnorderedWorkflowToMeetingBookFile"/>
  <testcase name="user_Open_Library_Page_For_Workroom" time="6.597" classname="tests_workroom_library.AddUnorderedWorkflowToMeetingBookFile"/>
  <testcase name="user_Can_Create_New_Book_Add_Title" time="3.650" classname="tests_workroom_library.AddUnorderedWorkflowToMeetingBookFile"/>
  <testcase name="user_Can_Add_CoverPage" time="5.666" classname="tests_workroom_library.AddUnorderedWorkflowToMeetingBookFile"/>
  <testcase name="user_Add_Agenda_To_Template" time="2.644" classname="tests_workroom_library.AddUnorderedWorkflowToMeetingBookFile"/>
  <testcase name="user_Can_Save_Scanned_Book" time="4.222" classname="tests_workroom_library.AddUnorderedWorkflowToMeetingBookFile"/>
  <testcase name="user_Add_First_Catagory_To_Scanned_Book" time="5.796" classname="tests_workroom_library.AddUnorderedWorkflowToMeetingBookFile"/>
  <testcase name="user_Add_Scanned_Book_To_New_Catagory" time="7.196" classname="tests_workroom_library.AddUnorderedWorkflowToMeetingBookFile"/>
  <testcase name="add_Unordered_Workflow_To_Meeting_Book_File_Part_One" time="4.609" classname="tests_workroom_library.AddUnorderedWorkflowToMeetingBookFile"/>
  <testcase name="add_Unordered_Approval_Users_WorkroomAdmin_Auto_Director" time="8.508" classname="tests_workroom_library.AddUnorderedWorkflowToMeetingBookFile"/>
  <testcase name="add_Workflow_Dates" time="4.591" classname="tests_workroom_library.AddUnorderedWorkflowToMeetingBookFile"/>
  <testcase name="verify_Workflow_Created" time="4.366" classname="tests_workroom_library.AddUnorderedWorkflowToMeetingBookFile"/>
  <testcase name="user_Can_Logout" time="2.799" classname="tests_workroom_library.AddUnorderedWorkflowToMeetingBookFile"/>
  <testcase name="workroomAdmin_Login" time="4.325" classname="tests_workroom_library.AddUnorderedWorkflowToMeetingBookFile"/>
  <testcase name="user_Can_Open_Actions_Menu_For_Workflow" time="11.587" classname="tests_workroom_library.AddUnorderedWorkflowToMeetingBookFile"/>
  <testcase name="verify_Workflow_Approved" time="2.712" classname="tests_workroom_library.AddUnorderedWorkflowToMeetingBookFile"/>
  <testcase name="user_Can_Logout_Again" time="2.761" classname="tests_workroom_library.AddUnorderedWorkflowToMeetingBookFile"/>
  <testcase name="autoDirector_Login" time="4.477" classname="tests_workroom_library.AddUnorderedWorkflowToMeetingBookFile"/>
  <testcase name="user_Can_Open_Actions_Menu_For_Workflow_Again" time="11.568" classname="tests_workroom_library.AddUnorderedWorkflowToMeetingBookFile"/>
  <testcase name="verify_Workflow_Approved_Again" time="2.219" classname="tests_workroom_library.AddUnorderedWorkflowToMeetingBookFile"/>
  <testcase name="user_Can_Logout_3rd_Time" time="2.956" classname="tests_workroom_library.AddUnorderedWorkflowToMeetingBookFile"/>
  <testcase name="systemAdmin_Login" time="4.378" classname="tests_workroom_library.AddUnorderedWorkflowToMeetingBookFile"/>
  <testcase name="user_Open_Library_Page_For_Workroom_2nd_Time" time="6.333" classname="tests_workroom_library.AddUnorderedWorkflowToMeetingBookFile"/>
  <testcase name="navigate_To_Book_Verify_Response_Received" time="4.452" classname="tests_workroom_library.AddUnorderedWorkflowToMeetingBookFile"/>
  <testcase name="finalize_Workflow_Response" time="8.987" classname="tests_workroom_library.AddUnorderedWorkflowToMeetingBookFile"/>
  <testcase name="user_Can_Build_Book" time="16.360" classname="tests_workroom_library.AddUnorderedWorkflowToMeetingBookFile"/>
  <testcase name="make_Scanned_Book_Visible" time="4.839" classname="tests_workroom_library.AddUnorderedWorkflowToMeetingBookFile"/>
  <testcase name="delete_Scanned_Book" time="8.226" classname="tests_workroom_library.AddUnorderedWorkflowToMeetingBookFile"/>
  <testcase name="verify_Scanned_Book_Deleted" time="8.413" classname="tests_workroom_library.AddUnorderedWorkflowToMeetingBookFile"/>
</testsuite> <!-- tests_workroom_library.AddUnorderedWorkflowToMeetingBookFile -->
