<?xml version="1.0" encoding="UTF-8"?>
<!-- Generated by org.testng.reporters.JUnitReportReporter -->
<testsuite skipped="0" hostname="CLT-WIN-11717" name="tests_resource_library.MoveFileFromViewOnlyToNonViewOnlyFolder" tests="17" failures="0" timestamp="2021-06-21T12:07:42 EDT" time="75.344" errors="0">
  <testcase name="systemAdmin_login" time="5.248" classname="tests_resource_library.MoveFileFromViewOnlyToNonViewOnlyFolder"/>
  <testcase name="workroom_Member_Open_Resource_Library_DC" time="2.193" classname="tests_resource_library.MoveFileFromViewOnlyToNonViewOnlyFolder"/>
  <testcase name="user_Create_View_Only_Resource_Library_Folder_13" time="5.209" classname="tests_resource_library.MoveFileFromViewOnlyToNonViewOnlyFolder"/>
  <testcase name="user_Can_Open_Libraries_Form_2nd_Time" time="1.731" classname="tests_resource_library.MoveFileFromViewOnlyToNonViewOnlyFolder"/>
  <testcase name="user_Can_Add_File_To_View_Only_Folder_13" time="8.378" classname="tests_resource_library.MoveFileFromViewOnlyToNonViewOnlyFolder"/>
  <testcase name="user_Can_Open_Libraries_Form_3rd_Time" time="1.835" classname="tests_resource_library.MoveFileFromViewOnlyToNonViewOnlyFolder"/>
  <testcase name="create_Non_View_Only_Resource_Library_Folder_14" time="6.584" classname="tests_resource_library.MoveFileFromViewOnlyToNonViewOnlyFolder"/>
  <testcase name="user_Can_Open_Libraries_Form_" time="1.761" classname="tests_resource_library.MoveFileFromViewOnlyToNonViewOnlyFolder"/>
  <testcase name="move_File_From_View_Only_Folder_13_To_Non_View_Only_Folder_14" time="9.242" classname="tests_resource_library.MoveFileFromViewOnlyToNonViewOnlyFolder"/>
  <testcase name="user_Can_Open_Libraries_Form_4th_Time" time="1.796" classname="tests_resource_library.MoveFileFromViewOnlyToNonViewOnlyFolder"/>
  <testcase name="verify_File_Moved_To_Library_Folder_14" time="2.986" classname="tests_resource_library.MoveFileFromViewOnlyToNonViewOnlyFolder"/>
  <testcase name="user_Can_Open_Libraries_Form_5th_Time" time="1.749" classname="tests_resource_library.MoveFileFromViewOnlyToNonViewOnlyFolder"/>
  <testcase name="user_Can_Delete_View_Only_Library_Folder_13" time="6.375" classname="tests_resource_library.MoveFileFromViewOnlyToNonViewOnlyFolder"/>
  <testcase name="user_Can_Open_Libraries_Form_6th_Time" time="1.734" classname="tests_resource_library.MoveFileFromViewOnlyToNonViewOnlyFolder"/>
  <testcase name="user_Can_Delete_Library_Folder_14" time="5.006" classname="tests_resource_library.MoveFileFromViewOnlyToNonViewOnlyFolder"/>
  <testcase name="user_Can_Open_Libraries_Form_7th_Time" time="1.727" classname="tests_resource_library.MoveFileFromViewOnlyToNonViewOnlyFolder"/>
  <testcase name="verify_Folder_Deleted" time="11.790" classname="tests_resource_library.MoveFileFromViewOnlyToNonViewOnlyFolder"/>
</testsuite> <!-- tests_resource_library.MoveFileFromViewOnlyToNonViewOnlyFolder -->
