<?xml version="1.0" encoding="UTF-8"?>
<!-- Generated by org.testng.reporters.JUnitReportReporter -->
<testsuite skipped="0" hostname="CLT-WIN-11717" name="tests_directory.SearchByWorkrooms" tests="5" failures="0" timestamp="2021-06-11T16:04:57 EDT" time="18.434" errors="0">
  <testcase name="loginBE_SystemAdmin" time="7.177" classname="tests_directory.SearchByWorkrooms"/>
  <testcase name="user_Can_Open_Directory" time="2.106" classname="tests_directory.SearchByWorkrooms"/>
  <testcase name="open_Advanced_Search" time="1.730" classname="tests_directory.SearchByWorkrooms"/>
  <testcase name="verify_AutoBE_Workrooms_Shown" time="0.752" classname="tests_directory.SearchByWorkrooms"/>
  <testcase name="search_By_Workroom_AutoBE" time="6.669" classname="tests_directory.SearchByWorkrooms"/>
</testsuite> <!-- tests_directory.SearchByWorkrooms -->
