<?xml version="1.0" encoding="UTF-8"?>
<!-- Generated by org.testng.reporters.JUnitReportReporter -->
<testsuite skipped="0" hostname="CLT-WIN-11717" name="tests_resource_library.AttemptToEditFileInWorkroomFolder" tests="10" failures="0" timestamp="2021-04-27T13:23:35 EDT" time="52.532" errors="0">
  <testcase name="systemAdmin_login" time="5.278" classname="tests_resource_library.AttemptToEditFileInWorkroomFolder"/>
  <testcase name="user_Can_Open_Libraries_Form" time="2.210" classname="tests_resource_library.AttemptToEditFileInWorkroomFolder"/>
  <testcase name="create_New_Resource_Library_Folder" time="7.933" classname="tests_resource_library.AttemptToEditFileInWorkroomFolder"/>
  <testcase name="user_Can_Open_Libraries_Form_2nd_Time" time="1.867" classname="tests_resource_library.AttemptToEditFileInWorkroomFolder"/>
  <testcase name="user_Can_Add_File_To_Workroom_Folder" time="8.025" classname="tests_resource_library.AttemptToEditFileInWorkroomFolder"/>
  <testcase name="user_Can_Edit_File" time="8.170" classname="tests_resource_library.AttemptToEditFileInWorkroomFolder"/>
  <testcase name="user_Can_Open_Libraries_Form_5th_Time" time="3.639" classname="tests_resource_library.AttemptToEditFileInWorkroomFolder"/>
  <testcase name="user_Can_Delete_Folder" time="6.232" classname="tests_resource_library.AttemptToEditFileInWorkroomFolder"/>
  <testcase name="user_Can_Open_Libraries_Form_6th_Time" time="1.953" classname="tests_resource_library.AttemptToEditFileInWorkroomFolder"/>
  <testcase name="verify_Folder_Deleted" time="7.225" classname="tests_resource_library.AttemptToEditFileInWorkroomFolder"/>
</testsuite> <!-- tests_resource_library.AttemptToEditFileInWorkroomFolder -->
