<?xml version="1.0" encoding="UTF-8"?>
<!-- Generated by org.testng.reporters.JUnitReportReporter -->
<testsuite skipped="0" hostname="CLT-WIN-11717" name="tests_resource_library.EditExistingFolderToViewOnly" tests="17" failures="0" timestamp="2021-06-17T12:39:39 EDT" time="81.072" errors="0">
  <testcase name="systemAdmin_login" time="7.391" classname="tests_resource_library.EditExistingFolderToViewOnly"/>
  <testcase name="systemAdmin_Open_Settings_Then_Workroom_And_Group_Settings" time="2.842" classname="tests_resource_library.EditExistingFolderToViewOnly"/>
  <testcase name="verify_Add_Files_Disable_For_Workroom_For_User" time="14.672" classname="tests_resource_library.EditExistingFolderToViewOnly"/>
  <testcase name="user_Can_Open_Libraries_Form" time="2.375" classname="tests_resource_library.EditExistingFolderToViewOnly"/>
  <testcase name="user_Create_Resource_Library_Folder_9" time="6.014" classname="tests_resource_library.EditExistingFolderToViewOnly"/>
  <testcase name="workroom_Member_Open_Resource_Library_Marvel_WR" time="1.778" classname="tests_resource_library.EditExistingFolderToViewOnly"/>
  <testcase name="user_Can_Add_File_View_Only_Folder_9" time="9.576" classname="tests_resource_library.EditExistingFolderToViewOnly"/>
  <testcase name="system_Admin_Can_Logout" time="2.868" classname="tests_resource_library.EditExistingFolderToViewOnly"/>
  <testcase name="auto_Director_Can_Login" time="4.491" classname="tests_resource_library.EditExistingFolderToViewOnly"/>
  <testcase name="open_Resource_Library_Marvel_WR_Form_4th_Time" time="1.727" classname="tests_resource_library.EditExistingFolderToViewOnly"/>
  <testcase name="verify_View_Only_Permissions_Folder_9" time="3.169" classname="tests_resource_library.EditExistingFolderToViewOnly"/>
  <testcase name="auto_Director_Can_Logout" time="2.990" classname="tests_resource_library.EditExistingFolderToViewOnly"/>
  <testcase name="system_Admin_Can_Login" time="4.609" classname="tests_resource_library.EditExistingFolderToViewOnly"/>
  <testcase name="user_Can_Open_Libraries_Form_5th_Time" time="1.762" classname="tests_resource_library.EditExistingFolderToViewOnly"/>
  <testcase name="user_Can_Delete_View_Only_Folder_9" time="7.959" classname="tests_resource_library.EditExistingFolderToViewOnly"/>
  <testcase name="user_Can_Open_Libraries_Form_6th_Time" time="1.775" classname="tests_resource_library.EditExistingFolderToViewOnly"/>
  <testcase name="verify_New_View_Only_Folder_9_NOT_Present" time="5.074" classname="tests_resource_library.EditExistingFolderToViewOnly"/>
</testsuite> <!-- tests_resource_library.EditExistingFolderToViewOnly -->
