<?xml version="1.0" encoding="UTF-8"?>
<!-- Generated by org.testng.reporters.JUnitReportReporter -->
<testsuite skipped="0" hostname="CLT-WIN-11717" name="tests_workroom_home.EditWelcomeText" tests="6" failures="0" timestamp="2021-06-14T12:29:18 EDT" time="34.717" errors="0">
  <testcase name="autoUser_login" time="5.349" classname="tests_workroom_home.EditWelcomeText"/>
  <testcase name="user_Clicks_On_Edit_Icon_DC_WR" time="7.223" classname="tests_workroom_home.EditWelcomeText"/>
  <testcase name="switch_To_Iframe_Insert_Custom_Message" time="3.620" classname="tests_workroom_home.EditWelcomeText"/>
  <testcase name="verify_Customized_Content_Appears" time="1.134" classname="tests_workroom_home.EditWelcomeText"/>
  <testcase name="delete_Insert_Previous_Message" time="8.146" classname="tests_workroom_home.EditWelcomeText"/>
  <testcase name="verify_Previous_Message_Appears" time="9.245" classname="tests_workroom_home.EditWelcomeText"/>
</testsuite> <!-- tests_workroom_home.EditWelcomeText -->
