<?xml version="1.0" encoding="UTF-8"?>
<!-- Generated by org.testng.reporters.JUnitReportReporter -->
<testsuite skipped="0" hostname="CLT-WIN-11717" name="tests_boardmember_access.BoardMemberCanAddFilesToWorkroom" tests="11" failures="0" timestamp="2021-06-09T16:07:11 EDT" time="40.061" errors="0">
  <testcase name="home_Page_Redirect" time="2.289" classname="tests_boardmember_access.BoardMemberCanAddFilesToWorkroom"/>
  <testcase name="systemAdmin_login" time="5.507" classname="tests_boardmember_access.BoardMemberCanAddFilesToWorkroom"/>
  <testcase name="user_Can_Open_Library_Page_For_Workroom" time="2.398" classname="tests_boardmember_access.BoardMemberCanAddFilesToWorkroom"/>
  <testcase name="verify_BoardMember_Folders_Present" time="0.398" classname="tests_boardmember_access.BoardMemberCanAddFilesToWorkroom"/>
  <testcase name="add_File_To_Attach_Folder" time="6.967" classname="tests_boardmember_access.BoardMemberCanAddFilesToWorkroom"/>
  <testcase name="user_Can_Open_Libraries_Form_Again" time="1.996" classname="tests_boardmember_access.BoardMemberCanAddFilesToWorkroom"/>
  <testcase name="verify_BoardMember_Folders_Present_Again" time="0.318" classname="tests_boardmember_access.BoardMemberCanAddFilesToWorkroom"/>
  <testcase name="verify_Created_File_And_Delete_Created_File" time="9.471" classname="tests_boardmember_access.BoardMemberCanAddFilesToWorkroom"/>
  <testcase name="user_Can_Open_Libraries_Form_3rd_Time" time="3.674" classname="tests_boardmember_access.BoardMemberCanAddFilesToWorkroom"/>
  <testcase name="verify_BoardMember_Folders_Present_3rd_Time" time="0.524" classname="tests_boardmember_access.BoardMemberCanAddFilesToWorkroom"/>
  <testcase name="verify_File_Deleted" time="6.519" classname="tests_boardmember_access.BoardMemberCanAddFilesToWorkroom"/>
</testsuite> <!-- tests_boardmember_access.BoardMemberCanAddFilesToWorkroom -->
