<?xml version="1.0" encoding="UTF-8"?>
<!-- Generated by org.testng.reporters.JUnitReportReporter -->
<testsuite skipped="0" hostname="CLT-WIN-11717" name="tests_settings.RestrictWorkroomForUser" tests="14" failures="0" timestamp="2021-06-22T11:24:05 EDT" time="72.694" errors="0">
  <testcase name="system_Admin_Login" time="7.178" classname="tests_settings.RestrictWorkroomForUser"/>
  <testcase name="user_Can_Open_Directory" time="2.773" classname="tests_settings.RestrictWorkroomForUser"/>
  <testcase name="open_Auto_User_14_Profile_Click_Manage_Workrooms" time="6.160" classname="tests_settings.RestrictWorkroomForUser"/>
  <testcase name="restrict_Workroom_Access" time="8.359" classname="tests_settings.RestrictWorkroomForUser"/>
  <testcase name="user_Can_Logout" time="3.167" classname="tests_settings.RestrictWorkroomForUser"/>
  <testcase name="user_Can_Login" time="4.473" classname="tests_settings.RestrictWorkroomForUser"/>
  <testcase name="verify_AutoAttend_Workroom_Deactivated" time="6.553" classname="tests_settings.RestrictWorkroomForUser"/>
  <testcase name="test_User_Can_Logout" time="2.742" classname="tests_settings.RestrictWorkroomForUser"/>
  <testcase name="system_Admin_Login_2nd_Time" time="4.468" classname="tests_settings.RestrictWorkroomForUser"/>
  <testcase name="user_Can_Open_Directory_2nd_Time" time="1.943" classname="tests_settings.RestrictWorkroomForUser"/>
  <testcase name="open_User_Profile_Click_Manage_Workrooms_Again" time="6.195" classname="tests_settings.RestrictWorkroomForUser"/>
  <testcase name="enable_Workroom_Access" time="12.080" classname="tests_settings.RestrictWorkroomForUser"/>
  <testcase name="user_Can_Open_Settings" time="2.973" classname="tests_settings.RestrictWorkroomForUser"/>
  <testcase name="verify_Workroom_Access_Enabled" time="3.630" classname="tests_settings.RestrictWorkroomForUser"/>
</testsuite> <!-- tests_settings.RestrictWorkroomForUser -->
