<?xml version="1.0" encoding="UTF-8"?>
<!-- Generated by org.testng.reporters.JUnitReportReporter -->
<testsuite skipped="0" hostname="CLT-WIN-11717" name="tests_critical_scenarios.SetUserWorkroomMemberNoEventPermission" tests="24" failures="0" timestamp="2021-06-28T12:37:13 EDT" time="162.183" errors="0">
  <testcase name="systemAdmin_login" time="5.519" classname="tests_critical_scenarios.SetUserWorkroomMemberNoEventPermission"/>
  <testcase name="systemAdmin_Open_Settings_Then_Workroom_And_Group_Settings" time="2.961" classname="tests_critical_scenarios.SetUserWorkroomMemberNoEventPermission"/>
  <testcase name="systemAdmin_Restrict_User_Access_From_Events" time="20.369" classname="tests_critical_scenarios.SetUserWorkroomMemberNoEventPermission"/>
  <testcase name="systemAdmin_Close_And_Logout" time="2.750" classname="tests_critical_scenarios.SetUserWorkroomMemberNoEventPermission"/>
  <testcase name="workroom_Member_Login_To_BoardEffect" time="4.273" classname="tests_critical_scenarios.SetUserWorkroomMemberNoEventPermission"/>
  <testcase name="workroom_Admin_Not_See_Event_Due_To_Permissions" time="14.073" classname="tests_critical_scenarios.SetUserWorkroomMemberNoEventPermission"/>
  <testcase name="workroom_Member_Can_Logout" time="4.283" classname="tests_critical_scenarios.SetUserWorkroomMemberNoEventPermission"/>
  <testcase name="systemAdmin_Can_Login_To_BoardEffect_2nd_Time" time="5.117" classname="tests_critical_scenarios.SetUserWorkroomMemberNoEventPermission"/>
  <testcase name="systemAdmin_Open_Settings_Then_Workroom_And_Group_Settings_2nd_Time" time="2.794" classname="tests_critical_scenarios.SetUserWorkroomMemberNoEventPermission"/>
  <testcase name="systemAdmin_Enable_Events_For_Workroom_Member" time="17.109" classname="tests_critical_scenarios.SetUserWorkroomMemberNoEventPermission"/>
  <testcase name="systemAdmin_Close_And_Logout_2nd_Time" time="2.753" classname="tests_critical_scenarios.SetUserWorkroomMemberNoEventPermission"/>
  <testcase name="workroom_Member_Login_To_BoardEffect_2nd_Time" time="4.322" classname="tests_critical_scenarios.SetUserWorkroomMemberNoEventPermission"/>
  <testcase name="workroom_Member_Sees_Event_Due_To_Permissions" time="10.804" classname="tests_critical_scenarios.SetUserWorkroomMemberNoEventPermission"/>
  <testcase name="workroom_Member_Can_Logout_2nd_Time" time="2.584" classname="tests_critical_scenarios.SetUserWorkroomMemberNoEventPermission"/>
  <testcase name="systemAdmin_Open_Settings_Then_Workroom_And_Group_Settings_3rd_Time" time="2.860" classname="tests_critical_scenarios.SetUserWorkroomMemberNoEventPermission"/>
  <testcase name="systemAdmin_Can_Login_To_BoardEffect_3rd_Time" time="4.242" classname="tests_critical_scenarios.SetUserWorkroomMemberNoEventPermission"/>
  <testcase name="systemAdmin_Set_User_As_Workroom_Admin" time="16.895" classname="tests_critical_scenarios.SetUserWorkroomMemberNoEventPermission"/>
  <testcase name="systemAdmin_Close_And_Logout_Agian_2nd_Time" time="2.846" classname="tests_critical_scenarios.SetUserWorkroomMemberNoEventPermission"/>
  <testcase name="workroom_Member_Login_To_BoardEffect_3rd_Time" time="4.828" classname="tests_critical_scenarios.SetUserWorkroomMemberNoEventPermission"/>
  <testcase name="workroom_Member_Open_Library_For_Workroom_Has_New_Book_Button" time="8.629" classname="tests_critical_scenarios.SetUserWorkroomMemberNoEventPermission"/>
  <testcase name="workroom_Member_Can_Logout_3rd_Time" time="2.735" classname="tests_critical_scenarios.SetUserWorkroomMemberNoEventPermission"/>
  <testcase name="systemAdmin_Can_Login_To_BoardEffect_4th_Time" time="4.487" classname="tests_critical_scenarios.SetUserWorkroomMemberNoEventPermission"/>
  <testcase name="systemAdmin_Open_Settings_Then_Workroom_And_Group_Settings_4th_Time" time="2.892" classname="tests_critical_scenarios.SetUserWorkroomMemberNoEventPermission"/>
  <testcase name="systemAdmin_Set_User_As_Workroom_Member" time="12.058" classname="tests_critical_scenarios.SetUserWorkroomMemberNoEventPermission"/>
</testsuite> <!-- tests_critical_scenarios.SetUserWorkroomMemberNoEventPermission -->
