<?xml version="1.0" encoding="UTF-8"?>
<!-- Generated by org.testng.reporters.JUnitReportReporter -->
<testsuite skipped="0" hostname="CLT-WIN-11717" name="tests_settings.CreateEditDeleteEventCategory" tests="11" failures="0" timestamp="2021-06-21T16:57:26 EDT" time="35.802" errors="0">
  <testcase name="system_Admin_Login" time="4.654" classname="tests_settings.CreateEditDeleteEventCategory"/>
  <testcase name="user_Can_Open_Settings" time="1.821" classname="tests_settings.CreateEditDeleteEventCategory"/>
  <testcase name="open_Event_Settings" time="1.402" classname="tests_settings.CreateEditDeleteEventCategory"/>
  <testcase name="create_Event_Category" time="5.091" classname="tests_settings.CreateEditDeleteEventCategory"/>
  <testcase name="user_Can_Open_Directory_2nd_Time" time="1.887" classname="tests_settings.CreateEditDeleteEventCategory"/>
  <testcase name="open_Event_Settings_2nd_Time" time="1.369" classname="tests_settings.CreateEditDeleteEventCategory"/>
  <testcase name="edit_Created_Category" time="6.816" classname="tests_settings.CreateEditDeleteEventCategory"/>
  <testcase name="user_Can_Open_Directory_3rd_Time" time="1.783" classname="tests_settings.CreateEditDeleteEventCategory"/>
  <testcase name="open_Event_Settings_3rd_Time" time="1.369" classname="tests_settings.CreateEditDeleteEventCategory"/>
  <testcase name="delete_Category_One" time="4.468" classname="tests_settings.CreateEditDeleteEventCategory"/>
  <testcase name="verify_Category_Not_Present" time="5.142" classname="tests_settings.CreateEditDeleteEventCategory"/>
</testsuite> <!-- tests_settings.CreateEditDeleteEventCategory -->
