<?xml version="1.0" encoding="UTF-8"?>
<!-- Generated by org.testng.reporters.JUnitReportReporter -->
<testsuite skipped="0" hostname="CLT-WIN-11717" name="tests_resource_library.UpdateViewOnlyFolderToNonViewOnly" tests="25" failures="0" timestamp="2021-06-21T12:14:10 EDT" time="110.000" errors="0">
  <testcase name="systemAdmin_login" time="5.832" classname="tests_resource_library.UpdateViewOnlyFolderToNonViewOnly"/>
  <testcase name="systemAdmin_Open_Settings_Then_Workroom_And_Group_Settings" time="3.713" classname="tests_resource_library.UpdateViewOnlyFolderToNonViewOnly"/>
  <testcase name="verify_Add_Files_Disable_For_Workroom_For_User" time="15.129" classname="tests_resource_library.UpdateViewOnlyFolderToNonViewOnly"/>
  <testcase name="user_Can_Open_Libraries_Form" time="3.406" classname="tests_resource_library.UpdateViewOnlyFolderToNonViewOnly"/>
  <testcase name="create_View_Only_New_Resource_Library_Folder" time="5.819" classname="tests_resource_library.UpdateViewOnlyFolderToNonViewOnly"/>
  <testcase name="user_Can_Open_Libraries_Form_2nd_Time" time="2.516" classname="tests_resource_library.UpdateViewOnlyFolderToNonViewOnly"/>
  <testcase name="user_Can_Add_File_To_Folder_17" time="7.730" classname="tests_resource_library.UpdateViewOnlyFolderToNonViewOnly"/>
  <testcase name="system_Admin_Can_Logout" time="2.859" classname="tests_resource_library.UpdateViewOnlyFolderToNonViewOnly"/>
  <testcase name="auto_Director_Can_Login" time="4.312" classname="tests_resource_library.UpdateViewOnlyFolderToNonViewOnly"/>
  <testcase name="user_Can_Open_Libraries_Form_3rd_Time" time="2.618" classname="tests_resource_library.UpdateViewOnlyFolderToNonViewOnly"/>
  <testcase name="verify_View_Only_Permissions_Folder_17" time="3.181" classname="tests_resource_library.UpdateViewOnlyFolderToNonViewOnly"/>
  <testcase name="auto_Director_Can_Logout" time="2.835" classname="tests_resource_library.UpdateViewOnlyFolderToNonViewOnly"/>
  <testcase name="system_Admin_Can_Login" time="4.300" classname="tests_resource_library.UpdateViewOnlyFolderToNonViewOnly"/>
  <testcase name="user_Can_Open_Libraries_Form_4th_Time" time="2.488" classname="tests_resource_library.UpdateViewOnlyFolderToNonViewOnly"/>
  <testcase name="user_Disables_View_Only_On_Folder_17" time="7.201" classname="tests_resource_library.UpdateViewOnlyFolderToNonViewOnly"/>
  <testcase name="system_Admin_Can_Logout_2nd_Time" time="2.741" classname="tests_resource_library.UpdateViewOnlyFolderToNonViewOnly"/>
  <testcase name="auto_Director_Can_Login_2nd_Time" time="4.191" classname="tests_resource_library.UpdateViewOnlyFolderToNonViewOnly"/>
  <testcase name="user_Can_Open_Libraries_Form_5th_Time" time="2.499" classname="tests_resource_library.UpdateViewOnlyFolderToNonViewOnly"/>
  <testcase name="verify_View_Only_Permissions_Folder_17_Disabled" time="2.442" classname="tests_resource_library.UpdateViewOnlyFolderToNonViewOnly"/>
  <testcase name="auto_Director_Can_Logout_2nd_time" time="2.533" classname="tests_resource_library.UpdateViewOnlyFolderToNonViewOnly"/>
  <testcase name="system_Admin_Can_Login_2nd_time" time="4.271" classname="tests_resource_library.UpdateViewOnlyFolderToNonViewOnly"/>
  <testcase name="user_Can_Open_Libraries_Form_6th_Time" time="2.526" classname="tests_resource_library.UpdateViewOnlyFolderToNonViewOnly"/>
  <testcase name="user_Can_Delete_Library_Folder_17" time="5.791" classname="tests_resource_library.UpdateViewOnlyFolderToNonViewOnly"/>
  <testcase name="user_Can_Open_Libraries_Form_7th_Time" time="2.506" classname="tests_resource_library.UpdateViewOnlyFolderToNonViewOnly"/>
  <testcase name="verify_Folder_17_NOT_Present" time="6.561" classname="tests_resource_library.UpdateViewOnlyFolderToNonViewOnly"/>
</testsuite> <!-- tests_resource_library.UpdateViewOnlyFolderToNonViewOnly -->
