<?xml version="1.0" encoding="UTF-8"?>
<!-- Generated by org.testng.reporters.JUnitReportReporter -->
<testsuite skipped="0" hostname="CLT-WIN-11717" name="tests_workroom_collaborate.ArchivePoll" tests="9" failures="0" timestamp="2021-06-24T13:46:38 EDT" time="84.860" errors="0">
  <testcase name="login" time="5.234" classname="tests_workroom_collaborate.ArchivePoll"/>
  <testcase name="create_Poll" time="16.916" classname="tests_workroom_collaborate.ArchivePoll"/>
  <testcase name="create_Poll_Question" time="8.002" classname="tests_workroom_collaborate.ArchivePoll"/>
  <testcase name="add_Poll_Respondents" time="16.055" classname="tests_workroom_collaborate.ArchivePoll"/>
  <testcase name="build_Poll_Make_Visible" time="12.800" classname="tests_workroom_collaborate.ArchivePoll"/>
  <testcase name="archive_Poll_1" time="6.089" classname="tests_workroom_collaborate.ArchivePoll"/>
  <testcase name="veirfy_Poll_1_Archived" time="5.280" classname="tests_workroom_collaborate.ArchivePoll"/>
  <testcase name="delete_Poll_1" time="8.376" classname="tests_workroom_collaborate.ArchivePoll"/>
  <testcase name="verify_Poll_1_NOT_EXIST" time="6.108" classname="tests_workroom_collaborate.ArchivePoll"/>
</testsuite> <!-- tests_workroom_collaborate.ArchivePoll -->
