<?xml version="1.0" encoding="UTF-8"?>
<!-- Generated by org.testng.reporters.JUnitReportReporter -->
<testsuite skipped="0" hostname="CLT-WIN-11717" name="tests_general_settings.AddUpdateBasicInformation" tests="8" failures="0" timestamp="2021-06-07T10:17:30 EDT" time="34.689" errors="0">
  <testcase name="login" time="5.190" classname="tests_general_settings.AddUpdateBasicInformation"/>
  <testcase name="user_Can_Open_Settings" time="1.869" classname="tests_general_settings.AddUpdateBasicInformation"/>
  <testcase name="navigate_To_General_Settings" time="1.621" classname="tests_general_settings.AddUpdateBasicInformation"/>
  <testcase name="user_Can_Fill_Out_Basic_Information" time="13.608" classname="tests_general_settings.AddUpdateBasicInformation"/>
  <testcase name="user_Can_Open_Settings_2nd_Time" time="1.846" classname="tests_general_settings.AddUpdateBasicInformation"/>
  <testcase name="navigate_To_General_Settings_2nd_Time" time="1.595" classname="tests_general_settings.AddUpdateBasicInformation"/>
  <testcase name="verify_Saved_Form_Data" time="0.572" classname="tests_general_settings.AddUpdateBasicInformation"/>
  <testcase name="clear_Basic_Information_Form" time="8.388" classname="tests_general_settings.AddUpdateBasicInformation"/>
</testsuite> <!-- tests_general_settings.AddUpdateBasicInformation -->
