<?xml version="1.0" encoding="UTF-8"?>
<!-- Generated by org.testng.reporters.JUnitReportReporter -->
<testsuite skipped="0" hostname="CLT-WIN-11717" name="tests_critical_scenarios.LoginEnglishWorkroomAdminEng2" tests="12" failures="0" timestamp="2021-06-17T10:52:19 EDT" time="67.559" errors="0">
  <testcase name="systemAdmin_login" time="5.408" classname="tests_critical_scenarios.LoginEnglishWorkroomAdminEng2"/>
  <testcase name="admin_Opens_Site_Settings_Workrooms_And_Groups" time="2.844" classname="tests_critical_scenarios.LoginEnglishWorkroomAdminEng2"/>
  <testcase name="systemAdmin_Set_User_As_Workroom_Admin" time="13.754" classname="tests_critical_scenarios.LoginEnglishWorkroomAdminEng2"/>
  <testcase name="system_Admin_Logout_2nd_Time" time="2.828" classname="tests_critical_scenarios.LoginEnglishWorkroomAdminEng2"/>
  <testcase name="workroomAdminEng_Login" time="4.987" classname="tests_critical_scenarios.LoginEnglishWorkroomAdminEng2"/>
  <testcase name="user_Can_Open_Directory" time="1.815" classname="tests_critical_scenarios.LoginEnglishWorkroomAdminEng2"/>
  <testcase name="open_User_Profile_Workroom_Admin_Eng_2" time="7.081" classname="tests_critical_scenarios.LoginEnglishWorkroomAdminEng2"/>
  <testcase name="navigate_To_English_Language" time="6.653" classname="tests_critical_scenarios.LoginEnglishWorkroomAdminEng2"/>
  <testcase name="system_Admin_Logout" time="2.627" classname="tests_critical_scenarios.LoginEnglishWorkroomAdminEng2"/>
  <testcase name="automation_Tester_Login_English" time="5.270" classname="tests_critical_scenarios.LoginEnglishWorkroomAdminEng2"/>
  <testcase name="admin_Opens_Site_Settings_Workrooms_And_Groups_Agian" time="2.744" classname="tests_critical_scenarios.LoginEnglishWorkroomAdminEng2"/>
  <testcase name="systemAdmin_Set_User_WorkroomAdminEng2_As_Workroom_Member" time="11.548" classname="tests_critical_scenarios.LoginEnglishWorkroomAdminEng2"/>
</testsuite> <!-- tests_critical_scenarios.LoginEnglishWorkroomAdminEng2 -->
