<?xml version="1.0" encoding="UTF-8"?>
<!-- Generated by org.testng.reporters.JUnitReportReporter -->
<testsuite skipped="0" hostname="CLT-WIN-11717" name="tests_directory.SearchByUserCategory" tests="5" failures="0" timestamp="2021-06-14T10:07:32 EDT" time="33.637" errors="0">
  <testcase name="loginBE_SystemAdmin" time="7.162" classname="tests_directory.SearchByUserCategory"/>
  <testcase name="user_Can_Open_Directory" time="2.724" classname="tests_directory.SearchByUserCategory"/>
  <testcase name="open_Advanced_Search" time="1.663" classname="tests_directory.SearchByUserCategory"/>
  <testcase name="search_By_User_Category" time="6.674" classname="tests_directory.SearchByUserCategory"/>
  <testcase name="verify_Only_Auto_Director_Displayed" time="15.414" classname="tests_directory.SearchByUserCategory"/>
</testsuite> <!-- tests_directory.SearchByUserCategory -->
