<?xml version="1.0" encoding="UTF-8"?>
<!-- Generated by org.testng.reporters.JUnitReportReporter -->
<testsuite skipped="0" hostname="CLT-WIN-11717" name="tests_critical_scenarios.LoginEnglishWorkroomAdmin" tests="12" failures="0" timestamp="2021-06-03T07:43:05 EDT" time="66.846" errors="0">
  <testcase name="systemAdmin_login" time="4.855" classname="tests_critical_scenarios.LoginEnglishWorkroomAdmin"/>
  <testcase name="admin_Opens_Site_Settings_Workrooms_And_Groups" time="2.770" classname="tests_critical_scenarios.LoginEnglishWorkroomAdmin"/>
  <testcase name="systemAdmin_Set_User_As_Workroom_Admin" time="13.591" classname="tests_critical_scenarios.LoginEnglishWorkroomAdmin"/>
  <testcase name="system_Admin_Logout_2nd_Time" time="2.835" classname="tests_critical_scenarios.LoginEnglishWorkroomAdmin"/>
  <testcase name="workroomAdminEng_Login" time="4.267" classname="tests_critical_scenarios.LoginEnglishWorkroomAdmin"/>
  <testcase name="user_Can_Open_Directory" time="1.838" classname="tests_critical_scenarios.LoginEnglishWorkroomAdmin"/>
  <testcase name="open_User_Profile_Automation_Tester" time="6.372" classname="tests_critical_scenarios.LoginEnglishWorkroomAdmin"/>
  <testcase name="navigate_To_English_Language" time="6.808" classname="tests_critical_scenarios.LoginEnglishWorkroomAdmin"/>
  <testcase name="system_Admin_Logout" time="2.790" classname="tests_critical_scenarios.LoginEnglishWorkroomAdmin"/>
  <testcase name="automation_Tester_Login_English" time="5.275" classname="tests_critical_scenarios.LoginEnglishWorkroomAdmin"/>
  <testcase name="admin_Opens_Site_Settings_Workrooms_And_Groups_Agian" time="2.957" classname="tests_critical_scenarios.LoginEnglishWorkroomAdmin"/>
  <testcase name="set_User_Back_As_Workroom_Member" time="12.488" classname="tests_critical_scenarios.LoginEnglishWorkroomAdmin"/>
</testsuite> <!-- tests_critical_scenarios.LoginEnglishWorkroomAdmin -->
