<?xml version="1.0" encoding="UTF-8"?>
<!-- Generated by org.testng.reporters.JUnitReportReporter -->
<testsuite skipped="0" hostname="CLT-WIN-11717" name="tests_resource_library.MoveResourceFolderWorkroom2Workroom" tests="8" failures="0" timestamp="2021-04-26T14:25:48 EDT" time="61.420" errors="0">
  <testcase name="systemAdmin_login" time="5.184" classname="tests_resource_library.MoveResourceFolderWorkroom2Workroom"/>
  <testcase name="user_Can_Open_Settings_Form" time="2.349" classname="tests_resource_library.MoveResourceFolderWorkroom2Workroom"/>
  <testcase name="user_Can_Create_New_Resource_Library_Folder" time="6.392" classname="tests_resource_library.MoveResourceFolderWorkroom2Workroom"/>
  <testcase name="user_Moves_New_Folder" time="17.917" classname="tests_resource_library.MoveResourceFolderWorkroom2Workroom"/>
  <testcase name="user_Can_Open_Libraries_Form_2nd_Time" time="3.163" classname="tests_resource_library.MoveResourceFolderWorkroom2Workroom"/>
  <testcase name="user_Can_Delete_Folder" time="12.918" classname="tests_resource_library.MoveResourceFolderWorkroom2Workroom"/>
  <testcase name="user_Can_Open_Libraries_Form_3rd_Time" time="3.138" classname="tests_resource_library.MoveResourceFolderWorkroom2Workroom"/>
  <testcase name="verify_Folder_Deleted" time="10.359" classname="tests_resource_library.MoveResourceFolderWorkroom2Workroom"/>
</testsuite> <!-- tests_resource_library.MoveResourceFolderWorkroom2Workroom -->
