<?xml version="1.0" encoding="UTF-8"?>
<!-- Generated by org.testng.reporters.JUnitReportReporter -->
<testsuite skipped="0" hostname="CLT-WIN-11717" name="tests_workroom_home.CreateWelcomeMessageWithUploadedImage" tests="6" failures="0" timestamp="2021-06-14T12:25:06 EDT" time="47.574" errors="0">
  <testcase name="autoUser_login" time="6.607" classname="tests_workroom_home.CreateWelcomeMessageWithUploadedImage"/>
  <testcase name="user_Clicks_On_Edit_Icon_DC_WR" time="7.754" classname="tests_workroom_home.CreateWelcomeMessageWithUploadedImage"/>
  <testcase name="switch_To_Iframe_Insert_Image" time="16.624" classname="tests_workroom_home.CreateWelcomeMessageWithUploadedImage"/>
  <testcase name="verify_Content_Appears" time="1.219" classname="tests_workroom_home.CreateWelcomeMessageWithUploadedImage"/>
  <testcase name="delete_Insert_Previous_Message" time="6.071" classname="tests_workroom_home.CreateWelcomeMessageWithUploadedImage"/>
  <testcase name="verify_Previous_Message" time="9.299" classname="tests_workroom_home.CreateWelcomeMessageWithUploadedImage"/>
</testsuite> <!-- tests_workroom_home.CreateWelcomeMessageWithUploadedImage -->
