<?xml version="1.0" encoding="UTF-8"?>
<!-- Generated by org.testng.reporters.JUnitReportReporter -->
<testsuite skipped="0" hostname="CLT-WIN-11717" name="tests_directory.AssignRemoveWorkroomFromUserProfile" tests="10" failures="0" timestamp="2021-06-11T13:28:11 EDT" time="47.095" errors="0">
  <testcase name="login_BE_SystemAdmin" time="4.659" classname="tests_directory.AssignRemoveWorkroomFromUserProfile"/>
  <testcase name="user_Can_Open_Dirctory" time="2.569" classname="tests_directory.AssignRemoveWorkroomFromUserProfile"/>
  <testcase name="open_Auto_User_5_Profile" time="5.491" classname="tests_directory.AssignRemoveWorkroomFromUserProfile"/>
  <testcase name="add_Workroom_To_Profile" time="4.661" classname="tests_directory.AssignRemoveWorkroomFromUserProfile"/>
  <testcase name="user_Can_Open_Dirctory_Again" time="1.819" classname="tests_directory.AssignRemoveWorkroomFromUserProfile"/>
  <testcase name="open_Auto_User_5_Profile_Again" time="5.491" classname="tests_directory.AssignRemoveWorkroomFromUserProfile"/>
  <testcase name="remove_Workroom_Auto_Attend_From_Profile" time="7.924" classname="tests_directory.AssignRemoveWorkroomFromUserProfile"/>
  <testcase name="user_Can_Open_Directory_3rd_Time" time="2.600" classname="tests_directory.AssignRemoveWorkroomFromUserProfile"/>
  <testcase name="open_Auto_User_5_3rd_Time" time="5.471" classname="tests_directory.AssignRemoveWorkroomFromUserProfile"/>
  <testcase name="verify_Auto_Attend_Workroom_Removed" time="6.410" classname="tests_directory.AssignRemoveWorkroomFromUserProfile"/>
</testsuite> <!-- tests_directory.AssignRemoveWorkroomFromUserProfile -->
