<?xml version="1.0" encoding="UTF-8"?>
<!-- Generated by org.testng.reporters.JUnitReportReporter -->
<testsuite skipped="0" hostname="CLT-WIN-11717" name="tests_critical_scenarios.CreateEditDeleteHandbook" tests="15" failures="0" timestamp="2021-06-03T07:43:05 EDT" time="141.282" errors="0">
  <testcase name="autoUser_login" time="5.770" classname="tests_critical_scenarios.CreateEditDeleteHandbook"/>
  <testcase name="user_Opens_Library_Page_For_Workroom" time="7.239" classname="tests_critical_scenarios.CreateEditDeleteHandbook"/>
  <testcase name="user_Can_Create_New_Handbook" time="4.837" classname="tests_critical_scenarios.CreateEditDeleteHandbook"/>
  <testcase name="user_Add_CoverPage_To_HandBook" time="4.817" classname="tests_critical_scenarios.CreateEditDeleteHandbook"/>
  <testcase name="user_Add_Agenda_To_HandBook" time="1.431" classname="tests_critical_scenarios.CreateEditDeleteHandbook"/>
  <testcase name="user_Save_HandBook" time="4.445" classname="tests_critical_scenarios.CreateEditDeleteHandbook"/>
  <testcase name="user_Add_First_Catagory_To_HandBook" time="5.875" classname="tests_critical_scenarios.CreateEditDeleteHandbook"/>
  <testcase name="user_Add_File_To_First_Catagory" time="6.220" classname="tests_critical_scenarios.CreateEditDeleteHandbook"/>
  <testcase name="user_Add_Second_Catagory_To_Handbook" time="4.710" classname="tests_critical_scenarios.CreateEditDeleteHandbook"/>
  <testcase name="add_File_To_Second_Catagory" time="9.574" classname="tests_critical_scenarios.CreateEditDeleteHandbook"/>
  <testcase name="build_Handbook" time="22.041" classname="tests_critical_scenarios.CreateEditDeleteHandbook"/>
  <testcase name="make_Handbook_Visible" time="4.608" classname="tests_critical_scenarios.CreateEditDeleteHandbook"/>
  <testcase name="edit_Handbook" time="41.378" classname="tests_critical_scenarios.CreateEditDeleteHandbook"/>
  <testcase name="delete_Edited_Handbook" time="6.729" classname="tests_critical_scenarios.CreateEditDeleteHandbook"/>
  <testcase name="verify_Handbook_Deleted" time="11.608" classname="tests_critical_scenarios.CreateEditDeleteHandbook"/>
</testsuite> <!-- tests_critical_scenarios.CreateEditDeleteHandbook -->
