<?xml version="1.0" encoding="UTF-8"?>
<!-- Generated by org.testng.reporters.JUnitReportReporter -->
<testsuite skipped="0" hostname="CLT-WIN-11717" name="tests_critical_scenarios.CreateDeleteWorkgroup" tests="7" failures="0" timestamp="2021-06-03T07:43:05 EDT" time="46.882" errors="0">
  <testcase name="systemAdmin_login" time="5.454" classname="tests_critical_scenarios.CreateDeleteWorkgroup"/>
  <testcase name="user_Opens_Settings_Opens_Workroom_And_Group_Settings" time="2.814" classname="tests_critical_scenarios.CreateDeleteWorkgroup"/>
  <testcase name="user_Can_Create_New_Group" time="10.626" classname="tests_critical_scenarios.CreateDeleteWorkgroup"/>
  <testcase name="user_Can_Delete_New_Group" time="15.138" classname="tests_critical_scenarios.CreateDeleteWorkgroup"/>
  <testcase name="user_Opens_Settings_Opens_Workroom_And_Group_Settings_Again" time="2.764" classname="tests_critical_scenarios.CreateDeleteWorkgroup"/>
  <testcase name="navigate_To_Workgroups_Tab" time="4.978" classname="tests_critical_scenarios.CreateDeleteWorkgroup"/>
  <testcase name="verify_Group_Deleted" time="5.108" classname="tests_critical_scenarios.CreateDeleteWorkgroup"/>
</testsuite> <!-- tests_critical_scenarios.CreateDeleteWorkgroup -->
