<?xml version="1.0" encoding="UTF-8"?>
<!-- Generated by org.testng.reporters.JUnitReportReporter -->
<testsuite skipped="0" hostname="CLT-WIN-11717" name="tests_workroom_library.RemoveWorkflowForMeetingBookFile" tests="17" failures="0" timestamp="2021-04-19T13:52:48 EDT" time="118.059" errors="0">
  <testcase name="systemAdmin_login" time="5.210" classname="tests_workroom_library.RemoveWorkflowForMeetingBookFile"/>
  <testcase name="user_Open_Library_Page_For_Workroom" time="6.724" classname="tests_workroom_library.RemoveWorkflowForMeetingBookFile"/>
  <testcase name="user_Can_Create_New_Book_Add_Title" time="3.630" classname="tests_workroom_library.RemoveWorkflowForMeetingBookFile"/>
  <testcase name="user_Can_Add_CoverPage" time="5.695" classname="tests_workroom_library.RemoveWorkflowForMeetingBookFile"/>
  <testcase name="user_Add_Agenda_To_Template" time="2.142" classname="tests_workroom_library.RemoveWorkflowForMeetingBookFile"/>
  <testcase name="user_Can_Save_Scanned_Book" time="3.015" classname="tests_workroom_library.RemoveWorkflowForMeetingBookFile"/>
  <testcase name="user_Add_First_Catagory_To_Scanned_Book" time="5.697" classname="tests_workroom_library.RemoveWorkflowForMeetingBookFile"/>
  <testcase name="user_Add_Scanned_Book_To_New_Catagory" time="7.029" classname="tests_workroom_library.RemoveWorkflowForMeetingBookFile"/>
  <testcase name="add_Ordered_Workflow_To_Meeting_Book_File_Part_One" time="4.335" classname="tests_workroom_library.RemoveWorkflowForMeetingBookFile"/>
  <testcase name="Add_Ordered_Approval_Users_WorkroomAdmin_AutoDirector" time="8.427" classname="tests_workroom_library.RemoveWorkflowForMeetingBookFile"/>
  <testcase name="add_Workflow_Dates" time="4.465" classname="tests_workroom_library.RemoveWorkflowForMeetingBookFile"/>
  <testcase name="force_Workflow_Approvals_And_Finalize_Responses" time="16.556" classname="tests_workroom_library.RemoveWorkflowForMeetingBookFile"/>
  <testcase name="delete_Workflow" time="8.865" classname="tests_workroom_library.RemoveWorkflowForMeetingBookFile"/>
  <testcase name="user_Can_Build_Book" time="14.138" classname="tests_workroom_library.RemoveWorkflowForMeetingBookFile"/>
  <testcase name="make_Scanned_Book_Visible" time="4.796" classname="tests_workroom_library.RemoveWorkflowForMeetingBookFile"/>
  <testcase name="delete_Scanned_Book" time="8.886" classname="tests_workroom_library.RemoveWorkflowForMeetingBookFile"/>
  <testcase name="verify_Scanned_Book_Deleted" time="8.449" classname="tests_workroom_library.RemoveWorkflowForMeetingBookFile"/>
</testsuite> <!-- tests_workroom_library.RemoveWorkflowForMeetingBookFile -->
