<?xml version="1.0" encoding="UTF-8"?>
<!-- Generated by org.testng.reporters.JUnitReportReporter -->
<testsuite skipped="0" hostname="CLT-WIN-11717" name="tests_resource_library.CopyFileLinkWorkroomFolder" tests="12" failures="0" timestamp="2021-04-27T13:41:03 EDT" time="50.008" errors="0">
  <testcase name="systemAdmin_login" time="6.860" classname="tests_resource_library.CopyFileLinkWorkroomFolder"/>
  <testcase name="user_Can_Open_Libraries_Form" time="2.204" classname="tests_resource_library.CopyFileLinkWorkroomFolder"/>
  <testcase name="user_Can_Create_2nd_Resource_Library_Folder" time="6.376" classname="tests_resource_library.CopyFileLinkWorkroomFolder"/>
  <testcase name="user_Can_Open_Libraries_Form_2nd_Time" time="2.340" classname="tests_resource_library.CopyFileLinkWorkroomFolder"/>
  <testcase name="user_Can_Add_File_Folder_Non_Read_Only" time="6.306" classname="tests_resource_library.CopyFileLinkWorkroomFolder"/>
  <testcase name="user_Can_Open_Libraries_Form_Again" time="2.358" classname="tests_resource_library.CopyFileLinkWorkroomFolder"/>
  <testcase name="copy_File_Link" time="6.292" classname="tests_resource_library.CopyFileLinkWorkroomFolder"/>
  <testcase name="open_File_Link" time="2.823" classname="tests_resource_library.CopyFileLinkWorkroomFolder"/>
  <testcase name="user_Can_Open_Libraries_Form_3rd_Time" time="2.059" classname="tests_resource_library.CopyFileLinkWorkroomFolder"/>
  <testcase name="user_Delete_Folder_2" time="5.299" classname="tests_resource_library.CopyFileLinkWorkroomFolder"/>
  <testcase name="user_Can_Open_Libraries_Form_4th_Time" time="1.978" classname="tests_resource_library.CopyFileLinkWorkroomFolder"/>
  <testcase name="verify_Folder_Deleted" time="5.113" classname="tests_resource_library.CopyFileLinkWorkroomFolder"/>
</testsuite> <!-- tests_resource_library.CopyFileLinkWorkroomFolder -->
