<?xml version="1.0" encoding="UTF-8"?>
<!-- Generated by org.testng.reporters.JUnitReportReporter -->
<testsuite skipped="0" hostname="CLT-WIN-11717" name="tests_directory.ContactUser" tests="5" failures="0" timestamp="2021-05-28T17:34:46 EDT" time="25.365" errors="0">
  <testcase name="loginBE_SystemAdmin" time="6.466" classname="tests_directory.ContactUser"/>
  <testcase name="user_Can_Open_Dirctory" time="1.976" classname="tests_directory.ContactUser"/>
  <testcase name="open_User_Profile_Contact_User" time="6.892" classname="tests_directory.ContactUser"/>
  <testcase name="send_Contact_User_Message" time="1.404" classname="tests_directory.ContactUser"/>
  <testcase name="verify_Message_Sent" time="8.627" classname="tests_directory.ContactUser"/>
</testsuite> <!-- tests_directory.ContactUser -->
