<?xml version="1.0" encoding="UTF-8"?>
<!-- Generated by org.testng.reporters.JUnitReportReporter -->
<testsuite skipped="0" hostname="CLT-WIN-11717" name="tests_general_settings.EnableDisableDirectoryExcelExport" tests="17" failures="1" timestamp="2021-06-15T14:06:45 EDT" time="68.411" errors="0">
  <testcase name="sysAdmin_Login" time="4.998" classname="tests_general_settings.EnableDisableDirectoryExcelExport"/>
  <testcase name="user_Can_Open_Settings" time="1.791" classname="tests_general_settings.EnableDisableDirectoryExcelExport"/>
  <testcase name="navigate_To_General_Look_Feel" time="3.273" classname="tests_general_settings.EnableDisableDirectoryExcelExport"/>
  <testcase name="Disable_Directory_Excel_Export" time="3.370" classname="tests_general_settings.EnableDisableDirectoryExcelExport"/>
  <testcase name="System_Admin_Logout" time="2.727" classname="tests_general_settings.EnableDisableDirectoryExcelExport"/>
  <testcase name="user_Login" time="5.157" classname="tests_general_settings.EnableDisableDirectoryExcelExport"/>
  <testcase name="user_Can_Open_Directory" time="2.143" classname="tests_general_settings.EnableDisableDirectoryExcelExport"/>
  <testcase name="verify_Download_As_Excel_Disabled" time="8.692" classname="tests_general_settings.EnableDisableDirectoryExcelExport"/>
  <testcase name="user_Logout" time="2.708" classname="tests_general_settings.EnableDisableDirectoryExcelExport"/>
  <testcase name="system_Admin_Login" time="4.210" classname="tests_general_settings.EnableDisableDirectoryExcelExport"/>
  <testcase name="user_Can_Open_Settings_Again" time="1.915" classname="tests_general_settings.EnableDisableDirectoryExcelExport"/>
  <testcase name="navigate_To_General_Look_Feel_Again" time="2.999" classname="tests_general_settings.EnableDisableDirectoryExcelExport"/>
  <testcase name="Enable_Directory_Excel_Export" time="3.650" classname="tests_general_settings.EnableDisableDirectoryExcelExport"/>
  <testcase name="System_Admin_Logout_Again" time="5.390" classname="tests_general_settings.EnableDisableDirectoryExcelExport"/>
  <testcase name="auto_Director_Login_Again" time="4.501" classname="tests_general_settings.EnableDisableDirectoryExcelExport"/>
  <testcase name="user_Can_Open_Directory_Again" time="2.806" classname="tests_general_settings.EnableDisableDirectoryExcelExport"/>
  <testcase name="verify_Download_As_Excel_Enabled" time="8.081" classname="tests_general_settings.EnableDisableDirectoryExcelExport">
    <failure type="java.lang.AssertionError" message="did not expect to find [true] but found [false]">
      <![CDATA[java.lang.AssertionError: did not expect to find [true] but found [false]
at org.testng.Assert.fail(Assert.java:97)
at org.testng.Assert.failNotEquals(Assert.java:969)
at org.testng.Assert.assertTrue(Assert.java:43)
at org.testng.Assert.assertTrue(Assert.java:53)
at page_general_settings.GeneralSettingsPage.verify_Download_As_Excel_Displayed(GeneralSettingsPage.java:589)
at page_general_settings.GeneralSettingsPage.verify_Download_As_Excel_Enabled(GeneralSettingsPage.java:611)
at tests_general_settings.EnableDisableDirectoryExcelExport.verify_Download_As_Excel_Enabled(EnableDisableDirectoryExcelExport.java:150)
at sun.reflect.NativeMethodAccessorImpl.invoke0(Native Method)
at sun.reflect.NativeMethodAccessorImpl.invoke(NativeMethodAccessorImpl.java:62)
at sun.reflect.DelegatingMethodAccessorImpl.invoke(DelegatingMethodAccessorImpl.java:43)
at java.lang.reflect.Method.invoke(Method.java:498)
at org.testng.internal.MethodInvocationHelper.invokeMethod(MethodInvocationHelper.java:133)
at org.testng.internal.TestInvoker.invokeMethod(TestInvoker.java:584)
at org.testng.internal.TestInvoker.invokeTestMethod(TestInvoker.java:172)
at org.testng.internal.MethodRunner.runInSequence(MethodRunner.java:46)
at org.testng.internal.TestInvoker$MethodInvocationAgent.invoke(TestInvoker.java:804)
at org.testng.internal.TestInvoker.invokeTestMethods(TestInvoker.java:145)
at org.testng.internal.TestMethodWorker.invokeTestMethods(TestMethodWorker.java:146)
at org.testng.internal.TestMethodWorker.run(TestMethodWorker.java:128)
at java.util.ArrayList.forEach(ArrayList.java:1257)
at org.testng.TestRunner.privateRun(TestRunner.java:770)
at org.testng.TestRunner.run(TestRunner.java:591)
at org.testng.SuiteRunner.runTest(SuiteRunner.java:402)
at org.testng.SuiteRunner.access$000(SuiteRunner.java:41)
at org.testng.SuiteRunner$SuiteWorker.run(SuiteRunner.java:443)
at org.testng.internal.thread.ThreadUtil.lambda$execute$0(ThreadUtil.java:67)
at java.util.concurrent.FutureTask.run(FutureTask.java:266)
at java.util.concurrent.ThreadPoolExecutor.runWorker(ThreadPoolExecutor.java:1149)
at java.util.concurrent.ThreadPoolExecutor$Worker.run(ThreadPoolExecutor.java:624)
at java.lang.Thread.run(Thread.java:748)
]]>
    </failure>
  </testcase> <!-- verify_Download_As_Excel_Enabled -->
</testsuite> <!-- tests_general_settings.EnableDisableDirectoryExcelExport -->
