<?xml version="1.0" encoding="UTF-8"?>
<!-- Generated by org.testng.reporters.JUnitReportReporter -->
<testsuite skipped="0" hostname="CLT-WIN-11717" name="tests_general_settings.DisplayDirectoryByUserCategory" tests="9" failures="0" timestamp="2021-06-15T14:06:45 EDT" time="27.987" errors="0">
  <testcase name="login" time="5.855" classname="tests_general_settings.DisplayDirectoryByUserCategory"/>
  <testcase name="user_Can_Open_Settings" time="2.144" classname="tests_general_settings.DisplayDirectoryByUserCategory"/>
  <testcase name="navigate_To_General_Look_Feel" time="3.032" classname="tests_general_settings.DisplayDirectoryByUserCategory"/>
  <testcase name="select_Display_Columns_By_User_Catergory" time="3.397" classname="tests_general_settings.DisplayDirectoryByUserCategory"/>
  <testcase name="user_Can_Open_Directory" time="1.831" classname="tests_general_settings.DisplayDirectoryByUserCategory"/>
  <testcase name="verify_User_Categories" time="0.929" classname="tests_general_settings.DisplayDirectoryByUserCategory"/>
  <testcase name="user_Can_Open_Settings_2nd_Time" time="1.795" classname="tests_general_settings.DisplayDirectoryByUserCategory"/>
  <testcase name="navigate_To_General_Look_Feel_Agian" time="3.109" classname="tests_general_settings.DisplayDirectoryByUserCategory"/>
  <testcase name="disable_Display_Columns_By_User_Catergory" time="5.895" classname="tests_general_settings.DisplayDirectoryByUserCategory"/>
</testsuite> <!-- tests_general_settings.DisplayDirectoryByUserCategory -->
