<?xml version="1.0" encoding="UTF-8"?>
<!-- Generated by org.testng.reporters.JUnitReportReporter -->
<testsuite skipped="0" hostname="CLT-WIN-11717" name="tests_workroom_library.AddUnorderedWorkflowViewDifferentStates" tests="18" failures="0" timestamp="2021-04-20T11:29:40 EDT" time="134.953" errors="0">
  <testcase name="systemAdmin_login" time="4.996" classname="tests_workroom_library.AddUnorderedWorkflowViewDifferentStates"/>
  <testcase name="user_Open_Library_Page_For_Workroom" time="7.256" classname="tests_workroom_library.AddUnorderedWorkflowViewDifferentStates"/>
  <testcase name="user_Can_Create_New_Book_Add_Title" time="6.555" classname="tests_workroom_library.AddUnorderedWorkflowViewDifferentStates"/>
  <testcase name="user_Can_Add_CoverPage" time="5.883" classname="tests_workroom_library.AddUnorderedWorkflowViewDifferentStates"/>
  <testcase name="user_Add_Agenda_To_Template" time="2.151" classname="tests_workroom_library.AddUnorderedWorkflowViewDifferentStates"/>
  <testcase name="user_Can_Save_Scanned_Book" time="2.989" classname="tests_workroom_library.AddUnorderedWorkflowViewDifferentStates"/>
  <testcase name="user_Add_First_Catagory_To_Scanned_Book" time="5.815" classname="tests_workroom_library.AddUnorderedWorkflowViewDifferentStates"/>
  <testcase name="user_Add_Scanned_Book_To_New_Catagory" time="9.092" classname="tests_workroom_library.AddUnorderedWorkflowViewDifferentStates"/>
  <testcase name="add_Unordered_Workflow_To_Meeting_Book_File_Part_One" time="4.402" classname="tests_workroom_library.AddUnorderedWorkflowViewDifferentStates"/>
  <testcase name="add_Unordered_Approval_Users_WorkroomAdmin_Auto_Director" time="6.983" classname="tests_workroom_library.AddUnorderedWorkflowViewDifferentStates"/>
  <testcase name="add_Workflow_Dates" time="4.405" classname="tests_workroom_library.AddUnorderedWorkflowViewDifferentStates"/>
  <testcase name="verify_Workflow_Created" time="2.164" classname="tests_workroom_library.AddUnorderedWorkflowViewDifferentStates"/>
  <testcase name="add_Second_User_Workflow" time="25.284" classname="tests_workroom_library.AddUnorderedWorkflowViewDifferentStates"/>
  <testcase name="force_Workflow_Approvals_B" time="9.980" classname="tests_workroom_library.AddUnorderedWorkflowViewDifferentStates"/>
  <testcase name="finalize_Workflow_Response" time="10.047" classname="tests_workroom_library.AddUnorderedWorkflowViewDifferentStates"/>
  <testcase name="verify_Pending_AutoDirector_And_Finalized_WorkroomAdmin" time="8.405" classname="tests_workroom_library.AddUnorderedWorkflowViewDifferentStates"/>
  <testcase name="delete_Scanned_Book" time="10.222" classname="tests_workroom_library.AddUnorderedWorkflowViewDifferentStates"/>
  <testcase name="verify_Scanned_Book_Deleted" time="8.324" classname="tests_workroom_library.AddUnorderedWorkflowViewDifferentStates"/>
</testsuite> <!-- tests_workroom_library.AddUnorderedWorkflowViewDifferentStates -->
