<?xml version="1.0" encoding="UTF-8"?>
<!-- Generated by org.testng.reporters.JUnitReportReporter -->
<testsuite skipped="0" hostname="CLT-WIN-11717" name="tests_directory.EditTermInfo" tests="12" failures="0" timestamp="2021-06-11T14:09:17 EDT" time="83.425" errors="0">
  <testcase name="loginBE_SystemAdmin" time="5.099" classname="tests_directory.EditTermInfo"/>
  <testcase name="user_Can_Open_Dirctory" time="2.625" classname="tests_directory.EditTermInfo"/>
  <testcase name="open_Auto_User_6_Profile" time="5.496" classname="tests_directory.EditTermInfo"/>
  <testcase name="configure_TermInfo_with_Officer_Role" time="21.126" classname="tests_directory.EditTermInfo"/>
  <testcase name="user_Can_Open_Dirctory_Again" time="4.152" classname="tests_directory.EditTermInfo"/>
  <testcase name="Open_User_Profile_Again" time="5.469" classname="tests_directory.EditTermInfo"/>
  <testcase name="edit_TermInfo_with_Officer_Role" time="13.642" classname="tests_directory.EditTermInfo"/>
  <testcase name="user_Can_Open_Dirctory_3rd_Time" time="1.797" classname="tests_directory.EditTermInfo"/>
  <testcase name="Open_User_Profile_3rd_Time" time="5.510" classname="tests_directory.EditTermInfo"/>
  <testcase name="verify_Term_Change" time="2.587" classname="tests_directory.EditTermInfo"/>
  <testcase name="deleted_Edited_Term_Info" time="8.991" classname="tests_directory.EditTermInfo"/>
  <testcase name="verify_TermInfo_Deleted" time="6.931" classname="tests_directory.EditTermInfo"/>
</testsuite> <!-- tests_directory.EditTermInfo -->
