<?xml version="1.0" encoding="UTF-8"?>
<!-- Generated by org.testng.reporters.JUnitReportReporter -->
<testsuite skipped="0" hostname="CLT-WIN-11717" name="tests_workroom_collaborate.ArchiveSurvey" tests="11" failures="0" timestamp="2021-06-25T10:34:54 EDT" time="94.256" errors="0">
  <testcase name="login" time="5.230" classname="tests_workroom_collaborate.ArchiveSurvey"/>
  <testcase name="admin_Open_Workroom_AutoBE_Collaborate" time="8.683" classname="tests_workroom_collaborate.ArchiveSurvey"/>
  <testcase name="create_Survey" time="7.547" classname="tests_workroom_collaborate.ArchiveSurvey"/>
  <testcase name="create_TextField_Question" time="8.179" classname="tests_workroom_collaborate.ArchiveSurvey"/>
  <testcase name="create_CheckBox_Question" time="13.532" classname="tests_workroom_collaborate.ArchiveSurvey"/>
  <testcase name="create_DropdownList_Question" time="12.773" classname="tests_workroom_collaborate.ArchiveSurvey"/>
  <testcase name="add_Survey_Respondents" time="7.632" classname="tests_workroom_collaborate.ArchiveSurvey"/>
  <testcase name="build_Survey_Make_Visible" time="9.591" classname="tests_workroom_collaborate.ArchiveSurvey"/>
  <testcase name="archive_Survey_2" time="4.944" classname="tests_workroom_collaborate.ArchiveSurvey"/>
  <testcase name="delete_Archived_Survey_2" time="11.028" classname="tests_workroom_collaborate.ArchiveSurvey"/>
  <testcase name="verify_Survey_2_NOT_Present" time="5.117" classname="tests_workroom_collaborate.ArchiveSurvey"/>
</testsuite> <!-- tests_workroom_collaborate.ArchiveSurvey -->
