<?xml version="1.0" encoding="UTF-8"?>
<!-- Generated by org.testng.reporters.JUnitReportReporter -->
<testsuite skipped="0" hostname="CLT-WIN-11717" name="tests_workroom_collaborate.AddFileToSurvey" tests="11" failures="0" timestamp="2021-06-24T13:43:49 EDT" time="104.249" errors="0">
  <testcase name="login" time="4.918" classname="tests_workroom_collaborate.AddFileToSurvey"/>
  <testcase name="create_Survey_Template" time="7.984" classname="tests_workroom_collaborate.AddFileToSurvey"/>
  <testcase name="admin_Open_Workroom_AutoBE_Collaborate" time="7.398" classname="tests_workroom_collaborate.AddFileToSurvey"/>
  <testcase name="create_TextField_Question" time="8.519" classname="tests_workroom_collaborate.AddFileToSurvey"/>
  <testcase name="create_CheckBox_Question" time="13.898" classname="tests_workroom_collaborate.AddFileToSurvey"/>
  <testcase name="create_DropdownList_Question" time="12.802" classname="tests_workroom_collaborate.AddFileToSurvey"/>
  <testcase name="add_Survey_Respondents" time="12.223" classname="tests_workroom_collaborate.AddFileToSurvey"/>
  <testcase name="build_Survey_Make_Visible" time="9.412" classname="tests_workroom_collaborate.AddFileToSurvey"/>
  <testcase name="add_File_To_Survey_1" time="11.101" classname="tests_workroom_collaborate.AddFileToSurvey"/>
  <testcase name="verify_File_Added_To_Survey_1" time="7.871" classname="tests_workroom_collaborate.AddFileToSurvey"/>
  <testcase name="delete_Survey_1" time="8.123" classname="tests_workroom_collaborate.AddFileToSurvey"/>
</testsuite> <!-- tests_workroom_collaborate.AddFileToSurvey -->
