<?xml version="1.0" encoding="UTF-8"?>
<!-- Generated by org.testng.reporters.JUnitReportReporter -->
<testsuite skipped="0" hostname="CLT-WIN-11717" name="tests_workroom_library.ArchiveRestoreMeetingBook" tests="14" failures="0" timestamp="2021-05-24T09:00:15 EDT" time="114.201" errors="0">
  <testcase name="autoUser_login" time="6.963" classname="tests_workroom_library.ArchiveRestoreMeetingBook"/>
  <testcase name="user_Can_Open_Library_Page_For_Workroom" time="7.164" classname="tests_workroom_library.ArchiveRestoreMeetingBook"/>
  <testcase name="user_Can_Create_Book_And_Add_Title" time="4.300" classname="tests_workroom_library.ArchiveRestoreMeetingBook"/>
  <testcase name="user_Can_Add_Cover_Page" time="4.644" classname="tests_workroom_library.ArchiveRestoreMeetingBook"/>
  <testcase name="user_Can_Add_Agenda" time="2.458" classname="tests_workroom_library.ArchiveRestoreMeetingBook"/>
  <testcase name="user_Can_Save_Book_And_Continue" time="3.485" classname="tests_workroom_library.ArchiveRestoreMeetingBook"/>
  <testcase name="user_Add_First_Catagory_To_Book" time="6.916" classname="tests_workroom_library.ArchiveRestoreMeetingBook"/>
  <testcase name="user_Add_File_1_To_First_Catagory" time="22.269" classname="tests_workroom_library.ArchiveRestoreMeetingBook"/>
  <testcase name="user_Can_Build_Book" time="15.459" classname="tests_workroom_library.ArchiveRestoreMeetingBook"/>
  <testcase name="make_Book_Visible" time="5.788" classname="tests_workroom_library.ArchiveRestoreMeetingBook"/>
  <testcase name="archive_Meeting_Book" time="9.097" classname="tests_workroom_library.ArchiveRestoreMeetingBook"/>
  <testcase name="restore_Meeting_Book" time="4.227" classname="tests_workroom_library.ArchiveRestoreMeetingBook"/>
  <testcase name="delete_Archived_Meeting_Book" time="9.511" classname="tests_workroom_library.ArchiveRestoreMeetingBook"/>
  <testcase name="verify_Meeting_Books_Deleted" time="11.920" classname="tests_workroom_library.ArchiveRestoreMeetingBook"/>
</testsuite> <!-- tests_workroom_library.ArchiveRestoreMeetingBook -->
