<?xml version="1.0" encoding="UTF-8"?>
<!-- Generated by org.testng.reporters.JUnitReportReporter -->
<testsuite skipped="0" hostname="CLT-WIN-11717" name="tests_critical_scenarios.LoginEnglishSystemAdmin" tests="5" failures="0" timestamp="2021-06-17T08:33:48 EDT" time="25.060" errors="0">
  <testcase name="systemAdmin_login" time="5.623" classname="tests_critical_scenarios.LoginEnglishSystemAdmin"/>
  <testcase name="user_Can_Open_Directory" time="2.603" classname="tests_critical_scenarios.LoginEnglishSystemAdmin"/>
  <testcase name="open_User_Profile_SystemAdminEng" time="7.207" classname="tests_critical_scenarios.LoginEnglishSystemAdmin"/>
  <testcase name="navigate_To_English_Language" time="6.901" classname="tests_critical_scenarios.LoginEnglishSystemAdmin"/>
  <testcase name="system_Admin_Logout" time="2.726" classname="tests_critical_scenarios.LoginEnglishSystemAdmin"/>
</testsuite> <!-- tests_critical_scenarios.LoginEnglishSystemAdmin -->
