<?xml version="1.0" encoding="UTF-8"?>
<!-- Generated by org.testng.reporters.JUnitReportReporter -->
<testsuite skipped="0" hostname="CLT-WIN-11717" name="tests_settings.TermInfoWithEverythingSettings" tests="7" failures="0" timestamp="2021-06-23T16:24:15 EDT" time="52.617" errors="0">
  <testcase name="loginBE_SystemAdmin" time="5.117" classname="tests_settings.TermInfoWithEverythingSettings"/>
  <testcase name="open_Settings_Manage_Users" time="4.473" classname="tests_settings.TermInfoWithEverythingSettings"/>
  <testcase name="configure_TermInfo_with_Officer_Role_Settings" time="17.396" classname="tests_settings.TermInfoWithEverythingSettings"/>
  <testcase name="user_Can_Open_Dirctory_Again" time="4.028" classname="tests_settings.TermInfoWithEverythingSettings"/>
  <testcase name="open_Test_Reset_User_Profile" time="6.471" classname="tests_settings.TermInfoWithEverythingSettings"/>
  <testcase name="verify_Delete_TermInfo" time="8.764" classname="tests_settings.TermInfoWithEverythingSettings"/>
  <testcase name="verify_TermInfo_Deleted" time="6.368" classname="tests_settings.TermInfoWithEverythingSettings"/>
</testsuite> <!-- tests_settings.TermInfoWithEverythingSettings -->
