<?xml version="1.0" encoding="UTF-8"?>
<!-- Generated by org.testng.reporters.JUnitReportReporter -->
<testsuite skipped="0" hostname="CLT-WIN-11717" name="tests_settings.SetUserToVisible" tests="14" failures="0" timestamp="2021-06-23T10:40:54 EDT" time="61.606" errors="0">
  <testcase name="system_Admin_Login" time="5.338" classname="tests_settings.SetUserToVisible"/>
  <testcase name="user_Can_Open_Directory" time="2.823" classname="tests_settings.SetUserToVisible"/>
  <testcase name="Open_User_Test_User_Profile" time="4.709" classname="tests_settings.SetUserToVisible"/>
  <testcase name="set_Test_User_To_Visible" time="8.980" classname="tests_settings.SetUserToVisible"/>
  <testcase name="user_Can_Logout_System_Admin" time="2.806" classname="tests_settings.SetUserToVisible"/>
  <testcase name="user_Can_Login" time="6.785" classname="tests_settings.SetUserToVisible"/>
  <testcase name="user_Can_Open_Directory_Auto_Director" time="2.564" classname="tests_settings.SetUserToVisible"/>
  <testcase name="verify_Auto_User_21_In_List" time="2.422" classname="tests_settings.SetUserToVisible"/>
  <testcase name="user_Can_Logout_Auto_Director" time="2.636" classname="tests_settings.SetUserToVisible"/>
  <testcase name="system_Admin_Login_2nd_Time" time="5.011" classname="tests_settings.SetUserToVisible"/>
  <testcase name="system_Admin_Open_Directory_2nd_Time" time="1.862" classname="tests_settings.SetUserToVisible"/>
  <testcase name="open_Test_User_Permisions_2nd_Time" time="5.724" classname="tests_settings.SetUserToVisible"/>
  <testcase name="verify_Set_User_To_Visible" time="7.905" classname="tests_settings.SetUserToVisible"/>
  <testcase name="user_Close_Directory_2nd_time" time="2.041" classname="tests_settings.SetUserToVisible"/>
</testsuite> <!-- tests_settings.SetUserToVisible -->
