<?xml version="1.0" encoding="UTF-8"?>
<!-- Generated by org.testng.reporters.JUnitReportReporter -->
<testsuite skipped="0" hostname="CLT-WIN-11717" name="tests_workroom_collaborate.ViewSchedulersSettings" tests="8" failures="0" timestamp="2021-06-24T14:35:51 EDT" time="73.256" errors="0">
  <testcase name="login" time="5.317" classname="tests_workroom_collaborate.ViewSchedulersSettings"/>
  <testcase name="create_Scheduler" time="13.714" classname="tests_workroom_collaborate.ViewSchedulersSettings"/>
  <testcase name="create_Schedulers_Option" time="12.552" classname="tests_workroom_collaborate.ViewSchedulersSettings"/>
  <testcase name="add_Scheduler_Respondents" time="9.529" classname="tests_workroom_collaborate.ViewSchedulersSettings"/>
  <testcase name="build_Scheduler_Make_Visible" time="9.231" classname="tests_workroom_collaborate.ViewSchedulersSettings"/>
  <testcase name="view_Schedulers_1_Settings" time="8.813" classname="tests_workroom_collaborate.ViewSchedulersSettings"/>
  <testcase name="delete_Schedulers_1" time="9.004" classname="tests_workroom_collaborate.ViewSchedulersSettings"/>
  <testcase name="verify_Scheduler_1_Deleted" time="5.096" classname="tests_workroom_collaborate.ViewSchedulersSettings"/>
</testsuite> <!-- tests_workroom_collaborate.ViewSchedulersSettings -->
