<?xml version="1.0" encoding="UTF-8"?>
<!-- Generated by org.testng.reporters.JUnitReportReporter -->
<testsuite skipped="0" hostname="CLT-WIN-11717" name="tests_resource_library.ViewListOfSecuredFolders" tests="12" failures="0" timestamp="2021-06-21T12:14:10 EDT" time="64.223" errors="0">
  <testcase name="systemAdmin_login" time="5.472" classname="tests_resource_library.ViewListOfSecuredFolders"/>
  <testcase name="user_Can_Open_Libraries_Form" time="3.344" classname="tests_resource_library.ViewListOfSecuredFolders"/>
  <testcase name="user_Can_Create_Resource_Library_Folder" time="5.831" classname="tests_resource_library.ViewListOfSecuredFolders"/>
  <testcase name="user_Can_Open_Libraries_Form_2nd_Time" time="2.664" classname="tests_resource_library.ViewListOfSecuredFolders"/>
  <testcase name="user_Can_Add_Security_To_Folder_18" time="8.733" classname="tests_resource_library.ViewListOfSecuredFolders"/>
  <testcase name="user_Can_Open_Libraries_Form_3rd_Time" time="2.544" classname="tests_resource_library.ViewListOfSecuredFolders"/>
  <testcase name="user_Can_Create_2nd_Resource_Library_Folder" time="5.062" classname="tests_resource_library.ViewListOfSecuredFolders"/>
  <testcase name="user_Can_Open_Libraries_Form_4th_Time" time="2.541" classname="tests_resource_library.ViewListOfSecuredFolders"/>
  <testcase name="user_Can_Add_Security_To_Folder_19" time="9.450" classname="tests_resource_library.ViewListOfSecuredFolders"/>
  <testcase name="user_Can_Open_Libraries_Form_5th_Time" time="2.532" classname="tests_resource_library.ViewListOfSecuredFolders"/>
  <testcase name="verify_Folders_18_19_In_Secured_Folders_Catergory" time="3.092" classname="tests_resource_library.ViewListOfSecuredFolders"/>
  <testcase name="user_Delete_Both_18_19_Folders" time="12.958" classname="tests_resource_library.ViewListOfSecuredFolders"/>
</testsuite> <!-- tests_resource_library.ViewListOfSecuredFolders -->
