<?xml version="1.0" encoding="UTF-8"?>
<!-- Generated by org.testng.reporters.JUnitReportReporter -->
<testsuite skipped="0" hostname="CLT-WIN-11717" name="tests_workroom_events.AgendaTab2" tests="5" failures="0" timestamp="2021-05-24T11:49:30 EDT" time="76.649" errors="0">
  <testcase name="autoUser_login" time="8.796" classname="tests_workroom_events.AgendaTab2"/>
  <testcase name="user_Navigate_To_December_25th_Event" time="49.637" classname="tests_workroom_events.AgendaTab2"/>
  <testcase name="verify_IEEE_Book_Agenda_Outline" time="2.236" classname="tests_workroom_events.AgendaTab2"/>
  <testcase name="open_IEEE_Meeting_Book" time="9.699" classname="tests_workroom_events.AgendaTab2"/>
  <testcase name="verify_Back_To_Orginal_Tab" time="6.281" classname="tests_workroom_events.AgendaTab2"/>
</testsuite> <!-- tests_workroom_events.AgendaTab2 -->
