<?xml version="1.0" encoding="UTF-8"?>
<!-- Generated by org.testng.reporters.JUnitReportReporter -->
<testsuite skipped="0" hostname="CLT-WIN-11717" name="tests_directory.TermInfoWithEverythingNoEndDate" tests="9" failures="0" timestamp="2021-06-14T10:25:54 EDT" time="66.144" errors="0">
  <testcase name="loginBE_SystemAdmin" time="8.185" classname="tests_directory.TermInfoWithEverythingNoEndDate"/>
  <testcase name="user_Can_Open_Dirctory" time="2.088" classname="tests_directory.TermInfoWithEverythingNoEndDate"/>
  <testcase name="Open_User_Profile" time="6.487" classname="tests_directory.TermInfoWithEverythingNoEndDate"/>
  <testcase name="configure_TermInfo_Workroom_No_End_Date" time="20.670" classname="tests_directory.TermInfoWithEverythingNoEndDate"/>
  <testcase name="close_Profile_TermInfo" time="7.374" classname="tests_directory.TermInfoWithEverythingNoEndDate"/>
  <testcase name="user_Can_Open_Dirctory_Again" time="1.788" classname="tests_directory.TermInfoWithEverythingNoEndDate"/>
  <testcase name="Open_User_Profile_Again" time="5.518" classname="tests_directory.TermInfoWithEverythingNoEndDate"/>
  <testcase name="delete_TermInfo" time="7.645" classname="tests_directory.TermInfoWithEverythingNoEndDate"/>
  <testcase name="verify_TermInfo_Deleted" time="6.389" classname="tests_directory.TermInfoWithEverythingNoEndDate"/>
</testsuite> <!-- tests_directory.TermInfoWithEverythingNoEndDate -->
