<?xml version="1.0" encoding="UTF-8"?>
<!-- Generated by org.testng.reporters.JUnitReportReporter -->
<testsuite skipped="0" hostname="CLT-WIN-11717" name="tests_workroom_collaborate.RespondToTask" tests="17" failures="0" timestamp="2021-05-03T23:17:46 EDT" time="114.017" errors="0">
  <testcase name="login" time="4.986" classname="tests_workroom_collaborate.RespondToTask"/>
  <testcase name="add_Task_Group" time="17.398" classname="tests_workroom_collaborate.RespondToTask"/>
  <testcase name="create_Task_FillForm" time="7.729" classname="tests_workroom_collaborate.RespondToTask"/>
  <testcase name="create_Task_AttachFile" time="3.636" classname="tests_workroom_collaborate.RespondToTask"/>
  <testcase name="create_Task_LinkGroup" time="6.940" classname="tests_workroom_collaborate.RespondToTask"/>
  <testcase name="create_Task_Add_Users" time="5.456" classname="tests_workroom_collaborate.RespondToTask"/>
  <testcase name="verify_Task_Group_And_Task_Created" time="1.178" classname="tests_workroom_collaborate.RespondToTask"/>
  <testcase name="user_Log_Out" time="2.751" classname="tests_workroom_collaborate.RespondToTask"/>
  <testcase name="login_As_Automation_Tester" time="4.219" classname="tests_workroom_collaborate.RespondToTask"/>
  <testcase name="navigate_To_Task" time="7.801" classname="tests_workroom_collaborate.RespondToTask"/>
  <testcase name="respond_To_Task" time="1.602" classname="tests_workroom_collaborate.RespondToTask"/>
  <testcase name="user_Log_Out_Again" time="2.669" classname="tests_workroom_collaborate.RespondToTask"/>
  <testcase name="login_As_SystemAdmin" time="4.203" classname="tests_workroom_collaborate.RespondToTask"/>
  <testcase name="navigate_To_Task_Again" time="7.407" classname="tests_workroom_collaborate.RespondToTask"/>
  <testcase name="verify_Response_To_Task" time="8.272" classname="tests_workroom_collaborate.RespondToTask"/>
  <testcase name="delete_Task" time="9.477" classname="tests_workroom_collaborate.RespondToTask"/>
  <testcase name="delete_Group" time="18.293" classname="tests_workroom_collaborate.RespondToTask"/>
</testsuite> <!-- tests_workroom_collaborate.RespondToTask -->
