<?xml version="1.0" encoding="UTF-8"?>
<!-- Generated by org.testng.reporters.JUnitReportReporter -->
<testsuite skipped="0" hostname="CLT-WIN-11717" name="tests_settings.CreateEditDeleteCustomFields" tests="9" failures="0" timestamp="2021-06-21T16:56:14 EDT" time="37.896" errors="0">
  <testcase name="systemAdmin_login" time="5.120" classname="tests_settings.CreateEditDeleteCustomFields"/>
  <testcase name="user_Opens_Settings_Opens_Workroom_And_Group_Settings" time="2.308" classname="tests_settings.CreateEditDeleteCustomFields"/>
  <testcase name="create_Custom_Field_Group" time="7.863" classname="tests_settings.CreateEditDeleteCustomFields"/>
  <testcase name="user_Opens_Settings_Opens_Workroom_And_Group_Settings_2nd_Time" time="2.216" classname="tests_settings.CreateEditDeleteCustomFields"/>
  <testcase name="edit_Custom_Field_Group" time="6.373" classname="tests_settings.CreateEditDeleteCustomFields"/>
  <testcase name="user_Opens_Settings_Opens_Workroom_And_Group_Settings_3rd_Time" time="2.205" classname="tests_settings.CreateEditDeleteCustomFields"/>
  <testcase name="delete_Custom_Field_Group" time="4.261" classname="tests_settings.CreateEditDeleteCustomFields"/>
  <testcase name="user_Opens_Settings_Opens_Workroom_And_Group_Settings_4th_Time" time="2.162" classname="tests_settings.CreateEditDeleteCustomFields"/>
  <testcase name="verify_Custom_Field_Group_Deleted" time="5.388" classname="tests_settings.CreateEditDeleteCustomFields"/>
</testsuite> <!-- tests_settings.CreateEditDeleteCustomFields -->
