<?xml version="1.0" encoding="UTF-8"?>
<!-- Generated by org.testng.reporters.JUnitReportReporter -->
<testsuite skipped="0" hostname="CLT-WIN-11717" name="tests_critical_scenarios.CreatePollQuestionAndDelete" tests="6" failures="0" timestamp="2021-06-03T07:43:05 EDT" time="53.744" errors="0">
  <testcase name="login" time="7.097" classname="tests_critical_scenarios.CreatePollQuestionAndDelete"/>
  <testcase name="create_Poll" time="12.530" classname="tests_critical_scenarios.CreatePollQuestionAndDelete"/>
  <testcase name="create_Poll_Question" time="5.999" classname="tests_critical_scenarios.CreatePollQuestionAndDelete"/>
  <testcase name="add_Poll_Respondents" time="13.082" classname="tests_critical_scenarios.CreatePollQuestionAndDelete"/>
  <testcase name="build_Poll_Make_Visible" time="8.970" classname="tests_critical_scenarios.CreatePollQuestionAndDelete"/>
  <testcase name="delete_Poll" time="6.066" classname="tests_critical_scenarios.CreatePollQuestionAndDelete"/>
</testsuite> <!-- tests_critical_scenarios.CreatePollQuestionAndDelete -->
