<?xml version="1.0" encoding="UTF-8"?>
<!-- Generated by org.testng.reporters.JUnitReportReporter -->
<testsuite skipped="0" hostname="CLT-WIN-11717" name="tests_resource_library.AddApproversToFile" tests="12" failures="0" timestamp="2021-06-16T14:52:36 EDT" time="92.097" errors="0">
  <testcase name="systemAdmin_login" time="14.259" classname="tests_resource_library.AddApproversToFile"/>
  <testcase name="user_Can_Open_Libraries_Form" time="6.883" classname="tests_resource_library.AddApproversToFile"/>
  <testcase name="user_Can_Create_2nd_Resource_Library_Folder" time="7.330" classname="tests_resource_library.AddApproversToFile"/>
  <testcase name="user_Can_Open_Libraries_Form_2nd_Time" time="5.370" classname="tests_resource_library.AddApproversToFile"/>
  <testcase name="user_Can_Add_File_Folder_4" time="9.214" classname="tests_resource_library.AddApproversToFile"/>
  <testcase name="user_Can_Add_Security_To_File" time="14.489" classname="tests_resource_library.AddApproversToFile"/>
  <testcase name="user_Can_Open_Libraries_Form_3rd_Time" time="4.532" classname="tests_resource_library.AddApproversToFile"/>
  <testcase name="user_Can_Verify_Approvers_Added_To_New_Folder_4" time="10.040" classname="tests_resource_library.AddApproversToFile"/>
  <testcase name="user_Can_Open_Libraries_Form_4th_Time" time="4.207" classname="tests_resource_library.AddApproversToFile"/>
  <testcase name="user_Delete_Folder_2" time="6.405" classname="tests_resource_library.AddApproversToFile"/>
  <testcase name="user_Can_Open_Libraries_Form_5th_Time" time="4.244" classname="tests_resource_library.AddApproversToFile"/>
  <testcase name="verify_Folder_Deleted" time="5.124" classname="tests_resource_library.AddApproversToFile"/>
</testsuite> <!-- tests_resource_library.AddApproversToFile -->
