<?xml version="1.0" encoding="UTF-8"?>
<!-- Generated by org.testng.reporters.JUnitReportReporter -->
<testsuite skipped="0" hostname="CLT-WIN-11717" name="tests_directory.AddRemoveProfileResume" tests="10" failures="0" timestamp="2021-06-14T09:42:48 EDT" time="49.613" errors="0">
  <testcase name="login_BE_SystemAdmin" time="5.597" classname="tests_directory.AddRemoveProfileResume"/>
  <testcase name="user_Can_Open_Dirctory" time="2.606" classname="tests_directory.AddRemoveProfileResume"/>
  <testcase name="open_User_Profile" time="4.959" classname="tests_directory.AddRemoveProfileResume"/>
  <testcase name="add_Resume_To_Profile" time="5.785" classname="tests_directory.AddRemoveProfileResume"/>
  <testcase name="user_Can_Open_Dirctory_Again" time="1.816" classname="tests_directory.AddRemoveProfileResume"/>
  <testcase name="open_Auto_User_2_Profile" time="4.909" classname="tests_directory.AddRemoveProfileResume"/>
  <testcase name="delete_Resume" time="8.448" classname="tests_directory.AddRemoveProfileResume"/>
  <testcase name="user_Can_Open_Dirctory_3rd_Time" time="2.626" classname="tests_directory.AddRemoveProfileResume"/>
  <testcase name="open_Auto_User_2_Profile_3rd_Time" time="4.885" classname="tests_directory.AddRemoveProfileResume"/>
  <testcase name="verify_Resume_Deleted" time="7.982" classname="tests_directory.AddRemoveProfileResume"/>
</testsuite> <!-- tests_directory.AddRemoveProfileResume -->
