<?xml version="1.0" encoding="UTF-8"?>
<!-- Generated by org.testng.reporters.JUnitReportReporter -->
<testsuite skipped="0" hostname="CLT-WIN-11717" name="tests_critical_scenarios.LoginForeignLanguageSystemAdmin" tests="12" failures="0" timestamp="2021-06-17T09:13:49 EDT" time="64.462" errors="0">
  <testcase name="systemAdmin_login" time="6.858" classname="tests_critical_scenarios.LoginForeignLanguageSystemAdmin"/>
  <testcase name="user_Can_Open_Directory" time="2.616" classname="tests_critical_scenarios.LoginForeignLanguageSystemAdmin"/>
  <testcase name="open_Admin_Profile_AutoAdminUserGS11" time="7.169" classname="tests_critical_scenarios.LoginForeignLanguageSystemAdmin"/>
  <testcase name="select_Foreign_Language_Spanish" time="10.339" classname="tests_critical_scenarios.LoginForeignLanguageSystemAdmin"/>
  <testcase name="system_Admin_Logout" time="2.789" classname="tests_critical_scenarios.LoginForeignLanguageSystemAdmin"/>
  <testcase name="systemAdmin_Login_Spanish" time="4.649" classname="tests_critical_scenarios.LoginForeignLanguageSystemAdmin"/>
  <testcase name="user_Can_Open_Directory_Spanish" time="2.535" classname="tests_critical_scenarios.LoginForeignLanguageSystemAdmin"/>
  <testcase name="open_Admin_Profile_AutoAdminUserGS11_Spanish" time="8.031" classname="tests_critical_scenarios.LoginForeignLanguageSystemAdmin"/>
  <testcase name="select_Foreign_Language_English" time="9.583" classname="tests_critical_scenarios.LoginForeignLanguageSystemAdmin"/>
  <testcase name="steve_System_Logout_Spanish" time="2.539" classname="tests_critical_scenarios.LoginForeignLanguageSystemAdmin"/>
  <testcase name="systemAdmin_Login_English" time="7.127" classname="tests_critical_scenarios.LoginForeignLanguageSystemAdmin"/>
  <testcase name="verify_Atlas_Left_Nav_Bar" time="0.227" classname="tests_critical_scenarios.LoginForeignLanguageSystemAdmin"/>
</testsuite> <!-- tests_critical_scenarios.LoginForeignLanguageSystemAdmin -->
