<?xml version="1.0" encoding="UTF-8"?>
<!-- Generated by org.testng.reporters.JUnitReportReporter -->
<testsuite skipped="0" hostname="CLT-WIN-11717" name="tests_directory.ViewProfile" tests="4" failures="0" timestamp="2021-06-14T10:25:54 EDT" time="15.877" errors="0">
  <testcase name="loginBE_SystemAdmin" time="5.202" classname="tests_directory.ViewProfile"/>
  <testcase name="user_Can_Open_Dirctory" time="4.949" classname="tests_directory.ViewProfile"/>
  <testcase name="view_Test_Reset_User_Profile" time="5.544" classname="tests_directory.ViewProfile"/>
  <testcase name="verify_Member_Profile_Contents" time="0.182" classname="tests_directory.ViewProfile"/>
</testsuite> <!-- tests_directory.ViewProfile -->
