<?xml version="1.0" encoding="UTF-8"?>
<!-- Generated by org.testng.reporters.JUnitReportReporter -->
<testsuite skipped="0" hostname="CLT-WIN-11717" name="tests_directory.HideUserFromDirectory" tests="13" failures="0" timestamp="2021-06-11T15:26:08 EDT" time="60.938" errors="0">
  <testcase name="loginBE_SystemAdmin" time="6.049" classname="tests_directory.HideUserFromDirectory"/>
  <testcase name="user_Can_Open_Directory" time="2.638" classname="tests_directory.HideUserFromDirectory"/>
  <testcase name="open_User_Profile_AutoTester" time="5.744" classname="tests_directory.HideUserFromDirectory"/>
  <testcase name="enable_Hide_User_From_Directory" time="5.931" classname="tests_directory.HideUserFromDirectory"/>
  <testcase name="System_Admin_Can_Logout" time="2.595" classname="tests_directory.HideUserFromDirectory"/>
  <testcase name="autoUser8_Can_Login" time="4.400" classname="tests_directory.HideUserFromDirectory"/>
  <testcase name="test_Reset_Can_Open_Directory" time="3.939" classname="tests_directory.HideUserFromDirectory"/>
  <testcase name="verify_Auto_User_8_Not_Present" time="10.017" classname="tests_directory.HideUserFromDirectory"/>
  <testcase name="test_Reset_Can_Logout" time="2.654" classname="tests_directory.HideUserFromDirectory"/>
  <testcase name="system_Admin_Can_Login" time="4.240" classname="tests_directory.HideUserFromDirectory"/>
  <testcase name="system_Admin_Can_Open_Directory" time="1.842" classname="tests_directory.HideUserFromDirectory"/>
  <testcase name="open_User_Profile_Test_Reset_2nd_Time" time="5.551" classname="tests_directory.HideUserFromDirectory"/>
  <testcase name="disable_Hide_User_From_Directory" time="5.338" classname="tests_directory.HideUserFromDirectory"/>
</testsuite> <!-- tests_directory.HideUserFromDirectory -->
