<?xml version="1.0" encoding="UTF-8"?>
<!-- Generated by org.testng.reporters.JUnitReportReporter -->
<testsuite skipped="0" hostname="CLT-WIN-11717" name="tests_workroom_home.MessageWorkroomUsersDiffTabs" tests="3" failures="0" timestamp="2021-06-14T14:58:59 EDT" time="32.897" errors="0">
  <testcase name="loginBE_SystemAdmin" time="8.058" classname="tests_workroom_home.MessageWorkroomUsersDiffTabs"/>
  <testcase name="message_Workroom_Users_Diff_Tabs" time="17.658" classname="tests_workroom_home.MessageWorkroomUsersDiffTabs"/>
  <testcase name="verify_Message_Sent_To_BoardMembers" time="7.181" classname="tests_workroom_home.MessageWorkroomUsersDiffTabs"/>
</testsuite> <!-- tests_workroom_home.MessageWorkroomUsersDiffTabs -->
