<?xml version="1.0" encoding="UTF-8"?>
<!-- Generated by org.testng.reporters.JUnitReportReporter -->
<testsuite skipped="0" hostname="CLT-WIN-11717" name="tests_critical_scenarios.CreateTaskAndTaskGroup" tests="10" failures="0" timestamp="2021-06-03T07:43:05 EDT" time="100.455" errors="0">
  <testcase name="login" time="7.000" classname="tests_critical_scenarios.CreateTaskAndTaskGroup"/>
  <testcase name="add_Task_Group" time="19.167" classname="tests_critical_scenarios.CreateTaskAndTaskGroup"/>
  <testcase name="create_Task_FillForm" time="8.722" classname="tests_critical_scenarios.CreateTaskAndTaskGroup"/>
  <testcase name="create_Task_AttachFile" time="3.658" classname="tests_critical_scenarios.CreateTaskAndTaskGroup"/>
  <testcase name="create_Task_LinkGroup" time="7.362" classname="tests_critical_scenarios.CreateTaskAndTaskGroup"/>
  <testcase name="create_Task_Add_Users" time="5.909" classname="tests_critical_scenarios.CreateTaskAndTaskGroup"/>
  <testcase name="verify_Task_Group_And_Task_Created" time="1.210" classname="tests_critical_scenarios.CreateTaskAndTaskGroup"/>
  <testcase name="edit_Task" time="20.200" classname="tests_critical_scenarios.CreateTaskAndTaskGroup"/>
  <testcase name="delete_Task" time="8.618" classname="tests_critical_scenarios.CreateTaskAndTaskGroup"/>
  <testcase name="delete_Group" time="18.609" classname="tests_critical_scenarios.CreateTaskAndTaskGroup"/>
</testsuite> <!-- tests_critical_scenarios.CreateTaskAndTaskGroup -->
