<?xml version="1.0" encoding="UTF-8"?>
<!-- Generated by org.testng.reporters.JUnitReportReporter -->
<testsuite skipped="0" hostname="CLT-WIN-11717" name="tests_resource_library.CreateSubFoldersInViewOnlyFolder" tests="12" failures="0" timestamp="2021-06-16T15:33:47 EDT" time="40.260" errors="0">
  <testcase name="systemAdmin_login" time="5.399" classname="tests_resource_library.CreateSubFoldersInViewOnlyFolder"/>
  <testcase name="user_Can_Open_Libraries_Form" time="2.245" classname="tests_resource_library.CreateSubFoldersInViewOnlyFolder"/>
  <testcase name="create_View_Only_Resource_Library_SubFolders_In_View_Only_Folder" time="6.924" classname="tests_resource_library.CreateSubFoldersInViewOnlyFolder"/>
  <testcase name="user_Can_Open_Libraries_Form_2nd_Time" time="1.721" classname="tests_resource_library.CreateSubFoldersInViewOnlyFolder"/>
  <testcase name="user_Can_Create_SubFolder1_In_Folder" time="5.441" classname="tests_resource_library.CreateSubFoldersInViewOnlyFolder"/>
  <testcase name="verify_Sub_Folder1_Created" time="0.188" classname="tests_resource_library.CreateSubFoldersInViewOnlyFolder"/>
  <testcase name="user_Can_Create_SubFolder2_In_Folder" time="3.405" classname="tests_resource_library.CreateSubFoldersInViewOnlyFolder"/>
  <testcase name="verify_Sub_Folder2_Created" time="1.329" classname="tests_resource_library.CreateSubFoldersInViewOnlyFolder"/>
  <testcase name="user_Can_Open_Libraries_Form_5th_Time" time="1.754" classname="tests_resource_library.CreateSubFoldersInViewOnlyFolder"/>
  <testcase name="user_Can_Delete_View_Only_Folder" time="4.900" classname="tests_resource_library.CreateSubFoldersInViewOnlyFolder"/>
  <testcase name="user_Can_Open_Libraries_Form_6th_Time" time="1.742" classname="tests_resource_library.CreateSubFoldersInViewOnlyFolder"/>
  <testcase name="verify_Folder_Sub_Folders_In_View_Only_NOT_Present" time="5.212" classname="tests_resource_library.CreateSubFoldersInViewOnlyFolder"/>
</testsuite> <!-- tests_resource_library.CreateSubFoldersInViewOnlyFolder -->
