<?xml version="1.0" encoding="UTF-8"?>
<!-- Generated by org.testng.reporters.JUnitReportReporter -->
<testsuite skipped="0" hostname="CLT-WIN-11717" name="tests_workroom_library.VoteForApprovalMultipleFilesUnorderedWorkflowViaDrawer" tests="30" failures="0" timestamp="2021-05-25T08:34:02 EDT" time="193.061" errors="0">
  <testcase name="systemAdmin_login" time="6.638" classname="tests_workroom_library.VoteForApprovalMultipleFilesUnorderedWorkflowViaDrawer"/>
  <testcase name="user_Open_Library_Page_For_Workroom" time="7.718" classname="tests_workroom_library.VoteForApprovalMultipleFilesUnorderedWorkflowViaDrawer"/>
  <testcase name="user_Can_Create_New_Book_Add_Title" time="4.028" classname="tests_workroom_library.VoteForApprovalMultipleFilesUnorderedWorkflowViaDrawer"/>
  <testcase name="user_Can_Add_CoverPage" time="5.803" classname="tests_workroom_library.VoteForApprovalMultipleFilesUnorderedWorkflowViaDrawer"/>
  <testcase name="user_Add_Agenda_To_Template" time="2.206" classname="tests_workroom_library.VoteForApprovalMultipleFilesUnorderedWorkflowViaDrawer"/>
  <testcase name="user_Can_Save_Scanned_Book" time="3.256" classname="tests_workroom_library.VoteForApprovalMultipleFilesUnorderedWorkflowViaDrawer"/>
  <testcase name="user_Add_First_Catagory_To_Scanned_Book" time="5.855" classname="tests_workroom_library.VoteForApprovalMultipleFilesUnorderedWorkflowViaDrawer"/>
  <testcase name="user_Add_Multiple_PDF_Files_To_New_Catagory" time="9.045" classname="tests_workroom_library.VoteForApprovalMultipleFilesUnorderedWorkflowViaDrawer"/>
  <testcase name="add_Unordered_Workflow_To_Meeting_Book_File" time="4.395" classname="tests_workroom_library.VoteForApprovalMultipleFilesUnorderedWorkflowViaDrawer"/>
  <testcase name="add_Single_User_Unordered_Approval_WorkroomAdmin" time="7.068" classname="tests_workroom_library.VoteForApprovalMultipleFilesUnorderedWorkflowViaDrawer"/>
  <testcase name="add_Workflow_Dates" time="4.560" classname="tests_workroom_library.VoteForApprovalMultipleFilesUnorderedWorkflowViaDrawer"/>
  <testcase name="verify_Workflow_Created" time="2.314" classname="tests_workroom_library.VoteForApprovalMultipleFilesUnorderedWorkflowViaDrawer"/>
  <testcase name="add_Unordered_Workflow_To_Meeting_Book_File_2" time="4.337" classname="tests_workroom_library.VoteForApprovalMultipleFilesUnorderedWorkflowViaDrawer"/>
  <testcase name="add_Single_User_Unordered_Approval_WorkroomAdmin_2" time="6.998" classname="tests_workroom_library.VoteForApprovalMultipleFilesUnorderedWorkflowViaDrawer"/>
  <testcase name="add_Workflow_Dates_2" time="4.523" classname="tests_workroom_library.VoteForApprovalMultipleFilesUnorderedWorkflowViaDrawer"/>
  <testcase name="verify_Workflow_Created_And_Response" time="2.087" classname="tests_workroom_library.VoteForApprovalMultipleFilesUnorderedWorkflowViaDrawer"/>
  <testcase name="add_Unordered_Workflow_To_Meeting_Book_File_3" time="4.344" classname="tests_workroom_library.VoteForApprovalMultipleFilesUnorderedWorkflowViaDrawer"/>
  <testcase name="add_Single_User_Unordered_Approval_WorkroomAdmin_3" time="6.951" classname="tests_workroom_library.VoteForApprovalMultipleFilesUnorderedWorkflowViaDrawer"/>
  <testcase name="add_Workflow_Dates_3" time="4.402" classname="tests_workroom_library.VoteForApprovalMultipleFilesUnorderedWorkflowViaDrawer"/>
  <testcase name="verify_Workflow_Created_And_Response_3" time="2.803" classname="tests_workroom_library.VoteForApprovalMultipleFilesUnorderedWorkflowViaDrawer"/>
  <testcase name="user_Can_Logout" time="2.735" classname="tests_workroom_library.VoteForApprovalMultipleFilesUnorderedWorkflowViaDrawer"/>
  <testcase name="workroomAdmin_Login" time="4.316" classname="tests_workroom_library.VoteForApprovalMultipleFilesUnorderedWorkflowViaDrawer"/>
  <testcase name="user_Can_Open_Actions_Menu_For_Workflow" time="25.841" classname="tests_workroom_library.VoteForApprovalMultipleFilesUnorderedWorkflowViaDrawer"/>
  <testcase name="verify_Workflow_Approved" time="2.115" classname="tests_workroom_library.VoteForApprovalMultipleFilesUnorderedWorkflowViaDrawer"/>
  <testcase name="user_Can_Logout_Again" time="4.429" classname="tests_workroom_library.VoteForApprovalMultipleFilesUnorderedWorkflowViaDrawer"/>
  <testcase name="systemAdmin_Login" time="4.872" classname="tests_workroom_library.VoteForApprovalMultipleFilesUnorderedWorkflowViaDrawer"/>
  <testcase name="user_Open_Library_Page_For_Workroom_2nd_Time" time="6.134" classname="tests_workroom_library.VoteForApprovalMultipleFilesUnorderedWorkflowViaDrawer"/>
  <testcase name="navigate_To_Book_Verify_Responses_Received" time="21.872" classname="tests_workroom_library.VoteForApprovalMultipleFilesUnorderedWorkflowViaDrawer"/>
  <testcase name="delete_Scanned_Book" time="12.827" classname="tests_workroom_library.VoteForApprovalMultipleFilesUnorderedWorkflowViaDrawer"/>
  <testcase name="verify_Scanned_Book_Deleted" time="8.589" classname="tests_workroom_library.VoteForApprovalMultipleFilesUnorderedWorkflowViaDrawer"/>
</testsuite> <!-- tests_workroom_library.VoteForApprovalMultipleFilesUnorderedWorkflowViaDrawer -->
