<?xml version="1.0" encoding="UTF-8"?>
<!-- Generated by org.testng.reporters.JUnitReportReporter -->
<testsuite skipped="0" hostname="CLT-WIN-11717" name="tests_workroom_home.CollapseExpandWelcomeText" tests="7" failures="0" timestamp="2021-06-14T12:00:43 EDT" time="40.975" errors="0">
  <testcase name="autoUser_login" time="7.306" classname="tests_workroom_home.CollapseExpandWelcomeText"/>
  <testcase name="user_Clicks_On_Edit_Icon" time="8.645" classname="tests_workroom_home.CollapseExpandWelcomeText"/>
  <testcase name="switch_To_Iframe_Insert_Custom_Message" time="3.394" classname="tests_workroom_home.CollapseExpandWelcomeText"/>
  <testcase name="verify_Customized_Content_Appears" time="1.154" classname="tests_workroom_home.CollapseExpandWelcomeText"/>
  <testcase name="delete_Insert_Previous_Message" time="7.046" classname="tests_workroom_home.CollapseExpandWelcomeText"/>
  <testcase name="collapse_Expand_Welcome_Message" time="4.125" classname="tests_workroom_home.CollapseExpandWelcomeText"/>
  <testcase name="verify_Previous_Message_Appears" time="9.305" classname="tests_workroom_home.CollapseExpandWelcomeText"/>
</testsuite> <!-- tests_workroom_home.CollapseExpandWelcomeText -->
