<?xml version="1.0" encoding="UTF-8"?>
<!-- Generated by org.testng.reporters.JUnitReportReporter -->
<testsuite skipped="0" hostname="CLT-WIN-11717" name="tests_workroom_library.MessageUnorderedWorkflowApprovers" tests="15" failures="0" timestamp="2021-04-16T10:54:48 EDT" time="85.779" errors="0">
  <testcase name="systemAdmin_login" time="5.231" classname="tests_workroom_library.MessageUnorderedWorkflowApprovers"/>
  <testcase name="user_Open_Library_Page_For_Workroom" time="6.876" classname="tests_workroom_library.MessageUnorderedWorkflowApprovers"/>
  <testcase name="user_Can_Create_New_Book_Add_Title" time="3.501" classname="tests_workroom_library.MessageUnorderedWorkflowApprovers"/>
  <testcase name="user_Can_Add_CoverPage" time="5.743" classname="tests_workroom_library.MessageUnorderedWorkflowApprovers"/>
  <testcase name="user_Add_Agenda_To_Template" time="2.171" classname="tests_workroom_library.MessageUnorderedWorkflowApprovers"/>
  <testcase name="user_Can_Save_Scanned_Book" time="3.194" classname="tests_workroom_library.MessageUnorderedWorkflowApprovers"/>
  <testcase name="user_Add_First_Catagory_To_Scanned_Book" time="5.834" classname="tests_workroom_library.MessageUnorderedWorkflowApprovers"/>
  <testcase name="user_Add_Scanned_Book_To_New_Catagory" time="7.447" classname="tests_workroom_library.MessageUnorderedWorkflowApprovers"/>
  <testcase name="add_Unordered_Workflow_To_Meeting_Book_File_Part_One" time="4.411" classname="tests_workroom_library.MessageUnorderedWorkflowApprovers"/>
  <testcase name="add_Unordered_Approval_Users_WorkroomAdmin_Auto_Director" time="8.771" classname="tests_workroom_library.MessageUnorderedWorkflowApprovers"/>
  <testcase name="add_Workflow_Dates" time="4.557" classname="tests_workroom_library.MessageUnorderedWorkflowApprovers"/>
  <testcase name="message_Workflow_Approvers" time="9.421" classname="tests_workroom_library.MessageUnorderedWorkflowApprovers"/>
  <testcase name="make_Scanned_Book_Visible" time="2.678" classname="tests_workroom_library.MessageUnorderedWorkflowApprovers"/>
  <testcase name="delete_Scanned_Book" time="7.396" classname="tests_workroom_library.MessageUnorderedWorkflowApprovers"/>
  <testcase name="verify_Scanned_Book_Deleted" time="8.548" classname="tests_workroom_library.MessageUnorderedWorkflowApprovers"/>
</testsuite> <!-- tests_workroom_library.MessageUnorderedWorkflowApprovers -->
