<?xml version="1.0" encoding="UTF-8"?>
<!-- Generated by org.testng.reporters.JUnitReportReporter -->
<testsuite skipped="0" hostname="CLT-WIN-11717" name="tests_workroom_events.TakeEventAttendance" tests="15" failures="0" timestamp="2021-05-20T13:54:45 EDT" time="163.119" errors="0">
  <testcase name="autoUser_login" time="5.997" classname="tests_workroom_events.TakeEventAttendance"/>
  <testcase name="user_Can_Open_Events_for_Workroom" time="6.804" classname="tests_workroom_events.TakeEventAttendance"/>
  <testcase name="user_Can_Create_New_Event" time="46.032" classname="tests_workroom_events.TakeEventAttendance"/>
  <testcase name="user_Can_Click_Accept_As_Response" time="2.198" classname="tests_workroom_events.TakeEventAttendance"/>
  <testcase name="autoUser_Logout" time="2.780" classname="tests_workroom_events.TakeEventAttendance"/>
  <testcase name="workroomAdmin_Login_To_BoardEffect" time="4.552" classname="tests_workroom_events.TakeEventAttendance"/>
  <testcase name="workroomAdmin_Response_Accept" time="6.681" classname="tests_workroom_events.TakeEventAttendance"/>
  <testcase name="workroomAdmin_logout" time="2.518" classname="tests_workroom_events.TakeEventAttendance"/>
  <testcase name="autoDirector_Login_To_BoardEffect" time="4.259" classname="tests_workroom_events.TakeEventAttendance"/>
  <testcase name="autoDirector_Response_Accept" time="6.677" classname="tests_workroom_events.TakeEventAttendance"/>
  <testcase name="autoDirector_logout" time="2.547" classname="tests_workroom_events.TakeEventAttendance"/>
  <testcase name="autoUser_login_Again" time="4.287" classname="tests_workroom_events.TakeEventAttendance"/>
  <testcase name="autoUser_Take_Attendance" time="38.242" classname="tests_workroom_events.TakeEventAttendance"/>
  <testcase name="generate_Attendance_Report" time="3.582" classname="tests_workroom_events.TakeEventAttendance"/>
  <testcase name="user_Can_Delete_Event_And_Verify_Deleted" time="25.963" classname="tests_workroom_events.TakeEventAttendance"/>
</testsuite> <!-- tests_workroom_events.TakeEventAttendance -->
