<?xml version="1.0" encoding="UTF-8"?>
<!-- Generated by org.testng.reporters.JUnitReportReporter -->
<testsuite skipped="0" hostname="CLT-WIN-11717" name="tests_workroom_events.ViewAllWorkroomEvents" tests="8" failures="0" timestamp="2021-05-20T11:08:34 EDT" time="92.827" errors="0">
  <testcase name="systemAdmin_login" time="5.370" classname="tests_workroom_events.ViewAllWorkroomEvents"/>
  <testcase name="user_Can_Open_Events_for_Workroom" time="6.810" classname="tests_workroom_events.ViewAllWorkroomEvents"/>
  <testcase name="user_Can_Create_New_Event_RSVPS" time="23.810" classname="tests_workroom_events.ViewAllWorkroomEvents"/>
  <testcase name="user_Can_Create_New_Event_RSVPS_2" time="24.888" classname="tests_workroom_events.ViewAllWorkroomEvents"/>
  <testcase name="user_Can_View_All_Workroom_Events" time="9.437" classname="tests_workroom_events.ViewAllWorkroomEvents"/>
  <testcase name="user_Delete_Upcoming_Event_1" time="9.450" classname="tests_workroom_events.ViewAllWorkroomEvents"/>
  <testcase name="user_Delete_Upcoming_Event_2" time="8.003" classname="tests_workroom_events.ViewAllWorkroomEvents"/>
  <testcase name="verify_Both_Events_Deleted" time="5.059" classname="tests_workroom_events.ViewAllWorkroomEvents"/>
</testsuite> <!-- tests_workroom_events.ViewAllWorkroomEvents -->
