<?xml version="1.0" encoding="UTF-8"?>
<!-- Generated by org.testng.reporters.JUnitReportReporter -->
<testsuite skipped="0" hostname="CLT-WIN-11717" name="tests_resource_library.MoveEditDeleteFile" tests="15" failures="0" timestamp="2021-06-19T22:22:41 EDT" time="83.891" errors="0">
  <testcase name="systemAdmin_login" time="5.042" classname="tests_resource_library.MoveEditDeleteFile"/>
  <testcase name="user_Can_Open_Libraries_Form" time="2.343" classname="tests_resource_library.MoveEditDeleteFile"/>
  <testcase name="user_Create_Resource_Library_Folder_11" time="5.386" classname="tests_resource_library.MoveEditDeleteFile"/>
  <testcase name="user_Can_Open_Libraries_Form_2nd_Time" time="1.759" classname="tests_resource_library.MoveEditDeleteFile"/>
  <testcase name="user_Can_Create_2nd_Resource_Library_Folder" time="4.445" classname="tests_resource_library.MoveEditDeleteFile"/>
  <testcase name="user_Can_Add_File_Folder_12" time="9.098" classname="tests_resource_library.MoveEditDeleteFile"/>
  <testcase name="user_Can_Move_File_Folder_11" time="9.733" classname="tests_resource_library.MoveEditDeleteFile"/>
  <testcase name="user_Can_Open_Libraries_Form_3rd_Time" time="1.839" classname="tests_resource_library.MoveEditDeleteFile"/>
  <testcase name="verify_File_Moved_To_Folder_11" time="2.352" classname="tests_resource_library.MoveEditDeleteFile"/>
  <testcase name="user_Can_Edit_File_In_Folder_11" time="3.461" classname="tests_resource_library.MoveEditDeleteFile"/>
  <testcase name="user_Can_Delete_File" time="6.798" classname="tests_resource_library.MoveEditDeleteFile"/>
  <testcase name="user_Can_Open_Libraries_Form_4th_Time" time="1.863" classname="tests_resource_library.MoveEditDeleteFile"/>
  <testcase name="user_Delete_Folders_11_And_12" time="14.366" classname="tests_resource_library.MoveEditDeleteFile"/>
  <testcase name="user_Can_Open_Libraries_Form_5th_Time" time="2.396" classname="tests_resource_library.MoveEditDeleteFile"/>
  <testcase name="verify_Folders_11_And_12_Deleted" time="13.010" classname="tests_resource_library.MoveEditDeleteFile"/>
</testsuite> <!-- tests_resource_library.MoveEditDeleteFile -->
