<?xml version="1.0" encoding="UTF-8"?>
<!-- Generated by org.testng.reporters.JUnitReportReporter -->
<testsuite skipped="0" hostname="CLT-WIN-11717" name="tests_critical_scenarios.CreateEditDeleteBookTemplate" tests="14" failures="0" timestamp="2021-06-03T07:43:05 EDT" time="94.829" errors="0">
  <testcase name="autoUser_login" time="4.770" classname="tests_critical_scenarios.CreateEditDeleteBookTemplate"/>
  <testcase name="open_Library_Page_for_Workroom" time="7.002" classname="tests_critical_scenarios.CreateEditDeleteBookTemplate"/>
  <testcase name="user_Create_New_BookTemplate" time="5.945" classname="tests_critical_scenarios.CreateEditDeleteBookTemplate"/>
  <testcase name="user_Add_Coverpage_To_Book_Template" time="4.480" classname="tests_critical_scenarios.CreateEditDeleteBookTemplate"/>
  <testcase name="user_Add_Agenda_To_Template" time="1.500" classname="tests_critical_scenarios.CreateEditDeleteBookTemplate"/>
  <testcase name="user_Save_Book_Template" time="3.173" classname="tests_critical_scenarios.CreateEditDeleteBookTemplate"/>
  <testcase name="user_Add_First_Catagory_To_Book_Template" time="5.856" classname="tests_critical_scenarios.CreateEditDeleteBookTemplate"/>
  <testcase name="user_Add_File_To_First_Catagory" time="6.451" classname="tests_critical_scenarios.CreateEditDeleteBookTemplate"/>
  <testcase name="user_Add_Second_Catagory_To_Handbook" time="4.719" classname="tests_critical_scenarios.CreateEditDeleteBookTemplate"/>
  <testcase name="add_File_To_Second_Catagory" time="9.655" classname="tests_critical_scenarios.CreateEditDeleteBookTemplate"/>
  <testcase name="open_Book_From_Templates_Page" time="2.147" classname="tests_critical_scenarios.CreateEditDeleteBookTemplate"/>
  <testcase name="edit_Book_Template" time="22.592" classname="tests_critical_scenarios.CreateEditDeleteBookTemplate"/>
  <testcase name="delete_Edited_Book_Template" time="5.358" classname="tests_critical_scenarios.CreateEditDeleteBookTemplate"/>
  <testcase name="verify_Edited_Book_Template_Deleted" time="11.181" classname="tests_critical_scenarios.CreateEditDeleteBookTemplate"/>
</testsuite> <!-- tests_critical_scenarios.CreateEditDeleteBookTemplate -->
