<?xml version="1.0" encoding="UTF-8"?>
<!-- Generated by org.testng.reporters.JUnitReportReporter -->
<testsuite skipped="0" hostname="CLT-WIN-11717" name="tests_settings.SetUserToSystemAdministrator" tests="13" failures="0" timestamp="2021-06-23T09:22:14 EDT" time="47.385" errors="0">
  <testcase name="system_Admin_Login" time="5.005" classname="tests_settings.SetUserToSystemAdministrator"/>
  <testcase name="user_Can_Open_Directory" time="1.845" classname="tests_settings.SetUserToSystemAdministrator"/>
  <testcase name="Open_User_Profile" time="4.501" classname="tests_settings.SetUserToSystemAdministrator"/>
  <testcase name="enable_User_As_System_Administrator" time="7.405" classname="tests_settings.SetUserToSystemAdministrator"/>
  <testcase name="user_Can_Logout" time="2.856" classname="tests_settings.SetUserToSystemAdministrator"/>
  <testcase name="user_Can_Login" time="4.297" classname="tests_settings.SetUserToSystemAdministrator"/>
  <testcase name="user_Can_See_Settings_Option" time="0.284" classname="tests_settings.SetUserToSystemAdministrator"/>
  <testcase name="user_Can_Logout_2nd_Time" time="2.572" classname="tests_settings.SetUserToSystemAdministrator"/>
  <testcase name="system_Admin_Login_2nd_Time" time="4.612" classname="tests_settings.SetUserToSystemAdministrator"/>
  <testcase name="user_Can_Open_Directory_2nd_Time" time="2.598" classname="tests_settings.SetUserToSystemAdministrator"/>
  <testcase name="Open_User_Profile_2nd_Time" time="4.549" classname="tests_settings.SetUserToSystemAdministrator"/>
  <testcase name="disable_User_As_System_Administrator" time="5.036" classname="tests_settings.SetUserToSystemAdministrator"/>
  <testcase name="user_Close_Directory_2nd_time" time="1.825" classname="tests_settings.SetUserToSystemAdministrator"/>
</testsuite> <!-- tests_settings.SetUserToSystemAdministrator -->
