<?xml version="1.0" encoding="UTF-8"?>
<!-- Generated by org.testng.reporters.JUnitReportReporter -->
<testsuite skipped="0" hostname="CLT-WIN-11717" name="tests_boardmember_access.BoardMemberViewWorkroomViewOnlyFile" tests="18" failures="0" timestamp="2021-06-09T16:07:11 EDT" time="91.190" errors="0">
  <testcase name="home_Page_Redirect" time="1.893" classname="tests_boardmember_access.BoardMemberViewWorkroomViewOnlyFile"/>
  <testcase name="systemAdmin_login" time="8.150" classname="tests_boardmember_access.BoardMemberViewWorkroomViewOnlyFile"/>
  <testcase name="user_Can_Open_Libraries_Form" time="3.225" classname="tests_boardmember_access.BoardMemberViewWorkroomViewOnlyFile"/>
  <testcase name="verify_BoardMember_Folders_Present" time="0.350" classname="tests_boardmember_access.BoardMemberViewWorkroomViewOnlyFile"/>
  <testcase name="create_View_Only_New_Resource_Library_Folder" time="6.462" classname="tests_boardmember_access.BoardMemberViewWorkroomViewOnlyFile"/>
  <testcase name="navigate_Back_To_Workroom" time="2.393" classname="tests_boardmember_access.BoardMemberViewWorkroomViewOnlyFile"/>
  <testcase name="can_Add_File_View_Only_Folder" time="18.932" classname="tests_boardmember_access.BoardMemberViewWorkroomViewOnlyFile"/>
  <testcase name="system_Admin_Can_Logout" time="2.653" classname="tests_boardmember_access.BoardMemberViewWorkroomViewOnlyFile"/>
  <testcase name="auto_Director_Can_Login" time="4.777" classname="tests_boardmember_access.BoardMemberViewWorkroomViewOnlyFile"/>
  <testcase name="navigate_To_Boardmember_Workroom" time="2.478" classname="tests_boardmember_access.BoardMemberViewWorkroomViewOnlyFile"/>
  <testcase name="verify_Boardmember_View_Only_Permissions" time="4.429" classname="tests_boardmember_access.BoardMemberViewWorkroomViewOnlyFile"/>
  <testcase name="boardmember_Opens_Meeting_Book_Viewer_And_Scroll" time="9.532" classname="tests_boardmember_access.BoardMemberViewWorkroomViewOnlyFile"/>
  <testcase name="auto_Director_Can_Logout" time="2.719" classname="tests_boardmember_access.BoardMemberViewWorkroomViewOnlyFile"/>
  <testcase name="system_Admin_Can_Login" time="4.364" classname="tests_boardmember_access.BoardMemberViewWorkroomViewOnlyFile"/>
  <testcase name="navigate_To_Boardmember_Workroom_2nd_Time" time="3.270" classname="tests_boardmember_access.BoardMemberViewWorkroomViewOnlyFile"/>
  <testcase name="user_Can_Delete_Boardmember_View_Only_Folder" time="5.158" classname="tests_boardmember_access.BoardMemberViewWorkroomViewOnlyFile"/>
  <testcase name="navigate_To_Boardmember_Workroom_3rd_Time" time="2.568" classname="tests_boardmember_access.BoardMemberViewWorkroomViewOnlyFile"/>
  <testcase name="verify_Folder_Deleted" time="7.837" classname="tests_boardmember_access.BoardMemberViewWorkroomViewOnlyFile"/>
</testsuite> <!-- tests_boardmember_access.BoardMemberViewWorkroomViewOnlyFile -->
