<?xml version="1.0" encoding="UTF-8"?>
<!-- Generated by org.testng.reporters.JUnitReportReporter -->
<testsuite skipped="0" hostname="CLT-WIN-11717" name="tests_general_settings.AddRemoveLogoAndLogoUrl" tests="9" failures="0" timestamp="2021-06-07T09:27:38 EDT" time="45.121" errors="0">
  <testcase name="login" time="6.027" classname="tests_general_settings.AddRemoveLogoAndLogoUrl"/>
  <testcase name="user_Can_Open_Settings" time="1.877" classname="tests_general_settings.AddRemoveLogoAndLogoUrl"/>
  <testcase name="navigate_To_General_Look_Feel" time="3.608" classname="tests_general_settings.AddRemoveLogoAndLogoUrl"/>
  <testcase name="add_Logo_And_Logo_URL" time="8.367" classname="tests_general_settings.AddRemoveLogoAndLogoUrl"/>
  <testcase name="verify_Logo_And_URL_Added" time="9.828" classname="tests_general_settings.AddRemoveLogoAndLogoUrl"/>
  <testcase name="user_Can_Open_Settings_2nd_Time" time="3.015" classname="tests_general_settings.AddRemoveLogoAndLogoUrl"/>
  <testcase name="navigate_To_General_Look_Feel_2nd_Time" time="2.919" classname="tests_general_settings.AddRemoveLogoAndLogoUrl"/>
  <testcase name="disable_Logo_And_Logo_URL" time="4.420" classname="tests_general_settings.AddRemoveLogoAndLogoUrl"/>
  <testcase name="verify_HP_Logo_Removed" time="5.060" classname="tests_general_settings.AddRemoveLogoAndLogoUrl"/>
</testsuite> <!-- tests_general_settings.AddRemoveLogoAndLogoUrl -->
