<?xml version="1.0" encoding="UTF-8"?>
<!-- Generated by org.testng.reporters.JUnitReportReporter -->
<testsuite skipped="0" hostname="CLT-WIN-11717" name="tests_critical_scenarios.CreateBookUploadMyOwnBook" tests="7" failures="0" timestamp="2021-06-03T07:43:05 EDT" time="50.375" errors="0">
  <testcase name="systemAdmin_login" time="4.864" classname="tests_critical_scenarios.CreateBookUploadMyOwnBook"/>
  <testcase name="user_Can_Open_Library_Page_For_Workroom" time="7.671" classname="tests_critical_scenarios.CreateBookUploadMyOwnBook"/>
  <testcase name="user_Can_Upload_New_Book" time="8.927" classname="tests_critical_scenarios.CreateBookUploadMyOwnBook"/>
  <testcase name="user_Can_Create_New_Book" time="3.794" classname="tests_critical_scenarios.CreateBookUploadMyOwnBook"/>
  <testcase name="user_Can_Make_Upload_Book_Visible" time="1.409" classname="tests_critical_scenarios.CreateBookUploadMyOwnBook"/>
  <testcase name="user_Can_Delete_Book" time="13.300" classname="tests_critical_scenarios.CreateBookUploadMyOwnBook"/>
  <testcase name="verify_Book_Deleted" time="10.410" classname="tests_critical_scenarios.CreateBookUploadMyOwnBook"/>
</testsuite> <!-- tests_critical_scenarios.CreateBookUploadMyOwnBook -->
