<?xml version="1.0" encoding="UTF-8"?>
<!-- Generated by org.testng.reporters.JUnitReportReporter -->
<testsuite skipped="0" hostname="CLT-WIN-11717" name="tests_workroom_collaborate.ViewSchedulersExpandedTileListView" tests="6" failures="0" timestamp="2021-05-21T10:54:53 EDT" time="29.063" errors="0">
  <testcase name="home_Page_Redirect" time="2.673" classname="tests_workroom_collaborate.ViewSchedulersExpandedTileListView"/>
  <testcase name="login" time="5.907" classname="tests_workroom_collaborate.ViewSchedulersExpandedTileListView"/>
  <testcase name="admin_Open_Workroom_AutoBE_Collaborate" time="7.498" classname="tests_workroom_collaborate.ViewSchedulersExpandedTileListView"/>
  <testcase name="select_And_Verify_Schedulers_Expanded_View" time="4.742" classname="tests_workroom_collaborate.ViewSchedulersExpandedTileListView"/>
  <testcase name="view_And_Verify_Schedulers_Tile_View" time="3.521" classname="tests_workroom_collaborate.ViewSchedulersExpandedTileListView"/>
  <testcase name="view_And_Verify_Schedulers_List_View" time="4.722" classname="tests_workroom_collaborate.ViewSchedulersExpandedTileListView"/>
</testsuite> <!-- tests_workroom_collaborate.ViewSchedulersExpandedTileListView -->
