<?xml version="1.0" encoding="UTF-8"?>
<!-- Generated by org.testng.reporters.JUnitReportReporter -->
<testsuite skipped="0" hostname="CLT-WIN-11717" name="tests_directory.HideCompanyContactFromOtherUsers" tests="18" failures="0" timestamp="2021-06-11T15:02:34 EDT" time="74.193" errors="0">
  <testcase name="loginBE_SystemAdmin" time="5.613" classname="tests_directory.HideCompanyContactFromOtherUsers"/>
  <testcase name="user_Can_Open_Settings" time="1.855" classname="tests_directory.HideCompanyContactFromOtherUsers"/>
  <testcase name="open_Features_Navigate_To_Configure" time="5.098" classname="tests_directory.HideCompanyContactFromOtherUsers"/>
  <testcase name="activate_Hide_Company_Feature_For_AutoTester" time="2.094" classname="tests_directory.HideCompanyContactFromOtherUsers"/>
  <testcase name="reload_Home_Page" time="3.245" classname="tests_directory.HideCompanyContactFromOtherUsers"/>
  <testcase name="system_Admin_Can_Open_Directory" time="3.226" classname="tests_directory.HideCompanyContactFromOtherUsers"/>
  <testcase name="open_User_Profile_AutoTester" time="5.771" classname="tests_directory.HideCompanyContactFromOtherUsers"/>
  <testcase name="check_Box_Hide_Company_Contact_From_Other_Users" time="6.503" classname="tests_directory.HideCompanyContactFromOtherUsers"/>
  <testcase name="System_Admin_Can_Logout" time="2.641" classname="tests_directory.HideCompanyContactFromOtherUsers"/>
  <testcase name="autoTester_Can_Login" time="4.197" classname="tests_directory.HideCompanyContactFromOtherUsers"/>
  <testcase name="WorkroomAdmin_Can_Open_Directory" time="1.777" classname="tests_directory.HideCompanyContactFromOtherUsers"/>
  <testcase name="open_User_Profile_AutoTester_2nd_Time" time="3.860" classname="tests_directory.HideCompanyContactFromOtherUsers"/>
  <testcase name="verify_Company_Contact_Info_Not_Visible" time="7.426" classname="tests_directory.HideCompanyContactFromOtherUsers"/>
  <testcase name="Workroom_Admin_Can_Logout" time="3.132" classname="tests_directory.HideCompanyContactFromOtherUsers"/>
  <testcase name="loginBE_SystemAdmin_2nd_Time" time="7.023" classname="tests_directory.HideCompanyContactFromOtherUsers"/>
  <testcase name="user_Can_Open_Settings_2nd_Time" time="1.841" classname="tests_directory.HideCompanyContactFromOtherUsers"/>
  <testcase name="open_Features_Navigate_To_Configure_2nd_Time" time="5.122" classname="tests_directory.HideCompanyContactFromOtherUsers"/>
  <testcase name="disable_Hide_Company_Contact_From_Other_Users" time="3.769" classname="tests_directory.HideCompanyContactFromOtherUsers"/>
</testsuite> <!-- tests_directory.HideCompanyContactFromOtherUsers -->
