<?xml version="1.0" encoding="UTF-8"?>
<!-- Generated by org.testng.reporters.JUnitReportReporter -->
<testsuite skipped="0" hostname="CLT-WIN-11717" name="tests_workroom_home.AddRemoveWorkroomAccounts" tests="5" failures="0" timestamp="2021-06-14T10:36:36 EDT" time="48.616" errors="0">
  <testcase name="autoUser_login" time="5.577" classname="tests_workroom_home.AddRemoveWorkroomAccounts"/>
  <testcase name="user_Remove_Workroom_Account_Workroom_Admin" time="13.139" classname="tests_workroom_home.AddRemoveWorkroomAccounts"/>
  <testcase name="verify_WorkroomAdmin_Account_Removed_From_Workroom" time="11.344" classname="tests_workroom_home.AddRemoveWorkroomAccounts"/>
  <testcase name="add_Back_WorkroomAdmin_Account" time="10.645" classname="tests_workroom_home.AddRemoveWorkroomAccounts"/>
  <testcase name="verify_Account_Added_Back_To_Workroom" time="7.911" classname="tests_workroom_home.AddRemoveWorkroomAccounts"/>
</testsuite> <!-- tests_workroom_home.AddRemoveWorkroomAccounts -->
