<?xml version="1.0" encoding="UTF-8"?>
<!-- Generated by org.testng.reporters.JUnitReportReporter -->
<testsuite skipped="0" hostname="CLT-WIN-11717" name="tests_workroom_library.CopyMeetingBookToTemplate" tests="15" failures="0" timestamp="2021-04-30T12:10:16 EDT" time="111.695" errors="0">
  <testcase name="autoUser_login" time="4.698" classname="tests_workroom_library.CopyMeetingBookToTemplate"/>
  <testcase name="user_Opens_Library_Page_For_Workroom" time="6.883" classname="tests_workroom_library.CopyMeetingBookToTemplate"/>
  <testcase name="user_Can_Create_Book_And_Add_Title" time="3.652" classname="tests_workroom_library.CopyMeetingBookToTemplate"/>
  <testcase name="user_Add_CoverPage_To_HandBook" time="4.792" classname="tests_workroom_library.CopyMeetingBookToTemplate"/>
  <testcase name="user_Add_Agenda_To_HandBook" time="2.497" classname="tests_workroom_library.CopyMeetingBookToTemplate"/>
  <testcase name="user_Can_Save_Book_And_Continue" time="3.159" classname="tests_workroom_library.CopyMeetingBookToTemplate"/>
  <testcase name="user_Add_First_Catagory_To_HandBook" time="7.078" classname="tests_workroom_library.CopyMeetingBookToTemplate"/>
  <testcase name="user_Add_File_To_First_Catagory" time="8.027" classname="tests_workroom_library.CopyMeetingBookToTemplate"/>
  <testcase name="build_Handbook" time="28.125" classname="tests_workroom_library.CopyMeetingBookToTemplate"/>
  <testcase name="make_Book_Visible" time="5.958" classname="tests_workroom_library.CopyMeetingBookToTemplate"/>
  <testcase name="copy_Meetings_Book_To_Template" time="7.217" classname="tests_workroom_library.CopyMeetingBookToTemplate"/>
  <testcase name="verify_Copied_Meeting_Book" time="0.182" classname="tests_workroom_library.CopyMeetingBookToTemplate"/>
  <testcase name="delete_Book_Template" time="10.629" classname="tests_workroom_library.CopyMeetingBookToTemplate"/>
  <testcase name="delete_Meeting_Book" time="11.721" classname="tests_workroom_library.CopyMeetingBookToTemplate"/>
  <testcase name="verify_Book_Deleted" time="7.077" classname="tests_workroom_library.CopyMeetingBookToTemplate"/>
</testsuite> <!-- tests_workroom_library.CopyMeetingBookToTemplate -->
