<?xml version="1.0" encoding="UTF-8"?>
<!-- Generated by org.testng.reporters.JUnitReportReporter -->
<testsuite skipped="0" hostname="CLT-WIN-11717" name="tests_critical_scenarios.LoginEnglishNonAdmin" tests="5" failures="0" timestamp="2021-06-17T08:27:10 EDT" time="24.069" errors="0">
  <testcase name="systemAdmin_login" time="5.384" classname="tests_critical_scenarios.LoginEnglishNonAdmin"/>
  <testcase name="user_Can_Open_Directory" time="2.812" classname="tests_critical_scenarios.LoginEnglishNonAdmin"/>
  <testcase name="open_User_Profile_Non_Admin_Auto_User_1_Profile" time="6.022" classname="tests_critical_scenarios.LoginEnglishNonAdmin"/>
  <testcase name="select_Foreign_Language_English" time="7.183" classname="tests_critical_scenarios.LoginEnglishNonAdmin"/>
  <testcase name="system_Admin_Logout" time="2.668" classname="tests_critical_scenarios.LoginEnglishNonAdmin"/>
</testsuite> <!-- tests_critical_scenarios.LoginEnglishNonAdmin -->
