<?xml version="1.0" encoding="UTF-8"?>
<!-- Generated by org.testng.reporters.JUnitReportReporter -->
<testsuite skipped="0" hostname="CLT-WIN-11717" name="tests_settings.ValidateUserRolePermissions" tests="9" failures="0" timestamp="2021-06-23T16:33:39 EDT" time="46.601" errors="0">
  <testcase name="system_Admin_Login" time="5.585" classname="tests_settings.ValidateUserRolePermissions"/>
  <testcase name="verify_AutoBE_Add_Remove_Accounts_Visible" time="8.806" classname="tests_settings.ValidateUserRolePermissions"/>
  <testcase name="verify_AutoBE_User_Accounts_Visible" time="8.704" classname="tests_settings.ValidateUserRolePermissions"/>
  <testcase name="verify_Group1_Nebula" time="5.079" classname="tests_settings.ValidateUserRolePermissions"/>
  <testcase name="verify_Group1_Galaxy" time="4.415" classname="tests_settings.ValidateUserRolePermissions"/>
  <testcase name="autoAdmin1_Can_Logout" time="3.045" classname="tests_settings.ValidateUserRolePermissions"/>
  <testcase name="autoAdmin3_Can_Login" time="4.858" classname="tests_settings.ValidateUserRolePermissions"/>
  <testcase name="user_Can_Open_Directory" time="3.769" classname="tests_settings.ValidateUserRolePermissions"/>
  <testcase name="Auto_Admin3_Verify_All_Users_In_Directory" time="2.340" classname="tests_settings.ValidateUserRolePermissions"/>
</testsuite> <!-- tests_settings.ValidateUserRolePermissions -->
