<?xml version="1.0" encoding="UTF-8"?>
<!-- Generated by org.testng.reporters.JUnitReportReporter -->
<testsuite skipped="0" hostname="CLT-WIN-11717" name="tests_settings.EnableDisableDisclaimer" tests="11" failures="0" timestamp="2021-06-23T15:17:43 EDT" time="49.685" errors="0">
  <testcase name="home_Page_Redirect" time="1.052" classname="tests_settings.EnableDisableDisclaimer"/>
  <testcase name="loginBE_SystemAdmin" time="4.903" classname="tests_settings.EnableDisableDisclaimer"/>
  <testcase name="open_Settings_Security_Summary" time="3.263" classname="tests_settings.EnableDisableDisclaimer"/>
  <testcase name="enable_Disclaimer_Option" time="7.700" classname="tests_settings.EnableDisableDisclaimer"/>
  <testcase name="user_Can_Logout" time="2.572" classname="tests_settings.EnableDisableDisclaimer"/>
  <testcase name="user_Can_Login" time="5.592" classname="tests_settings.EnableDisableDisclaimer"/>
  <testcase name="verify_Disclaimer_And_Login" time="4.348" classname="tests_settings.EnableDisableDisclaimer"/>
  <testcase name="open_Settings_Security_Summary_2nd_Time" time="3.158" classname="tests_settings.EnableDisableDisclaimer"/>
  <testcase name="disable_Disclaimer_Option" time="11.412" classname="tests_settings.EnableDisableDisclaimer"/>
  <testcase name="open_Settings_Security_Summary_3rd_Time" time="3.172" classname="tests_settings.EnableDisableDisclaimer"/>
  <testcase name="verify_Disclaimer_Disabled" time="2.513" classname="tests_settings.EnableDisableDisclaimer"/>
</testsuite> <!-- tests_settings.EnableDisableDisclaimer -->
