<?xml version="1.0" encoding="UTF-8"?>
<!-- Generated by org.testng.reporters.JUnitReportReporter -->
<testsuite skipped="0" hostname="CLT-WIN-11717" name="tests_directory.AddRemoveUserCategories" tests="10" failures="0" timestamp="2021-06-11T13:14:50 EDT" time="63.427" errors="0">
  <testcase name="loginBE_SystemAdmin" time="6.724" classname="tests_directory.AddRemoveUserCategories"/>
  <testcase name="user_Can_Open_Dirctory" time="2.594" classname="tests_directory.AddRemoveUserCategories"/>
  <testcase name="open_User_Profile" time="6.186" classname="tests_directory.AddRemoveUserCategories"/>
  <testcase name="add_Category" time="8.328" classname="tests_directory.AddRemoveUserCategories"/>
  <testcase name="user_Can_Open_Dirctory_Again" time="2.566" classname="tests_directory.AddRemoveUserCategories"/>
  <testcase name="Open_User_Profile_Again" time="5.526" classname="tests_directory.AddRemoveUserCategories"/>
  <testcase name="delete_Category_Board_Member" time="5.237" classname="tests_directory.AddRemoveUserCategories"/>
  <testcase name="verify_Board_Member_Deleted" time="5.670" classname="tests_directory.AddRemoveUserCategories"/>
  <testcase name="user_Can_Open_Directory_3rd_Time" time="1.798" classname="tests_directory.AddRemoveUserCategories"/>
  <testcase name="open_User_Profile_Again" time="18.798" classname="tests_directory.AddRemoveUserCategories"/>
</testsuite> <!-- tests_directory.AddRemoveUserCategories -->
