<?xml version="1.0" encoding="UTF-8"?>
<!-- Generated by org.testng.reporters.JUnitReportReporter -->
<testsuite skipped="0" hostname="CLT-WIN-11717" name="tests_settings.AddExistingUsersToAWorkroom" tests="17" failures="0" timestamp="2021-06-23T14:25:15 EDT" time="218.588" errors="0">
  <testcase name="system_Admin_Login" time="12.886" classname="tests_settings.AddExistingUsersToAWorkroom"/>
  <testcase name="systemAdmin_Open_Settings_Then_Workroom_And_Group_Settings" time="3.662" classname="tests_settings.AddExistingUsersToAWorkroom"/>
  <testcase name="add_Auto_Director_2_To_A_Workroom" time="20.877" classname="tests_settings.AddExistingUsersToAWorkroom"/>
  <testcase name="systemAdmin_Open_Settings_Then_Workroom_And_Group_Settings_2nd_Time" time="3.763" classname="tests_settings.AddExistingUsersToAWorkroom"/>
  <testcase name="add_Test_2_User_To_A_Workroom" time="21.759" classname="tests_settings.AddExistingUsersToAWorkroom"/>
  <testcase name="user_Can_Logout" time="25.836" classname="tests_settings.AddExistingUsersToAWorkroom"/>
  <testcase name="auto_Director2_Can_Login" time="6.871" classname="tests_settings.AddExistingUsersToAWorkroom"/>
  <testcase name="user_Verify_Comics_Workroom" time="8.294" classname="tests_settings.AddExistingUsersToAWorkroom"/>
  <testcase name="auto_Director_Can_Logout" time="23.784" classname="tests_settings.AddExistingUsersToAWorkroom"/>
  <testcase name="test_User_Can_Login" time="6.444" classname="tests_settings.AddExistingUsersToAWorkroom"/>
  <testcase name="user_Verify_Comics_Workroom_Again" time="5.973" classname="tests_settings.AddExistingUsersToAWorkroom"/>
  <testcase name="test_User_Can_Logout" time="33.757" classname="tests_settings.AddExistingUsersToAWorkroom"/>
  <testcase name="system_Admin_Can_Login" time="9.337" classname="tests_settings.AddExistingUsersToAWorkroom"/>
  <testcase name="systemAdmin_Open_Settings_Then_Workroom_And_Group_Settings_3rd_Time" time="3.931" classname="tests_settings.AddExistingUsersToAWorkroom"/>
  <testcase name="remove_Auto_Director_2_From_A_Workroom" time="13.566" classname="tests_settings.AddExistingUsersToAWorkroom"/>
  <testcase name="systemAdmin_Open_Settings_Then_Workroom_And_Group_Settings_4th_Time" time="3.198" classname="tests_settings.AddExistingUsersToAWorkroom"/>
  <testcase name="remove_Test_Reset_2_From_A_Workroom" time="14.650" classname="tests_settings.AddExistingUsersToAWorkroom"/>
</testsuite> <!-- tests_settings.AddExistingUsersToAWorkroom -->
