<?xml version="1.0" encoding="UTF-8"?>
<!-- Generated by org.testng.reporters.JUnitReportReporter -->
<testsuite skipped="0" hostname="CLT-WIN-11717" name="tests_settings.SetUserToDisablePrivateDirectory" tests="13" failures="0" timestamp="2021-06-22T14:06:07 EDT" time="61.808" errors="0">
  <testcase name="system_Admin_Login" time="5.419" classname="tests_settings.SetUserToDisablePrivateDirectory"/>
  <testcase name="user_Can_Open_Directory" time="2.032" classname="tests_settings.SetUserToDisablePrivateDirectory"/>
  <testcase name="open_User_Profile_Disable_Private_Directory" time="10.454" classname="tests_settings.SetUserToDisablePrivateDirectory"/>
  <testcase name="user_Can_Logout" time="3.334" classname="tests_settings.SetUserToDisablePrivateDirectory"/>
  <testcase name="user_Can_Login" time="4.419" classname="tests_settings.SetUserToDisablePrivateDirectory"/>
  <testcase name="user_Can_Open_Directory_2nd_Time" time="4.180" classname="tests_settings.SetUserToDisablePrivateDirectory"/>
  <testcase name="verify_Everyone_Visible" time="1.541" classname="tests_settings.SetUserToDisablePrivateDirectory"/>
  <testcase name="Wanda_Martin_Can_Logout" time="4.009" classname="tests_settings.SetUserToDisablePrivateDirectory"/>
  <testcase name="system_Admin_Login_2nd_Time" time="4.510" classname="tests_settings.SetUserToDisablePrivateDirectory"/>
  <testcase name="user_Can_Open_Directory_2nd_Time_" time="1.886" classname="tests_settings.SetUserToDisablePrivateDirectory"/>
  <testcase name="open_User_Profile_Enable_Private_Directory" time="9.046" classname="tests_settings.SetUserToDisablePrivateDirectory"/>
  <testcase name="user_Can_Open_Directory_3rd_Time_" time="2.108" classname="tests_settings.SetUserToDisablePrivateDirectory"/>
  <testcase name="verify_Profile_Enable_Private_Directory" time="8.870" classname="tests_settings.SetUserToDisablePrivateDirectory"/>
</testsuite> <!-- tests_settings.SetUserToDisablePrivateDirectory -->
