<?xml version="1.0" encoding="UTF-8"?>
<!-- Generated by org.testng.reporters.JUnitReportReporter -->
<testsuite skipped="0" hostname="CLT-WIN-11717" name="tests_settings.DeactivateMessagingForUser" tests="13" failures="0" timestamp="2021-06-23T14:25:15 EDT" time="84.808" errors="0">
  <testcase name="system_Admin_Login" time="7.377" classname="tests_settings.DeactivateMessagingForUser"/>
  <testcase name="user_Can_Open_Directory" time="3.070" classname="tests_settings.DeactivateMessagingForUser"/>
  <testcase name="open_User_Profile_Set_Permissions" time="5.827" classname="tests_settings.DeactivateMessagingForUser"/>
  <testcase name="click_To_Activate_Deactivate_Messaging" time="7.593" classname="tests_settings.DeactivateMessagingForUser"/>
  <testcase name="user_Can_Logout" time="22.194" classname="tests_settings.DeactivateMessagingForUser"/>
  <testcase name="user_Can_Login" time="7.961" classname="tests_settings.DeactivateMessagingForUser"/>
  <testcase name="verify_Message_Users_Disabled" time="5.356" classname="tests_settings.DeactivateMessagingForUser"/>
  <testcase name="test_User_Can_Logout" time="4.096" classname="tests_settings.DeactivateMessagingForUser"/>
  <testcase name="system_Admin_Login_2nd_Time" time="4.953" classname="tests_settings.DeactivateMessagingForUser"/>
  <testcase name="user_Can_Open_Directory_2nd_Time" time="3.005" classname="tests_settings.DeactivateMessagingForUser"/>
  <testcase name="Open_Auto_User_3_Profile_Set_Permissions" time="4.571" classname="tests_settings.DeactivateMessagingForUser"/>
  <testcase name="click_To_Deactivate_Messaging" time="6.965" classname="tests_settings.DeactivateMessagingForUser"/>
  <testcase name="user_Close_Directory_2nd_time" time="1.840" classname="tests_settings.DeactivateMessagingForUser"/>
</testsuite> <!-- tests_settings.DeactivateMessagingForUser -->
