<?xml version="1.0" encoding="UTF-8"?>
<!-- Generated by org.testng.reporters.JUnitReportReporter -->
<testsuite skipped="0" hostname="CLT-WIN-11717" name="tests_settings.SetUserAccessToManageFiles" tests="14" failures="0" timestamp="2021-06-22T12:25:04 EDT" time="55.240" errors="0">
  <testcase name="system_Admin_Login" time="5.086" classname="tests_settings.SetUserAccessToManageFiles"/>
  <testcase name="user_Can_Open_Directory" time="2.715" classname="tests_settings.SetUserAccessToManageFiles"/>
  <testcase name="open_User_Profile_Auto_User_15_Set_Permissions" time="4.436" classname="tests_settings.SetUserAccessToManageFiles"/>
  <testcase name="enable_User_To_Manage_Files" time="8.034" classname="tests_settings.SetUserAccessToManageFiles"/>
  <testcase name="user_Can_Logout" time="1.199" classname="tests_settings.SetUserAccessToManageFiles"/>
  <testcase name="test_User_Can_Login" time="7.031" classname="tests_settings.SetUserAccessToManageFiles"/>
  <testcase name="user_Can_Open_Test_User_Libraries_Form" time="2.368" classname="tests_settings.SetUserAccessToManageFiles"/>
  <testcase name="verify_New_Folder_Present_And_Close" time="1.249" classname="tests_settings.SetUserAccessToManageFiles"/>
  <testcase name="test_Reset_User_Can_Logout" time="2.881" classname="tests_settings.SetUserAccessToManageFiles"/>
  <testcase name="system_Admin_Login_2nd_Time" time="4.548" classname="tests_settings.SetUserAccessToManageFiles"/>
  <testcase name="user_Can_Open_Directory_2nd_Time" time="2.637" classname="tests_settings.SetUserAccessToManageFiles"/>
  <testcase name="open_User_Profile_Auto_User_15_Set_Permissions_2nd_Time" time="4.004" classname="tests_settings.SetUserAccessToManageFiles"/>
  <testcase name="disable_User_To_Mobile_Only" time="7.158" classname="tests_settings.SetUserAccessToManageFiles"/>
  <testcase name="user_Close_Directory_2nd_time" time="1.894" classname="tests_settings.SetUserAccessToManageFiles"/>
</testsuite> <!-- tests_settings.SetUserAccessToManageFiles -->
