<?xml version="1.0" encoding="UTF-8"?>
<!-- Generated by org.testng.reporters.JUnitReportReporter -->
<testsuite skipped="0" hostname="CLT-WIN-11717" name="tests_resource_library.MoveResourceFolder" tests="8" failures="0" timestamp="2021-06-19T23:11:31 EDT" time="38.624" errors="0">
  <testcase name="systemAdmin_login" time="5.327" classname="tests_resource_library.MoveResourceFolder"/>
  <testcase name="user_Can_Open_Settings_Form" time="3.047" classname="tests_resource_library.MoveResourceFolder"/>
  <testcase name="user_Create_Resource_Library_Folder_15" time="4.521" classname="tests_resource_library.MoveResourceFolder"/>
  <testcase name="user_Moves_Folder_15_To_AutoBE_Workroom" time="9.511" classname="tests_resource_library.MoveResourceFolder"/>
  <testcase name="user_Can_Open_Libraries_Form_2nd_Time" time="3.311" classname="tests_resource_library.MoveResourceFolder"/>
  <testcase name="user_Delete_Resource_Library_Folder_15" time="4.475" classname="tests_resource_library.MoveResourceFolder"/>
  <testcase name="user_Can_Open_Libraries_Form_3rd_Time" time="1.828" classname="tests_resource_library.MoveResourceFolder"/>
  <testcase name="verify_Folder_Deleted" time="6.604" classname="tests_resource_library.MoveResourceFolder"/>
</testsuite> <!-- tests_resource_library.MoveResourceFolder -->
