<?xml version="1.0" encoding="UTF-8"?>
<!-- Generated by org.testng.reporters.JUnitReportReporter -->
<testsuite skipped="0" hostname="CLT-WIN-11717" name="tests_settings.SetUserToViewOnlyBooks" tests="19" failures="0" timestamp="2021-06-23T10:30:16 EDT" time="164.132" errors="0">
  <testcase name="system_Admin_Login" time="5.055" classname="tests_settings.SetUserToViewOnlyBooks"/>
  <testcase name="user_Can_Open_Directory" time="2.862" classname="tests_settings.SetUserToViewOnlyBooks"/>
  <testcase name="open_Auto_User_20_Profile" time="4.850" classname="tests_settings.SetUserToViewOnlyBooks"/>
  <testcase name="enable_User_To_View_Only_Books" time="4.948" classname="tests_settings.SetUserToViewOnlyBooks"/>
  <testcase name="user_Open_Library_Page_For_Workroom" time="7.368" classname="tests_settings.SetUserToViewOnlyBooks"/>
  <testcase name="user_Create_Book" time="51.810" classname="tests_settings.SetUserToViewOnlyBooks"/>
  <testcase name="user_Can_Logout" time="2.841" classname="tests_settings.SetUserToViewOnlyBooks"/>
  <testcase name="user_AutoUser20_Can_Login" time="4.476" classname="tests_settings.SetUserToViewOnlyBooks"/>
  <testcase name="Auto_Director_Opens_Library_Page_For_Workroom" time="5.726" classname="tests_settings.SetUserToViewOnlyBooks"/>
  <testcase name="verify_Meeting_Book_1_Meeting_Book_Viewer_Shown" time="14.349" classname="tests_settings.SetUserToViewOnlyBooks"/>
  <testcase name="click_Meeting_Book_Viewer_And_Scroll" time="17.838" classname="tests_settings.SetUserToViewOnlyBooks"/>
  <testcase name="Auto_Director_Can_Logout" time="2.995" classname="tests_settings.SetUserToViewOnlyBooks"/>
  <testcase name="system_Admin_Login_2nd_Time" time="4.743" classname="tests_settings.SetUserToViewOnlyBooks"/>
  <testcase name="user_Can_Open_Directory_2nd_Time" time="2.670" classname="tests_settings.SetUserToViewOnlyBooks"/>
  <testcase name="open_Auto_User_20_Profile_2nd_Time" time="4.820" classname="tests_settings.SetUserToViewOnlyBooks"/>
  <testcase name="disable_User_To_View_Only_Books" time="4.441" classname="tests_settings.SetUserToViewOnlyBooks"/>
  <testcase name="system_Admin_Open_Library_Page_For_Workroom_2nd_Time" time="5.935" classname="tests_settings.SetUserToViewOnlyBooks"/>
  <testcase name="delete_Meeting_Book_1" time="9.088" classname="tests_settings.SetUserToViewOnlyBooks"/>
  <testcase name="verify_Meeting_Book_1_Deleted" time="7.317" classname="tests_settings.SetUserToViewOnlyBooks"/>
</testsuite> <!-- tests_settings.SetUserToViewOnlyBooks -->
