<?xml version="1.0" encoding="UTF-8"?>
<!-- Generated by org.testng.reporters.JUnitReportReporter -->
<testsuite skipped="0" hostname="CLT-WIN-11717" name="tests_workroom_home.ErrorMessageCopyBase64Image" tests="6" failures="0" timestamp="2021-06-14T12:35:01 EDT" time="37.684" errors="0">
  <testcase name="autoUser_login" time="5.349" classname="tests_workroom_home.ErrorMessageCopyBase64Image"/>
  <testcase name="user_Clicks_On_Edit_Icon_Planet_WR" time="7.433" classname="tests_workroom_home.ErrorMessageCopyBase64Image"/>
  <testcase name="switch_To_Iframe_Copy_Paste_Content" time="6.925" classname="tests_workroom_home.ErrorMessageCopyBase64Image"/>
  <testcase name="verify_Content_Error_Message_Appears" time="3.649" classname="tests_workroom_home.ErrorMessageCopyBase64Image"/>
  <testcase name="delete_Insert_Previous_Message" time="6.045" classname="tests_workroom_home.ErrorMessageCopyBase64Image"/>
  <testcase name="verify_Previous_Message" time="8.283" classname="tests_workroom_home.ErrorMessageCopyBase64Image"/>
</testsuite> <!-- tests_workroom_home.ErrorMessageCopyBase64Image -->
