<?xml version="1.0" encoding="UTF-8"?>
<!-- Generated by org.testng.reporters.JUnitReportReporter -->
<testsuite skipped="0" hostname="CLT-WIN-11717" name="tests_directory.DownloadDirectoryPDF" tests="3" failures="0" timestamp="2021-05-25T10:55:39 EDT" time="26.177" errors="0">
  <testcase name="loginBE_SystemAdmin" time="5.605" classname="tests_directory.DownloadDirectoryPDF"/>
  <testcase name="user_Can_Open_Dirctory" time="3.792" classname="tests_directory.DownloadDirectoryPDF"/>
  <testcase name="user_Can_Download_Directory_In_PDF" time="16.780" classname="tests_directory.DownloadDirectoryPDF"/>
</testsuite> <!-- tests_directory.DownloadDirectoryPDF -->
