<?xml version="1.0" encoding="UTF-8"?>
<!-- Generated by org.testng.reporters.JUnitReportReporter -->
<testsuite skipped="0" hostname="CLT-WIN-11717" name="tests_workroom_library.AddUnorderedWorkflowCommentAdminNonAdmin" tests="25" failures="0" timestamp="2021-04-16T10:18:23 EDT" time="157.506" errors="0">
  <testcase name="systemAdmin_login" time="7.206" classname="tests_workroom_library.AddUnorderedWorkflowCommentAdminNonAdmin"/>
  <testcase name="user_Open_Library_Page_For_Workroom" time="7.445" classname="tests_workroom_library.AddUnorderedWorkflowCommentAdminNonAdmin"/>
  <testcase name="user_Can_Create_New_Book_Add_Title" time="4.091" classname="tests_workroom_library.AddUnorderedWorkflowCommentAdminNonAdmin"/>
  <testcase name="user_Can_Add_CoverPage" time="5.995" classname="tests_workroom_library.AddUnorderedWorkflowCommentAdminNonAdmin"/>
  <testcase name="user_Add_Agenda_To_Template" time="2.233" classname="tests_workroom_library.AddUnorderedWorkflowCommentAdminNonAdmin"/>
  <testcase name="user_Can_Save_Scanned_Book" time="3.159" classname="tests_workroom_library.AddUnorderedWorkflowCommentAdminNonAdmin"/>
  <testcase name="user_Add_First_Catagory_To_Scanned_Book" time="5.829" classname="tests_workroom_library.AddUnorderedWorkflowCommentAdminNonAdmin"/>
  <testcase name="user_Add_Scanned_Book_To_New_Catagory" time="7.628" classname="tests_workroom_library.AddUnorderedWorkflowCommentAdminNonAdmin"/>
  <testcase name="add_Unordered_Workflow_To_Meeting_Book_File_Part_One" time="4.446" classname="tests_workroom_library.AddUnorderedWorkflowCommentAdminNonAdmin"/>
  <testcase name="add_Single_User_Unordered_Approval_WorkroomAdmin" time="7.057" classname="tests_workroom_library.AddUnorderedWorkflowCommentAdminNonAdmin"/>
  <testcase name="add_Workflow_Dates" time="4.509" classname="tests_workroom_library.AddUnorderedWorkflowCommentAdminNonAdmin"/>
  <testcase name="sysAdmin_Comment_Verify_Workflow_Created" time="8.469" classname="tests_workroom_library.AddUnorderedWorkflowCommentAdminNonAdmin"/>
  <testcase name="user_Can_Logout" time="2.796" classname="tests_workroom_library.AddUnorderedWorkflowCommentAdminNonAdmin"/>
  <testcase name="workroomAdmin_Login" time="4.689" classname="tests_workroom_library.AddUnorderedWorkflowCommentAdminNonAdmin"/>
  <testcase name="user_Can_Comment_And_Approve_Workflow" time="14.864" classname="tests_workroom_library.AddUnorderedWorkflowCommentAdminNonAdmin"/>
  <testcase name="verify_Workflow_Approved" time="2.213" classname="tests_workroom_library.AddUnorderedWorkflowCommentAdminNonAdmin"/>
  <testcase name="user_Can_Logout_Again" time="2.586" classname="tests_workroom_library.AddUnorderedWorkflowCommentAdminNonAdmin"/>
  <testcase name="systemAdmin_Login" time="4.306" classname="tests_workroom_library.AddUnorderedWorkflowCommentAdminNonAdmin"/>
  <testcase name="user_Open_Library_Page_For_Workroom_2nd_Time" time="6.117" classname="tests_workroom_library.AddUnorderedWorkflowCommentAdminNonAdmin"/>
  <testcase name="navigate_To_Book_Verify_Response_Received" time="4.577" classname="tests_workroom_library.AddUnorderedWorkflowCommentAdminNonAdmin"/>
  <testcase name="Verify_Comment_And_finalize_Workflow_Response" time="10.945" classname="tests_workroom_library.AddUnorderedWorkflowCommentAdminNonAdmin"/>
  <testcase name="user_Can_Build_Book" time="15.335" classname="tests_workroom_library.AddUnorderedWorkflowCommentAdminNonAdmin"/>
  <testcase name="make_Scanned_Book_Visible" time="4.910" classname="tests_workroom_library.AddUnorderedWorkflowCommentAdminNonAdmin"/>
  <testcase name="delete_Scanned_Book" time="7.542" classname="tests_workroom_library.AddUnorderedWorkflowCommentAdminNonAdmin"/>
  <testcase name="verify_Scanned_Book_Deleted" time="8.559" classname="tests_workroom_library.AddUnorderedWorkflowCommentAdminNonAdmin"/>
</testsuite> <!-- tests_workroom_library.AddUnorderedWorkflowCommentAdminNonAdmin -->
