<?xml version="1.0" encoding="UTF-8"?>
<!-- Generated by org.testng.reporters.JUnitReportReporter -->
<testsuite skipped="0" hostname="CLT-WIN-11717" name="tests_critical_scenarios.RunAttendanceReport" tests="7" failures="0" timestamp="2021-06-21T17:09:07 EDT" time="37.909" errors="0">
  <testcase name="systemAdmin_login" time="4.859" classname="tests_critical_scenarios.RunAttendanceReport"/>
  <testcase name="user_Opens_Settings_Form_Open_Reports" time="3.074" classname="tests_critical_scenarios.RunAttendanceReport"/>
  <testcase name="user_Can_Open_Attendance_Menu" time="1.645" classname="tests_critical_scenarios.RunAttendanceReport"/>
  <testcase name="user_Can_Configure_Attendence_Report" time="4.626" classname="tests_critical_scenarios.RunAttendanceReport"/>
  <testcase name="user_Can_Verify_Filter_Change" time="0.325" classname="tests_critical_scenarios.RunAttendanceReport"/>
  <testcase name="user_Generate_And_Download_PDF_Report" time="13.606" classname="tests_critical_scenarios.RunAttendanceReport"/>
  <testcase name="user_Generate_And_Download_Excel_Report" time="9.774" classname="tests_critical_scenarios.RunAttendanceReport"/>
</testsuite> <!-- tests_critical_scenarios.RunAttendanceReport -->
