<?xml version="1.0" encoding="UTF-8"?>
<!-- Generated by org.testng.reporters.JUnitReportReporter -->
<testsuite skipped="0" hostname="CLT-WIN-11717" name="tests_workroom_collaborate.ArchiveSurveyTemplate" tests="11" failures="0" timestamp="2021-06-25T11:15:20 EDT" time="83.839" errors="0">
  <testcase name="login" time="4.748" classname="tests_workroom_collaborate.ArchiveSurveyTemplate"/>
  <testcase name="admin_Open_Workroom_AutoBE_Collaborate" time="6.699" classname="tests_workroom_collaborate.ArchiveSurveyTemplate"/>
  <testcase name="create_Survey_Template" time="7.558" classname="tests_workroom_collaborate.ArchiveSurveyTemplate"/>
  <testcase name="create_TextField_Question" time="8.306" classname="tests_workroom_collaborate.ArchiveSurveyTemplate"/>
  <testcase name="create_CheckBox_Question" time="13.674" classname="tests_workroom_collaborate.ArchiveSurveyTemplate"/>
  <testcase name="create_DropdownList_Question" time="12.639" classname="tests_workroom_collaborate.ArchiveSurveyTemplate"/>
  <testcase name="back_To_Survey_Template_Home_Page" time="5.810" classname="tests_workroom_collaborate.ArchiveSurveyTemplate"/>
  <testcase name="archive_Survey_3_Template" time="6.006" classname="tests_workroom_collaborate.ArchiveSurveyTemplate"/>
  <testcase name="delete_Archived_Survey_3_Template" time="8.146" classname="tests_workroom_collaborate.ArchiveSurveyTemplate"/>
  <testcase name="user_Navigates_To_Survey" time="5.153" classname="tests_workroom_collaborate.ArchiveSurveyTemplate"/>
  <testcase name="verify_Archived_Survey_3_Template_NOT_Present" time="5.100" classname="tests_workroom_collaborate.ArchiveSurveyTemplate"/>
</testsuite> <!-- tests_workroom_collaborate.ArchiveSurveyTemplate -->
