<?xml version="1.0" encoding="UTF-8"?>
<!-- Generated by org.testng.reporters.JUnitReportReporter -->
<testsuite skipped="0" hostname="CLT-WIN-11717" name="tests_resource_library.MoveFileFromWorkroom2Workroom" tests="9" failures="0" timestamp="2021-04-27T15:12:45 EDT" time="45.825" errors="0">
  <testcase name="home_Page_Redirect" time="4.397" classname="tests_resource_library.MoveFileFromWorkroom2Workroom"/>
  <testcase name="systemAdmin_login" time="5.715" classname="tests_resource_library.MoveFileFromWorkroom2Workroom"/>
  <testcase name="user_Can_Open_Libraries_Form" time="2.550" classname="tests_resource_library.MoveFileFromWorkroom2Workroom"/>
  <testcase name="move_File_From_AutoBE_To_AgendaTab" time="12.403" classname="tests_resource_library.MoveFileFromWorkroom2Workroom"/>
  <testcase name="user_Can_Open_Libraries_Form_4th_Time" time="2.014" classname="tests_resource_library.MoveFileFromWorkroom2Workroom"/>
  <testcase name="verify_File_Moved" time="2.251" classname="tests_resource_library.MoveFileFromWorkroom2Workroom"/>
  <testcase name="move_File_Back_To_AutoBE" time="9.756" classname="tests_resource_library.MoveFileFromWorkroom2Workroom"/>
  <testcase name="user_Can_Open_Libraries_Form_6th_Time" time="1.983" classname="tests_resource_library.MoveFileFromWorkroom2Workroom"/>
  <testcase name="verify_File_Back_In_Workroom" time="4.756" classname="tests_resource_library.MoveFileFromWorkroom2Workroom"/>
</testsuite> <!-- tests_resource_library.MoveFileFromWorkroom2Workroom -->
