<?xml version="1.0" encoding="UTF-8"?>
<!-- Generated by org.testng.reporters.JUnitReportReporter -->
<testsuite skipped="0" hostname="CLT-WIN-11717" name="tests_boardmember_access.AttachCreateNewSurveytoEventExistingSiteData" tests="16" failures="0" timestamp="2021-06-09T12:58:10 EDT" time="149.472" errors="0">
  <testcase name="home_Page_Redirect" time="1.123" classname="tests_boardmember_access.AttachCreateNewSurveytoEventExistingSiteData"/>
  <testcase name="autoUser_login" time="5.855" classname="tests_boardmember_access.AttachCreateNewSurveytoEventExistingSiteData"/>
  <testcase name="user_Can_Open_Library_Page_For_Workroom" time="6.649" classname="tests_boardmember_access.AttachCreateNewSurveytoEventExistingSiteData"/>
  <testcase name="user_Can_Create_New_Event" time="22.039" classname="tests_boardmember_access.AttachCreateNewSurveytoEventExistingSiteData"/>
  <testcase name="switch_To_Create_Survey_For_Event_Title_On_Staging_3" time="8.796" classname="tests_boardmember_access.AttachCreateNewSurveytoEventExistingSiteData"/>
  <testcase name="creating_Survey_For_Event" time="4.252" classname="tests_boardmember_access.AttachCreateNewSurveytoEventExistingSiteData"/>
  <testcase name="create_TextField_Question" time="8.415" classname="tests_boardmember_access.AttachCreateNewSurveytoEventExistingSiteData"/>
  <testcase name="create_CheckBox_Question" time="13.925" classname="tests_boardmember_access.AttachCreateNewSurveytoEventExistingSiteData"/>
  <testcase name="add_Survey_Respondents" time="10.067" classname="tests_boardmember_access.AttachCreateNewSurveytoEventExistingSiteData"/>
  <testcase name="build_Survey_Make_Visible_On_Staging_1" time="14.808" classname="tests_boardmember_access.AttachCreateNewSurveytoEventExistingSiteData"/>
  <testcase name="verify_Survey_Added_To_Event_Title_On_Staging_3" time="18.007" classname="tests_boardmember_access.AttachCreateNewSurveytoEventExistingSiteData"/>
  <testcase name="delete_Event_Title_On_Staging_3" time="9.909" classname="tests_boardmember_access.AttachCreateNewSurveytoEventExistingSiteData"/>
  <testcase name="verify_Event_Title_On_Staging_3_Deleted" time="5.050" classname="tests_boardmember_access.AttachCreateNewSurveytoEventExistingSiteData"/>
  <testcase name="user_navigates_To_Survey" time="7.266" classname="tests_boardmember_access.AttachCreateNewSurveytoEventExistingSiteData"/>
  <testcase name="delete_Survey_Board_Member_Access_1" time="8.220" classname="tests_boardmember_access.AttachCreateNewSurveytoEventExistingSiteData"/>
  <testcase name="verify_Survey_Deleted" time="5.091" classname="tests_boardmember_access.AttachCreateNewSurveytoEventExistingSiteData"/>
</testsuite> <!-- tests_boardmember_access.AttachCreateNewSurveytoEventExistingSiteData -->
