<?xml version="1.0" encoding="UTF-8"?>
<!-- Generated by org.testng.reporters.JUnitReportReporter -->
<testsuite skipped="0" hostname="CLT-WIN-11717" name="tests_workroom_library.AddOrderedApproverWorkflowToMeetingBookFile" tests="29" failures="0" timestamp="2021-04-08T09:40:59 EDT" time="172.982" errors="0">
  <testcase name="systemAdmin_login" time="6.827" classname="tests_workroom_library.AddOrderedApproverWorkflowToMeetingBookFile"/>
  <testcase name="user_Open_Library_Page_For_Workroom" time="7.528" classname="tests_workroom_library.AddOrderedApproverWorkflowToMeetingBookFile"/>
  <testcase name="user_Can_Create_New_Book_Add_Title" time="3.825" classname="tests_workroom_library.AddOrderedApproverWorkflowToMeetingBookFile"/>
  <testcase name="user_Can_Add_CoverPage" time="5.640" classname="tests_workroom_library.AddOrderedApproverWorkflowToMeetingBookFile"/>
  <testcase name="user_Add_Agenda_To_Template" time="2.672" classname="tests_workroom_library.AddOrderedApproverWorkflowToMeetingBookFile"/>
  <testcase name="user_Can_Save_Scanned_Book" time="5.576" classname="tests_workroom_library.AddOrderedApproverWorkflowToMeetingBookFile"/>
  <testcase name="user_Add_First_Catagory_To_Scanned_Book" time="5.856" classname="tests_workroom_library.AddOrderedApproverWorkflowToMeetingBookFile"/>
  <testcase name="user_Add_Scanned_Book_To_New_Catagory" time="7.732" classname="tests_workroom_library.AddOrderedApproverWorkflowToMeetingBookFile"/>
  <testcase name="add_Ordered_Workflow_To_Meeting_Book_File_Part_One" time="4.438" classname="tests_workroom_library.AddOrderedApproverWorkflowToMeetingBookFile"/>
  <testcase name="Add_Ordered_Approval_Users_WorkroomAdmin_AutoDirector" time="8.624" classname="tests_workroom_library.AddOrderedApproverWorkflowToMeetingBookFile"/>
  <testcase name="add_Workflow_Dates" time="4.524" classname="tests_workroom_library.AddOrderedApproverWorkflowToMeetingBookFile"/>
  <testcase name="verify_Workflow_Created" time="2.115" classname="tests_workroom_library.AddOrderedApproverWorkflowToMeetingBookFile"/>
  <testcase name="user_Can_Logout" time="3.082" classname="tests_workroom_library.AddOrderedApproverWorkflowToMeetingBookFile"/>
  <testcase name="workroomAdmin_Login" time="9.107" classname="tests_workroom_library.AddOrderedApproverWorkflowToMeetingBookFile"/>
  <testcase name="user_Can_Open_Actions_Menu_For_Workflow" time="11.103" classname="tests_workroom_library.AddOrderedApproverWorkflowToMeetingBookFile"/>
  <testcase name="verify_Workflow_Approved" time="2.072" classname="tests_workroom_library.AddOrderedApproverWorkflowToMeetingBookFile"/>
  <testcase name="user_Can_Logout_Again" time="2.593" classname="tests_workroom_library.AddOrderedApproverWorkflowToMeetingBookFile"/>
  <testcase name="autoDirector_Login" time="4.293" classname="tests_workroom_library.AddOrderedApproverWorkflowToMeetingBookFile"/>
  <testcase name="user_Can_Open_Actions_Menu_For_Workflow_Again" time="11.061" classname="tests_workroom_library.AddOrderedApproverWorkflowToMeetingBookFile"/>
  <testcase name="verify_Workflow_Approved_Again" time="2.041" classname="tests_workroom_library.AddOrderedApproverWorkflowToMeetingBookFile"/>
  <testcase name="user_Can_Logout_3rd_Time" time="2.532" classname="tests_workroom_library.AddOrderedApproverWorkflowToMeetingBookFile"/>
  <testcase name="systemAdmin_Login" time="4.403" classname="tests_workroom_library.AddOrderedApproverWorkflowToMeetingBookFile"/>
  <testcase name="user_Open_Library_Page_For_Workroom_2nd_Time" time="6.097" classname="tests_workroom_library.AddOrderedApproverWorkflowToMeetingBookFile"/>
  <testcase name="navigate_To_Book_Verify_Response_Received" time="4.662" classname="tests_workroom_library.AddOrderedApproverWorkflowToMeetingBookFile"/>
  <testcase name="finalize_Workflow_Response" time="9.131" classname="tests_workroom_library.AddOrderedApproverWorkflowToMeetingBookFile"/>
  <testcase name="user_Can_Build_Book" time="14.875" classname="tests_workroom_library.AddOrderedApproverWorkflowToMeetingBookFile"/>
  <testcase name="make_Scanned_Book_Visible" time="4.772" classname="tests_workroom_library.AddOrderedApproverWorkflowToMeetingBookFile"/>
  <testcase name="delete_Scanned_Book" time="7.357" classname="tests_workroom_library.AddOrderedApproverWorkflowToMeetingBookFile"/>
  <testcase name="verify_Scanned_Book_Deleted" time="8.444" classname="tests_workroom_library.AddOrderedApproverWorkflowToMeetingBookFile"/>
</testsuite> <!-- tests_workroom_library.AddOrderedApproverWorkflowToMeetingBookFile -->
