<?xml version="1.0" encoding="UTF-8"?>
<!-- Generated by org.testng.reporters.JUnitReportReporter -->
<testsuite skipped="0" hostname="CLT-WIN-11717" name="tests_workroom_home.ViewWorkroomMemberProfile" tests="4" failures="0" timestamp="2021-06-14T14:58:59 EDT" time="14.979" errors="0">
  <testcase name="autoUser_login" time="5.161" classname="tests_workroom_home.ViewWorkroomMemberProfile"/>
  <testcase name="view_Workroom_Member_Profile" time="9.444" classname="tests_workroom_home.ViewWorkroomMemberProfile"/>
  <testcase name="verify_Member_Profile_Contents" time="0.172" classname="tests_workroom_home.ViewWorkroomMemberProfile"/>
  <testcase name="close_Profile" time="0.202" classname="tests_workroom_home.ViewWorkroomMemberProfile"/>
</testsuite> <!-- tests_workroom_home.ViewWorkroomMemberProfile -->
