<?xml version="1.0" encoding="UTF-8"?>
<!-- Generated by org.testng.reporters.JUnitReportReporter -->
<testsuite skipped="0" hostname="CLT-WIN-11717" name="tests_workroom_library.AddSingleUserUnorderedWorkflowToMeetingBookFile" tests="25" failures="0" timestamp="2021-04-08T12:38:19 EDT" time="147.745" errors="0">
  <testcase name="systemAdmin_login" time="6.782" classname="tests_workroom_library.AddSingleUserUnorderedWorkflowToMeetingBookFile"/>
  <testcase name="user_Open_Library_Page_For_Workroom" time="6.878" classname="tests_workroom_library.AddSingleUserUnorderedWorkflowToMeetingBookFile"/>
  <testcase name="user_Can_Create_New_Book_Add_Title" time="3.683" classname="tests_workroom_library.AddSingleUserUnorderedWorkflowToMeetingBookFile"/>
  <testcase name="user_Can_Add_CoverPage" time="5.847" classname="tests_workroom_library.AddSingleUserUnorderedWorkflowToMeetingBookFile"/>
  <testcase name="user_Add_Agenda_To_Template" time="2.657" classname="tests_workroom_library.AddSingleUserUnorderedWorkflowToMeetingBookFile"/>
  <testcase name="user_Can_Save_Scanned_Book" time="3.081" classname="tests_workroom_library.AddSingleUserUnorderedWorkflowToMeetingBookFile"/>
  <testcase name="user_Add_First_Catagory_To_Scanned_Book" time="6.032" classname="tests_workroom_library.AddSingleUserUnorderedWorkflowToMeetingBookFile"/>
  <testcase name="user_Add_Scanned_Book_To_New_Catagory" time="9.067" classname="tests_workroom_library.AddSingleUserUnorderedWorkflowToMeetingBookFile"/>
  <testcase name="add_Unordered_Workflow_To_Meeting_Book_File_Part_One" time="4.396" classname="tests_workroom_library.AddSingleUserUnorderedWorkflowToMeetingBookFile"/>
  <testcase name="add_Single_User_Unordered_Approval_WorkroomAdmin" time="7.073" classname="tests_workroom_library.AddSingleUserUnorderedWorkflowToMeetingBookFile"/>
  <testcase name="add_Workflow_Dates" time="4.584" classname="tests_workroom_library.AddSingleUserUnorderedWorkflowToMeetingBookFile"/>
  <testcase name="verify_Workflow_Created" time="3.849" classname="tests_workroom_library.AddSingleUserUnorderedWorkflowToMeetingBookFile"/>
  <testcase name="user_Can_Logout" time="2.712" classname="tests_workroom_library.AddSingleUserUnorderedWorkflowToMeetingBookFile"/>
  <testcase name="workroomAdmin_Login" time="4.327" classname="tests_workroom_library.AddSingleUserUnorderedWorkflowToMeetingBookFile"/>
  <testcase name="user_Can_Open_Actions_Menu_For_Workflow" time="11.623" classname="tests_workroom_library.AddSingleUserUnorderedWorkflowToMeetingBookFile"/>
  <testcase name="verify_Workflow_Approved" time="2.138" classname="tests_workroom_library.AddSingleUserUnorderedWorkflowToMeetingBookFile"/>
  <testcase name="user_Can_Logout_Again" time="2.566" classname="tests_workroom_library.AddSingleUserUnorderedWorkflowToMeetingBookFile"/>
  <testcase name="systemAdmin_Login" time="4.407" classname="tests_workroom_library.AddSingleUserUnorderedWorkflowToMeetingBookFile"/>
  <testcase name="user_Open_Library_Page_For_Workroom_2nd_Time" time="5.804" classname="tests_workroom_library.AddSingleUserUnorderedWorkflowToMeetingBookFile"/>
  <testcase name="navigate_To_Book_Verify_Response_Received" time="4.214" classname="tests_workroom_library.AddSingleUserUnorderedWorkflowToMeetingBookFile"/>
  <testcase name="finalize_Workflow_Response" time="10.291" classname="tests_workroom_library.AddSingleUserUnorderedWorkflowToMeetingBookFile"/>
  <testcase name="user_Can_Build_Book" time="14.814" classname="tests_workroom_library.AddSingleUserUnorderedWorkflowToMeetingBookFile"/>
  <testcase name="make_Scanned_Book_Visible" time="4.911" classname="tests_workroom_library.AddSingleUserUnorderedWorkflowToMeetingBookFile"/>
  <testcase name="delete_Scanned_Book" time="7.451" classname="tests_workroom_library.AddSingleUserUnorderedWorkflowToMeetingBookFile"/>
  <testcase name="verify_Scanned_Book_Deleted" time="8.558" classname="tests_workroom_library.AddSingleUserUnorderedWorkflowToMeetingBookFile"/>
</testsuite> <!-- tests_workroom_library.AddSingleUserUnorderedWorkflowToMeetingBookFile -->
