<?xml version="1.0" encoding="UTF-8"?>
<!-- Generated by org.testng.reporters.JUnitReportReporter -->
<testsuite skipped="0" hostname="CLT-WIN-11717" name="tests_directory.DownloadDirectoryAtGlance" tests="3" failures="0" timestamp="2021-05-25T10:54:20 EDT" time="24.001" errors="0">
  <testcase name="loginBE_SystemAdmin" time="5.499" classname="tests_directory.DownloadDirectoryAtGlance"/>
  <testcase name="user_Can_Open_Dirctory" time="2.031" classname="tests_directory.DownloadDirectoryAtGlance"/>
  <testcase name="user_Can_Download_Directory_At_A_Glance" time="16.471" classname="tests_directory.DownloadDirectoryAtGlance"/>
</testsuite> <!-- tests_directory.DownloadDirectoryAtGlance -->
