<?xml version="1.0" encoding="UTF-8"?>
<!-- Generated by org.testng.reporters.JUnitReportReporter -->
<testsuite skipped="0" hostname="CLT-WIN-11717" name="tests_settings.SetUserVisibleInWorkroom" tests="15" failures="0" timestamp="2021-06-23T11:19:48 EDT" time="81.272" errors="0">
  <testcase name="system_Admin_Login" time="5.532" classname="tests_settings.SetUserVisibleInWorkroom"/>
  <testcase name="systemAdmin_Open_Settings_Then_Workroom_And_Group_Settings_3rd_Time" time="2.754" classname="tests_settings.SetUserVisibleInWorkroom"/>
  <testcase name="systemAdmin_Set_Workroom_Admin_2_To_Hidden" time="12.345" classname="tests_settings.SetUserVisibleInWorkroom"/>
  <testcase name="user_Can_Logout" time="2.653" classname="tests_settings.SetUserVisibleInWorkroom"/>
  <testcase name="Auto_Director_Login" time="4.304" classname="tests_settings.SetUserVisibleInWorkroom"/>
  <testcase name="verify_Workroom_Admin_2_Hidden" time="9.879" classname="tests_settings.SetUserVisibleInWorkroom"/>
  <testcase name="user_Can_Logout_2nd_Time" time="2.636" classname="tests_settings.SetUserVisibleInWorkroom"/>
  <testcase name="system_Admin_Login_2nd_Time" time="4.312" classname="tests_settings.SetUserVisibleInWorkroom"/>
  <testcase name="navigate_Back_To_Workroom_Members" time="4.796" classname="tests_settings.SetUserVisibleInWorkroom"/>
  <testcase name="make_Workroom_Admin_2_Visible" time="8.808" classname="tests_settings.SetUserVisibleInWorkroom"/>
  <testcase name="navigate_Back_To_Workroom_Members_Again" time="4.902" classname="tests_settings.SetUserVisibleInWorkroom"/>
  <testcase name="verify_Workroom_Admin_2_Hidden_Icon_Not_Present" time="6.186" classname="tests_settings.SetUserVisibleInWorkroom"/>
  <testcase name="user_Can_Logout_3rd_Time" time="3.207" classname="tests_settings.SetUserVisibleInWorkroom"/>
  <testcase name="system_Admin_Login_3rd_Time" time="4.281" classname="tests_settings.SetUserVisibleInWorkroom"/>
  <testcase name="verify_Workroom_Admin_Visible" time="4.677" classname="tests_settings.SetUserVisibleInWorkroom"/>
</testsuite> <!-- tests_settings.SetUserVisibleInWorkroom -->
