<?xml version="1.0" encoding="UTF-8"?>
<!-- Generated by org.testng.reporters.JUnitReportReporter -->
<testsuite skipped="0" hostname="CLT-WIN-11717" name="tests_workroom_home.CreateWelcomeMessageWithIframeVideo" tests="6" failures="0" timestamp="2021-06-14T12:13:56 EDT" time="35.174" errors="0">
  <testcase name="autoUser_login" time="4.904" classname="tests_workroom_home.CreateWelcomeMessageWithIframeVideo"/>
  <testcase name="user_Clicks_On_Edit_Icon_AutoAttend_WR" time="7.915" classname="tests_workroom_home.CreateWelcomeMessageWithIframeVideo"/>
  <testcase name="switch_To_Iframe_Insert_Iframe_Video" time="5.957" classname="tests_workroom_home.CreateWelcomeMessageWithIframeVideo"/>
  <testcase name="verify_Content_Appears" time="1.139" classname="tests_workroom_home.CreateWelcomeMessageWithIframeVideo"/>
  <testcase name="delete_Insert_Previous_Message" time="6.007" classname="tests_workroom_home.CreateWelcomeMessageWithIframeVideo"/>
  <testcase name="verify_Previous_Message" time="9.252" classname="tests_workroom_home.CreateWelcomeMessageWithIframeVideo"/>
</testsuite> <!-- tests_workroom_home.CreateWelcomeMessageWithIframeVideo -->
