<?xml version="1.0" encoding="UTF-8"?>
<!-- Generated by org.testng.reporters.JUnitReportReporter -->
<testsuite skipped="0" hostname="CLT-WIN-11717" name="tests_workroom_library.AddOrderedWorkflowToMeetingBookFile" tests="29" failures="0" timestamp="2021-04-08T12:35:35 EDT" time="166.128" errors="0">
  <testcase name="systemAdmin_login" time="6.380" classname="tests_workroom_library.AddOrderedWorkflowToMeetingBookFile"/>
  <testcase name="user_Open_Library_Page_For_Workroom" time="7.005" classname="tests_workroom_library.AddOrderedWorkflowToMeetingBookFile"/>
  <testcase name="user_Can_Create_New_Book_Add_Title" time="4.074" classname="tests_workroom_library.AddOrderedWorkflowToMeetingBookFile"/>
  <testcase name="user_Can_Add_CoverPage" time="5.893" classname="tests_workroom_library.AddOrderedWorkflowToMeetingBookFile"/>
  <testcase name="user_Add_Agenda_To_Template" time="2.701" classname="tests_workroom_library.AddOrderedWorkflowToMeetingBookFile"/>
  <testcase name="user_Can_Save_Scanned_Book" time="2.932" classname="tests_workroom_library.AddOrderedWorkflowToMeetingBookFile"/>
  <testcase name="user_Add_First_Catagory_To_Scanned_Book" time="5.753" classname="tests_workroom_library.AddOrderedWorkflowToMeetingBookFile"/>
  <testcase name="user_Add_Scanned_Book_To_New_Catagory" time="7.316" classname="tests_workroom_library.AddOrderedWorkflowToMeetingBookFile"/>
  <testcase name="add_Ordered_Workflow_To_Meeting_Book_File_Part_One" time="4.387" classname="tests_workroom_library.AddOrderedWorkflowToMeetingBookFile"/>
  <testcase name="Add_Ordered_Approval_Users_WorkroomAdmin_AutoDirector" time="8.598" classname="tests_workroom_library.AddOrderedWorkflowToMeetingBookFile"/>
  <testcase name="add_Workflow_Dates" time="4.432" classname="tests_workroom_library.AddOrderedWorkflowToMeetingBookFile"/>
  <testcase name="verify_Workflow_Created" time="2.801" classname="tests_workroom_library.AddOrderedWorkflowToMeetingBookFile"/>
  <testcase name="user_Can_Logout" time="2.770" classname="tests_workroom_library.AddOrderedWorkflowToMeetingBookFile"/>
  <testcase name="workroomAdmin_Login" time="4.317" classname="tests_workroom_library.AddOrderedWorkflowToMeetingBookFile"/>
  <testcase name="user_Can_Open_Actions_Menu_For_Workflow" time="11.518" classname="tests_workroom_library.AddOrderedWorkflowToMeetingBookFile"/>
  <testcase name="verify_Workflow_Approved" time="2.101" classname="tests_workroom_library.AddOrderedWorkflowToMeetingBookFile"/>
  <testcase name="user_Can_Logout_Again" time="2.607" classname="tests_workroom_library.AddOrderedWorkflowToMeetingBookFile"/>
  <testcase name="autoDirector_Login" time="4.280" classname="tests_workroom_library.AddOrderedWorkflowToMeetingBookFile"/>
  <testcase name="user_Can_Open_Actions_Menu_For_Workflow_Again" time="11.589" classname="tests_workroom_library.AddOrderedWorkflowToMeetingBookFile"/>
  <testcase name="verify_Workflow_Approved_Again" time="2.755" classname="tests_workroom_library.AddOrderedWorkflowToMeetingBookFile"/>
  <testcase name="user_Can_Logout_3rd_Time" time="2.743" classname="tests_workroom_library.AddOrderedWorkflowToMeetingBookFile"/>
  <testcase name="systemAdmin_Login" time="4.217" classname="tests_workroom_library.AddOrderedWorkflowToMeetingBookFile"/>
  <testcase name="user_Open_Library_Page_For_Workroom_2nd_Time" time="5.902" classname="tests_workroom_library.AddOrderedWorkflowToMeetingBookFile"/>
  <testcase name="navigate_To_Book_Verify_Response_Received" time="4.462" classname="tests_workroom_library.AddOrderedWorkflowToMeetingBookFile"/>
  <testcase name="finalize_Workflow_Response" time="9.303" classname="tests_workroom_library.AddOrderedWorkflowToMeetingBookFile"/>
  <testcase name="user_Can_Build_Book" time="14.295" classname="tests_workroom_library.AddOrderedWorkflowToMeetingBookFile"/>
  <testcase name="make_Scanned_Book_Visible" time="4.529" classname="tests_workroom_library.AddOrderedWorkflowToMeetingBookFile"/>
  <testcase name="delete_Scanned_Book" time="7.298" classname="tests_workroom_library.AddOrderedWorkflowToMeetingBookFile"/>
  <testcase name="verify_Scanned_Book_Deleted" time="9.170" classname="tests_workroom_library.AddOrderedWorkflowToMeetingBookFile"/>
</testsuite> <!-- tests_workroom_library.AddOrderedWorkflowToMeetingBookFile -->
