<?xml version="1.0" encoding="UTF-8"?>
<!-- Generated by org.testng.reporters.JUnitReportReporter -->
<testsuite skipped="0" hostname="CLT-WIN-11717" name="tests_resource_library.AddNewFilesViaUpload" tests="9" failures="0" timestamp="2021-06-16T13:52:04 EDT" time="54.637" errors="0">
  <testcase name="systemAdmin_login" time="5.523" classname="tests_resource_library.AddNewFilesViaUpload"/>
  <testcase name="user_Can_Open_Libraries_Form" time="3.334" classname="tests_resource_library.AddNewFilesViaUpload"/>
  <testcase name="user_Can_Create_New_Resource_Library_Folder" time="6.382" classname="tests_resource_library.AddNewFilesViaUpload"/>
  <testcase name="user_Can_Open_Libraries_Form_2nd_Time" time="2.130" classname="tests_resource_library.AddNewFilesViaUpload"/>
  <testcase name="user_Can_Add_Multiple_Files_To_Folder_5" time="20.418" classname="tests_resource_library.AddNewFilesViaUpload"/>
  <testcase name="user_Can_Open_Libraries_Form_3rd_Time" time="1.994" classname="tests_resource_library.AddNewFilesViaUpload"/>
  <testcase name="user_Can_Delete_Resource_Library_Folder_5" time="7.739" classname="tests_resource_library.AddNewFilesViaUpload"/>
  <testcase name="user_Can_Open_Libraries_Form_4th_Time" time="2.051" classname="tests_resource_library.AddNewFilesViaUpload"/>
  <testcase name="verify_Resource_Library_Folder_5_NOT_Present" time="5.066" classname="tests_resource_library.AddNewFilesViaUpload"/>
</testsuite> <!-- tests_resource_library.AddNewFilesViaUpload -->
