<?xml version="1.0" encoding="UTF-8"?>
<!-- Generated by org.testng.reporters.JUnitReportReporter -->
<testsuite skipped="0" hostname="CLT-WIN-11717" name="tests_workroom_events.CreateEventWIthCustomVideoConferencingURL" tests="6" failures="0" timestamp="2021-04-21T11:36:56 EDT" time="77.612" errors="0">
  <testcase name="systemAdmin_login" time="6.929" classname="tests_workroom_events.CreateEventWIthCustomVideoConferencingURL"/>
  <testcase name="user_Can_Open_Events_for_Workroom" time="6.703" classname="tests_workroom_events.CreateEventWIthCustomVideoConferencingURL"/>
  <testcase name="user_Can_Create_New_Event_With_Custom_VC_URL" time="33.058" classname="tests_workroom_events.CreateEventWIthCustomVideoConferencingURL"/>
  <testcase name="user_Can_Join_Custom_Meeting" time="10.205" classname="tests_workroom_events.CreateEventWIthCustomVideoConferencingURL"/>
  <testcase name="user_Delete_Go_To_Meeting_Event" time="12.050" classname="tests_workroom_events.CreateEventWIthCustomVideoConferencingURL"/>
  <testcase name="verify_Go_To_Meeting_Event_Deleted" time="8.667" classname="tests_workroom_events.CreateEventWIthCustomVideoConferencingURL"/>
</testsuite> <!-- tests_workroom_events.CreateEventWIthCustomVideoConferencingURL -->
