<?xml version="1.0" encoding="UTF-8"?>
<!-- Generated by org.testng.reporters.JUnitReportReporter -->
<testsuite skipped="0" hostname="CLT-WIN-11717" name="tests_resource_library.CopyLinkViewWorkroomFile" tests="11" failures="0" timestamp="2021-04-27T13:47:39 EDT" time="63.450" errors="0">
  <testcase name="systemAdmin_login" time="4.861" classname="tests_resource_library.CopyLinkViewWorkroomFile"/>
  <testcase name="user_Can_Open_Libraries_Form" time="2.284" classname="tests_resource_library.CopyLinkViewWorkroomFile"/>
  <testcase name="create_View_Only_New_Resource_Library_Folder" time="8.413" classname="tests_resource_library.CopyLinkViewWorkroomFile"/>
  <testcase name="user_Can_Open_Libraries_Form_2nd_Time" time="1.966" classname="tests_resource_library.CopyLinkViewWorkroomFile"/>
  <testcase name="user_Can_Add_File_Folder" time="19.673" classname="tests_resource_library.CopyLinkViewWorkroomFile"/>
  <testcase name="user_Can_Open_Libraries_Form_3rd_Time" time="1.966" classname="tests_resource_library.CopyLinkViewWorkroomFile"/>
  <testcase name="copy_File_Link" time="6.256" classname="tests_resource_library.CopyLinkViewWorkroomFile"/>
  <testcase name="open_File_Link" time="2.289" classname="tests_resource_library.CopyLinkViewWorkroomFile"/>
  <testcase name="switch_Tab_Verify_Viewer_Element" time="8.351" classname="tests_resource_library.CopyLinkViewWorkroomFile"/>
  <testcase name="user_Can_Open_Libraries_Form_4th_Time" time="1.954" classname="tests_resource_library.CopyLinkViewWorkroomFile"/>
  <testcase name="user_Can_Delete_View_Only_Folder" time="5.437" classname="tests_resource_library.CopyLinkViewWorkroomFile"/>
</testsuite> <!-- tests_resource_library.CopyLinkViewWorkroomFile -->
