<?xml version="1.0" encoding="UTF-8"?>
<!-- Generated by org.testng.reporters.JUnitReportReporter -->
<testsuite skipped="0" hostname="CLT-WIN-11717" name="tests_workroom_events.CreateEventAttendanceHybrid" tests="15" failures="0" timestamp="2021-05-25T09:14:00 EDT" time="101.480" errors="0">
  <testcase name="systemAdmin_login" time="6.028" classname="tests_workroom_events.CreateEventAttendanceHybrid"/>
  <testcase name="user_Can_Open_Events_for_Workroom" time="7.126" classname="tests_workroom_events.CreateEventAttendanceHybrid"/>
  <testcase name="user_Can_Create_New_Event_With_Custom_VC_URL" time="25.536" classname="tests_workroom_events.CreateEventAttendanceHybrid"/>
  <testcase name="workroomAdmin_logout" time="2.720" classname="tests_workroom_events.CreateEventAttendanceHybrid"/>
  <testcase name="autoDirector_Login_To_BoardEffect" time="4.401" classname="tests_workroom_events.CreateEventAttendanceHybrid"/>
  <testcase name="autoDirector_Response_Vitual" time="6.915" classname="tests_workroom_events.CreateEventAttendanceHybrid"/>
  <testcase name="autoDirector_logout" time="2.921" classname="tests_workroom_events.CreateEventAttendanceHybrid"/>
  <testcase name="testReset_Login_Again" time="4.992" classname="tests_workroom_events.CreateEventAttendanceHybrid"/>
  <testcase name="testUser_Response_InPerson" time="6.909" classname="tests_workroom_events.CreateEventAttendanceHybrid"/>
  <testcase name="testReset_Logout" time="2.743" classname="tests_workroom_events.CreateEventAttendanceHybrid"/>
  <testcase name="systemAdmin_Login_Again" time="4.386" classname="tests_workroom_events.CreateEventAttendanceHybrid"/>
  <testcase name="user_Can_Open_Events_for_Workroom_Again" time="5.851" classname="tests_workroom_events.CreateEventAttendanceHybrid"/>
  <testcase name="verify_AutoDirector_Response_To_Virtual_Event" time="7.034" classname="tests_workroom_events.CreateEventAttendanceHybrid"/>
  <testcase name="user_Can_Delete_Event_And_Verify_Deleted" time="8.804" classname="tests_workroom_events.CreateEventAttendanceHybrid"/>
  <testcase name="verify_Event_Deleted" time="5.114" classname="tests_workroom_events.CreateEventAttendanceHybrid"/>
</testsuite> <!-- tests_workroom_events.CreateEventAttendanceHybrid -->
