<?xml version="1.0" encoding="UTF-8"?>
<!-- Generated by org.testng.reporters.JUnitReportReporter -->
<testsuite skipped="0" hostname="CLT-WIN-11717" name="tests_workroom_events.AttachSurveyToNewEvent" tests="14" failures="0" timestamp="2021-05-20T11:04:20 EDT" time="130.239" errors="0">
  <testcase name="autoUser_login" time="5.280" classname="tests_workroom_events.AttachSurveyToNewEvent"/>
  <testcase name="user_Can_Open_Events_for_Workroom" time="6.973" classname="tests_workroom_events.AttachSurveyToNewEvent"/>
  <testcase name="user_Can_Create_New_Event" time="20.934" classname="tests_workroom_events.AttachSurveyToNewEvent"/>
  <testcase name="user_Can_Click_Accept_As_Response" time="2.150" classname="tests_workroom_events.AttachSurveyToNewEvent"/>
  <testcase name="switch_To_Creating_Survey" time="7.957" classname="tests_workroom_events.AttachSurveyToNewEvent"/>
  <testcase name="creating_Survey_For_Event" time="4.236" classname="tests_workroom_events.AttachSurveyToNewEvent"/>
  <testcase name="create_TextField_Question" time="8.178" classname="tests_workroom_events.AttachSurveyToNewEvent"/>
  <testcase name="create_CheckBox_Question" time="13.305" classname="tests_workroom_events.AttachSurveyToNewEvent"/>
  <testcase name="add_Survey_Respondents" time="10.692" classname="tests_workroom_events.AttachSurveyToNewEvent"/>
  <testcase name="build_Survey_Make_Visible" time="12.448" classname="tests_workroom_events.AttachSurveyToNewEvent"/>
  <testcase name="verify_Survey_Added_To_Event" time="14.914" classname="tests_workroom_events.AttachSurveyToNewEvent"/>
  <testcase name="user_Can_Delete_Event_With_Survey" time="11.613" classname="tests_workroom_events.AttachSurveyToNewEvent"/>
  <testcase name="user_navigates_To_Survey" time="4.889" classname="tests_workroom_events.AttachSurveyToNewEvent"/>
  <testcase name="delete_Survey" time="6.670" classname="tests_workroom_events.AttachSurveyToNewEvent"/>
</testsuite> <!-- tests_workroom_events.AttachSurveyToNewEvent -->
