<?xml version="1.0" encoding="UTF-8"?>
<!-- Generated by org.testng.reporters.JUnitReportReporter -->
<testsuite skipped="0" hostname="CLT-WIN-11717" name="tests_resource_library.SearchFileFolderName" tests="12" failures="0" timestamp="2021-06-19T23:30:52 EDT" time="56.673" errors="0">
  <testcase name="systemAdmin_login" time="4.595" classname="tests_resource_library.SearchFileFolderName"/>
  <testcase name="user_Can_Open_Libraries_Form" time="3.107" classname="tests_resource_library.SearchFileFolderName"/>
  <testcase name="user_Can_Create_New_Resource_Library_Folder" time="7.220" classname="tests_resource_library.SearchFileFolderName"/>
  <testcase name="user_Can_Open_Libraries_Form_2nd_Time" time="2.537" classname="tests_resource_library.SearchFileFolderName"/>
  <testcase name="user_Can_Add_File_To_Folder_16" time="9.243" classname="tests_resource_library.SearchFileFolderName"/>
  <testcase name="user_Can_Open_Libraries_Form_3rd_Time" time="2.566" classname="tests_resource_library.SearchFileFolderName"/>
  <testcase name="user_Can_Search_For_File" time="5.100" classname="tests_resource_library.SearchFileFolderName"/>
  <testcase name="user_Can_Search_For_Folder" time="5.680" classname="tests_resource_library.SearchFileFolderName"/>
  <testcase name="user_Can_Open_Libraries_Form_4th_Time" time="2.555" classname="tests_resource_library.SearchFileFolderName"/>
  <testcase name="user_Delete_Resource_Library_Folder_16" time="4.907" classname="tests_resource_library.SearchFileFolderName"/>
  <testcase name="user_Can_Open_Libraries_Form_5th_Time" time="2.560" classname="tests_resource_library.SearchFileFolderName"/>
  <testcase name="verify_Resource_Library_Folder_16_NOT_Present" time="6.603" classname="tests_resource_library.SearchFileFolderName"/>
</testsuite> <!-- tests_resource_library.SearchFileFolderName -->
