<?xml version="1.0" encoding="UTF-8"?>
<!-- Generated by org.testng.reporters.JUnitReportReporter -->
<testsuite skipped="0" hostname="CLT-WIN-11717" name="tests_settings.SetUserToMobileOnly" tests="12" failures="0" timestamp="2021-06-23T09:06:34 EDT" time="49.216" errors="0">
  <testcase name="system_Admin_Login" time="4.824" classname="tests_settings.SetUserToMobileOnly"/>
  <testcase name="user_Can_Open_Directory" time="4.114" classname="tests_settings.SetUserToMobileOnly"/>
  <testcase name="Open_User_Profile" time="4.881" classname="tests_settings.SetUserToMobileOnly"/>
  <testcase name="enable_User_To_Mobile_Only" time="6.824" classname="tests_settings.SetUserToMobileOnly"/>
  <testcase name="user_Can_Logout" time="2.842" classname="tests_settings.SetUserToMobileOnly"/>
  <testcase name="user_Can_Login" time="4.148" classname="tests_settings.SetUserToMobileOnly"/>
  <testcase name="user_Login_Should_Fail" time="3.173" classname="tests_settings.SetUserToMobileOnly"/>
  <testcase name="system_Admin_Login_2nd_Time" time="4.349" classname="tests_settings.SetUserToMobileOnly"/>
  <testcase name="user_Can_Open_Directory_2nd_Time" time="2.105" classname="tests_settings.SetUserToMobileOnly"/>
  <testcase name="Open_User_Profile_2nd_Time" time="4.565" classname="tests_settings.SetUserToMobileOnly"/>
  <testcase name="disable_User_To_Mobile_Only" time="5.549" classname="tests_settings.SetUserToMobileOnly"/>
  <testcase name="user_Close_Directory_2nd_time" time="1.842" classname="tests_settings.SetUserToMobileOnly"/>
</testsuite> <!-- tests_settings.SetUserToMobileOnly -->
