<?xml version="1.0" encoding="UTF-8"?>
<!-- Generated by org.testng.reporters.JUnitReportReporter -->
<testsuite skipped="0" hostname="CLT-WIN-11717" name="tests_workroom_collaborate.AttachExistingSchedulersToNewEvent" tests="11" failures="0" timestamp="2021-06-25T12:21:37 EDT" time="76.065" errors="0">
  <testcase name="home_Page_Redirect" time="1.108" classname="tests_workroom_collaborate.AttachExistingSchedulersToNewEvent"/>
  <testcase name="autoUser_login" time="5.087" classname="tests_workroom_collaborate.AttachExistingSchedulersToNewEvent"/>
  <testcase name="user_Can_Open_Events_for_Workroom" time="7.051" classname="tests_workroom_collaborate.AttachExistingSchedulersToNewEvent"/>
  <testcase name="user_Can_Create_New_Event" time="20.039" classname="tests_workroom_collaborate.AttachExistingSchedulersToNewEvent"/>
  <testcase name="user_Can_Click_Accept_As_Response" time="2.250" classname="tests_workroom_collaborate.AttachExistingSchedulersToNewEvent"/>
  <testcase name="navigate_To_Schedulers" time="9.047" classname="tests_workroom_collaborate.AttachExistingSchedulersToNewEvent"/>
  <testcase name="attach_Event_5_To_Scheduler" time="9.545" classname="tests_workroom_collaborate.AttachExistingSchedulersToNewEvent"/>
  <testcase name="navigate_To_Events" time="6.465" classname="tests_workroom_collaborate.AttachExistingSchedulersToNewEvent"/>
  <testcase name="verify_Event_5_Scheduler_Button_Displayed" time="0.070" classname="tests_workroom_collaborate.AttachExistingSchedulersToNewEvent"/>
  <testcase name="delete_Event_5_On_Staging" time="10.291" classname="tests_workroom_collaborate.AttachExistingSchedulersToNewEvent"/>
  <testcase name="verify_Event_5_Deleted" time="5.112" classname="tests_workroom_collaborate.AttachExistingSchedulersToNewEvent"/>
</testsuite> <!-- tests_workroom_collaborate.AttachExistingSchedulersToNewEvent -->
