<?xml version="1.0" encoding="UTF-8"?>
<!-- Generated by org.testng.reporters.JUnitReportReporter -->
<testsuite skipped="0" hostname="CLT-WIN-11717" name="tests_critical_scenarios.ResetUserPassword" tests="11" failures="0" timestamp="2021-06-03T07:43:05 EDT" time="46.623" errors="0">
  <testcase name="systemAdmin_login" time="4.581" classname="tests_critical_scenarios.ResetUserPassword"/>
  <testcase name="systemAdmin_Opens_Directory_Search_For_User" time="4.214" classname="tests_critical_scenarios.ResetUserPassword"/>
  <testcase name="systemAdmin_Update_User_Password" time="6.966" classname="tests_critical_scenarios.ResetUserPassword"/>
  <testcase name="systemAdmin_Close_Profile_And_Logout" time="2.922" classname="tests_critical_scenarios.ResetUserPassword"/>
  <testcase name="workroom_Member_Login_To_BoardEffect" time="1.492" classname="tests_critical_scenarios.ResetUserPassword"/>
  <testcase name="workroom_Member_Close_Profile_And_Logout" time="4.321" classname="tests_critical_scenarios.ResetUserPassword"/>
  <testcase name="systemAdmin_Login_2nd_Time" time="4.262" classname="tests_critical_scenarios.ResetUserPassword"/>
  <testcase name="systemAdmin_Update_User_Password_Back_To_Original" time="12.533" classname="tests_critical_scenarios.ResetUserPassword"/>
  <testcase name="systemAdmin_Can_Sign_Out" time="2.617" classname="tests_critical_scenarios.ResetUserPassword"/>
  <testcase name="workroom_Member_Login_To_BoardEffect_Orginal_Password" time="1.502" classname="tests_critical_scenarios.ResetUserPassword"/>
  <testcase name="workroom_Member_Login_With_Updated_Password" time="1.213" classname="tests_critical_scenarios.ResetUserPassword"/>
</testsuite> <!-- tests_critical_scenarios.ResetUserPassword -->
