<?xml version="1.0" encoding="UTF-8"?>
<!-- Generated by org.testng.reporters.JUnitReportReporter -->
<testsuite skipped="0" hostname="CLT-WIN-11717" name="tests_critical_scenarios.CreateSurveyQuestionsAndDelete" tests="12" failures="0" timestamp="2021-06-03T07:43:05 EDT" time="131.807" errors="0">
  <testcase name="login" time="5.129" classname="tests_critical_scenarios.CreateSurveyQuestionsAndDelete"/>
  <testcase name="create_Survey" time="16.320" classname="tests_critical_scenarios.CreateSurveyQuestionsAndDelete"/>
  <testcase name="create_TextField_Question" time="8.228" classname="tests_critical_scenarios.CreateSurveyQuestionsAndDelete"/>
  <testcase name="create_CheckBox_Question" time="14.262" classname="tests_critical_scenarios.CreateSurveyQuestionsAndDelete"/>
  <testcase name="create_DropdownList_Question" time="12.429" classname="tests_critical_scenarios.CreateSurveyQuestionsAndDelete"/>
  <testcase name="create_RadioButtons_Question" time="12.396" classname="tests_critical_scenarios.CreateSurveyQuestionsAndDelete"/>
  <testcase name="create_Paragraph_Question" time="7.886" classname="tests_critical_scenarios.CreateSurveyQuestionsAndDelete"/>
  <testcase name="create_Heading_Question" time="8.835" classname="tests_critical_scenarios.CreateSurveyQuestionsAndDelete"/>
  <testcase name="create_Linear_Scale" time="12.781" classname="tests_critical_scenarios.CreateSurveyQuestionsAndDelete"/>
  <testcase name="add_Survey_Respondents" time="11.860" classname="tests_critical_scenarios.CreateSurveyQuestionsAndDelete"/>
  <testcase name="build_Survey_Make_Visible" time="13.377" classname="tests_critical_scenarios.CreateSurveyQuestionsAndDelete"/>
  <testcase name="delete_Survey" time="8.304" classname="tests_critical_scenarios.CreateSurveyQuestionsAndDelete"/>
</testsuite> <!-- tests_critical_scenarios.CreateSurveyQuestionsAndDelete -->
