<?xml version="1.0" encoding="UTF-8"?>
<!-- Generated by org.testng.reporters.JUnitReportReporter -->
<testsuite skipped="0" hostname="CLT-WIN-11717" name="tests_directory.DownloadDirectoryExcel" tests="3" failures="0" timestamp="2021-05-25T10:54:57 EDT" time="21.689" errors="0">
  <testcase name="loginBE_SystemAdmin" time="5.708" classname="tests_directory.DownloadDirectoryExcel"/>
  <testcase name="user_Can_Open_Dirctory" time="1.824" classname="tests_directory.DownloadDirectoryExcel"/>
  <testcase name="user_Can_Download_Directory_In_Excel" time="14.157" classname="tests_directory.DownloadDirectoryExcel"/>
</testsuite> <!-- tests_directory.DownloadDirectoryExcel -->
