<?xml version="1.0" encoding="UTF-8"?>
<!-- Generated by org.testng.reporters.JUnitReportReporter -->
<testsuite skipped="0" hostname="CLT-WIN-11717" name="tests_settings.CreateEditDeleteGroup" tests="7" failures="0" timestamp="2021-06-23T15:52:08 EDT" time="53.021" errors="0">
  <testcase name="systemAdmin_login" time="7.019" classname="tests_settings.CreateEditDeleteGroup"/>
  <testcase name="user_Opens_Settings_Opens_Workroom_And_Group_Settings" time="2.857" classname="tests_settings.CreateEditDeleteGroup"/>
  <testcase name="user_Can_Create_New_Group" time="8.752" classname="tests_settings.CreateEditDeleteGroup"/>
  <testcase name="user_Can_Edit_New_Group" time="6.908" classname="tests_settings.CreateEditDeleteGroup"/>
  <testcase name="user_Opens_Settings_Opens_Workroom_And_Group_Settings_Again" time="5.048" classname="tests_settings.CreateEditDeleteGroup"/>
  <testcase name="user_Can_Delete_New_Group" time="10.986" classname="tests_settings.CreateEditDeleteGroup"/>
  <testcase name="verify_Group_Deleted" time="11.451" classname="tests_settings.CreateEditDeleteGroup"/>
</testsuite> <!-- tests_settings.CreateEditDeleteGroup -->
