<?xml version="1.0" encoding="UTF-8"?>
<!-- Generated by org.testng.reporters.JUnitReportReporter -->
<testsuite skipped="0" hostname="CLT-WIN-11717" name="tests_workroom_events.CreateEventAttendanceVirtual" tests="12" failures="0" timestamp="2021-05-25T08:55:39 EDT" time="85.670" errors="0">
  <testcase name="systemAdmin_login" time="5.487" classname="tests_workroom_events.CreateEventAttendanceVirtual"/>
  <testcase name="user_Can_Open_Events_for_Workroom" time="6.963" classname="tests_workroom_events.CreateEventAttendanceVirtual"/>
  <testcase name="user_Can_Create_New_Event_With_Custom_VC_URL" time="26.900" classname="tests_workroom_events.CreateEventAttendanceVirtual"/>
  <testcase name="workroomAdmin_logout" time="2.664" classname="tests_workroom_events.CreateEventAttendanceVirtual"/>
  <testcase name="autoDirector_Login_To_BoardEffect" time="4.381" classname="tests_workroom_events.CreateEventAttendanceVirtual"/>
  <testcase name="autoDirector_Response_Accept" time="6.908" classname="tests_workroom_events.CreateEventAttendanceVirtual"/>
  <testcase name="autoDirector_logout" time="2.493" classname="tests_workroom_events.CreateEventAttendanceVirtual"/>
  <testcase name="systemAdmin_Login_Again" time="4.230" classname="tests_workroom_events.CreateEventAttendanceVirtual"/>
  <testcase name="user_Can_Open_Events_for_Workroom_Again" time="5.579" classname="tests_workroom_events.CreateEventAttendanceVirtual"/>
  <testcase name="verify_User_Response_To_Virtual_Event" time="5.786" classname="tests_workroom_events.CreateEventAttendanceVirtual"/>
  <testcase name="user_Can_Delete_Event_And_Verify_Deleted" time="9.225" classname="tests_workroom_events.CreateEventAttendanceVirtual"/>
  <testcase name="verify_Event_Deleted" time="5.054" classname="tests_workroom_events.CreateEventAttendanceVirtual"/>
</testsuite> <!-- tests_workroom_events.CreateEventAttendanceVirtual -->
