<?xml version="1.0" encoding="UTF-8"?>
<!-- Generated by org.testng.reporters.JUnitReportReporter -->
<testsuite skipped="0" hostname="CLT-WIN-11717" name="tests_settings.SetUserToEnablePrivateDirectory" tests="13" failures="0" timestamp="2021-06-22T14:40:02 EDT" time="70.340" errors="0">
  <testcase name="system_Admin_Login" time="4.830" classname="tests_settings.SetUserToEnablePrivateDirectory"/>
  <testcase name="user_Can_Open_Directory" time="1.874" classname="tests_settings.SetUserToEnablePrivateDirectory"/>
  <testcase name="open_User_Profile_Auto_User_16_Enable_Private_Directory" time="8.999" classname="tests_settings.SetUserToEnablePrivateDirectory"/>
  <testcase name="user_Can_Logout" time="2.969" classname="tests_settings.SetUserToEnablePrivateDirectory"/>
  <testcase name="user_Can_Login" time="4.918" classname="tests_settings.SetUserToEnablePrivateDirectory"/>
  <testcase name="user_Can_Open_Directory_2nd_Time" time="1.823" classname="tests_settings.SetUserToEnablePrivateDirectory"/>
  <testcase name="verify_Only_Auto_User_16_Visible" time="16.091" classname="tests_settings.SetUserToEnablePrivateDirectory"/>
  <testcase name="Wanda_Martin_Can_Logout" time="2.706" classname="tests_settings.SetUserToEnablePrivateDirectory"/>
  <testcase name="system_Admin_Login_2nd_Time" time="4.340" classname="tests_settings.SetUserToEnablePrivateDirectory"/>
  <testcase name="user_Can_Open_Directory_2nd_Time_" time="1.884" classname="tests_settings.SetUserToEnablePrivateDirectory"/>
  <testcase name="open_User_Profile_Auto_User_16_Disable_Private_Directory" time="9.297" classname="tests_settings.SetUserToEnablePrivateDirectory"/>
  <testcase name="user_Can_Open_Directory_3rd_Time_" time="1.919" classname="tests_settings.SetUserToEnablePrivateDirectory"/>
  <testcase name="open_Profile_Auto_User_16_Disable_Private_Directory" time="8.690" classname="tests_settings.SetUserToEnablePrivateDirectory"/>
</testsuite> <!-- tests_settings.SetUserToEnablePrivateDirectory -->
