<?xml version="1.0" encoding="UTF-8"?>
<!-- Generated by org.testng.reporters.JUnitReportReporter -->
<testsuite skipped="0" hostname="CLT-WIN-11717" name="tests_resource_library.CopyLinkOnFileFromViewOnlyFolder" tests="12" failures="0" timestamp="2021-06-21T11:58:05 EDT" time="54.355" errors="0">
  <testcase name="systemAdmin_login" time="5.447" classname="tests_resource_library.CopyLinkOnFileFromViewOnlyFolder"/>
  <testcase name="user_Can_Open_Libraries_Form" time="2.124" classname="tests_resource_library.CopyLinkOnFileFromViewOnlyFolder"/>
  <testcase name="create_View_Only_Resource_Library_Folder_Copy_File_Link_Folder_2" time="7.510" classname="tests_resource_library.CopyLinkOnFileFromViewOnlyFolder"/>
  <testcase name="user_Can_Open_Libraries_Form_2nd_Time" time="1.777" classname="tests_resource_library.CopyLinkOnFileFromViewOnlyFolder"/>
  <testcase name="add_File_To_Folder_Copy_Link_Folder_2_View_Only" time="8.686" classname="tests_resource_library.CopyLinkOnFileFromViewOnlyFolder"/>
  <testcase name="user_Can_Open_Libraries_Form_3rd_Time" time="1.764" classname="tests_resource_library.CopyLinkOnFileFromViewOnlyFolder"/>
  <testcase name="copy_File_Link_In_Copy_File_View_Only_Folder_2" time="5.396" classname="tests_resource_library.CopyLinkOnFileFromViewOnlyFolder"/>
  <testcase name="open_File_Link" time="2.300" classname="tests_resource_library.CopyLinkOnFileFromViewOnlyFolder"/>
  <testcase name="switch_Tab_Verify_Viewer_Element" time="7.302" classname="tests_resource_library.CopyLinkOnFileFromViewOnlyFolder"/>
  <testcase name="user_Can_Open_Libraries_Form_4th_Time" time="1.735" classname="tests_resource_library.CopyLinkOnFileFromViewOnlyFolder"/>
  <testcase name="user_Can_Delete_View_Only_Folder_2" time="4.962" classname="tests_resource_library.CopyLinkOnFileFromViewOnlyFolder"/>
  <testcase name="verify_Copy_Link_Folder_2_NOT_Present" time="5.352" classname="tests_resource_library.CopyLinkOnFileFromViewOnlyFolder"/>
</testsuite> <!-- tests_resource_library.CopyLinkOnFileFromViewOnlyFolder -->
