<?xml version="1.0" encoding="UTF-8"?>
<!-- Generated by org.testng.reporters.JUnitReportReporter -->
<testsuite skipped="0" hostname="CLT-WIN-11717" name="tests_workroom_collaborate.AttachExistingPollToNewEvent" tests="9" failures="0" timestamp="2021-06-25T11:44:49 EDT" time="69.314" errors="0">
  <testcase name="home_Page_Redirect" time="1.150" classname="tests_workroom_collaborate.AttachExistingPollToNewEvent"/>
  <testcase name="autoUser_login" time="6.027" classname="tests_workroom_collaborate.AttachExistingPollToNewEvent"/>
  <testcase name="user_Can_Open_Events_for_Workroom" time="7.417" classname="tests_workroom_collaborate.AttachExistingPollToNewEvent"/>
  <testcase name="user_Can_Create_New_Event" time="20.798" classname="tests_workroom_collaborate.AttachExistingPollToNewEvent"/>
  <testcase name="user_Can_Click_Accept_As_Response" time="2.189" classname="tests_workroom_collaborate.AttachExistingPollToNewEvent"/>
  <testcase name="switch_To_Event_4_Attach_Poll" time="10.519" classname="tests_workroom_collaborate.AttachExistingPollToNewEvent"/>
  <testcase name="verify_Poll_Added_To_Event_4" time="6.948" classname="tests_workroom_collaborate.AttachExistingPollToNewEvent"/>
  <testcase name="delete_Event_4_On_Staging" time="9.188" classname="tests_workroom_collaborate.AttachExistingPollToNewEvent"/>
  <testcase name="verify_Event_4_Deleted" time="5.078" classname="tests_workroom_collaborate.AttachExistingPollToNewEvent"/>
</testsuite> <!-- tests_workroom_collaborate.AttachExistingPollToNewEvent -->
