<?xml version="1.0" encoding="UTF-8"?>
<!-- Generated by org.testng.reporters.JUnitReportReporter -->
<testsuite skipped="0" hostname="CLT-WIN-11717" name="tests_resource_library.EditResourceFolder" tests="11" failures="0" timestamp="2021-06-17T13:11:11 EDT" time="56.518" errors="0">
  <testcase name="systemAdmin_login" time="5.554" classname="tests_resource_library.EditResourceFolder"/>
  <testcase name="user_Can_Open_Libraries_Form" time="2.563" classname="tests_resource_library.EditResourceFolder"/>
  <testcase name="user_Can_Create_New_Resource_Library_Folder" time="4.508" classname="tests_resource_library.EditResourceFolder"/>
  <testcase name="user_Attempts_Edit_Resource_Library_Folder_10" time="11.715" classname="tests_resource_library.EditResourceFolder"/>
  <testcase name="user_Can_Open_Libraries_Form_2nd_Time" time="1.823" classname="tests_resource_library.EditResourceFolder"/>
  <testcase name="user_Actually_Edits_Library_Folder_10" time="12.571" classname="tests_resource_library.EditResourceFolder"/>
  <testcase name="user_Can_Open_Libraries_Form_3rd_Time" time="1.814" classname="tests_resource_library.EditResourceFolder"/>
  <testcase name="verify_Edited_Folder_10" time="0.405" classname="tests_resource_library.EditResourceFolder"/>
  <testcase name="user_Can_Delete_Edited_Folder_10" time="8.655" classname="tests_resource_library.EditResourceFolder"/>
  <testcase name="user_Can_Open_Libraries_Form_4th_Time" time="1.832" classname="tests_resource_library.EditResourceFolder"/>
  <testcase name="verify_Edited_Folder_10_NOT_Present" time="5.078" classname="tests_resource_library.EditResourceFolder"/>
</testsuite> <!-- tests_resource_library.EditResourceFolder -->
