<?xml version="1.0" encoding="UTF-8"?>
<!-- Generated by org.testng.reporters.JUnitReportReporter -->
<testsuite skipped="0" hostname="CLT-WIN-11717" name="tests_workroom_library.CopyMeetingBook" tests="15" failures="0" timestamp="2021-04-29T12:42:41 EDT" time="119.366" errors="0">
  <testcase name="autoUser_login" time="5.490" classname="tests_workroom_library.CopyMeetingBook"/>
  <testcase name="user_Can_Open_Library_Page_For_Workroom" time="6.792" classname="tests_workroom_library.CopyMeetingBook"/>
  <testcase name="user_Can_Create_Book_And_Add_Title" time="3.525" classname="tests_workroom_library.CopyMeetingBook"/>
  <testcase name="user_Can_Add_Cover_Page" time="4.455" classname="tests_workroom_library.CopyMeetingBook"/>
  <testcase name="user_Can_Add_Agenda" time="2.442" classname="tests_workroom_library.CopyMeetingBook"/>
  <testcase name="user_Can_Save_Book_And_Continue" time="3.119" classname="tests_workroom_library.CopyMeetingBook"/>
  <testcase name="user_Add_First_Catagory_To_Book" time="6.963" classname="tests_workroom_library.CopyMeetingBook"/>
  <testcase name="user_Add_File_1_To_First_Catagory" time="20.141" classname="tests_workroom_library.CopyMeetingBook"/>
  <testcase name="user_Can_Build_Book" time="15.447" classname="tests_workroom_library.CopyMeetingBook"/>
  <testcase name="make_Book_Visible" time="5.795" classname="tests_workroom_library.CopyMeetingBook"/>
  <testcase name="copy_Meeting_Book" time="11.675" classname="tests_workroom_library.CopyMeetingBook"/>
  <testcase name="verify_Book_And_Copied_Book_Created" time="1.889" classname="tests_workroom_library.CopyMeetingBook"/>
  <testcase name="delete_Archived_Meeting_Book" time="11.133" classname="tests_workroom_library.CopyMeetingBook"/>
  <testcase name="delete_Copied_Archived_Meeting_Book" time="10.178" classname="tests_workroom_library.CopyMeetingBook"/>
  <testcase name="verify_Meeting_Books_Deleted" time="10.322" classname="tests_workroom_library.CopyMeetingBook"/>
</testsuite> <!-- tests_workroom_library.CopyMeetingBook -->
