<?xml version="1.0" encoding="UTF-8"?>
<!-- Generated by org.testng.reporters.JUnitReportReporter -->
<testsuite skipped="0" hostname="CLT-WIN-11717" name="tests_boardmember_access.AttachCreateNewBookToEventExistingSiteData" tests="19" failures="0" timestamp="2021-06-09T13:24:53 EDT" time="183.833" errors="0">
  <testcase name="home_Page_Redirect" time="15.897" classname="tests_boardmember_access.AttachCreateNewBookToEventExistingSiteData"/>
  <testcase name="autoUser_login" time="8.297" classname="tests_boardmember_access.AttachCreateNewBookToEventExistingSiteData"/>
  <testcase name="user_Can_Open_Library_Page_For_Workroom" time="7.629" classname="tests_boardmember_access.AttachCreateNewBookToEventExistingSiteData"/>
  <testcase name="create_New_Event_On_JH_Staging" time="23.279" classname="tests_boardmember_access.AttachCreateNewBookToEventExistingSiteData"/>
  <testcase name="switch_To_Creating_Book" time="8.573" classname="tests_boardmember_access.AttachCreateNewBookToEventExistingSiteData"/>
  <testcase name="user_Can_Create_Book_And_Add_Title" time="1.916" classname="tests_boardmember_access.AttachCreateNewBookToEventExistingSiteData"/>
  <testcase name="user_Can_Add_Cover_Page" time="6.843" classname="tests_boardmember_access.AttachCreateNewBookToEventExistingSiteData"/>
  <testcase name="user_Can_Add_Agenda" time="2.505" classname="tests_boardmember_access.AttachCreateNewBookToEventExistingSiteData"/>
  <testcase name="user_Can_Save_Book_And_Continue" time="3.944" classname="tests_boardmember_access.AttachCreateNewBookToEventExistingSiteData"/>
  <testcase name="user_Add_First_Catagory_To_Book" time="7.641" classname="tests_boardmember_access.AttachCreateNewBookToEventExistingSiteData"/>
  <testcase name="user_Add_File_1_To_First_Catagory" time="20.207" classname="tests_boardmember_access.AttachCreateNewBookToEventExistingSiteData"/>
  <testcase name="user_Can_Build_Book" time="15.665" classname="tests_boardmember_access.AttachCreateNewBookToEventExistingSiteData"/>
  <testcase name="make_Book_Board_Member_Access_1_Visible" time="5.820" classname="tests_boardmember_access.AttachCreateNewBookToEventExistingSiteData"/>
  <testcase name="verify_Book_Added_To_Event_Staging_1" time="17.168" classname="tests_boardmember_access.AttachCreateNewBookToEventExistingSiteData"/>
  <testcase name="delete_Event_Title_On_Staging_1" time="12.734" classname="tests_boardmember_access.AttachCreateNewBookToEventExistingSiteData"/>
  <testcase name="verify_Event_Deleted_2" time="5.087" classname="tests_boardmember_access.AttachCreateNewBookToEventExistingSiteData"/>
  <testcase name="user_navigates_To_Book" time="4.260" classname="tests_boardmember_access.AttachCreateNewBookToEventExistingSiteData"/>
  <testcase name="delete_Book_On_Staging_Board_Member_Access_1" time="11.298" classname="tests_boardmember_access.AttachCreateNewBookToEventExistingSiteData"/>
  <testcase name="verify_Book_Title_On_Staging_1_NOT_VISIBLE" time="5.070" classname="tests_boardmember_access.AttachCreateNewBookToEventExistingSiteData"/>
</testsuite> <!-- tests_boardmember_access.AttachCreateNewBookToEventExistingSiteData -->
