<?xml version="1.0" encoding="UTF-8"?>
<!-- Generated by org.testng.reporters.JUnitReportReporter -->
<testsuite skipped="0" hostname="CLT-WIN-11717" name="tests_directory.HidePersonalContactFromOtherUsers" tests="17" failures="0" timestamp="2021-06-11T15:00:57 EDT" time="76.540" errors="0">
  <testcase name="loginBE_SystemAdmin" time="7.541" classname="tests_directory.HidePersonalContactFromOtherUsers"/>
  <testcase name="user_Can_Open_Settings" time="3.338" classname="tests_directory.HidePersonalContactFromOtherUsers"/>
  <testcase name="open_Features_Navigate_To_Configure" time="5.905" classname="tests_directory.HidePersonalContactFromOtherUsers"/>
  <testcase name="activate_Hide_Company_Feature_For_AutoTester" time="3.299" classname="tests_directory.HidePersonalContactFromOtherUsers"/>
  <testcase name="system_Admin_Can_Open_Directory" time="2.674" classname="tests_directory.HidePersonalContactFromOtherUsers"/>
  <testcase name="open_AutoAdminUserGS1_Profile" time="5.656" classname="tests_directory.HidePersonalContactFromOtherUsers"/>
  <testcase name="check_Box_hide_personal_contact_from_other_users" time="10.058" classname="tests_directory.HidePersonalContactFromOtherUsers"/>
  <testcase name="System_Admin_Can_Logout" time="2.791" classname="tests_directory.HidePersonalContactFromOtherUsers"/>
  <testcase name="autoTester_Can_Login" time="4.450" classname="tests_directory.HidePersonalContactFromOtherUsers"/>
  <testcase name="WorkroomAdmin_Can_Open_Directory" time="1.857" classname="tests_directory.HidePersonalContactFromOtherUsers"/>
  <testcase name="view_AutoAdminUserGS1_Profile" time="5.541" classname="tests_directory.HidePersonalContactFromOtherUsers"/>
  <testcase name="verify_Company_Contact_Info_Not_Visible" time="6.102" classname="tests_directory.HidePersonalContactFromOtherUsers"/>
  <testcase name="Workroom_Admin_Can_Logout" time="2.700" classname="tests_directory.HidePersonalContactFromOtherUsers"/>
  <testcase name="loginBE_SystemAdmin_2nd_Time" time="4.218" classname="tests_directory.HidePersonalContactFromOtherUsers"/>
  <testcase name="user_Can_Open_Settings_2nd_Time" time="1.769" classname="tests_directory.HidePersonalContactFromOtherUsers"/>
  <testcase name="open_Features_Navigate_To_Configure_2nd_Time" time="4.991" classname="tests_directory.HidePersonalContactFromOtherUsers"/>
  <testcase name="disable_Hide_Personal_Contact_From_Other_Users" time="3.650" classname="tests_directory.HidePersonalContactFromOtherUsers"/>
</testsuite> <!-- tests_directory.HidePersonalContactFromOtherUsers -->
