<?xml version="1.0" encoding="UTF-8"?>
<!-- Generated by org.testng.reporters.JUnitReportReporter -->
<testsuite skipped="0" hostname="CLT-WIN-11717" name="tests_directory.MakeCompanyPersonalInfoPreferredContact" tests="7" failures="0" timestamp="2021-06-11T15:48:35 EDT" time="38.273" errors="0">
  <testcase name="system_Admin_Login" time="6.428" classname="tests_directory.MakeCompanyPersonalInfoPreferredContact"/>
  <testcase name="user_Can_Open_Directory" time="2.606" classname="tests_directory.MakeCompanyPersonalInfoPreferredContact"/>
  <testcase name="open_Test_Reset_User_Profile" time="5.481" classname="tests_directory.MakeCompanyPersonalInfoPreferredContact"/>
  <testcase name="make_Company_Info_Preferred_Contact" time="8.282" classname="tests_directory.MakeCompanyPersonalInfoPreferredContact"/>
  <testcase name="user_Can_Open_Directory_2nd_Time_" time="1.905" classname="tests_directory.MakeCompanyPersonalInfoPreferredContact"/>
  <testcase name="open_View_User_Profile" time="5.476" classname="tests_directory.MakeCompanyPersonalInfoPreferredContact"/>
  <testcase name="make_Personal_Info_Preferred_Contact" time="8.095" classname="tests_directory.MakeCompanyPersonalInfoPreferredContact"/>
</testsuite> <!-- tests_directory.MakeCompanyPersonalInfoPreferredContact -->
