<?xml version="1.0" encoding="UTF-8"?>
<!-- Generated by org.testng.reporters.JUnitReportReporter -->
<testsuite skipped="0" hostname="CLT-WIN-11717" name="tests_directory.AddMultipleUsers" tests="15" failures="0" timestamp="2021-06-01T16:09:44 EDT" time="70.605" errors="0">
  <testcase name="loginBE_SystemAdmin" time="5.496" classname="tests_directory.AddMultipleUsers"/>
  <testcase name="user_Can_Open_Directory" time="1.935" classname="tests_directory.AddMultipleUsers"/>
  <testcase name="open_Multiple_User_Form" time="4.150" classname="tests_directory.AddMultipleUsers"/>
  <testcase name="fill_Multiple_User_Form" time="10.922" classname="tests_directory.AddMultipleUsers"/>
  <testcase name="user_Can_Open_Directory_Agian" time="1.813" classname="tests_directory.AddMultipleUsers"/>
  <testcase name="verify_Multiple_Users_Created" time="0.408" classname="tests_directory.AddMultipleUsers"/>
  <testcase name="deactivate_Angela_Moore" time="5.291" classname="tests_directory.AddMultipleUsers"/>
  <testcase name="user_Can_Open_Directory_3rd_time" time="1.872" classname="tests_directory.AddMultipleUsers"/>
  <testcase name="deactivate_Angela_Morgan" time="5.395" classname="tests_directory.AddMultipleUsers"/>
  <testcase name="user_Can_Open_Settings" time="1.802" classname="tests_directory.AddMultipleUsers"/>
  <testcase name="delete_User_Angela_Moore" time="9.114" classname="tests_directory.AddMultipleUsers"/>
  <testcase name="user_Can_Open_Settings_Agian" time="1.891" classname="tests_directory.AddMultipleUsers"/>
  <testcase name="delete_Angel_Morgan" time="8.259" classname="tests_directory.AddMultipleUsers"/>
  <testcase name="user_Can_Open_Directory_4th_time" time="1.893" classname="tests_directory.AddMultipleUsers"/>
  <testcase name="verify_Users_Moore_Morgan_Deleted" time="10.364" classname="tests_directory.AddMultipleUsers"/>
</testsuite> <!-- tests_directory.AddMultipleUsers -->
