<?xml version="1.0" encoding="UTF-8"?>
<!-- Generated by org.testng.reporters.JUnitReportReporter -->
<testsuite skipped="0" hostname="CLT-WIN-11717" name="tests_critical_scenarios.CreateBookSecuredCategory" tests="27" failures="0" timestamp="2021-06-21T17:47:54 EDT" time="178.799" errors="0">
  <testcase name="autoUser_login" time="4.845" classname="tests_critical_scenarios.CreateBookSecuredCategory"/>
  <testcase name="Workroom_Admin_Can_Open_Library_Page_For_Workroom" time="8.232" classname="tests_critical_scenarios.CreateBookSecuredCategory"/>
  <testcase name="Workroom_Admin_Can_Create_New_Book_And_Add_Title" time="4.057" classname="tests_critical_scenarios.CreateBookSecuredCategory"/>
  <testcase name="Workroom_Admin_Can_Add_Agenda" time="2.511" classname="tests_critical_scenarios.CreateBookSecuredCategory"/>
  <testcase name="Workroom_Admin_Click_Save_Continue_Btn" time="4.634" classname="tests_critical_scenarios.CreateBookSecuredCategory"/>
  <testcase name="Workroom_Admin_Add_First_Catagory_To_Book" time="7.354" classname="tests_critical_scenarios.CreateBookSecuredCategory"/>
  <testcase name="Workroom_Admin_Add_File_To_First_Catagory" time="6.359" classname="tests_critical_scenarios.CreateBookSecuredCategory"/>
  <testcase name="Workroom_Admin_Can_Open_Secured_Category" time="4.872" classname="tests_critical_scenarios.CreateBookSecuredCategory"/>
  <testcase name="Workroom_Admin_2_Can_Add_User_As_Secured_Category_User" time="9.149" classname="tests_critical_scenarios.CreateBookSecuredCategory"/>
  <testcase name="Workroom_Admin_Add_Second_Catagory_To_Book" time="7.130" classname="tests_critical_scenarios.CreateBookSecuredCategory"/>
  <testcase name="Workroom_Admin_add_File_To_Second_Catagory" time="9.299" classname="tests_critical_scenarios.CreateBookSecuredCategory"/>
  <testcase name="user_Can_Build_Book" time="35.897" classname="tests_critical_scenarios.CreateBookSecuredCategory"/>
  <testcase name="make_Book_Visible" time="4.917" classname="tests_critical_scenarios.CreateBookSecuredCategory"/>
  <testcase name="workroomAdmin_Close_And_Logout" time="2.761" classname="tests_critical_scenarios.CreateBookSecuredCategory"/>
  <testcase name="workroom_Member_Login_To_BoardEffect" time="4.364" classname="tests_critical_scenarios.CreateBookSecuredCategory"/>
  <testcase name="workroom_Member_Open_Workroom_AutoBE_Library_Page" time="5.568" classname="tests_critical_scenarios.CreateBookSecuredCategory"/>
  <testcase name="workroom_Member_Secured_Category_Not_Displayed" time="10.391" classname="tests_critical_scenarios.CreateBookSecuredCategory"/>
  <testcase name="workroom_Member_Sees_New_Category_2_Present" time="0.060" classname="tests_critical_scenarios.CreateBookSecuredCategory"/>
  <testcase name="autoDirector_Close_And_Logout" time="2.737" classname="tests_critical_scenarios.CreateBookSecuredCategory"/>
  <testcase name="loginBE_WorkroomAdmin" time="4.523" classname="tests_critical_scenarios.CreateBookSecuredCategory"/>
  <testcase name="workroom_Member_Open_Library_Page_For_Workroom_2nd_Time" time="6.145" classname="tests_critical_scenarios.CreateBookSecuredCategory"/>
  <testcase name="workroom_Member_NewCatagory_And_NewCatagory2_Is_Displayed" time="4.971" classname="tests_critical_scenarios.CreateBookSecuredCategory"/>
  <testcase name="workroomAdmin_Close_And_Logout_2nd_Time" time="2.626" classname="tests_critical_scenarios.CreateBookSecuredCategory"/>
  <testcase name="autoUser_login_2nd_Time" time="4.297" classname="tests_critical_scenarios.CreateBookSecuredCategory"/>
  <testcase name="workroom_Member_Open_Library_Page_For_Workroom_3rd_Time" time="5.907" classname="tests_critical_scenarios.CreateBookSecuredCategory"/>
  <testcase name="user_Can_Delete_Book" time="5.680" classname="tests_critical_scenarios.CreateBookSecuredCategory"/>
  <testcase name="verify_Book_Deleted" time="9.513" classname="tests_critical_scenarios.CreateBookSecuredCategory"/>
</testsuite> <!-- tests_critical_scenarios.CreateBookSecuredCategory -->
