<?xml version="1.0" encoding="UTF-8"?>
<!-- Generated by org.testng.reporters.JUnitReportReporter -->
<testsuite skipped="0" hostname="CLT-WIN-11717" name="tests_workroom_home.AddWorkroomNewsMessage" tests="6" failures="0" timestamp="2021-06-14T10:49:30 EDT" time="39.937" errors="0">
  <testcase name="autoUser_login" time="5.101" classname="tests_workroom_home.AddWorkroomNewsMessage"/>
  <testcase name="user_Clicks_Workroom_News_Plus_Symbol" time="8.985" classname="tests_workroom_home.AddWorkroomNewsMessage"/>
  <testcase name="Add_Title_Insert_Custom_Message" time="16.278" classname="tests_workroom_home.AddWorkroomNewsMessage"/>
  <testcase name="verify_Workroom_Message_Appears" time="0.076" classname="tests_workroom_home.AddWorkroomNewsMessage"/>
  <testcase name="delete_Workroom_News_Message" time="4.232" classname="tests_workroom_home.AddWorkroomNewsMessage"/>
  <testcase name="verify_Workroom_News_NOT_Present" time="5.265" classname="tests_workroom_home.AddWorkroomNewsMessage"/>
</testsuite> <!-- tests_workroom_home.AddWorkroomNewsMessage -->
