<?xml version="1.0" encoding="UTF-8"?>
<!-- Generated by org.testng.reporters.JUnitReportReporter -->
<testsuite skipped="0" hostname="CLT-WIN-11717" name="tests_workroom_library.ForceWorkflowApprovalsForMeetingBookFile" tests="16" failures="0" timestamp="2021-04-19T13:45:08 EDT" time="113.219" errors="0">
  <testcase name="systemAdmin_login" time="5.179" classname="tests_workroom_library.ForceWorkflowApprovalsForMeetingBookFile"/>
  <testcase name="user_Open_Library_Page_For_Workroom" time="7.377" classname="tests_workroom_library.ForceWorkflowApprovalsForMeetingBookFile"/>
  <testcase name="user_Can_Create_New_Book_Add_Title" time="3.603" classname="tests_workroom_library.ForceWorkflowApprovalsForMeetingBookFile"/>
  <testcase name="user_Can_Add_CoverPage" time="5.635" classname="tests_workroom_library.ForceWorkflowApprovalsForMeetingBookFile"/>
  <testcase name="user_Add_Agenda_To_Template" time="2.111" classname="tests_workroom_library.ForceWorkflowApprovalsForMeetingBookFile"/>
  <testcase name="user_Can_Save_Scanned_Book" time="2.936" classname="tests_workroom_library.ForceWorkflowApprovalsForMeetingBookFile"/>
  <testcase name="user_Add_First_Catagory_To_Scanned_Book" time="6.971" classname="tests_workroom_library.ForceWorkflowApprovalsForMeetingBookFile"/>
  <testcase name="user_Add_Scanned_Book_To_New_Catagory" time="8.118" classname="tests_workroom_library.ForceWorkflowApprovalsForMeetingBookFile"/>
  <testcase name="add_Ordered_Workflow_To_Meeting_Book_File_Part_One" time="4.811" classname="tests_workroom_library.ForceWorkflowApprovalsForMeetingBookFile"/>
  <testcase name="Add_Ordered_Approval_Users_WorkroomAdmin_AutoDirector" time="8.421" classname="tests_workroom_library.ForceWorkflowApprovalsForMeetingBookFile"/>
  <testcase name="add_Workflow_Dates" time="4.464" classname="tests_workroom_library.ForceWorkflowApprovalsForMeetingBookFile"/>
  <testcase name="force_Workflow_Approvals_And_Finalize_Responses" time="19.011" classname="tests_workroom_library.ForceWorkflowApprovalsForMeetingBookFile"/>
  <testcase name="user_Can_Build_Book" time="14.086" classname="tests_workroom_library.ForceWorkflowApprovalsForMeetingBookFile"/>
  <testcase name="make_Scanned_Book_Visible" time="4.725" classname="tests_workroom_library.ForceWorkflowApprovalsForMeetingBookFile"/>
  <testcase name="delete_Scanned_Book" time="7.269" classname="tests_workroom_library.ForceWorkflowApprovalsForMeetingBookFile"/>
  <testcase name="verify_Scanned_Book_Deleted" time="8.502" classname="tests_workroom_library.ForceWorkflowApprovalsForMeetingBookFile"/>
</testsuite> <!-- tests_workroom_library.ForceWorkflowApprovalsForMeetingBookFile -->
