<?xml version="1.0" encoding="UTF-8"?>
<!-- Generated by org.testng.reporters.JUnitReportReporter -->
<testsuite skipped="0" hostname="CLT-WIN-11717" name="tests_critical_scenarios.CreateResourceLibraryFolderAddFile" tests="8" failures="0" timestamp="2021-06-15T16:36:13 EDT" time="47.118" errors="0">
  <testcase name="systemAdmin_login" time="5.274" classname="tests_critical_scenarios.CreateResourceLibraryFolderAddFile"/>
  <testcase name="user_Can_Open_Libraries_Form" time="2.144" classname="tests_critical_scenarios.CreateResourceLibraryFolderAddFile"/>
  <testcase name="user_Can_Create_New_Resource_Library_Folder" time="4.193" classname="tests_critical_scenarios.CreateResourceLibraryFolderAddFile"/>
  <testcase name="user_Can_Open_Resource_Library_Folder" time="3.724" classname="tests_critical_scenarios.CreateResourceLibraryFolderAddFile"/>
  <testcase name="user_Can_Add_Resource_File_To_Folder" time="4.775" classname="tests_critical_scenarios.CreateResourceLibraryFolderAddFile"/>
  <testcase name="user_Can_Delete_File" time="3.991" classname="tests_critical_scenarios.CreateResourceLibraryFolderAddFile"/>
  <testcase name="user_Can_Delete_Folder" time="12.726" classname="tests_critical_scenarios.CreateResourceLibraryFolderAddFile"/>
  <testcase name="verify_Folder_Deleted" time="10.291" classname="tests_critical_scenarios.CreateResourceLibraryFolderAddFile"/>
</testsuite> <!-- tests_critical_scenarios.CreateResourceLibraryFolderAddFile -->
