<?xml version="1.0" encoding="UTF-8"?>
<!-- Generated by org.testng.reporters.JUnitReportReporter -->
<testsuite skipped="0" hostname="CLT-WIN-11717" name="tests_critical_scenarios.LoginEnglishSystemAdmin" tests="5" failures="0" timestamp="28 Jun 2021 18:20:53 GMT" time="35.734" errors="0">
  <testcase name="systemAdmin_login" time="5.215" classname="tests_critical_scenarios.LoginEnglishSystemAdmin"/>
  <testcase name="user_Can_Open_Directory" time="4.633" classname="tests_critical_scenarios.LoginEnglishSystemAdmin"/>
  <testcase name="open_User_Profile_SystemAdminEng" time="8.492" classname="tests_critical_scenarios.LoginEnglishSystemAdmin"/>
  <testcase name="navigate_To_English_Language" time="9.581" classname="tests_critical_scenarios.LoginEnglishSystemAdmin"/>
  <testcase name="system_Admin_Logout" time="7.813" classname="tests_critical_scenarios.LoginEnglishSystemAdmin"/>
</testsuite> <!-- tests_critical_scenarios.LoginEnglishSystemAdmin -->
