<?xml version="1.0" encoding="UTF-8"?>
<!-- Generated by org.testng.reporters.JUnitReportReporter -->
<testsuite skipped="0" hostname="CLT-WIN-11717" name="tests_critical_scenarios.CreateTaskAndTaskGroup" tests="10" failures="0" timestamp="28 Jun 2021 18:20:53 GMT" time="131.746" errors="0">
  <testcase name="login" time="9.757" classname="tests_critical_scenarios.CreateTaskAndTaskGroup"/>
  <testcase name="add_Task_Group" time="28.859" classname="tests_critical_scenarios.CreateTaskAndTaskGroup"/>
  <testcase name="create_Task_FillForm" time="13.363" classname="tests_critical_scenarios.CreateTaskAndTaskGroup"/>
  <testcase name="create_Task_AttachFile" time="3.699" classname="tests_critical_scenarios.CreateTaskAndTaskGroup"/>
  <testcase name="create_Task_LinkGroup" time="13.323" classname="tests_critical_scenarios.CreateTaskAndTaskGroup"/>
  <testcase name="create_Task_Add_Users" time="6.660" classname="tests_critical_scenarios.CreateTaskAndTaskGroup"/>
  <testcase name="verify_Task_Group_And_Task_Created" time="1.469" classname="tests_critical_scenarios.CreateTaskAndTaskGroup"/>
  <testcase name="edit_Task" time="22.469" classname="tests_critical_scenarios.CreateTaskAndTaskGroup"/>
  <testcase name="delete_Task" time="10.887" classname="tests_critical_scenarios.CreateTaskAndTaskGroup"/>
  <testcase name="delete_Group" time="21.260" classname="tests_critical_scenarios.CreateTaskAndTaskGroup"/>
</testsuite> <!-- tests_critical_scenarios.CreateTaskAndTaskGroup -->
