<?xml version="1.0" encoding="UTF-8"?>
<!-- Generated by org.testng.reporters.JUnitReportReporter -->
<testsuite skipped="0" hostname="CLT-WIN-11717" name="tests_critical_scenarios.CreateDeleteWorkgroup" tests="7" failures="0" timestamp="28 Jun 2021 18:20:53 GMT" time="60.129" errors="0">
  <testcase name="systemAdmin_login" time="13.150" classname="tests_critical_scenarios.CreateDeleteWorkgroup"/>
  <testcase name="user_Opens_Settings_Opens_Workroom_And_Group_Settings" time="3.697" classname="tests_critical_scenarios.CreateDeleteWorkgroup"/>
  <testcase name="user_Can_Create_New_Group" time="12.676" classname="tests_critical_scenarios.CreateDeleteWorkgroup"/>
  <testcase name="user_Can_Delete_New_Group" time="17.708" classname="tests_critical_scenarios.CreateDeleteWorkgroup"/>
  <testcase name="user_Opens_Settings_Opens_Workroom_And_Group_Settings_Again" time="4.089" classname="tests_critical_scenarios.CreateDeleteWorkgroup"/>
  <testcase name="navigate_To_Workgroups_Tab" time="3.633" classname="tests_critical_scenarios.CreateDeleteWorkgroup"/>
  <testcase name="verify_Group_Deleted" time="5.176" classname="tests_critical_scenarios.CreateDeleteWorkgroup"/>
</testsuite> <!-- tests_critical_scenarios.CreateDeleteWorkgroup -->
