<?xml version="1.0" encoding="UTF-8"?>
<!-- Generated by org.testng.reporters.JUnitReportReporter -->
<testsuite skipped="0" hostname="CLT-WIN-11717" name="tests_critical_scenarios.CreateEditCopyDeleteEvent" tests="7" failures="0" timestamp="28 Jun 2021 18:20:53 GMT" time="99.786" errors="0">
  <testcase name="autoUser_login" time="6.864" classname="tests_critical_scenarios.CreateEditCopyDeleteEvent"/>
  <testcase name="admin_Open_Workroom_AutoBE_Events" time="11.708" classname="tests_critical_scenarios.CreateEditCopyDeleteEvent"/>
  <testcase name="user_Can_Create_New_Event" time="29.268" classname="tests_critical_scenarios.CreateEditCopyDeleteEvent"/>
  <testcase name="user_Can_Edit_Event" time="18.346" classname="tests_critical_scenarios.CreateEditCopyDeleteEvent"/>
  <testcase name="user_Can_Copy_Event" time="7.541" classname="tests_critical_scenarios.CreateEditCopyDeleteEvent"/>
  <testcase name="user_Can_Delete_Copied_Event" time="3.760" classname="tests_critical_scenarios.CreateEditCopyDeleteEvent"/>
  <testcase name="user_Delete_Event" time="22.299" classname="tests_critical_scenarios.CreateEditCopyDeleteEvent"/>
</testsuite> <!-- tests_critical_scenarios.CreateEditCopyDeleteEvent -->
