<?xml version="1.0" encoding="UTF-8"?>
<!-- Generated by org.testng.reporters.JUnitReportReporter -->
<testsuite skipped="0" hostname="CLT-WIN-11717" name="tests_critical_scenarios.CreateSurveyQuestionsAndDelete" tests="12" failures="0" timestamp="28 Jun 2021 18:20:53 GMT" time="189.039" errors="0">
  <testcase name="login" time="10.030" classname="tests_critical_scenarios.CreateSurveyQuestionsAndDelete"/>
  <testcase name="create_Survey" time="22.308" classname="tests_critical_scenarios.CreateSurveyQuestionsAndDelete"/>
  <testcase name="create_TextField_Question" time="11.792" classname="tests_critical_scenarios.CreateSurveyQuestionsAndDelete"/>
  <testcase name="create_CheckBox_Question" time="20.597" classname="tests_critical_scenarios.CreateSurveyQuestionsAndDelete"/>
  <testcase name="create_DropdownList_Question" time="21.371" classname="tests_critical_scenarios.CreateSurveyQuestionsAndDelete"/>
  <testcase name="create_RadioButtons_Question" time="21.735" classname="tests_critical_scenarios.CreateSurveyQuestionsAndDelete"/>
  <testcase name="create_Paragraph_Question" time="10.189" classname="tests_critical_scenarios.CreateSurveyQuestionsAndDelete"/>
  <testcase name="create_Heading_Question" time="12.483" classname="tests_critical_scenarios.CreateSurveyQuestionsAndDelete"/>
  <testcase name="create_Linear_Scale" time="14.982" classname="tests_critical_scenarios.CreateSurveyQuestionsAndDelete"/>
  <testcase name="add_Survey_Respondents" time="17.803" classname="tests_critical_scenarios.CreateSurveyQuestionsAndDelete"/>
  <testcase name="build_Survey_Make_Visible" time="16.436" classname="tests_critical_scenarios.CreateSurveyQuestionsAndDelete"/>
  <testcase name="delete_Survey" time="9.313" classname="tests_critical_scenarios.CreateSurveyQuestionsAndDelete"/>
</testsuite> <!-- tests_critical_scenarios.CreateSurveyQuestionsAndDelete -->
