<?xml version="1.0" encoding="UTF-8"?>
<!-- Generated by org.testng.reporters.JUnitReportReporter -->
<testsuite skipped="0" hostname="CLT-WIN-11717" name="tests_critical_scenarios.LoginEnglishWorkroomAdminEng2" tests="12" failures="0" timestamp="28 Jun 2021 18:20:53 GMT" time="107.727" errors="0">
  <testcase name="systemAdmin_login" time="8.550" classname="tests_critical_scenarios.LoginEnglishWorkroomAdminEng2"/>
  <testcase name="admin_Opens_Site_Settings_Workrooms_And_Groups" time="4.502" classname="tests_critical_scenarios.LoginEnglishWorkroomAdminEng2"/>
  <testcase name="systemAdmin_Set_User_As_Workroom_Admin" time="17.668" classname="tests_critical_scenarios.LoginEnglishWorkroomAdminEng2"/>
  <testcase name="system_Admin_Logout_2nd_Time" time="7.670" classname="tests_critical_scenarios.LoginEnglishWorkroomAdminEng2"/>
  <testcase name="workroomAdminEng_Login" time="6.105" classname="tests_critical_scenarios.LoginEnglishWorkroomAdminEng2"/>
  <testcase name="user_Can_Open_Directory" time="8.095" classname="tests_critical_scenarios.LoginEnglishWorkroomAdminEng2"/>
  <testcase name="open_User_Profile_Workroom_Admin_Eng_2" time="7.916" classname="tests_critical_scenarios.LoginEnglishWorkroomAdminEng2"/>
  <testcase name="navigate_To_English_Language" time="8.425" classname="tests_critical_scenarios.LoginEnglishWorkroomAdminEng2"/>
  <testcase name="system_Admin_Logout" time="4.369" classname="tests_critical_scenarios.LoginEnglishWorkroomAdminEng2"/>
  <testcase name="automation_Tester_Login_English" time="9.472" classname="tests_critical_scenarios.LoginEnglishWorkroomAdminEng2"/>
  <testcase name="admin_Opens_Site_Settings_Workrooms_And_Groups_Agian" time="6.828" classname="tests_critical_scenarios.LoginEnglishWorkroomAdminEng2"/>
  <testcase name="systemAdmin_Set_User_WorkroomAdminEng2_As_Workroom_Member" time="18.127" classname="tests_critical_scenarios.LoginEnglishWorkroomAdminEng2"/>
</testsuite> <!-- tests_critical_scenarios.LoginEnglishWorkroomAdminEng2 -->
