<?xml version="1.0" encoding="UTF-8"?>
<!-- Generated by org.testng.reporters.JUnitReportReporter -->
<testsuite skipped="0" hostname="CLT-WIN-11717" name="tests_critical_scenarios.SetUserWorkroomMemberNoEventPermission" tests="24" failures="0" timestamp="28 Jun 2021 18:20:53 GMT" time="294.806" errors="0">
  <testcase name="systemAdmin_login" time="7.521" classname="tests_critical_scenarios.SetUserWorkroomMemberNoEventPermission"/>
  <testcase name="systemAdmin_Open_Settings_Then_Workroom_And_Group_Settings" time="3.363" classname="tests_critical_scenarios.SetUserWorkroomMemberNoEventPermission"/>
  <testcase name="systemAdmin_Restrict_User_Access_From_Events" time="24.916" classname="tests_critical_scenarios.SetUserWorkroomMemberNoEventPermission"/>
  <testcase name="systemAdmin_Close_And_Logout" time="25.583" classname="tests_critical_scenarios.SetUserWorkroomMemberNoEventPermission"/>
  <testcase name="workroom_Member_Login_To_BoardEffect" time="10.090" classname="tests_critical_scenarios.SetUserWorkroomMemberNoEventPermission"/>
  <testcase name="workroom_Admin_Not_See_Event_Due_To_Permissions" time="19.197" classname="tests_critical_scenarios.SetUserWorkroomMemberNoEventPermission"/>
  <testcase name="workroom_Member_Can_Logout" time="17.496" classname="tests_critical_scenarios.SetUserWorkroomMemberNoEventPermission"/>
  <testcase name="systemAdmin_Can_Login_To_BoardEffect_2nd_Time" time="7.351" classname="tests_critical_scenarios.SetUserWorkroomMemberNoEventPermission"/>
  <testcase name="systemAdmin_Open_Settings_Then_Workroom_And_Group_Settings_2nd_Time" time="4.531" classname="tests_critical_scenarios.SetUserWorkroomMemberNoEventPermission"/>
  <testcase name="systemAdmin_Enable_Events_For_Workroom_Member" time="21.432" classname="tests_critical_scenarios.SetUserWorkroomMemberNoEventPermission"/>
  <testcase name="systemAdmin_Close_And_Logout_2nd_Time" time="18.811" classname="tests_critical_scenarios.SetUserWorkroomMemberNoEventPermission"/>
  <testcase name="workroom_Member_Login_To_BoardEffect_2nd_Time" time="7.184" classname="tests_critical_scenarios.SetUserWorkroomMemberNoEventPermission"/>
  <testcase name="workroom_Member_Sees_Event_Due_To_Permissions" time="15.557" classname="tests_critical_scenarios.SetUserWorkroomMemberNoEventPermission"/>
  <testcase name="workroom_Member_Can_Logout_2nd_Time" time="15.288" classname="tests_critical_scenarios.SetUserWorkroomMemberNoEventPermission"/>
  <testcase name="systemAdmin_Open_Settings_Then_Workroom_And_Group_Settings_3rd_Time" time="3.509" classname="tests_critical_scenarios.SetUserWorkroomMemberNoEventPermission"/>
  <testcase name="systemAdmin_Can_Login_To_BoardEffect_3rd_Time" time="8.606" classname="tests_critical_scenarios.SetUserWorkroomMemberNoEventPermission"/>
  <testcase name="systemAdmin_Set_User_As_Workroom_Admin" time="21.686" classname="tests_critical_scenarios.SetUserWorkroomMemberNoEventPermission"/>
  <testcase name="systemAdmin_Close_And_Logout_Agian_2nd_Time" time="4.764" classname="tests_critical_scenarios.SetUserWorkroomMemberNoEventPermission"/>
  <testcase name="workroom_Member_Login_To_BoardEffect_3rd_Time" time="10.328" classname="tests_critical_scenarios.SetUserWorkroomMemberNoEventPermission"/>
  <testcase name="workroom_Member_Open_Library_For_Workroom_Has_New_Book_Button" time="12.188" classname="tests_critical_scenarios.SetUserWorkroomMemberNoEventPermission"/>
  <testcase name="workroom_Member_Can_Logout_3rd_Time" time="12.636" classname="tests_critical_scenarios.SetUserWorkroomMemberNoEventPermission"/>
  <testcase name="systemAdmin_Can_Login_To_BoardEffect_4th_Time" time="5.239" classname="tests_critical_scenarios.SetUserWorkroomMemberNoEventPermission"/>
  <testcase name="systemAdmin_Open_Settings_Then_Workroom_And_Group_Settings_4th_Time" time="3.514" classname="tests_critical_scenarios.SetUserWorkroomMemberNoEventPermission"/>
  <testcase name="systemAdmin_Set_User_As_Workroom_Member" time="14.016" classname="tests_critical_scenarios.SetUserWorkroomMemberNoEventPermission"/>
</testsuite> <!-- tests_critical_scenarios.SetUserWorkroomMemberNoEventPermission -->
