<?xml version="1.0" encoding="UTF-8"?>
<!-- Generated by org.testng.reporters.JUnitReportReporter -->
<testsuite skipped="0" hostname="CLT-WIN-11717" name="tests_critical_scenarios.RunAttendanceReport" tests="7" failures="0" timestamp="28 Jun 2021 18:20:53 GMT" time="45.012" errors="0">
  <testcase name="systemAdmin_login" time="6.441" classname="tests_critical_scenarios.RunAttendanceReport"/>
  <testcase name="user_Opens_Settings_Form_Open_Reports" time="5.146" classname="tests_critical_scenarios.RunAttendanceReport"/>
  <testcase name="user_Can_Open_Attendance_Menu" time="3.240" classname="tests_critical_scenarios.RunAttendanceReport"/>
  <testcase name="user_Can_Configure_Attendence_Report" time="5.303" classname="tests_critical_scenarios.RunAttendanceReport"/>
  <testcase name="user_Can_Verify_Filter_Change" time="0.260" classname="tests_critical_scenarios.RunAttendanceReport"/>
  <testcase name="user_Generate_And_Download_PDF_Report" time="13.319" classname="tests_critical_scenarios.RunAttendanceReport"/>
  <testcase name="user_Generate_And_Download_Excel_Report" time="11.303" classname="tests_critical_scenarios.RunAttendanceReport"/>
</testsuite> <!-- tests_critical_scenarios.RunAttendanceReport -->
