<?xml version="1.0" encoding="UTF-8"?>
<!-- Generated by org.testng.reporters.JUnitReportReporter -->
<testsuite skipped="0" hostname="CLT-WIN-11717" name="tests_critical_scenarios.CreateDiscussionSenarios1" tests="15" failures="0" timestamp="28 Jun 2021 18:20:53 GMT" time="264.719" errors="0">
  <testcase name="login" time="14.395" classname="tests_critical_scenarios.CreateDiscussionSenarios1"/>
  <testcase name="Workroom_Admin_Can_Open_Library_Page_For_Workroom" time="8.338" classname="tests_critical_scenarios.CreateDiscussionSenarios1"/>
  <testcase name="create_Upcoming_Discussion_Future_Date" time="37.453" classname="tests_critical_scenarios.CreateDiscussionSenarios1"/>
  <testcase name="create_Open_Discussion_Current_Date_AssignUsers" time="25.148" classname="tests_critical_scenarios.CreateDiscussionSenarios1"/>
  <testcase name="create_Discussion_MainTopic" time="18.517" classname="tests_critical_scenarios.CreateDiscussionSenarios1"/>
  <testcase name="create_Topic_Reply_And_Attachment" time="12.825" classname="tests_critical_scenarios.CreateDiscussionSenarios1"/>
  <testcase name="discussion_Search_4_Reply" time="16.466" classname="tests_critical_scenarios.CreateDiscussionSenarios1"/>
  <testcase name="edit_Discussion_Topic" time="22.901" classname="tests_critical_scenarios.CreateDiscussionSenarios1"/>
  <testcase name="edit_Discussion_Topic_Reply" time="21.096" classname="tests_critical_scenarios.CreateDiscussionSenarios1"/>
  <testcase name="delete_Reply_To_Discussion_Topic" time="17.255" classname="tests_critical_scenarios.CreateDiscussionSenarios1"/>
  <testcase name="delete_Discussion_Topic" time="23.729" classname="tests_critical_scenarios.CreateDiscussionSenarios1"/>
  <testcase name="archive_Discussion" time="9.876" classname="tests_critical_scenarios.CreateDiscussionSenarios1"/>
  <testcase name="restore_Archived_Discussion" time="7.188" classname="tests_critical_scenarios.CreateDiscussionSenarios1"/>
  <testcase name="verify_restored_Archived_Discussion" time="0.404" classname="tests_critical_scenarios.CreateDiscussionSenarios1"/>
  <testcase name="close_Open_Upcoming_Discussions" time="29.128" classname="tests_critical_scenarios.CreateDiscussionSenarios1"/>
</testsuite> <!-- tests_critical_scenarios.CreateDiscussionSenarios1 -->
