<?xml version="1.0" encoding="UTF-8"?>
<!-- Generated by org.testng.reporters.JUnitReportReporter -->
<testsuite skipped="0" hostname="CLT-WIN-11717" name="tests_critical_scenarios.LoginForeignLanguageWorkroomAdminEng" tests="15" failures="0" timestamp="28 Jun 2021 18:20:53 GMT" time="100.338" errors="0">
  <testcase name="systemAdmin_login" time="6.523" classname="tests_critical_scenarios.LoginForeignLanguageWorkroomAdminEng"/>
  <testcase name="admin_Opens_Site_Settings_Workrooms_And_Groups" time="2.782" classname="tests_critical_scenarios.LoginForeignLanguageWorkroomAdminEng"/>
  <testcase name="systemAdmin_Set_User_As_Workroom_Admin" time="18.976" classname="tests_critical_scenarios.LoginForeignLanguageWorkroomAdminEng"/>
  <testcase name="user_Can_Open_Directory" time="4.207" classname="tests_critical_scenarios.LoginForeignLanguageWorkroomAdminEng"/>
  <testcase name="open_User_Profile_WorkroomAdmin" time="6.408" classname="tests_critical_scenarios.LoginForeignLanguageWorkroomAdminEng"/>
  <testcase name="select_Foreign_Language_Spanish" time="10.317" classname="tests_critical_scenarios.LoginForeignLanguageWorkroomAdminEng"/>
  <testcase name="system_Admin_Logout" time="2.777" classname="tests_critical_scenarios.LoginForeignLanguageWorkroomAdminEng"/>
  <testcase name="workroomAdmin_Login_Spanish" time="4.808" classname="tests_critical_scenarios.LoginForeignLanguageWorkroomAdminEng"/>
  <testcase name="user_Can_Open_Directory_Spanish" time="3.949" classname="tests_critical_scenarios.LoginForeignLanguageWorkroomAdminEng"/>
  <testcase name="open_User_Profile_WorkroomAdmin_Spanish" time="6.378" classname="tests_critical_scenarios.LoginForeignLanguageWorkroomAdminEng"/>
  <testcase name="select_Foreign_Language_English" time="9.703" classname="tests_critical_scenarios.LoginForeignLanguageWorkroomAdminEng"/>
  <testcase name="steve_System_Logout_Spanish" time="3.248" classname="tests_critical_scenarios.LoginForeignLanguageWorkroomAdminEng"/>
  <testcase name="automation_Tester_Login_English" time="5.119" classname="tests_critical_scenarios.LoginForeignLanguageWorkroomAdminEng"/>
  <testcase name="admin_Opens_Site_Settings_Workrooms_And_Groups_Agian" time="2.659" classname="tests_critical_scenarios.LoginForeignLanguageWorkroomAdminEng"/>
  <testcase name="set_User_Back_As_Workroom_Member" time="12.484" classname="tests_critical_scenarios.LoginForeignLanguageWorkroomAdminEng"/>
</testsuite> <!-- tests_critical_scenarios.LoginForeignLanguageWorkroomAdminEng -->
