<?xml version="1.0" encoding="UTF-8"?>
<!-- Generated by org.testng.reporters.JUnitReportReporter -->
<testsuite skipped="0" hostname="CLT-WIN-11717" name="tests_critical_scenarios.LoginForeignLanguageSystemAdmin" tests="12" failures="0" timestamp="28 Jun 2021 18:20:53 GMT" time="65.994" errors="0">
  <testcase name="systemAdmin_login" time="6.987" classname="tests_critical_scenarios.LoginForeignLanguageSystemAdmin"/>
  <testcase name="user_Can_Open_Directory" time="3.322" classname="tests_critical_scenarios.LoginForeignLanguageSystemAdmin"/>
  <testcase name="open_Admin_Profile_AutoAdminUserGS11" time="7.317" classname="tests_critical_scenarios.LoginForeignLanguageSystemAdmin"/>
  <testcase name="select_Foreign_Language_Spanish" time="10.297" classname="tests_critical_scenarios.LoginForeignLanguageSystemAdmin"/>
  <testcase name="system_Admin_Logout" time="2.980" classname="tests_critical_scenarios.LoginForeignLanguageSystemAdmin"/>
  <testcase name="systemAdmin_Login_Spanish" time="4.169" classname="tests_critical_scenarios.LoginForeignLanguageSystemAdmin"/>
  <testcase name="user_Can_Open_Directory_Spanish" time="3.246" classname="tests_critical_scenarios.LoginForeignLanguageSystemAdmin"/>
  <testcase name="open_Admin_Profile_AutoAdminUserGS11_Spanish" time="8.168" classname="tests_critical_scenarios.LoginForeignLanguageSystemAdmin"/>
  <testcase name="select_Foreign_Language_English" time="9.487" classname="tests_critical_scenarios.LoginForeignLanguageSystemAdmin"/>
  <testcase name="steve_System_Logout_Spanish" time="2.888" classname="tests_critical_scenarios.LoginForeignLanguageSystemAdmin"/>
  <testcase name="systemAdmin_Login_English" time="6.886" classname="tests_critical_scenarios.LoginForeignLanguageSystemAdmin"/>
  <testcase name="verify_Atlas_Left_Nav_Bar" time="0.247" classname="tests_critical_scenarios.LoginForeignLanguageSystemAdmin"/>
</testsuite> <!-- tests_critical_scenarios.LoginForeignLanguageSystemAdmin -->
