<?xml version="1.0" encoding="UTF-8"?>
<!-- Generated by org.testng.reporters.JUnitReportReporter -->
<testsuite skipped="0" hostname="CLT-WIN-11717" name="tests_critical_scenarios.CreateBookCreateEventAttachBookAttachResource" tests="19" failures="0" timestamp="28 Jun 2021 18:20:53 GMT" time="212.645" errors="0">
  <testcase name="autoUser_login" time="6.461" classname="tests_critical_scenarios.CreateBookCreateEventAttachBookAttachResource"/>
  <testcase name="user_Can_Open_Library_Page_For_Workroom" time="11.246" classname="tests_critical_scenarios.CreateBookCreateEventAttachBookAttachResource"/>
  <testcase name="create_Book_Add_Title_A" time="9.219" classname="tests_critical_scenarios.CreateBookCreateEventAttachBookAttachResource"/>
  <testcase name="user_Can_Add_Cover_Page" time="13.015" classname="tests_critical_scenarios.CreateBookCreateEventAttachBookAttachResource"/>
  <testcase name="user_Can_Add_Agenda" time="1.792" classname="tests_critical_scenarios.CreateBookCreateEventAttachBookAttachResource"/>
  <testcase name="user_Can_Save_Book_And_Continue" time="4.243" classname="tests_critical_scenarios.CreateBookCreateEventAttachBookAttachResource"/>
  <testcase name="user_Add_First_Catagory_To_Book" time="8.217" classname="tests_critical_scenarios.CreateBookCreateEventAttachBookAttachResource"/>
  <testcase name="user_Add_File_To_First_Catagory" time="10.983" classname="tests_critical_scenarios.CreateBookCreateEventAttachBookAttachResource"/>
  <testcase name="user_Can_Build_Book" time="27.606" classname="tests_critical_scenarios.CreateBookCreateEventAttachBookAttachResource"/>
  <testcase name="make_Book_Visible" time="7.463" classname="tests_critical_scenarios.CreateBookCreateEventAttachBookAttachResource"/>
  <testcase name="create_New_Event_A" time="26.522" classname="tests_critical_scenarios.CreateBookCreateEventAttachBookAttachResource"/>
  <testcase name="user_Click_Attach_Create_And_Click_Resource_Tab" time="7.401" classname="tests_critical_scenarios.CreateBookCreateEventAttachBookAttachResource"/>
  <testcase name="user_Can_Attach_Resource_To_Event_And_Save" time="15.857" classname="tests_critical_scenarios.CreateBookCreateEventAttachBookAttachResource"/>
  <testcase name="user_Can_Attach_Book_To_Event" time="10.560" classname="tests_critical_scenarios.CreateBookCreateEventAttachBookAttachResource"/>
  <testcase name="verify_Book_And_Resource_Tabs_Appear_On_Event_Card" time="5.217" classname="tests_critical_scenarios.CreateBookCreateEventAttachBookAttachResource"/>
  <testcase name="verify_Book_And_Resource_Tabs_Appear_On_Event_Details" time="6.933" classname="tests_critical_scenarios.CreateBookCreateEventAttachBookAttachResource"/>
  <testcase name="delete_Event_Verify_Deleted" time="16.049" classname="tests_critical_scenarios.CreateBookCreateEventAttachBookAttachResource"/>
  <testcase name="delete_Book" time="15.546" classname="tests_critical_scenarios.CreateBookCreateEventAttachBookAttachResource"/>
  <testcase name="verify_Book_A_Deleted" time="8.315" classname="tests_critical_scenarios.CreateBookCreateEventAttachBookAttachResource"/>
</testsuite> <!-- tests_critical_scenarios.CreateBookCreateEventAttachBookAttachResource -->
