<?xml version="1.0" encoding="UTF-8"?>
<!-- Generated by org.testng.reporters.JUnitReportReporter -->
<testsuite skipped="0" hostname="CLT-WIN-11717" name="tests_critical_scenarios.LoginEnglishNonAdmin" tests="5" failures="0" timestamp="28 Jun 2021 18:20:53 GMT" time="35.524" errors="0">
  <testcase name="systemAdmin_login" time="6.614" classname="tests_critical_scenarios.LoginEnglishNonAdmin"/>
  <testcase name="user_Can_Open_Directory" time="4.728" classname="tests_critical_scenarios.LoginEnglishNonAdmin"/>
  <testcase name="open_User_Profile_Non_Admin_Auto_User_1_Profile" time="7.333" classname="tests_critical_scenarios.LoginEnglishNonAdmin"/>
  <testcase name="select_Foreign_Language_English" time="10.257" classname="tests_critical_scenarios.LoginEnglishNonAdmin"/>
  <testcase name="system_Admin_Logout" time="6.592" classname="tests_critical_scenarios.LoginEnglishNonAdmin"/>
</testsuite> <!-- tests_critical_scenarios.LoginEnglishNonAdmin -->
