<?xml version="1.0" encoding="UTF-8"?>
<!-- Generated by org.testng.reporters.JUnitReportReporter -->
<testsuite skipped="0" hostname="CLT-WIN-11717" name="tests_critical_scenarios.CreateEditDeleteBookScannedPDF" tests="14" failures="0" timestamp="28 Jun 2021 18:20:53 GMT" time="226.929" errors="0">
  <testcase name="systemAdmin_login" time="6.564" classname="tests_critical_scenarios.CreateEditDeleteBookScannedPDF"/>
  <testcase name="user_Open_Library_Page_For_Workroom" time="12.881" classname="tests_critical_scenarios.CreateEditDeleteBookScannedPDF"/>
  <testcase name="user_Can_Create_New_Book_Add_Title" time="11.383" classname="tests_critical_scenarios.CreateEditDeleteBookScannedPDF"/>
  <testcase name="user_Can_Add_CoverPage" time="9.760" classname="tests_critical_scenarios.CreateEditDeleteBookScannedPDF"/>
  <testcase name="user_Add_Agenda_To_Template" time="3.984" classname="tests_critical_scenarios.CreateEditDeleteBookScannedPDF"/>
  <testcase name="user_Can_Save_Scanned_Book" time="5.022" classname="tests_critical_scenarios.CreateEditDeleteBookScannedPDF"/>
  <testcase name="user_Add_First_Catagory_To_Scanned_Book" time="8.535" classname="tests_critical_scenarios.CreateEditDeleteBookScannedPDF"/>
  <testcase name="user_Add_Scanned_Book_To_New_Catagory" time="15.379" classname="tests_critical_scenarios.CreateEditDeleteBookScannedPDF"/>
  <testcase name="user_Can_Build_Book" time="17.037" classname="tests_critical_scenarios.CreateEditDeleteBookScannedPDF"/>
  <testcase name="make_Scanned_Book_Visible" time="7.028" classname="tests_critical_scenarios.CreateEditDeleteBookScannedPDF"/>
  <testcase name="edit_Scanned_Book" time="73.904" classname="tests_critical_scenarios.CreateEditDeleteBookScannedPDF"/>
  <testcase name="user_Opens_Meeting_Book_Viewer_And_Scroll" time="28.416" classname="tests_critical_scenarios.CreateEditDeleteBookScannedPDF"/>
  <testcase name="delete_Edited_Scanned_Book" time="12.210" classname="tests_critical_scenarios.CreateEditDeleteBookScannedPDF"/>
  <testcase name="verify_Edited_Scanned_Book_Deleted" time="14.826" classname="tests_critical_scenarios.CreateEditDeleteBookScannedPDF"/>
</testsuite> <!-- tests_critical_scenarios.CreateEditDeleteBookScannedPDF -->
