<?xml version="1.0" encoding="UTF-8"?>
<!-- Generated by org.testng.reporters.JUnitReportReporter -->
<testsuite skipped="0" hostname="CLT-WIN-11717" name="tests_critical_scenarios.CreateEditDeleteHandbook" tests="15" failures="0" timestamp="28 Jun 2021 18:20:53 GMT" time="220.552" errors="0">
  <testcase name="autoUser_login" time="11.197" classname="tests_critical_scenarios.CreateEditDeleteHandbook"/>
  <testcase name="user_Opens_Library_Page_For_Workroom" time="12.788" classname="tests_critical_scenarios.CreateEditDeleteHandbook"/>
  <testcase name="user_Can_Create_New_Handbook" time="10.452" classname="tests_critical_scenarios.CreateEditDeleteHandbook"/>
  <testcase name="user_Add_CoverPage_To_HandBook" time="8.812" classname="tests_critical_scenarios.CreateEditDeleteHandbook"/>
  <testcase name="user_Add_Agenda_To_HandBook" time="2.171" classname="tests_critical_scenarios.CreateEditDeleteHandbook"/>
  <testcase name="user_Save_HandBook" time="6.492" classname="tests_critical_scenarios.CreateEditDeleteHandbook"/>
  <testcase name="user_Add_First_Catagory_To_HandBook" time="11.463" classname="tests_critical_scenarios.CreateEditDeleteHandbook"/>
  <testcase name="user_Add_File_To_First_Catagory" time="11.600" classname="tests_critical_scenarios.CreateEditDeleteHandbook"/>
  <testcase name="user_Add_Second_Catagory_To_Handbook" time="6.832" classname="tests_critical_scenarios.CreateEditDeleteHandbook"/>
  <testcase name="add_File_To_Second_Catagory" time="15.224" classname="tests_critical_scenarios.CreateEditDeleteHandbook"/>
  <testcase name="build_Handbook" time="29.635" classname="tests_critical_scenarios.CreateEditDeleteHandbook"/>
  <testcase name="make_Handbook_Visible" time="6.407" classname="tests_critical_scenarios.CreateEditDeleteHandbook"/>
  <testcase name="edit_Handbook" time="62.258" classname="tests_critical_scenarios.CreateEditDeleteHandbook"/>
  <testcase name="delete_Edited_Handbook" time="10.015" classname="tests_critical_scenarios.CreateEditDeleteHandbook"/>
  <testcase name="verify_Handbook_Deleted" time="15.206" classname="tests_critical_scenarios.CreateEditDeleteHandbook"/>
</testsuite> <!-- tests_critical_scenarios.CreateEditDeleteHandbook -->
