<?xml version="1.0" encoding="UTF-8"?>
<!-- Generated by org.testng.reporters.JUnitReportReporter -->
<testsuite skipped="0" hostname="CLT-WIN-11717" name="tests_critical_scenarios.CreateResourceLibraryFolderAddFile" tests="8" failures="0" timestamp="28 Jun 2021 18:20:53 GMT" time="63.833" errors="0">
  <testcase name="systemAdmin_login" time="6.331" classname="tests_critical_scenarios.CreateResourceLibraryFolderAddFile"/>
  <testcase name="user_Can_Open_Libraries_Form" time="4.487" classname="tests_critical_scenarios.CreateResourceLibraryFolderAddFile"/>
  <testcase name="user_Can_Create_New_Resource_Library_Folder" time="4.809" classname="tests_critical_scenarios.CreateResourceLibraryFolderAddFile"/>
  <testcase name="user_Can_Open_Resource_Library_Folder" time="3.998" classname="tests_critical_scenarios.CreateResourceLibraryFolderAddFile"/>
  <testcase name="user_Can_Add_Resource_File_To_Folder" time="9.634" classname="tests_critical_scenarios.CreateResourceLibraryFolderAddFile"/>
  <testcase name="user_Can_Delete_File" time="4.495" classname="tests_critical_scenarios.CreateResourceLibraryFolderAddFile"/>
  <testcase name="user_Can_Delete_Folder" time="19.575" classname="tests_critical_scenarios.CreateResourceLibraryFolderAddFile"/>
  <testcase name="verify_Folder_Deleted" time="10.504" classname="tests_critical_scenarios.CreateResourceLibraryFolderAddFile"/>
</testsuite> <!-- tests_critical_scenarios.CreateResourceLibraryFolderAddFile -->
