<?xml version="1.0" encoding="UTF-8"?>
<!-- Generated by org.testng.reporters.JUnitReportReporter -->
<testsuite skipped="0" hostname="CLT-WIN-11717" name="tests_critical_scenarios.CreateWorkgroupAttachWorkroom" tests="8" failures="0" timestamp="28 Jun 2021 18:20:53 GMT" time="69.592" errors="0">
  <testcase name="systemAdmin_login" time="4.943" classname="tests_critical_scenarios.CreateWorkgroupAttachWorkroom"/>
  <testcase name="user_Opens_Settings_Opens_Workroom_And_Group_Settings" time="3.481" classname="tests_critical_scenarios.CreateWorkgroupAttachWorkroom"/>
  <testcase name="user_Can_Create_New_Group" time="18.558" classname="tests_critical_scenarios.CreateWorkgroupAttachWorkroom"/>
  <testcase name="user_attach_workgroup_to_workroom" time="9.386" classname="tests_critical_scenarios.CreateWorkgroupAttachWorkroom"/>
  <testcase name="verify_Workroom_Attached" time="7.723" classname="tests_critical_scenarios.CreateWorkgroupAttachWorkroom"/>
  <testcase name="deactivate_Workgroup" time="5.494" classname="tests_critical_scenarios.CreateWorkgroupAttachWorkroom"/>
  <testcase name="delete_Workroom" time="7.430" classname="tests_critical_scenarios.CreateWorkgroupAttachWorkroom"/>
  <testcase name="verify_Group_Deleted" time="12.577" classname="tests_critical_scenarios.CreateWorkgroupAttachWorkroom"/>
</testsuite> <!-- tests_critical_scenarios.CreateWorkgroupAttachWorkroom -->
