<?xml version="1.0" encoding="UTF-8"?>
<!-- Generated by org.testng.reporters.JUnitReportReporter -->
<testsuite skipped="0" hostname="CLT-WIN-11717" name="tests_critical_scenarios.LoginForeignLanguageNonAdmin" tests="12" failures="0" timestamp="28 Jun 2021 18:20:53 GMT" time="75.052" errors="0">
  <testcase name="systemAdmin_login" time="16.018" classname="tests_critical_scenarios.LoginForeignLanguageNonAdmin"/>
  <testcase name="user_Can_Open_Directory" time="4.518" classname="tests_critical_scenarios.LoginForeignLanguageNonAdmin"/>
  <testcase name="open_User_Profile_NonAdmin" time="6.563" classname="tests_critical_scenarios.LoginForeignLanguageNonAdmin"/>
  <testcase name="select_Foreign_Language_Spanish" time="10.068" classname="tests_critical_scenarios.LoginForeignLanguageNonAdmin"/>
  <testcase name="system_Admin_Logout" time="2.853" classname="tests_critical_scenarios.LoginForeignLanguageNonAdmin"/>
  <testcase name="systemAdmin_Login_Spanish" time="4.512" classname="tests_critical_scenarios.LoginForeignLanguageNonAdmin"/>
  <testcase name="user_Can_Open_Directory_Spanish" time="4.051" classname="tests_critical_scenarios.LoginForeignLanguageNonAdmin"/>
  <testcase name="open_User_Profile_NonAdmin_Spanish" time="6.433" classname="tests_critical_scenarios.LoginForeignLanguageNonAdmin"/>
  <testcase name="select_Foreign_Language_English" time="9.842" classname="tests_critical_scenarios.LoginForeignLanguageNonAdmin"/>
  <testcase name="steve_System_Logout_Spanish" time="2.800" classname="tests_critical_scenarios.LoginForeignLanguageNonAdmin"/>
  <testcase name="systemAdmin_Login_English" time="7.219" classname="tests_critical_scenarios.LoginForeignLanguageNonAdmin"/>
  <testcase name="verify_English_Welcome_Message" time="0.175" classname="tests_critical_scenarios.LoginForeignLanguageNonAdmin"/>
</testsuite> <!-- tests_critical_scenarios.LoginForeignLanguageNonAdmin -->
