<?xml version="1.0" encoding="UTF-8"?>
<!-- Generated by org.testng.reporters.JUnitReportReporter -->
<testsuite skipped="0" hostname="CLT-WIN-11717" name="tests_critical_scenarios.CreateEditDeleteBookTemplate" tests="14" failures="0" timestamp="28 Jun 2021 18:20:53 GMT" time="155.503" errors="0">
  <testcase name="autoUser_login" time="8.182" classname="tests_critical_scenarios.CreateEditDeleteBookTemplate"/>
  <testcase name="open_Library_Page_for_Workroom" time="13.337" classname="tests_critical_scenarios.CreateEditDeleteBookTemplate"/>
  <testcase name="user_Create_New_BookTemplate" time="11.113" classname="tests_critical_scenarios.CreateEditDeleteBookTemplate"/>
  <testcase name="user_Add_Coverpage_To_Book_Template" time="8.481" classname="tests_critical_scenarios.CreateEditDeleteBookTemplate"/>
  <testcase name="user_Add_Agenda_To_Template" time="2.243" classname="tests_critical_scenarios.CreateEditDeleteBookTemplate"/>
  <testcase name="user_Save_Book_Template" time="4.796" classname="tests_critical_scenarios.CreateEditDeleteBookTemplate"/>
  <testcase name="user_Add_First_Catagory_To_Book_Template" time="8.832" classname="tests_critical_scenarios.CreateEditDeleteBookTemplate"/>
  <testcase name="user_Add_File_To_First_Catagory" time="16.495" classname="tests_critical_scenarios.CreateEditDeleteBookTemplate"/>
  <testcase name="user_Add_Second_Catagory_To_Handbook" time="7.214" classname="tests_critical_scenarios.CreateEditDeleteBookTemplate"/>
  <testcase name="add_File_To_Second_Catagory" time="10.384" classname="tests_critical_scenarios.CreateEditDeleteBookTemplate"/>
  <testcase name="open_Book_From_Templates_Page" time="4.341" classname="tests_critical_scenarios.CreateEditDeleteBookTemplate"/>
  <testcase name="edit_Book_Template" time="37.727" classname="tests_critical_scenarios.CreateEditDeleteBookTemplate"/>
  <testcase name="delete_Edited_Book_Template" time="6.944" classname="tests_critical_scenarios.CreateEditDeleteBookTemplate"/>
  <testcase name="verify_Edited_Book_Template_Deleted" time="15.414" classname="tests_critical_scenarios.CreateEditDeleteBookTemplate"/>
</testsuite> <!-- tests_critical_scenarios.CreateEditDeleteBookTemplate -->
