<?xml version="1.0" encoding="UTF-8"?>
<!-- Generated by org.testng.reporters.JUnitReportReporter -->
<testsuite skipped="0" hostname="CLT-WIN-11717" name="tests_critical_scenarios.CreatePollQuestionAndDelete" tests="6" failures="0" timestamp="28 Jun 2021 18:20:53 GMT" time="83.923" errors="0">
  <testcase name="login" time="9.663" classname="tests_critical_scenarios.CreatePollQuestionAndDelete"/>
  <testcase name="create_Poll" time="25.648" classname="tests_critical_scenarios.CreatePollQuestionAndDelete"/>
  <testcase name="create_Poll_Question" time="8.968" classname="tests_critical_scenarios.CreatePollQuestionAndDelete"/>
  <testcase name="add_Poll_Respondents" time="16.095" classname="tests_critical_scenarios.CreatePollQuestionAndDelete"/>
  <testcase name="build_Poll_Make_Visible" time="12.343" classname="tests_critical_scenarios.CreatePollQuestionAndDelete"/>
  <testcase name="delete_Poll" time="11.206" classname="tests_critical_scenarios.CreatePollQuestionAndDelete"/>
</testsuite> <!-- tests_critical_scenarios.CreatePollQuestionAndDelete -->
