<?xml version="1.0" encoding="UTF-8"?>
<!-- Generated by org.testng.reporters.JUnitReportReporter -->
<testsuite skipped="0" hostname="CLT-WIN-11717" name="tests_critical_scenarios.ResetUserPassword" tests="11" failures="0" timestamp="28 Jun 2021 18:20:53 GMT" time="89.456" errors="0">
  <testcase name="systemAdmin_login" time="5.257" classname="tests_critical_scenarios.ResetUserPassword"/>
  <testcase name="systemAdmin_Opens_Directory_Search_For_User" time="11.896" classname="tests_critical_scenarios.ResetUserPassword"/>
  <testcase name="systemAdmin_Update_User_Password" time="6.928" classname="tests_critical_scenarios.ResetUserPassword"/>
  <testcase name="systemAdmin_Close_Profile_And_Logout" time="10.144" classname="tests_critical_scenarios.ResetUserPassword"/>
  <testcase name="workroom_Member_Login_To_BoardEffect" time="6.650" classname="tests_critical_scenarios.ResetUserPassword"/>
  <testcase name="workroom_Member_Close_Profile_And_Logout" time="10.079" classname="tests_critical_scenarios.ResetUserPassword"/>
  <testcase name="systemAdmin_Login_2nd_Time" time="7.243" classname="tests_critical_scenarios.ResetUserPassword"/>
  <testcase name="systemAdmin_Update_User_Password_Back_To_Original" time="21.040" classname="tests_critical_scenarios.ResetUserPassword"/>
  <testcase name="systemAdmin_Can_Sign_Out" time="5.785" classname="tests_critical_scenarios.ResetUserPassword"/>
  <testcase name="workroom_Member_Login_To_BoardEffect_Orginal_Password" time="3.194" classname="tests_critical_scenarios.ResetUserPassword"/>
  <testcase name="workroom_Member_Login_With_Updated_Password" time="1.240" classname="tests_critical_scenarios.ResetUserPassword"/>
</testsuite> <!-- tests_critical_scenarios.ResetUserPassword -->
