<?xml version="1.0" encoding="UTF-8"?>
<!-- Generated by org.testng.reporters.JUnitXMLReporter -->
<testsuite hostname="CLT-WIN-11717" ignored="0" name="Test-class test 3" tests="33" failures="0" timestamp="2021-06-03T11:23:31 EDT" time="161.661" errors="0">
  <testcase name="systemAdmin_login" time="5.951" classname="tests_critical_scenarios.CreateDeleteWorkgroup"/>
  <testcase name="systemAdmin_login" time="6.358" classname="tests_critical_scenarios.CreateDeleteWorkroom"/>
  <testcase name="user_Opens_Settings_Opens_Workroom_And_Group_Settings" time="2.853" classname="tests_critical_scenarios.CreateDeleteWorkgroup"/>
  <testcase name="user_Opens_Settings_Opens_Workroom_And_Group_Settings" time="2.997" classname="tests_critical_scenarios.CreateDeleteWorkroom"/>
  <testcase name="user_Can_Create_New_Workroom" time="9.121" classname="tests_critical_scenarios.CreateDeleteWorkroom"/>
  <testcase name="user_Can_Create_New_Group" time="10.472" classname="tests_critical_scenarios.CreateDeleteWorkgroup"/>
  <testcase name="user_Can_Deactivate_Workroom" time="6.54" classname="tests_critical_scenarios.CreateDeleteWorkroom"/>
  <testcase name="user_Opens_Settings_Opens_Workroom_And_Group_Settings_Again" time="2.803" classname="tests_critical_scenarios.CreateDeleteWorkroom"/>
  <testcase name="user_Can_Delete_New_Group" time="13.039" classname="tests_critical_scenarios.CreateDeleteWorkgroup"/>
  <testcase name="user_Opens_Settings_Opens_Workroom_And_Group_Settings_Again" time="2.809" classname="tests_critical_scenarios.CreateDeleteWorkgroup"/>
  <testcase name="navigate_To_Workgroups_Tab" time="3.372" classname="tests_critical_scenarios.CreateDeleteWorkgroup"/>
  <testcase name="user_Can_Delete_Workroom" time="11.417" classname="tests_critical_scenarios.CreateDeleteWorkroom"/>
  <testcase name="verify_Group_Deleted" time="5.107" classname="tests_critical_scenarios.CreateDeleteWorkgroup"/>
  <testcase name="verify_Workroom_Deleted" time="9.423" classname="tests_critical_scenarios.CreateDeleteWorkroom"/>
  <testcase name="autoUser_login" time="5.812" classname="tests_critical_scenarios.CreateBookCreateEventAttachBookAttachResource"/>
  <testcase name="user_Can_Open_Library_Page_For_Workroom" time="8.732" classname="tests_critical_scenarios.CreateBookCreateEventAttachBookAttachResource"/>
  <testcase name="create_Book_Add_Title_A" time="4.585" classname="tests_critical_scenarios.CreateBookCreateEventAttachBookAttachResource"/>
  <testcase name="user_Can_Add_Cover_Page" time="5.414" classname="tests_critical_scenarios.CreateBookCreateEventAttachBookAttachResource"/>
  <testcase name="user_Can_Add_Agenda" time="1.605" classname="tests_critical_scenarios.CreateBookCreateEventAttachBookAttachResource"/>
  <testcase name="user_Can_Save_Book_And_Continue" time="3.084" classname="tests_critical_scenarios.CreateBookCreateEventAttachBookAttachResource"/>
  <testcase name="user_Add_First_Catagory_To_Book" time="6.189" classname="tests_critical_scenarios.CreateBookCreateEventAttachBookAttachResource"/>
  <testcase name="user_Add_File_To_First_Catagory" time="7.154" classname="tests_critical_scenarios.CreateBookCreateEventAttachBookAttachResource"/>
  <testcase name="user_Can_Build_Book" time="26.521" classname="tests_critical_scenarios.CreateBookCreateEventAttachBookAttachResource"/>
  <testcase name="make_Book_Visible" time="5.496" classname="tests_critical_scenarios.CreateBookCreateEventAttachBookAttachResource"/>
  <testcase name="create_New_Event_A" time="17.258" classname="tests_critical_scenarios.CreateBookCreateEventAttachBookAttachResource"/>
  <testcase name="user_Click_Attach_Create_And_Click_Resource_Tab" time="2.873" classname="tests_critical_scenarios.CreateBookCreateEventAttachBookAttachResource"/>
  <testcase name="user_Can_Attach_Resource_To_Event_And_Save" time="11.191" classname="tests_critical_scenarios.CreateBookCreateEventAttachBookAttachResource"/>
  <testcase name="user_Can_Attach_Book_To_Event" time="9.435" classname="tests_critical_scenarios.CreateBookCreateEventAttachBookAttachResource"/>
  <testcase name="verify_Book_And_Resource_Tabs_Appear_On_Event_Card" time="3.546" classname="tests_critical_scenarios.CreateBookCreateEventAttachBookAttachResource"/>
  <testcase name="verify_Book_And_Resource_Tabs_Appear_On_Event_Details" time="6.341" classname="tests_critical_scenarios.CreateBookCreateEventAttachBookAttachResource"/>
  <testcase name="delete_Event_Verify_Deleted" time="12.14" classname="tests_critical_scenarios.CreateBookCreateEventAttachBookAttachResource"/>
  <testcase name="delete_Book" time="10.875" classname="tests_critical_scenarios.CreateBookCreateEventAttachBookAttachResource"/>
  <testcase name="verify_Book_Deleted" time="8.793" classname="tests_critical_scenarios.CreateBookCreateEventAttachBookAttachResource"/>
</testsuite> <!-- Test-class test 3 -->
