<?xml version="1.0" encoding="UTF-8"?>
<!-- Generated by org.testng.reporters.JUnitXMLReporter -->
<testsuite hostname="CLT-WIN-11717" ignored="0" name="Test-class test 1" tests="14" failures="0" timestamp="2021-06-03T11:20:55 EDT" time="59.819" errors="0">
  <testcase name="systemAdmin_login" time="5.951" classname="tests_critical_scenarios.CreateDeleteWorkgroup"/>
  <testcase name="systemAdmin_login" time="6.358" classname="tests_critical_scenarios.CreateDeleteWorkroom"/>
  <testcase name="user_Opens_Settings_Opens_Workroom_And_Group_Settings" time="2.853" classname="tests_critical_scenarios.CreateDeleteWorkgroup"/>
  <testcase name="user_Opens_Settings_Opens_Workroom_And_Group_Settings" time="2.997" classname="tests_critical_scenarios.CreateDeleteWorkroom"/>
  <testcase name="user_Can_Create_New_Workroom" time="9.121" classname="tests_critical_scenarios.CreateDeleteWorkroom"/>
  <testcase name="user_Can_Create_New_Group" time="10.472" classname="tests_critical_scenarios.CreateDeleteWorkgroup"/>
  <testcase name="user_Can_Deactivate_Workroom" time="6.54" classname="tests_critical_scenarios.CreateDeleteWorkroom"/>
  <testcase name="user_Opens_Settings_Opens_Workroom_And_Group_Settings_Again" time="2.803" classname="tests_critical_scenarios.CreateDeleteWorkroom"/>
  <testcase name="user_Can_Delete_New_Group" time="13.039" classname="tests_critical_scenarios.CreateDeleteWorkgroup"/>
  <testcase name="user_Opens_Settings_Opens_Workroom_And_Group_Settings_Again" time="2.809" classname="tests_critical_scenarios.CreateDeleteWorkgroup"/>
  <testcase name="navigate_To_Workgroups_Tab" time="3.372" classname="tests_critical_scenarios.CreateDeleteWorkgroup"/>
  <testcase name="user_Can_Delete_Workroom" time="11.417" classname="tests_critical_scenarios.CreateDeleteWorkroom"/>
  <testcase name="verify_Group_Deleted" time="5.107" classname="tests_critical_scenarios.CreateDeleteWorkgroup"/>
  <testcase name="verify_Workroom_Deleted" time="9.423" classname="tests_critical_scenarios.CreateDeleteWorkroom"/>
</testsuite> <!-- Test-class test 1 -->
