<?xml version="1.0" encoding="UTF-8"?>
<!-- Generated by org.testng.reporters.JUnitXMLReporter -->
<testsuite hostname="CLT-WIN-11717" ignored="0" name="Test-class test 4" tests="60" failures="0" timestamp="2021-06-03T11:23:58 EDT" time="182.697" errors="0">
  <testcase name="systemAdmin_login" time="5.951" classname="tests_critical_scenarios.CreateDeleteWorkgroup"/>
  <testcase name="systemAdmin_login" time="6.358" classname="tests_critical_scenarios.CreateDeleteWorkroom"/>
  <testcase name="user_Opens_Settings_Opens_Workroom_And_Group_Settings" time="2.853" classname="tests_critical_scenarios.CreateDeleteWorkgroup"/>
  <testcase name="user_Opens_Settings_Opens_Workroom_And_Group_Settings" time="2.997" classname="tests_critical_scenarios.CreateDeleteWorkroom"/>
  <testcase name="user_Can_Create_New_Workroom" time="9.121" classname="tests_critical_scenarios.CreateDeleteWorkroom"/>
  <testcase name="user_Can_Create_New_Group" time="10.472" classname="tests_critical_scenarios.CreateDeleteWorkgroup"/>
  <testcase name="user_Can_Deactivate_Workroom" time="6.54" classname="tests_critical_scenarios.CreateDeleteWorkroom"/>
  <testcase name="user_Opens_Settings_Opens_Workroom_And_Group_Settings_Again" time="2.803" classname="tests_critical_scenarios.CreateDeleteWorkroom"/>
  <testcase name="user_Can_Delete_New_Group" time="13.039" classname="tests_critical_scenarios.CreateDeleteWorkgroup"/>
  <testcase name="user_Opens_Settings_Opens_Workroom_And_Group_Settings_Again" time="2.809" classname="tests_critical_scenarios.CreateDeleteWorkgroup"/>
  <testcase name="navigate_To_Workgroups_Tab" time="3.372" classname="tests_critical_scenarios.CreateDeleteWorkgroup"/>
  <testcase name="user_Can_Delete_Workroom" time="11.417" classname="tests_critical_scenarios.CreateDeleteWorkroom"/>
  <testcase name="verify_Group_Deleted" time="5.107" classname="tests_critical_scenarios.CreateDeleteWorkgroup"/>
  <testcase name="verify_Workroom_Deleted" time="9.423" classname="tests_critical_scenarios.CreateDeleteWorkroom"/>
  <testcase name="autoUser_login" time="5.812" classname="tests_critical_scenarios.CreateBookCreateEventAttachBookAttachResource"/>
  <testcase name="autoUser_login" time="5.191" classname="tests_critical_scenarios.CreateBookSecuredCategory"/>
  <testcase name="user_Can_Open_Library_Page_For_Workroom" time="8.732" classname="tests_critical_scenarios.CreateBookCreateEventAttachBookAttachResource"/>
  <testcase name="Workroom_Admin_Can_Open_Library_Page_For_Workroom" time="7.073" classname="tests_critical_scenarios.CreateBookSecuredCategory"/>
  <testcase name="create_Book_Add_Title_A" time="4.585" classname="tests_critical_scenarios.CreateBookCreateEventAttachBookAttachResource"/>
  <testcase name="Workroom_Admin_Can_Create_New_Book_And_Add_Title" time="4.425" classname="tests_critical_scenarios.CreateBookSecuredCategory"/>
  <testcase name="user_Can_Add_Cover_Page" time="5.414" classname="tests_critical_scenarios.CreateBookCreateEventAttachBookAttachResource"/>
  <testcase name="Workroom_Admin_Can_Add_Agenda" time="2.597" classname="tests_critical_scenarios.CreateBookSecuredCategory"/>
  <testcase name="user_Can_Add_Agenda" time="1.605" classname="tests_critical_scenarios.CreateBookCreateEventAttachBookAttachResource"/>
  <testcase name="user_Can_Save_Book_And_Continue" time="3.084" classname="tests_critical_scenarios.CreateBookCreateEventAttachBookAttachResource"/>
  <testcase name="Workroom_Admin_Click_Save_Continue_Btn" time="5.139" classname="tests_critical_scenarios.CreateBookSecuredCategory"/>
  <testcase name="user_Add_First_Catagory_To_Book" time="6.189" classname="tests_critical_scenarios.CreateBookCreateEventAttachBookAttachResource"/>
  <testcase name="Workroom_Admin_Add_First_Catagory_To_Book" time="7.224" classname="tests_critical_scenarios.CreateBookSecuredCategory"/>
  <testcase name="user_Add_File_To_First_Catagory" time="7.154" classname="tests_critical_scenarios.CreateBookCreateEventAttachBookAttachResource"/>
  <testcase name="Workroom_Admin_Add_File_To_First_Catagory" time="6.791" classname="tests_critical_scenarios.CreateBookSecuredCategory"/>
  <testcase name="Workroom_Admin_Can_Open_Secured_Category" time="5.009" classname="tests_critical_scenarios.CreateBookSecuredCategory"/>
  <testcase name="Workroom_Admin_Can_Add_User_As_Secured_Category_User" time="9.126" classname="tests_critical_scenarios.CreateBookSecuredCategory"/>
  <testcase name="Workroom_Admin_Add_Second_Catagory_To_Book" time="7.067" classname="tests_critical_scenarios.CreateBookSecuredCategory"/>
  <testcase name="user_Can_Build_Book" time="26.521" classname="tests_critical_scenarios.CreateBookCreateEventAttachBookAttachResource"/>
  <testcase name="make_Book_Visible" time="5.496" classname="tests_critical_scenarios.CreateBookCreateEventAttachBookAttachResource"/>
  <testcase name="Workroom_Admin_add_File_To_Second_Catagory" time="9.464" classname="tests_critical_scenarios.CreateBookSecuredCategory"/>
  <testcase name="create_New_Event_A" time="17.258" classname="tests_critical_scenarios.CreateBookCreateEventAttachBookAttachResource"/>
  <testcase name="user_Click_Attach_Create_And_Click_Resource_Tab" time="2.873" classname="tests_critical_scenarios.CreateBookCreateEventAttachBookAttachResource"/>
  <testcase name="user_Can_Build_Book" time="30.078" classname="tests_critical_scenarios.CreateBookSecuredCategory"/>
  <testcase name="user_Can_Attach_Resource_To_Event_And_Save" time="11.191" classname="tests_critical_scenarios.CreateBookCreateEventAttachBookAttachResource"/>
  <testcase name="make_Book_Visible" time="4.941" classname="tests_critical_scenarios.CreateBookSecuredCategory"/>
  <testcase name="workroomAdmin_Close_And_Logout" time="2.727" classname="tests_critical_scenarios.CreateBookSecuredCategory"/>
  <testcase name="user_Can_Attach_Book_To_Event" time="9.435" classname="tests_critical_scenarios.CreateBookCreateEventAttachBookAttachResource"/>
  <testcase name="workroom_Member_Login_To_BoardEffect" time="4.677" classname="tests_critical_scenarios.CreateBookSecuredCategory"/>
  <testcase name="verify_Book_And_Resource_Tabs_Appear_On_Event_Card" time="3.546" classname="tests_critical_scenarios.CreateBookCreateEventAttachBookAttachResource"/>
  <testcase name="workroom_Member_Open_Workroom_AutoBE_Library_Page" time="5.805" classname="tests_critical_scenarios.CreateBookSecuredCategory"/>
  <testcase name="verify_Book_And_Resource_Tabs_Appear_On_Event_Details" time="6.341" classname="tests_critical_scenarios.CreateBookCreateEventAttachBookAttachResource"/>
  <testcase name="workroom_Member_Secured_Category_Not_Displayed" time="9.955" classname="tests_critical_scenarios.CreateBookSecuredCategory"/>
  <testcase name="workroom_Member_Sees_New_Category_2_Present" time="0.063" classname="tests_critical_scenarios.CreateBookSecuredCategory"/>
  <testcase name="delete_Event_Verify_Deleted" time="12.14" classname="tests_critical_scenarios.CreateBookCreateEventAttachBookAttachResource"/>
  <testcase name="autoDirector_Close_And_Logout" time="4.453" classname="tests_critical_scenarios.CreateBookSecuredCategory"/>
  <testcase name="loginBE_WorkroomAdmin" time="4.917" classname="tests_critical_scenarios.CreateBookSecuredCategory"/>
  <testcase name="delete_Book" time="10.875" classname="tests_critical_scenarios.CreateBookCreateEventAttachBookAttachResource"/>
  <testcase name="workroom_Member_Open_Library_Page_For_Workroom_2nd_Time" time="6.209" classname="tests_critical_scenarios.CreateBookSecuredCategory"/>
  <testcase name="workroom_Member_NewCatagory_And_NewCatagory2_Is_Displayed" time="5.282" classname="tests_critical_scenarios.CreateBookSecuredCategory"/>
  <testcase name="verify_Book_Deleted" time="8.793" classname="tests_critical_scenarios.CreateBookCreateEventAttachBookAttachResource"/>
  <testcase name="workroomAdmin_Close_And_Logout_2nd_Time" time="2.642" classname="tests_critical_scenarios.CreateBookSecuredCategory"/>
  <testcase name="autoUser_login_2nd_Time" time="4.903" classname="tests_critical_scenarios.CreateBookSecuredCategory"/>
  <testcase name="workroom_Member_Open_Library_Page_For_Workroom_3rd_Time" time="5.855" classname="tests_critical_scenarios.CreateBookSecuredCategory"/>
  <testcase name="user_Can_Delete_Book" time="5.969" classname="tests_critical_scenarios.CreateBookSecuredCategory"/>
  <testcase name="verify_Book_Deleted" time="8.91" classname="tests_critical_scenarios.CreateBookSecuredCategory"/>
</testsuite> <!-- Test-class test 4 -->
